ARM GAS  C:\Users\SDEVAS~1\AppData\Local\Temp\ccHpdTdQ.s 			page 1


   1              		.cpu cortex-m0
   2              		.fpu softvfp
   3              		.eabi_attribute 20, 1
   4              		.eabi_attribute 21, 1
   5              		.eabi_attribute 23, 3
   6              		.eabi_attribute 24, 1
   7              		.eabi_attribute 25, 1
   8              		.eabi_attribute 26, 1
   9              		.eabi_attribute 30, 4
  10              		.eabi_attribute 34, 0
  11              		.eabi_attribute 18, 4
  12              		.code	16
  13              		.file	"ADC_PM.c"
  14              		.text
  15              	.Ltext0:
  16              		.cfi_sections	.debug_frame
  17              		.section	.text.ADC_SaveConfig,"ax",%progbits
  18              		.align	1
  19              		.global	ADC_SaveConfig
  20              		.code	16
  21              		.thumb_func
  22              		.type	ADC_SaveConfig, %function
  23              	ADC_SaveConfig:
  24              	.LFB0:
  25              		.file 1 ".\\Generated_Source\\PSoC4\\ADC_PM.c"
   1:.\Generated_Source\PSoC4/ADC_PM.c **** /*******************************************************************************
   2:.\Generated_Source\PSoC4/ADC_PM.c **** * File Name: ADC_PM.c
   3:.\Generated_Source\PSoC4/ADC_PM.c **** * Version 2.10
   4:.\Generated_Source\PSoC4/ADC_PM.c **** *
   5:.\Generated_Source\PSoC4/ADC_PM.c **** * Description:
   6:.\Generated_Source\PSoC4/ADC_PM.c **** *  This file provides Sleep/WakeUp APIs functionality.
   7:.\Generated_Source\PSoC4/ADC_PM.c **** *
   8:.\Generated_Source\PSoC4/ADC_PM.c **** * Note:
   9:.\Generated_Source\PSoC4/ADC_PM.c **** *
  10:.\Generated_Source\PSoC4/ADC_PM.c **** ********************************************************************************
  11:.\Generated_Source\PSoC4/ADC_PM.c **** * Copyright 2008-2015, Cypress Semiconductor Corporation.  All rights reserved.
  12:.\Generated_Source\PSoC4/ADC_PM.c **** * You may use this file only in accordance with the license, terms, conditions,
  13:.\Generated_Source\PSoC4/ADC_PM.c **** * disclaimers, and limitations in the end user license agreement accompanying
  14:.\Generated_Source\PSoC4/ADC_PM.c **** * the software package with which this file was provided.
  15:.\Generated_Source\PSoC4/ADC_PM.c **** *******************************************************************************/
  16:.\Generated_Source\PSoC4/ADC_PM.c **** 
  17:.\Generated_Source\PSoC4/ADC_PM.c **** #include "ADC.h"
  18:.\Generated_Source\PSoC4/ADC_PM.c **** 
  19:.\Generated_Source\PSoC4/ADC_PM.c **** 
  20:.\Generated_Source\PSoC4/ADC_PM.c **** /***************************************
  21:.\Generated_Source\PSoC4/ADC_PM.c **** * Local data allocation
  22:.\Generated_Source\PSoC4/ADC_PM.c **** ***************************************/
  23:.\Generated_Source\PSoC4/ADC_PM.c **** 
  24:.\Generated_Source\PSoC4/ADC_PM.c **** static ADC_BACKUP_STRUCT  ADC_backup =
  25:.\Generated_Source\PSoC4/ADC_PM.c **** {
  26:.\Generated_Source\PSoC4/ADC_PM.c ****     ADC_DISABLED
  27:.\Generated_Source\PSoC4/ADC_PM.c **** };
  28:.\Generated_Source\PSoC4/ADC_PM.c **** 
  29:.\Generated_Source\PSoC4/ADC_PM.c **** 
  30:.\Generated_Source\PSoC4/ADC_PM.c **** /*******************************************************************************
  31:.\Generated_Source\PSoC4/ADC_PM.c **** * Function Name: ADC_SaveConfig
  32:.\Generated_Source\PSoC4/ADC_PM.c **** ********************************************************************************
ARM GAS  C:\Users\SDEVAS~1\AppData\Local\Temp\ccHpdTdQ.s 			page 2


  33:.\Generated_Source\PSoC4/ADC_PM.c **** *
  34:.\Generated_Source\PSoC4/ADC_PM.c **** * Summary:
  35:.\Generated_Source\PSoC4/ADC_PM.c **** *  Saves the current user configuration.
  36:.\Generated_Source\PSoC4/ADC_PM.c **** *
  37:.\Generated_Source\PSoC4/ADC_PM.c **** * Parameters:
  38:.\Generated_Source\PSoC4/ADC_PM.c **** *  None.
  39:.\Generated_Source\PSoC4/ADC_PM.c **** *
  40:.\Generated_Source\PSoC4/ADC_PM.c **** * Return:
  41:.\Generated_Source\PSoC4/ADC_PM.c **** *  None.
  42:.\Generated_Source\PSoC4/ADC_PM.c **** *
  43:.\Generated_Source\PSoC4/ADC_PM.c **** *******************************************************************************/
  44:.\Generated_Source\PSoC4/ADC_PM.c **** void ADC_SaveConfig(void)
  45:.\Generated_Source\PSoC4/ADC_PM.c **** {
  26              		.loc 1 45 0
  27              		.cfi_startproc
  46:.\Generated_Source\PSoC4/ADC_PM.c ****     /* All configuration registers are marked as [reset_all_retention] */
  47:.\Generated_Source\PSoC4/ADC_PM.c **** }
  28              		.loc 1 47 0
  29              		@ sp needed
  30 0000 7047     		bx	lr
  31              		.cfi_endproc
  32              	.LFE0:
  33              		.size	ADC_SaveConfig, .-ADC_SaveConfig
  34              		.section	.text.ADC_RestoreConfig,"ax",%progbits
  35              		.align	1
  36              		.global	ADC_RestoreConfig
  37              		.code	16
  38              		.thumb_func
  39              		.type	ADC_RestoreConfig, %function
  40              	ADC_RestoreConfig:
  41              	.LFB1:
  48:.\Generated_Source\PSoC4/ADC_PM.c **** 
  49:.\Generated_Source\PSoC4/ADC_PM.c **** 
  50:.\Generated_Source\PSoC4/ADC_PM.c **** /*******************************************************************************
  51:.\Generated_Source\PSoC4/ADC_PM.c **** * Function Name: ADC_RestoreConfig
  52:.\Generated_Source\PSoC4/ADC_PM.c **** ********************************************************************************
  53:.\Generated_Source\PSoC4/ADC_PM.c **** *
  54:.\Generated_Source\PSoC4/ADC_PM.c **** * Summary:
  55:.\Generated_Source\PSoC4/ADC_PM.c **** *  Restores the current user configuration.
  56:.\Generated_Source\PSoC4/ADC_PM.c **** *
  57:.\Generated_Source\PSoC4/ADC_PM.c **** * Parameters:
  58:.\Generated_Source\PSoC4/ADC_PM.c **** *  None.
  59:.\Generated_Source\PSoC4/ADC_PM.c **** *
  60:.\Generated_Source\PSoC4/ADC_PM.c **** * Return:
  61:.\Generated_Source\PSoC4/ADC_PM.c **** *  None.
  62:.\Generated_Source\PSoC4/ADC_PM.c **** *
  63:.\Generated_Source\PSoC4/ADC_PM.c **** *******************************************************************************/
  64:.\Generated_Source\PSoC4/ADC_PM.c **** void ADC_RestoreConfig(void)
  65:.\Generated_Source\PSoC4/ADC_PM.c **** {
  42              		.loc 1 65 0
  43              		.cfi_startproc
  66:.\Generated_Source\PSoC4/ADC_PM.c ****     /* All congiguration registers are marked as [reset_all_retention] */
  67:.\Generated_Source\PSoC4/ADC_PM.c **** }
  44              		.loc 1 67 0
  45              		@ sp needed
  46 0000 7047     		bx	lr
  47              		.cfi_endproc
ARM GAS  C:\Users\SDEVAS~1\AppData\Local\Temp\ccHpdTdQ.s 			page 3


  48              	.LFE1:
  49              		.size	ADC_RestoreConfig, .-ADC_RestoreConfig
  50              		.section	.text.ADC_Sleep,"ax",%progbits
  51              		.align	1
  52              		.global	ADC_Sleep
  53              		.code	16
  54              		.thumb_func
  55              		.type	ADC_Sleep, %function
  56              	ADC_Sleep:
  57              	.LFB2:
  68:.\Generated_Source\PSoC4/ADC_PM.c **** 
  69:.\Generated_Source\PSoC4/ADC_PM.c **** 
  70:.\Generated_Source\PSoC4/ADC_PM.c **** /*******************************************************************************
  71:.\Generated_Source\PSoC4/ADC_PM.c **** * Function Name: ADC_Sleep
  72:.\Generated_Source\PSoC4/ADC_PM.c **** ********************************************************************************
  73:.\Generated_Source\PSoC4/ADC_PM.c **** *
  74:.\Generated_Source\PSoC4/ADC_PM.c **** * Summary:
  75:.\Generated_Source\PSoC4/ADC_PM.c **** *  Stops the ADC operation and saves the configuration registers and component
  76:.\Generated_Source\PSoC4/ADC_PM.c **** *  enable state. Should be called just prior to entering sleep.
  77:.\Generated_Source\PSoC4/ADC_PM.c **** *
  78:.\Generated_Source\PSoC4/ADC_PM.c **** * Parameters:
  79:.\Generated_Source\PSoC4/ADC_PM.c **** *  None.
  80:.\Generated_Source\PSoC4/ADC_PM.c **** *
  81:.\Generated_Source\PSoC4/ADC_PM.c **** * Return:
  82:.\Generated_Source\PSoC4/ADC_PM.c **** *  None.
  83:.\Generated_Source\PSoC4/ADC_PM.c **** *
  84:.\Generated_Source\PSoC4/ADC_PM.c **** * Global Variables:
  85:.\Generated_Source\PSoC4/ADC_PM.c **** *  ADC_backup - modified.
  86:.\Generated_Source\PSoC4/ADC_PM.c **** *
  87:.\Generated_Source\PSoC4/ADC_PM.c **** *******************************************************************************/
  88:.\Generated_Source\PSoC4/ADC_PM.c **** void ADC_Sleep(void)
  89:.\Generated_Source\PSoC4/ADC_PM.c **** {
  58              		.loc 1 89 0
  59              		.cfi_startproc
  60 0000 38B5     		push	{r3, r4, r5, lr}
  61              		.cfi_def_cfa_offset 16
  62              		.cfi_offset 3, -16
  63              		.cfi_offset 4, -12
  64              		.cfi_offset 5, -8
  65              		.cfi_offset 14, -4
  90:.\Generated_Source\PSoC4/ADC_PM.c ****     /* During deepsleep/ hibernate mode keep SARMUX active, i.e. do not open
  91:.\Generated_Source\PSoC4/ADC_PM.c ****     *   all switches (disconnect), to be used for ADFT
  92:.\Generated_Source\PSoC4/ADC_PM.c ****     */
  93:.\Generated_Source\PSoC4/ADC_PM.c ****     ADC_SAR_DFT_CTRL_REG |= ADC_ADFT_OVERRIDE;
  66              		.loc 1 93 0
  67 0002 134B     		ldr	r3, .L14
  68 0004 8022     		mov	r2, #128
  69 0006 1968     		ldr	r1, [r3]
  70 0008 1206     		lsl	r2, r2, #24
  71 000a 0A43     		orr	r2, r1
  72 000c 1A60     		str	r2, [r3]
  94:.\Generated_Source\PSoC4/ADC_PM.c ****     if((ADC_SAR_CTRL_REG  & ADC_ENABLE) != 0u)
  73              		.loc 1 94 0
  74 000e 114B     		ldr	r3, .L14+4
  75 0010 114C     		ldr	r4, .L14+8
  76 0012 1A68     		ldr	r2, [r3]
  77 0014 1D1C     		mov	r5, r3
ARM GAS  C:\Users\SDEVAS~1\AppData\Local\Temp\ccHpdTdQ.s 			page 4


  95:.\Generated_Source\PSoC4/ADC_PM.c ****     {
  96:.\Generated_Source\PSoC4/ADC_PM.c ****         if((ADC_SAR_SAMPLE_CTRL_REG & ADC_CONTINUOUS_EN) != 0u)
  97:.\Generated_Source\PSoC4/ADC_PM.c ****         {
  98:.\Generated_Source\PSoC4/ADC_PM.c ****             ADC_backup.enableState = ADC_ENABLED | ADC_STARTED;
  99:.\Generated_Source\PSoC4/ADC_PM.c ****         }
 100:.\Generated_Source\PSoC4/ADC_PM.c ****         else
 101:.\Generated_Source\PSoC4/ADC_PM.c ****         {
 102:.\Generated_Source\PSoC4/ADC_PM.c ****             ADC_backup.enableState = ADC_ENABLED;
 103:.\Generated_Source\PSoC4/ADC_PM.c ****         }
 104:.\Generated_Source\PSoC4/ADC_PM.c ****         ADC_StopConvert();
 105:.\Generated_Source\PSoC4/ADC_PM.c ****         ADC_Stop();
 106:.\Generated_Source\PSoC4/ADC_PM.c ****         
 107:.\Generated_Source\PSoC4/ADC_PM.c ****         /* Disable the SAR internal pump before entering the chip low power mode */
 108:.\Generated_Source\PSoC4/ADC_PM.c ****         if((ADC_SAR_CTRL_REG & ADC_BOOSTPUMP_EN) != 0u)
 109:.\Generated_Source\PSoC4/ADC_PM.c ****         {
 110:.\Generated_Source\PSoC4/ADC_PM.c ****             ADC_SAR_CTRL_REG &= (uint32)~ADC_BOOSTPUMP_EN;
 111:.\Generated_Source\PSoC4/ADC_PM.c ****             ADC_backup.enableState |= ADC_BOOSTPUMP_ENABLED;
 112:.\Generated_Source\PSoC4/ADC_PM.c ****         }
 113:.\Generated_Source\PSoC4/ADC_PM.c ****     }
 114:.\Generated_Source\PSoC4/ADC_PM.c ****     else
 115:.\Generated_Source\PSoC4/ADC_PM.c ****     {
 116:.\Generated_Source\PSoC4/ADC_PM.c ****         ADC_backup.enableState = ADC_DISABLED;
  78              		.loc 1 116 0
  79 0016 0023     		mov	r3, #0
  94:.\Generated_Source\PSoC4/ADC_PM.c ****     if((ADC_SAR_CTRL_REG  & ADC_ENABLE) != 0u)
  80              		.loc 1 94 0
  81 0018 002A     		cmp	r2, #0
  82 001a 16DA     		bge	.L12
  96:.\Generated_Source\PSoC4/ADC_PM.c ****         if((ADC_SAR_SAMPLE_CTRL_REG & ADC_CONTINUOUS_EN) != 0u)
  83              		.loc 1 96 0
  84 001c 0F4B     		ldr	r3, .L14+12
  85 001e 1B68     		ldr	r3, [r3]
  86 0020 D903     		lsl	r1, r3, #15
  87 0022 01D5     		bpl	.L5
  98:.\Generated_Source\PSoC4/ADC_PM.c ****             ADC_backup.enableState = ADC_ENABLED | ADC_STARTED;
  88              		.loc 1 98 0
  89 0024 0323     		mov	r3, #3
  90 0026 00E0     		b	.L11
  91              	.L5:
 102:.\Generated_Source\PSoC4/ADC_PM.c ****             ADC_backup.enableState = ADC_ENABLED;
  92              		.loc 1 102 0
  93 0028 0123     		mov	r3, #1
  94              	.L11:
  95 002a 2370     		strb	r3, [r4]
 104:.\Generated_Source\PSoC4/ADC_PM.c ****         ADC_StopConvert();
  96              		.loc 1 104 0
  97 002c FFF7FEFF 		bl	ADC_StopConvert
  98              	.LVL0:
 105:.\Generated_Source\PSoC4/ADC_PM.c ****         ADC_Stop();
  99              		.loc 1 105 0
 100 0030 FFF7FEFF 		bl	ADC_Stop
 101              	.LVL1:
 108:.\Generated_Source\PSoC4/ADC_PM.c ****         if((ADC_SAR_CTRL_REG & ADC_BOOSTPUMP_EN) != 0u)
 102              		.loc 1 108 0
 103 0034 2A68     		ldr	r2, [r5]
 104 0036 074B     		ldr	r3, .L14+4
 105 0038 D102     		lsl	r1, r2, #11
ARM GAS  C:\Users\SDEVAS~1\AppData\Local\Temp\ccHpdTdQ.s 			page 5


 106 003a 07D5     		bpl	.L3
 110:.\Generated_Source\PSoC4/ADC_PM.c ****             ADC_SAR_CTRL_REG &= (uint32)~ADC_BOOSTPUMP_EN;
 107              		.loc 1 110 0
 108 003c 1968     		ldr	r1, [r3]
 109 003e 084A     		ldr	r2, .L14+16
 110 0040 0A40     		and	r2, r1
 111 0042 1A60     		str	r2, [r3]
 111:.\Generated_Source\PSoC4/ADC_PM.c ****             ADC_backup.enableState |= ADC_BOOSTPUMP_ENABLED;
 112              		.loc 1 111 0
 113 0044 2378     		ldrb	r3, [r4]
 114 0046 0422     		mov	r2, #4
 115 0048 1343     		orr	r3, r2
 116              	.L12:
 117              		.loc 1 116 0
 118 004a 2370     		strb	r3, [r4]
 119              	.L3:
 117:.\Generated_Source\PSoC4/ADC_PM.c ****     }
 118:.\Generated_Source\PSoC4/ADC_PM.c **** }
 120              		.loc 1 118 0
 121              		@ sp needed
 122 004c 38BD     		pop	{r3, r4, r5, pc}
 123              	.L15:
 124 004e C046     		.align	2
 125              	.L14:
 126 0050 30001A40 		.word	1075445808
 127 0054 00001A40 		.word	1075445760
 128 0058 00000000 		.word	.LANCHOR0
 129 005c 04001A40 		.word	1075445764
 130 0060 FFFFEFFF 		.word	-1048577
 131              		.cfi_endproc
 132              	.LFE2:
 133              		.size	ADC_Sleep, .-ADC_Sleep
 134              		.section	.text.ADC_Wakeup,"ax",%progbits
 135              		.align	1
 136              		.global	ADC_Wakeup
 137              		.code	16
 138              		.thumb_func
 139              		.type	ADC_Wakeup, %function
 140              	ADC_Wakeup:
 141              	.LFB3:
 119:.\Generated_Source\PSoC4/ADC_PM.c **** 
 120:.\Generated_Source\PSoC4/ADC_PM.c **** 
 121:.\Generated_Source\PSoC4/ADC_PM.c **** /*******************************************************************************
 122:.\Generated_Source\PSoC4/ADC_PM.c **** * Function Name: ADC_Wakeup
 123:.\Generated_Source\PSoC4/ADC_PM.c **** ********************************************************************************
 124:.\Generated_Source\PSoC4/ADC_PM.c **** *
 125:.\Generated_Source\PSoC4/ADC_PM.c **** * Summary:
 126:.\Generated_Source\PSoC4/ADC_PM.c **** *  Restores the component enable state and configuration registers.
 127:.\Generated_Source\PSoC4/ADC_PM.c **** *  This should be called just after awaking from sleep mode.
 128:.\Generated_Source\PSoC4/ADC_PM.c **** *
 129:.\Generated_Source\PSoC4/ADC_PM.c **** * Parameters:
 130:.\Generated_Source\PSoC4/ADC_PM.c **** *  None.
 131:.\Generated_Source\PSoC4/ADC_PM.c **** *
 132:.\Generated_Source\PSoC4/ADC_PM.c **** * Return:
 133:.\Generated_Source\PSoC4/ADC_PM.c **** *  None.
 134:.\Generated_Source\PSoC4/ADC_PM.c **** *
 135:.\Generated_Source\PSoC4/ADC_PM.c **** * Global Variables:
ARM GAS  C:\Users\SDEVAS~1\AppData\Local\Temp\ccHpdTdQ.s 			page 6


 136:.\Generated_Source\PSoC4/ADC_PM.c **** *  ADC_backup - used.
 137:.\Generated_Source\PSoC4/ADC_PM.c **** *
 138:.\Generated_Source\PSoC4/ADC_PM.c **** *******************************************************************************/
 139:.\Generated_Source\PSoC4/ADC_PM.c **** void ADC_Wakeup(void)
 140:.\Generated_Source\PSoC4/ADC_PM.c **** {
 142              		.loc 1 140 0
 143              		.cfi_startproc
 141:.\Generated_Source\PSoC4/ADC_PM.c ****     ADC_SAR_DFT_CTRL_REG &= (uint32)~ADC_ADFT_OVERRIDE;
 144              		.loc 1 141 0
 145 0000 0D4B     		ldr	r3, .L27
 140:.\Generated_Source\PSoC4/ADC_PM.c **** {
 146              		.loc 1 140 0
 147 0002 10B5     		push	{r4, lr}
 148              		.cfi_def_cfa_offset 8
 149              		.cfi_offset 4, -8
 150              		.cfi_offset 14, -4
 151              		.loc 1 141 0
 152 0004 1A68     		ldr	r2, [r3]
 153 0006 5200     		lsl	r2, r2, #1
 154 0008 5208     		lsr	r2, r2, #1
 155 000a 1A60     		str	r2, [r3]
 142:.\Generated_Source\PSoC4/ADC_PM.c ****     if(ADC_backup.enableState != ADC_DISABLED)
 156              		.loc 1 142 0
 157 000c 0B4A     		ldr	r2, .L27+4
 158 000e 1378     		ldrb	r3, [r2]
 159 0010 141C     		mov	r4, r2
 160 0012 002B     		cmp	r3, #0
 161 0014 0ED0     		beq	.L16
 143:.\Generated_Source\PSoC4/ADC_PM.c ****     {
 144:.\Generated_Source\PSoC4/ADC_PM.c ****         /* Enable the SAR internal pump  */
 145:.\Generated_Source\PSoC4/ADC_PM.c ****         if((ADC_backup.enableState & ADC_BOOSTPUMP_ENABLED) != 0u)
 162              		.loc 1 145 0
 163 0016 5A07     		lsl	r2, r3, #29
 164 0018 05D5     		bpl	.L19
 146:.\Generated_Source\PSoC4/ADC_PM.c ****         {
 147:.\Generated_Source\PSoC4/ADC_PM.c ****             ADC_SAR_CTRL_REG |= ADC_BOOSTPUMP_EN;
 165              		.loc 1 147 0
 166 001a 094B     		ldr	r3, .L27+8
 167 001c 8022     		mov	r2, #128
 168 001e 1968     		ldr	r1, [r3]
 169 0020 5203     		lsl	r2, r2, #13
 170 0022 0A43     		orr	r2, r1
 171 0024 1A60     		str	r2, [r3]
 172              	.L19:
 148:.\Generated_Source\PSoC4/ADC_PM.c ****         }
 149:.\Generated_Source\PSoC4/ADC_PM.c ****         ADC_Enable();
 173              		.loc 1 149 0
 174 0026 FFF7FEFF 		bl	ADC_Enable
 175              	.LVL2:
 150:.\Generated_Source\PSoC4/ADC_PM.c ****         if((ADC_backup.enableState & ADC_STARTED) != 0u)
 176              		.loc 1 150 0
 177 002a 2378     		ldrb	r3, [r4]
 178 002c 9A07     		lsl	r2, r3, #30
 179 002e 01D5     		bpl	.L16
 151:.\Generated_Source\PSoC4/ADC_PM.c ****         {
 152:.\Generated_Source\PSoC4/ADC_PM.c ****             ADC_StartConvert();
 180              		.loc 1 152 0
ARM GAS  C:\Users\SDEVAS~1\AppData\Local\Temp\ccHpdTdQ.s 			page 7


 181 0030 FFF7FEFF 		bl	ADC_StartConvert
 182              	.LVL3:
 183              	.L16:
 153:.\Generated_Source\PSoC4/ADC_PM.c ****         }
 154:.\Generated_Source\PSoC4/ADC_PM.c ****     }
 155:.\Generated_Source\PSoC4/ADC_PM.c **** }
 184              		.loc 1 155 0
 185              		@ sp needed
 186 0034 10BD     		pop	{r4, pc}
 187              	.L28:
 188 0036 C046     		.align	2
 189              	.L27:
 190 0038 30001A40 		.word	1075445808
 191 003c 00000000 		.word	.LANCHOR0
 192 0040 00001A40 		.word	1075445760
 193              		.cfi_endproc
 194              	.LFE3:
 195              		.size	ADC_Wakeup, .-ADC_Wakeup
 196              		.bss
 197              		.set	.LANCHOR0,. + 0
 198              		.type	ADC_backup, %object
 199              		.size	ADC_backup, 1
 200              	ADC_backup:
 201 0000 00       		.space	1
 202              		.text
 203              	.Letext0:
 204              		.file 2 ".\\Generated_Source\\PSoC4\\cytypes.h"
 205              		.file 3 ".\\Generated_Source\\PSoC4\\ADC.h"
 206              		.section	.debug_info,"",%progbits
 207              	.Ldebug_info0:
 208 0000 6A010000 		.4byte	0x16a
 209 0004 0400     		.2byte	0x4
 210 0006 00000000 		.4byte	.Ldebug_abbrev0
 211 000a 04       		.byte	0x4
 212 000b 01       		.uleb128 0x1
 213 000c 36000000 		.4byte	.LASF25
 214 0010 01       		.byte	0x1
 215 0011 F5000000 		.4byte	.LASF26
 216 0015 51010000 		.4byte	.LASF27
 217 0019 00000000 		.4byte	.Ldebug_ranges0+0
 218 001d 00000000 		.4byte	0
 219 0021 00000000 		.4byte	.Ldebug_line0
 220 0025 02       		.uleb128 0x2
 221 0026 01       		.byte	0x1
 222 0027 06       		.byte	0x6
 223 0028 F0010000 		.4byte	.LASF0
 224 002c 02       		.uleb128 0x2
 225 002d 01       		.byte	0x1
 226 002e 08       		.byte	0x8
 227 002f CF000000 		.4byte	.LASF1
 228 0033 02       		.uleb128 0x2
 229 0034 02       		.byte	0x2
 230 0035 05       		.byte	0x5
 231 0036 28010000 		.4byte	.LASF2
 232 003a 02       		.uleb128 0x2
 233 003b 02       		.byte	0x2
 234 003c 07       		.byte	0x7
ARM GAS  C:\Users\SDEVAS~1\AppData\Local\Temp\ccHpdTdQ.s 			page 8


 235 003d 23000000 		.4byte	.LASF3
 236 0041 02       		.uleb128 0x2
 237 0042 04       		.byte	0x4
 238 0043 05       		.byte	0x5
 239 0044 DB010000 		.4byte	.LASF4
 240 0048 02       		.uleb128 0x2
 241 0049 04       		.byte	0x4
 242 004a 07       		.byte	0x7
 243 004b DD000000 		.4byte	.LASF5
 244 004f 02       		.uleb128 0x2
 245 0050 08       		.byte	0x8
 246 0051 05       		.byte	0x5
 247 0052 00000000 		.4byte	.LASF6
 248 0056 02       		.uleb128 0x2
 249 0057 08       		.byte	0x8
 250 0058 07       		.byte	0x7
 251 0059 B8000000 		.4byte	.LASF7
 252 005d 03       		.uleb128 0x3
 253 005e 04       		.byte	0x4
 254 005f 05       		.byte	0x5
 255 0060 696E7400 		.ascii	"int\000"
 256 0064 02       		.uleb128 0x2
 257 0065 04       		.byte	0x4
 258 0066 07       		.byte	0x7
 259 0067 39010000 		.4byte	.LASF8
 260 006b 04       		.uleb128 0x4
 261 006c EF000000 		.4byte	.LASF9
 262 0070 02       		.byte	0x2
 263 0071 B3       		.byte	0xb3
 264 0072 2C000000 		.4byte	0x2c
 265 0076 04       		.uleb128 0x4
 266 0077 32010000 		.4byte	.LASF10
 267 007b 02       		.byte	0x2
 268 007c B5       		.byte	0xb5
 269 007d 48000000 		.4byte	0x48
 270 0081 02       		.uleb128 0x2
 271 0082 04       		.byte	0x4
 272 0083 04       		.byte	0x4
 273 0084 B2000000 		.4byte	.LASF11
 274 0088 02       		.uleb128 0x2
 275 0089 08       		.byte	0x8
 276 008a 04       		.byte	0x4
 277 008b 21010000 		.4byte	.LASF12
 278 008f 02       		.uleb128 0x2
 279 0090 01       		.byte	0x1
 280 0091 08       		.byte	0x8
 281 0092 B4010000 		.4byte	.LASF13
 282 0096 05       		.uleb128 0x5
 283 0097 0E000000 		.4byte	.LASF14
 284 009b 02       		.byte	0x2
 285 009c 5F01     		.2byte	0x15f
 286 009e A2000000 		.4byte	0xa2
 287 00a2 06       		.uleb128 0x6
 288 00a3 76000000 		.4byte	0x76
 289 00a7 02       		.uleb128 0x2
 290 00a8 04       		.byte	0x4
 291 00a9 07       		.byte	0x7
ARM GAS  C:\Users\SDEVAS~1\AppData\Local\Temp\ccHpdTdQ.s 			page 9


 292 00aa 88010000 		.4byte	.LASF15
 293 00ae 07       		.uleb128 0x7
 294 00af 01       		.byte	0x1
 295 00b0 03       		.byte	0x3
 296 00b1 1E       		.byte	0x1e
 297 00b2 C3000000 		.4byte	0xc3
 298 00b6 08       		.uleb128 0x8
 299 00b7 E4010000 		.4byte	.LASF28
 300 00bb 03       		.byte	0x3
 301 00bc 20       		.byte	0x20
 302 00bd 6B000000 		.4byte	0x6b
 303 00c1 00       		.byte	0
 304 00c2 00       		.byte	0
 305 00c3 04       		.uleb128 0x4
 306 00c4 A2010000 		.4byte	.LASF16
 307 00c8 03       		.byte	0x3
 308 00c9 21       		.byte	0x21
 309 00ca AE000000 		.4byte	0xae
 310 00ce 09       		.uleb128 0x9
 311 00cf 14000000 		.4byte	.LASF17
 312 00d3 01       		.byte	0x1
 313 00d4 2C       		.byte	0x2c
 314 00d5 00000000 		.4byte	.LFB0
 315 00d9 02000000 		.4byte	.LFE0-.LFB0
 316 00dd 01       		.uleb128 0x1
 317 00de 9C       		.byte	0x9c
 318 00df 09       		.uleb128 0x9
 319 00e0 B9010000 		.4byte	.LASF18
 320 00e4 01       		.byte	0x1
 321 00e5 40       		.byte	0x40
 322 00e6 00000000 		.4byte	.LFB1
 323 00ea 02000000 		.4byte	.LFE1-.LFB1
 324 00ee 01       		.uleb128 0x1
 325 00ef 9C       		.byte	0x9c
 326 00f0 0A       		.uleb128 0xa
 327 00f1 17010000 		.4byte	.LASF19
 328 00f5 01       		.byte	0x1
 329 00f6 58       		.byte	0x58
 330 00f7 00000000 		.4byte	.LFB2
 331 00fb 64000000 		.4byte	.LFE2-.LFB2
 332 00ff 01       		.uleb128 0x1
 333 0100 9C       		.byte	0x9c
 334 0101 18010000 		.4byte	0x118
 335 0105 0B       		.uleb128 0xb
 336 0106 30000000 		.4byte	.LVL0
 337 010a 51010000 		.4byte	0x151
 338 010e 0B       		.uleb128 0xb
 339 010f 34000000 		.4byte	.LVL1
 340 0113 58010000 		.4byte	0x158
 341 0117 00       		.byte	0
 342 0118 0A       		.uleb128 0xa
 343 0119 07020000 		.4byte	.LASF20
 344 011d 01       		.byte	0x1
 345 011e 8B       		.byte	0x8b
 346 011f 00000000 		.4byte	.LFB3
 347 0123 44000000 		.4byte	.LFE3-.LFB3
 348 0127 01       		.uleb128 0x1
ARM GAS  C:\Users\SDEVAS~1\AppData\Local\Temp\ccHpdTdQ.s 			page 10


 349 0128 9C       		.byte	0x9c
 350 0129 40010000 		.4byte	0x140
 351 012d 0B       		.uleb128 0xb
 352 012e 2A000000 		.4byte	.LVL2
 353 0132 5F010000 		.4byte	0x15f
 354 0136 0B       		.uleb128 0xb
 355 0137 34000000 		.4byte	.LVL3
 356 013b 66010000 		.4byte	0x166
 357 013f 00       		.byte	0
 358 0140 0C       		.uleb128 0xc
 359 0141 FC010000 		.4byte	.LASF29
 360 0145 01       		.byte	0x1
 361 0146 18       		.byte	0x18
 362 0147 C3000000 		.4byte	0xc3
 363 014b 05       		.uleb128 0x5
 364 014c 03       		.byte	0x3
 365 014d 00000000 		.4byte	ADC_backup
 366 0151 0D       		.uleb128 0xd
 367 0152 CB010000 		.4byte	.LASF21
 368 0156 03       		.byte	0x3
 369 0157 9D       		.byte	0x9d
 370 0158 0D       		.uleb128 0xd
 371 0159 12020000 		.4byte	.LASF22
 372 015d 03       		.byte	0x3
 373 015e 99       		.byte	0x99
 374 015f 0D       		.uleb128 0xd
 375 0160 46010000 		.4byte	.LASF23
 376 0164 03       		.byte	0x3
 377 0165 9B       		.byte	0x9b
 378 0166 0D       		.uleb128 0xd
 379 0167 91010000 		.4byte	.LASF24
 380 016b 03       		.byte	0x3
 381 016c 9C       		.byte	0x9c
 382 016d 00       		.byte	0
 383              		.section	.debug_abbrev,"",%progbits
 384              	.Ldebug_abbrev0:
 385 0000 01       		.uleb128 0x1
 386 0001 11       		.uleb128 0x11
 387 0002 01       		.byte	0x1
 388 0003 25       		.uleb128 0x25
 389 0004 0E       		.uleb128 0xe
 390 0005 13       		.uleb128 0x13
 391 0006 0B       		.uleb128 0xb
 392 0007 03       		.uleb128 0x3
 393 0008 0E       		.uleb128 0xe
 394 0009 1B       		.uleb128 0x1b
 395 000a 0E       		.uleb128 0xe
 396 000b 55       		.uleb128 0x55
 397 000c 17       		.uleb128 0x17
 398 000d 11       		.uleb128 0x11
 399 000e 01       		.uleb128 0x1
 400 000f 10       		.uleb128 0x10
 401 0010 17       		.uleb128 0x17
 402 0011 00       		.byte	0
 403 0012 00       		.byte	0
 404 0013 02       		.uleb128 0x2
 405 0014 24       		.uleb128 0x24
ARM GAS  C:\Users\SDEVAS~1\AppData\Local\Temp\ccHpdTdQ.s 			page 11


 406 0015 00       		.byte	0
 407 0016 0B       		.uleb128 0xb
 408 0017 0B       		.uleb128 0xb
 409 0018 3E       		.uleb128 0x3e
 410 0019 0B       		.uleb128 0xb
 411 001a 03       		.uleb128 0x3
 412 001b 0E       		.uleb128 0xe
 413 001c 00       		.byte	0
 414 001d 00       		.byte	0
 415 001e 03       		.uleb128 0x3
 416 001f 24       		.uleb128 0x24
 417 0020 00       		.byte	0
 418 0021 0B       		.uleb128 0xb
 419 0022 0B       		.uleb128 0xb
 420 0023 3E       		.uleb128 0x3e
 421 0024 0B       		.uleb128 0xb
 422 0025 03       		.uleb128 0x3
 423 0026 08       		.uleb128 0x8
 424 0027 00       		.byte	0
 425 0028 00       		.byte	0
 426 0029 04       		.uleb128 0x4
 427 002a 16       		.uleb128 0x16
 428 002b 00       		.byte	0
 429 002c 03       		.uleb128 0x3
 430 002d 0E       		.uleb128 0xe
 431 002e 3A       		.uleb128 0x3a
 432 002f 0B       		.uleb128 0xb
 433 0030 3B       		.uleb128 0x3b
 434 0031 0B       		.uleb128 0xb
 435 0032 49       		.uleb128 0x49
 436 0033 13       		.uleb128 0x13
 437 0034 00       		.byte	0
 438 0035 00       		.byte	0
 439 0036 05       		.uleb128 0x5
 440 0037 16       		.uleb128 0x16
 441 0038 00       		.byte	0
 442 0039 03       		.uleb128 0x3
 443 003a 0E       		.uleb128 0xe
 444 003b 3A       		.uleb128 0x3a
 445 003c 0B       		.uleb128 0xb
 446 003d 3B       		.uleb128 0x3b
 447 003e 05       		.uleb128 0x5
 448 003f 49       		.uleb128 0x49
 449 0040 13       		.uleb128 0x13
 450 0041 00       		.byte	0
 451 0042 00       		.byte	0
 452 0043 06       		.uleb128 0x6
 453 0044 35       		.uleb128 0x35
 454 0045 00       		.byte	0
 455 0046 49       		.uleb128 0x49
 456 0047 13       		.uleb128 0x13
 457 0048 00       		.byte	0
 458 0049 00       		.byte	0
 459 004a 07       		.uleb128 0x7
 460 004b 13       		.uleb128 0x13
 461 004c 01       		.byte	0x1
 462 004d 0B       		.uleb128 0xb
ARM GAS  C:\Users\SDEVAS~1\AppData\Local\Temp\ccHpdTdQ.s 			page 12


 463 004e 0B       		.uleb128 0xb
 464 004f 3A       		.uleb128 0x3a
 465 0050 0B       		.uleb128 0xb
 466 0051 3B       		.uleb128 0x3b
 467 0052 0B       		.uleb128 0xb
 468 0053 01       		.uleb128 0x1
 469 0054 13       		.uleb128 0x13
 470 0055 00       		.byte	0
 471 0056 00       		.byte	0
 472 0057 08       		.uleb128 0x8
 473 0058 0D       		.uleb128 0xd
 474 0059 00       		.byte	0
 475 005a 03       		.uleb128 0x3
 476 005b 0E       		.uleb128 0xe
 477 005c 3A       		.uleb128 0x3a
 478 005d 0B       		.uleb128 0xb
 479 005e 3B       		.uleb128 0x3b
 480 005f 0B       		.uleb128 0xb
 481 0060 49       		.uleb128 0x49
 482 0061 13       		.uleb128 0x13
 483 0062 38       		.uleb128 0x38
 484 0063 0B       		.uleb128 0xb
 485 0064 00       		.byte	0
 486 0065 00       		.byte	0
 487 0066 09       		.uleb128 0x9
 488 0067 2E       		.uleb128 0x2e
 489 0068 00       		.byte	0
 490 0069 3F       		.uleb128 0x3f
 491 006a 19       		.uleb128 0x19
 492 006b 03       		.uleb128 0x3
 493 006c 0E       		.uleb128 0xe
 494 006d 3A       		.uleb128 0x3a
 495 006e 0B       		.uleb128 0xb
 496 006f 3B       		.uleb128 0x3b
 497 0070 0B       		.uleb128 0xb
 498 0071 27       		.uleb128 0x27
 499 0072 19       		.uleb128 0x19
 500 0073 11       		.uleb128 0x11
 501 0074 01       		.uleb128 0x1
 502 0075 12       		.uleb128 0x12
 503 0076 06       		.uleb128 0x6
 504 0077 40       		.uleb128 0x40
 505 0078 18       		.uleb128 0x18
 506 0079 9742     		.uleb128 0x2117
 507 007b 19       		.uleb128 0x19
 508 007c 00       		.byte	0
 509 007d 00       		.byte	0
 510 007e 0A       		.uleb128 0xa
 511 007f 2E       		.uleb128 0x2e
 512 0080 01       		.byte	0x1
 513 0081 3F       		.uleb128 0x3f
 514 0082 19       		.uleb128 0x19
 515 0083 03       		.uleb128 0x3
 516 0084 0E       		.uleb128 0xe
 517 0085 3A       		.uleb128 0x3a
 518 0086 0B       		.uleb128 0xb
 519 0087 3B       		.uleb128 0x3b
ARM GAS  C:\Users\SDEVAS~1\AppData\Local\Temp\ccHpdTdQ.s 			page 13


 520 0088 0B       		.uleb128 0xb
 521 0089 27       		.uleb128 0x27
 522 008a 19       		.uleb128 0x19
 523 008b 11       		.uleb128 0x11
 524 008c 01       		.uleb128 0x1
 525 008d 12       		.uleb128 0x12
 526 008e 06       		.uleb128 0x6
 527 008f 40       		.uleb128 0x40
 528 0090 18       		.uleb128 0x18
 529 0091 9742     		.uleb128 0x2117
 530 0093 19       		.uleb128 0x19
 531 0094 01       		.uleb128 0x1
 532 0095 13       		.uleb128 0x13
 533 0096 00       		.byte	0
 534 0097 00       		.byte	0
 535 0098 0B       		.uleb128 0xb
 536 0099 898201   		.uleb128 0x4109
 537 009c 00       		.byte	0
 538 009d 11       		.uleb128 0x11
 539 009e 01       		.uleb128 0x1
 540 009f 31       		.uleb128 0x31
 541 00a0 13       		.uleb128 0x13
 542 00a1 00       		.byte	0
 543 00a2 00       		.byte	0
 544 00a3 0C       		.uleb128 0xc
 545 00a4 34       		.uleb128 0x34
 546 00a5 00       		.byte	0
 547 00a6 03       		.uleb128 0x3
 548 00a7 0E       		.uleb128 0xe
 549 00a8 3A       		.uleb128 0x3a
 550 00a9 0B       		.uleb128 0xb
 551 00aa 3B       		.uleb128 0x3b
 552 00ab 0B       		.uleb128 0xb
 553 00ac 49       		.uleb128 0x49
 554 00ad 13       		.uleb128 0x13
 555 00ae 02       		.uleb128 0x2
 556 00af 18       		.uleb128 0x18
 557 00b0 00       		.byte	0
 558 00b1 00       		.byte	0
 559 00b2 0D       		.uleb128 0xd
 560 00b3 2E       		.uleb128 0x2e
 561 00b4 00       		.byte	0
 562 00b5 3F       		.uleb128 0x3f
 563 00b6 19       		.uleb128 0x19
 564 00b7 03       		.uleb128 0x3
 565 00b8 0E       		.uleb128 0xe
 566 00b9 3A       		.uleb128 0x3a
 567 00ba 0B       		.uleb128 0xb
 568 00bb 3B       		.uleb128 0x3b
 569 00bc 0B       		.uleb128 0xb
 570 00bd 27       		.uleb128 0x27
 571 00be 19       		.uleb128 0x19
 572 00bf 3C       		.uleb128 0x3c
 573 00c0 19       		.uleb128 0x19
 574 00c1 00       		.byte	0
 575 00c2 00       		.byte	0
 576 00c3 00       		.byte	0
ARM GAS  C:\Users\SDEVAS~1\AppData\Local\Temp\ccHpdTdQ.s 			page 14


 577              		.section	.debug_aranges,"",%progbits
 578 0000 34000000 		.4byte	0x34
 579 0004 0200     		.2byte	0x2
 580 0006 00000000 		.4byte	.Ldebug_info0
 581 000a 04       		.byte	0x4
 582 000b 00       		.byte	0
 583 000c 0000     		.2byte	0
 584 000e 0000     		.2byte	0
 585 0010 00000000 		.4byte	.LFB0
 586 0014 02000000 		.4byte	.LFE0-.LFB0
 587 0018 00000000 		.4byte	.LFB1
 588 001c 02000000 		.4byte	.LFE1-.LFB1
 589 0020 00000000 		.4byte	.LFB2
 590 0024 64000000 		.4byte	.LFE2-.LFB2
 591 0028 00000000 		.4byte	.LFB3
 592 002c 44000000 		.4byte	.LFE3-.LFB3
 593 0030 00000000 		.4byte	0
 594 0034 00000000 		.4byte	0
 595              		.section	.debug_ranges,"",%progbits
 596              	.Ldebug_ranges0:
 597 0000 00000000 		.4byte	.LFB0
 598 0004 02000000 		.4byte	.LFE0
 599 0008 00000000 		.4byte	.LFB1
 600 000c 02000000 		.4byte	.LFE1
 601 0010 00000000 		.4byte	.LFB2
 602 0014 64000000 		.4byte	.LFE2
 603 0018 00000000 		.4byte	.LFB3
 604 001c 44000000 		.4byte	.LFE3
 605 0020 00000000 		.4byte	0
 606 0024 00000000 		.4byte	0
 607              		.section	.debug_line,"",%progbits
 608              	.Ldebug_line0:
 609 0000 B1000000 		.section	.debug_str,"MS",%progbits,1
 609      02004E00 
 609      00000201 
 609      FB0E0D00 
 609      01010101 
 610              	.LASF6:
 611 0000 6C6F6E67 		.ascii	"long long int\000"
 611      206C6F6E 
 611      6720696E 
 611      7400
 612              	.LASF14:
 613 000e 72656733 		.ascii	"reg32\000"
 613      3200
 614              	.LASF17:
 615 0014 4144435F 		.ascii	"ADC_SaveConfig\000"
 615      53617665 
 615      436F6E66 
 615      696700
 616              	.LASF3:
 617 0023 73686F72 		.ascii	"short unsigned int\000"
 617      7420756E 
 617      7369676E 
 617      65642069 
 617      6E7400
 618              	.LASF25:
ARM GAS  C:\Users\SDEVAS~1\AppData\Local\Temp\ccHpdTdQ.s 			page 15


 619 0036 474E5520 		.ascii	"GNU C 4.8.4 20140526 (release) [ARM/embedded-4_8-br"
 619      4320342E 
 619      382E3420 
 619      32303134 
 619      30353236 
 620 0069 616E6368 		.ascii	"anch revision 211358] -mcpu=cortex-m0 -mthumb -g -O"
 620      20726576 
 620      6973696F 
 620      6E203231 
 620      31333538 
 621 009c 73202D66 		.ascii	"s -ffunction-sections\000"
 621      66756E63 
 621      74696F6E 
 621      2D736563 
 621      74696F6E 
 622              	.LASF11:
 623 00b2 666C6F61 		.ascii	"float\000"
 623      7400
 624              	.LASF7:
 625 00b8 6C6F6E67 		.ascii	"long long unsigned int\000"
 625      206C6F6E 
 625      6720756E 
 625      7369676E 
 625      65642069 
 626              	.LASF1:
 627 00cf 756E7369 		.ascii	"unsigned char\000"
 627      676E6564 
 627      20636861 
 627      7200
 628              	.LASF5:
 629 00dd 6C6F6E67 		.ascii	"long unsigned int\000"
 629      20756E73 
 629      69676E65 
 629      6420696E 
 629      7400
 630              	.LASF9:
 631 00ef 75696E74 		.ascii	"uint8\000"
 631      3800
 632              	.LASF26:
 633 00f5 2E5C4765 		.ascii	".\\Generated_Source\\PSoC4\\ADC_PM.c\000"
 633      6E657261 
 633      7465645F 
 633      536F7572 
 633      63655C50 
 634              	.LASF19:
 635 0117 4144435F 		.ascii	"ADC_Sleep\000"
 635      536C6565 
 635      7000
 636              	.LASF12:
 637 0121 646F7562 		.ascii	"double\000"
 637      6C6500
 638              	.LASF2:
 639 0128 73686F72 		.ascii	"short int\000"
 639      7420696E 
 639      7400
 640              	.LASF10:
 641 0132 75696E74 		.ascii	"uint32\000"
ARM GAS  C:\Users\SDEVAS~1\AppData\Local\Temp\ccHpdTdQ.s 			page 16


 641      333200
 642              	.LASF8:
 643 0139 756E7369 		.ascii	"unsigned int\000"
 643      676E6564 
 643      20696E74 
 643      00
 644              	.LASF23:
 645 0146 4144435F 		.ascii	"ADC_Enable\000"
 645      456E6162 
 645      6C6500
 646              	.LASF27:
 647 0151 443A5C55 		.ascii	"D:\\Users\\sdevasenapathy\\atoms\\AtomWorkspace\\At"
 647      73657273 
 647      5C736465 
 647      76617365 
 647      6E617061 
 648 017f 6F6D2E63 		.ascii	"om.cydsn\000"
 648      7964736E 
 648      00
 649              	.LASF15:
 650 0188 73697A65 		.ascii	"sizetype\000"
 650      74797065 
 650      00
 651              	.LASF24:
 652 0191 4144435F 		.ascii	"ADC_StartConvert\000"
 652      53746172 
 652      74436F6E 
 652      76657274 
 652      00
 653              	.LASF16:
 654 01a2 4144435F 		.ascii	"ADC_BACKUP_STRUCT\000"
 654      4241434B 
 654      55505F53 
 654      54525543 
 654      5400
 655              	.LASF13:
 656 01b4 63686172 		.ascii	"char\000"
 656      00
 657              	.LASF18:
 658 01b9 4144435F 		.ascii	"ADC_RestoreConfig\000"
 658      52657374 
 658      6F726543 
 658      6F6E6669 
 658      6700
 659              	.LASF21:
 660 01cb 4144435F 		.ascii	"ADC_StopConvert\000"
 660      53746F70 
 660      436F6E76 
 660      65727400 
 661              	.LASF4:
 662 01db 6C6F6E67 		.ascii	"long int\000"
 662      20696E74 
 662      00
 663              	.LASF28:
 664 01e4 656E6162 		.ascii	"enableState\000"
 664      6C655374 
 664      61746500 
ARM GAS  C:\Users\SDEVAS~1\AppData\Local\Temp\ccHpdTdQ.s 			page 17


 665              	.LASF0:
 666 01f0 7369676E 		.ascii	"signed char\000"
 666      65642063 
 666      68617200 
 667              	.LASF29:
 668 01fc 4144435F 		.ascii	"ADC_backup\000"
 668      6261636B 
 668      757000
 669              	.LASF20:
 670 0207 4144435F 		.ascii	"ADC_Wakeup\000"
 670      57616B65 
 670      757000
 671              	.LASF22:
 672 0212 4144435F 		.ascii	"ADC_Stop\000"
 672      53746F70 
 672      00
 673              		.ident	"GCC: (GNU Tools for ARM Embedded Processors) 4.8.4 20140526 (release) [ARM/embedded-4_8-br
