ARM GAS  C:\Users\SDEVAS~1\AppData\Local\Temp\cc8lYrGW.s 			page 1


   1              		.cpu cortex-m0
   2              		.fpu softvfp
   3              		.eabi_attribute 20, 1
   4              		.eabi_attribute 21, 1
   5              		.eabi_attribute 23, 3
   6              		.eabi_attribute 24, 1
   7              		.eabi_attribute 25, 1
   8              		.eabi_attribute 26, 1
   9              		.eabi_attribute 30, 4
  10              		.eabi_attribute 34, 0
  11              		.eabi_attribute 18, 4
  12              		.code	16
  13              		.file	"hwInterface.c"
  14              		.text
  15              	.Ltext0:
  16              		.cfi_sections	.debug_frame
  17              		.section	.text.hwInterface_Init,"ax",%progbits
  18              		.align	1
  19              		.global	hwInterface_Init
  20              		.code	16
  21              		.thumb_func
  22              		.type	hwInterface_Init, %function
  23              	hwInterface_Init:
  24              	.LFB33:
  25              		.file 1 ".\\src\\hwInterface.c"
   1:.\src/hwInterface.c **** #include "hwInterface.h"
   2:.\src/hwInterface.c **** 
   3:.\src/hwInterface.c **** 
   4:.\src/hwInterface.c **** 
   5:.\src/hwInterface.c **** void hwInterface_Init(void){
  26              		.loc 1 5 0
  27              		.cfi_startproc
  28 0000 08B5     		push	{r3, lr}
  29              		.cfi_def_cfa_offset 8
  30              		.cfi_offset 3, -8
  31              		.cfi_offset 14, -4
   6:.\src/hwInterface.c ****     
   7:.\src/hwInterface.c ****     Ctrl_12V_Write(1u);
  32              		.loc 1 7 0
  33 0002 0120     		mov	r0, #1
  34 0004 FFF7FEFF 		bl	Ctrl_12V_Write
  35              	.LVL0:
   8:.\src/hwInterface.c ****     Ctrl_5V_Write(1u);
  36              		.loc 1 8 0
  37 0008 0120     		mov	r0, #1
  38 000a FFF7FEFF 		bl	Ctrl_5V_Write
  39              	.LVL1:
   9:.\src/hwInterface.c ****     
  10:.\src/hwInterface.c ****     Counter_Start();
  11:.\src/hwInterface.c ****     
  12:.\src/hwInterface.c ****     ADC_Start();
  13:.\src/hwInterface.c ****     ADC_StartConvert();
  14:.\src/hwInterface.c **** 
  15:.\src/hwInterface.c **** 
  16:.\src/hwInterface.c **** }
  40              		.loc 1 16 0
  41              		@ sp needed
ARM GAS  C:\Users\SDEVAS~1\AppData\Local\Temp\cc8lYrGW.s 			page 2


  10:.\src/hwInterface.c ****     Counter_Start();
  42              		.loc 1 10 0
  43 000e FFF7FEFF 		bl	Counter_Start
  44              	.LVL2:
  12:.\src/hwInterface.c ****     ADC_Start();
  45              		.loc 1 12 0
  46 0012 FFF7FEFF 		bl	ADC_Start
  47              	.LVL3:
  13:.\src/hwInterface.c ****     ADC_StartConvert();
  48              		.loc 1 13 0
  49 0016 FFF7FEFF 		bl	ADC_StartConvert
  50              	.LVL4:
  51              		.loc 1 16 0
  52 001a 08BD     		pop	{r3, pc}
  53              		.cfi_endproc
  54              	.LFE33:
  55              		.size	hwInterface_Init, .-hwInterface_Init
  56              		.section	.text.setValve1ON,"ax",%progbits
  57              		.align	1
  58              		.global	setValve1ON
  59              		.code	16
  60              		.thumb_func
  61              		.type	setValve1ON, %function
  62              	setValve1ON:
  63              	.LFB34:
  17:.\src/hwInterface.c **** /*******************************************************************************
  18:.\src/hwInterface.c **** * Function Name: setValve1ON
  19:.\src/hwInterface.c **** ********************************************************************************
  20:.\src/hwInterface.c **** *
  21:.\src/hwInterface.c **** * Summary:
  22:.\src/hwInterface.c **** *  Turns on valve 1 (connector J9 on Water Control Atom.)
  23:.\src/hwInterface.c **** *
  24:.\src/hwInterface.c **** * Parameters:
  25:.\src/hwInterface.c **** *  direction: The direction in which to turn the valve ON.
  26:.\src/hwInterface.c **** *  TRUE		1 to set pin 2 high and pin 1 low
  27:.\src/hwInterface.c **** *  FALSE	0 to set pin 1 high and pin 2 low
  28:.\src/hwInterface.c **** *
  29:.\src/hwInterface.c **** * Return:
  30:.\src/hwInterface.c **** *  None.
  31:.\src/hwInterface.c **** *
  32:.\src/hwInterface.c **** *******************************************************************************/
  33:.\src/hwInterface.c **** void setValve1ON(bool direction){
  64              		.loc 1 33 0
  65              		.cfi_startproc
  66              	.LVL5:
  67 0000 10B5     		push	{r4, lr}
  68              		.cfi_def_cfa_offset 8
  69              		.cfi_offset 4, -8
  70              		.cfi_offset 14, -4
  71              		.loc 1 33 0
  72 0002 041E     		sub	r4, r0, #0
  34:.\src/hwInterface.c ****     if (direction==true){ //Direction 1
  73              		.loc 1 34 0
  74 0004 04D0     		beq	.L3
  35:.\src/hwInterface.c ****          ON1_DIR1_Write(0u);
  75              		.loc 1 35 0
  76 0006 0020     		mov	r0, #0
ARM GAS  C:\Users\SDEVAS~1\AppData\Local\Temp\cc8lYrGW.s 			page 3


  77              	.LVL6:
  78 0008 FFF7FEFF 		bl	ON1_DIR1_Write
  79              	.LVL7:
  36:.\src/hwInterface.c ****          ON2_DIR2_Write(1u);
  80              		.loc 1 36 0
  81 000c 0120     		mov	r0, #1
  82 000e 03E0     		b	.L5
  83              	.LVL8:
  84              	.L3:
  37:.\src/hwInterface.c ****     }
  38:.\src/hwInterface.c ****     else{
  39:.\src/hwInterface.c ****         ON1_DIR1_Write(1u);
  85              		.loc 1 39 0
  86 0010 0120     		mov	r0, #1
  87              	.LVL9:
  88 0012 FFF7FEFF 		bl	ON1_DIR1_Write
  89              	.LVL10:
  40:.\src/hwInterface.c ****         ON2_DIR2_Write(0u);
  90              		.loc 1 40 0
  91 0016 201C     		mov	r0, r4
  92              	.L5:
  93 0018 FFF7FEFF 		bl	ON2_DIR2_Write
  94              	.LVL11:
  41:.\src/hwInterface.c ****     }
  42:.\src/hwInterface.c **** }
  95              		.loc 1 42 0
  96              		@ sp needed
  97 001c 10BD     		pop	{r4, pc}
  98              		.cfi_endproc
  99              	.LFE34:
 100              		.size	setValve1ON, .-setValve1ON
 101              		.section	.text.setValve2ON,"ax",%progbits
 102              		.align	1
 103              		.global	setValve2ON
 104              		.code	16
 105              		.thumb_func
 106              		.type	setValve2ON, %function
 107              	setValve2ON:
 108              	.LFB35:
  43:.\src/hwInterface.c **** /*******************************************************************************
  44:.\src/hwInterface.c **** * Function Name: setValve2ON
  45:.\src/hwInterface.c **** ********************************************************************************
  46:.\src/hwInterface.c **** *
  47:.\src/hwInterface.c **** * Summary:
  48:.\src/hwInterface.c **** *  Turns on valve 2 (connector J11 on Water Control Atom.)
  49:.\src/hwInterface.c **** *
  50:.\src/hwInterface.c **** * Parameters:
  51:.\src/hwInterface.c **** *  direction: The direction in which to turn the valve ON.
  52:.\src/hwInterface.c **** *  TRUE		1 to set pin 2 high and pin 1 low
  53:.\src/hwInterface.c **** *  FALSE	0 to set pin 1 high and pin 2 low
  54:.\src/hwInterface.c **** *
  55:.\src/hwInterface.c **** * Return:
  56:.\src/hwInterface.c **** *  None.
  57:.\src/hwInterface.c **** *
  58:.\src/hwInterface.c **** *******************************************************************************/
  59:.\src/hwInterface.c **** void setValve2ON(bool direction){
 109              		.loc 1 59 0
ARM GAS  C:\Users\SDEVAS~1\AppData\Local\Temp\cc8lYrGW.s 			page 4


 110              		.cfi_startproc
 111              	.LVL12:
 112 0000 10B5     		push	{r4, lr}
 113              		.cfi_def_cfa_offset 8
 114              		.cfi_offset 4, -8
 115              		.cfi_offset 14, -4
 116              		.loc 1 59 0
 117 0002 041E     		sub	r4, r0, #0
  60:.\src/hwInterface.c ****     if (direction==true){ //Direction 1
 118              		.loc 1 60 0
 119 0004 04D0     		beq	.L8
  61:.\src/hwInterface.c ****         ON1_DIR2_Write(0u);
 120              		.loc 1 61 0
 121 0006 0020     		mov	r0, #0
 122              	.LVL13:
 123 0008 FFF7FEFF 		bl	ON1_DIR2_Write
 124              	.LVL14:
  62:.\src/hwInterface.c ****         ON2_DIR1_Write(1u);
 125              		.loc 1 62 0
 126 000c 0120     		mov	r0, #1
 127 000e 03E0     		b	.L10
 128              	.LVL15:
 129              	.L8:
  63:.\src/hwInterface.c ****     }
  64:.\src/hwInterface.c ****     else{
  65:.\src/hwInterface.c ****        ON1_DIR2_Write(1u);
 130              		.loc 1 65 0
 131 0010 0120     		mov	r0, #1
 132              	.LVL16:
 133 0012 FFF7FEFF 		bl	ON1_DIR2_Write
 134              	.LVL17:
  66:.\src/hwInterface.c ****        ON2_DIR1_Write(0u);
 135              		.loc 1 66 0
 136 0016 201C     		mov	r0, r4
 137              	.L10:
 138 0018 FFF7FEFF 		bl	ON2_DIR1_Write
 139              	.LVL18:
  67:.\src/hwInterface.c ****     }
  68:.\src/hwInterface.c **** }
 140              		.loc 1 68 0
 141              		@ sp needed
 142 001c 10BD     		pop	{r4, pc}
 143              		.cfi_endproc
 144              	.LFE35:
 145              		.size	setValve2ON, .-setValve2ON
 146              		.section	.text.setValve3ON,"ax",%progbits
 147              		.align	1
 148              		.global	setValve3ON
 149              		.code	16
 150              		.thumb_func
 151              		.type	setValve3ON, %function
 152              	setValve3ON:
 153              	.LFB36:
  69:.\src/hwInterface.c **** /*******************************************************************************
  70:.\src/hwInterface.c **** * Function Name: setValve3ON
  71:.\src/hwInterface.c **** ********************************************************************************
  72:.\src/hwInterface.c **** *
ARM GAS  C:\Users\SDEVAS~1\AppData\Local\Temp\cc8lYrGW.s 			page 5


  73:.\src/hwInterface.c **** * Summary:
  74:.\src/hwInterface.c **** *  Turns on valve 3 (connector J8 on Water Control Atom.)
  75:.\src/hwInterface.c **** *
  76:.\src/hwInterface.c **** * Parameters:
  77:.\src/hwInterface.c **** *  direction: The direction in which to turn the valve ON.
  78:.\src/hwInterface.c **** *  TRUE		1 to set pin 2 high and pin 1 low
  79:.\src/hwInterface.c **** *  FALSE	0 to set pin 1 high and pin 2 low
  80:.\src/hwInterface.c **** *
  81:.\src/hwInterface.c **** * Return:
  82:.\src/hwInterface.c **** *  None.
  83:.\src/hwInterface.c **** *
  84:.\src/hwInterface.c **** *******************************************************************************/
  85:.\src/hwInterface.c **** void setValve3ON(bool direction){
 154              		.loc 1 85 0
 155              		.cfi_startproc
 156              	.LVL19:
 157 0000 10B5     		push	{r4, lr}
 158              		.cfi_def_cfa_offset 8
 159              		.cfi_offset 4, -8
 160              		.cfi_offset 14, -4
 161              		.loc 1 85 0
 162 0002 041E     		sub	r4, r0, #0
  86:.\src/hwInterface.c ****     if (direction==true){ //Direction 1
 163              		.loc 1 86 0
 164 0004 04D0     		beq	.L12
  87:.\src/hwInterface.c ****         ON3_DIR1_Write(0u);
 165              		.loc 1 87 0
 166 0006 0020     		mov	r0, #0
 167              	.LVL20:
 168 0008 FFF7FEFF 		bl	ON3_DIR1_Write
 169              	.LVL21:
  88:.\src/hwInterface.c ****         ON4_DIR2_Write(1u);
 170              		.loc 1 88 0
 171 000c 0120     		mov	r0, #1
 172 000e 03E0     		b	.L14
 173              	.LVL22:
 174              	.L12:
  89:.\src/hwInterface.c ****     }
  90:.\src/hwInterface.c ****     else{
  91:.\src/hwInterface.c ****         ON3_DIR1_Write(1u);
 175              		.loc 1 91 0
 176 0010 0120     		mov	r0, #1
 177              	.LVL23:
 178 0012 FFF7FEFF 		bl	ON3_DIR1_Write
 179              	.LVL24:
  92:.\src/hwInterface.c ****         ON4_DIR2_Write(0u);
 180              		.loc 1 92 0
 181 0016 201C     		mov	r0, r4
 182              	.L14:
 183 0018 FFF7FEFF 		bl	ON4_DIR2_Write
 184              	.LVL25:
  93:.\src/hwInterface.c ****     }
  94:.\src/hwInterface.c **** }
 185              		.loc 1 94 0
 186              		@ sp needed
 187 001c 10BD     		pop	{r4, pc}
 188              		.cfi_endproc
ARM GAS  C:\Users\SDEVAS~1\AppData\Local\Temp\cc8lYrGW.s 			page 6


 189              	.LFE36:
 190              		.size	setValve3ON, .-setValve3ON
 191              		.section	.text.setValve4ON,"ax",%progbits
 192              		.align	1
 193              		.global	setValve4ON
 194              		.code	16
 195              		.thumb_func
 196              		.type	setValve4ON, %function
 197              	setValve4ON:
 198              	.LFB37:
  95:.\src/hwInterface.c **** /*******************************************************************************
  96:.\src/hwInterface.c **** * Function Name: setValve4ON
  97:.\src/hwInterface.c **** ********************************************************************************
  98:.\src/hwInterface.c **** *
  99:.\src/hwInterface.c **** * Summary:
 100:.\src/hwInterface.c **** *  Turns on valve 4 (connector J10 on Water Control Atom.)
 101:.\src/hwInterface.c **** *
 102:.\src/hwInterface.c **** * Parameters:
 103:.\src/hwInterface.c **** *  direction: The direction in which to turn the valve ON.
 104:.\src/hwInterface.c **** *  TRUE		1 to set pin 2 high and pin 1 low
 105:.\src/hwInterface.c **** *  FALSE	0 to set pin 1 high and pin 2 low
 106:.\src/hwInterface.c **** *
 107:.\src/hwInterface.c **** * Return:
 108:.\src/hwInterface.c **** *  None.
 109:.\src/hwInterface.c **** *
 110:.\src/hwInterface.c **** *******************************************************************************/
 111:.\src/hwInterface.c **** void setValve4ON(bool direction){
 199              		.loc 1 111 0
 200              		.cfi_startproc
 201              	.LVL26:
 202 0000 10B5     		push	{r4, lr}
 203              		.cfi_def_cfa_offset 8
 204              		.cfi_offset 4, -8
 205              		.cfi_offset 14, -4
 206              		.loc 1 111 0
 207 0002 041E     		sub	r4, r0, #0
 112:.\src/hwInterface.c ****     if (direction==true){ //Direction 1
 208              		.loc 1 112 0
 209 0004 04D0     		beq	.L16
 113:.\src/hwInterface.c ****         ON3_DIR2_Write(0u);
 210              		.loc 1 113 0
 211 0006 0020     		mov	r0, #0
 212              	.LVL27:
 213 0008 FFF7FEFF 		bl	ON3_DIR2_Write
 214              	.LVL28:
 114:.\src/hwInterface.c ****         ON4_DIR1_Write(1u);
 215              		.loc 1 114 0
 216 000c 0120     		mov	r0, #1
 217 000e 03E0     		b	.L18
 218              	.LVL29:
 219              	.L16:
 115:.\src/hwInterface.c ****     }
 116:.\src/hwInterface.c ****     else{
 117:.\src/hwInterface.c ****         ON3_DIR2_Write(1u);
 220              		.loc 1 117 0
 221 0010 0120     		mov	r0, #1
 222              	.LVL30:
ARM GAS  C:\Users\SDEVAS~1\AppData\Local\Temp\cc8lYrGW.s 			page 7


 223 0012 FFF7FEFF 		bl	ON3_DIR2_Write
 224              	.LVL31:
 118:.\src/hwInterface.c ****         ON4_DIR1_Write(0u);
 225              		.loc 1 118 0
 226 0016 201C     		mov	r0, r4
 227              	.L18:
 228 0018 FFF7FEFF 		bl	ON4_DIR1_Write
 229              	.LVL32:
 119:.\src/hwInterface.c ****     }
 120:.\src/hwInterface.c **** }
 230              		.loc 1 120 0
 231              		@ sp needed
 232 001c 10BD     		pop	{r4, pc}
 233              		.cfi_endproc
 234              	.LFE37:
 235              		.size	setValve4ON, .-setValve4ON
 236              		.section	.text.setValve1OFF,"ax",%progbits
 237              		.align	1
 238              		.global	setValve1OFF
 239              		.code	16
 240              		.thumb_func
 241              		.type	setValve1OFF, %function
 242              	setValve1OFF:
 243              	.LFB38:
 121:.\src/hwInterface.c **** /*******************************************************************************
 122:.\src/hwInterface.c **** * Function Name: setValve5ON
 123:.\src/hwInterface.c **** ********************************************************************************
 124:.\src/hwInterface.c **** *
 125:.\src/hwInterface.c **** * Summary:
 126:.\src/hwInterface.c **** *  Turns on valve 5 (connector J6 on Water Control Atom.)
 127:.\src/hwInterface.c **** *
 128:.\src/hwInterface.c **** * Parameters:
 129:.\src/hwInterface.c **** *  direction: The direction in which to turn the valve ON.
 130:.\src/hwInterface.c **** *  TRUE		1 to set pin 2 high and pin 1 low
 131:.\src/hwInterface.c **** *  FALSE	0 to set pin 1 high and pin 2 low
 132:.\src/hwInterface.c **** *
 133:.\src/hwInterface.c **** * Return:
 134:.\src/hwInterface.c **** *  None.
 135:.\src/hwInterface.c **** *
 136:.\src/hwInterface.c **** *******************************************************************************/
 137:.\src/hwInterface.c **** /*void setValve5ON(bool direction){
 138:.\src/hwInterface.c ****     if (direction==true){ //Direction 1
 139:.\src/hwInterface.c ****         ON5_DIR1_Write(0u);
 140:.\src/hwInterface.c ****         ON6_DIR2_Write(1u);
 141:.\src/hwInterface.c ****     }
 142:.\src/hwInterface.c ****     else{
 143:.\src/hwInterface.c ****         ON5_DIR1_Write(1u);
 144:.\src/hwInterface.c ****         ON6_DIR2_Write(0u);
 145:.\src/hwInterface.c ****     }
 146:.\src/hwInterface.c **** }*/
 147:.\src/hwInterface.c **** /*******************************************************************************
 148:.\src/hwInterface.c **** * Function Name: setValve6ON
 149:.\src/hwInterface.c **** ********************************************************************************
 150:.\src/hwInterface.c **** *
 151:.\src/hwInterface.c **** * Summary:
 152:.\src/hwInterface.c **** *  Turns on valve 6 (connector J7 on Water Control Atom.)
 153:.\src/hwInterface.c **** *
ARM GAS  C:\Users\SDEVAS~1\AppData\Local\Temp\cc8lYrGW.s 			page 8


 154:.\src/hwInterface.c **** * Parameters:
 155:.\src/hwInterface.c **** *  direction: The direction in which to turn the valve ON.
 156:.\src/hwInterface.c **** *  TRUE		1 to set pin 2 high and pin 1 low
 157:.\src/hwInterface.c **** *  FALSE	0 to set pin 1 high and pin 2 low
 158:.\src/hwInterface.c **** *
 159:.\src/hwInterface.c **** * Return:
 160:.\src/hwInterface.c **** *  None.
 161:.\src/hwInterface.c **** *
 162:.\src/hwInterface.c **** *******************************************************************************/
 163:.\src/hwInterface.c **** /*void setValve6ON(bool direction){
 164:.\src/hwInterface.c ****     if (direction==true){ //Direction 1
 165:.\src/hwInterface.c ****          ON5_DIR2_Write(0u);
 166:.\src/hwInterface.c ****          ON6_DIR1_Write(1u);
 167:.\src/hwInterface.c ****     }
 168:.\src/hwInterface.c ****     else{
 169:.\src/hwInterface.c ****           ON5_DIR2_Write(1u);
 170:.\src/hwInterface.c ****          ON6_DIR1_Write(0u);
 171:.\src/hwInterface.c ****     }
 172:.\src/hwInterface.c **** }
 173:.\src/hwInterface.c **** */
 174:.\src/hwInterface.c **** /*******************************************************************************
 175:.\src/hwInterface.c **** * Function Name: setValve1OFF
 176:.\src/hwInterface.c **** ********************************************************************************
 177:.\src/hwInterface.c **** *
 178:.\src/hwInterface.c **** * Summary:
 179:.\src/hwInterface.c **** *  Turns off valve 1 (connector J9 on Water Control Atom.)
 180:.\src/hwInterface.c **** *
 181:.\src/hwInterface.c **** * Parameters:
 182:.\src/hwInterface.c **** * None
 183:.\src/hwInterface.c **** *
 184:.\src/hwInterface.c **** * Return:
 185:.\src/hwInterface.c **** *  None.
 186:.\src/hwInterface.c **** *
 187:.\src/hwInterface.c **** *******************************************************************************/
 188:.\src/hwInterface.c **** 
 189:.\src/hwInterface.c **** void setValve1OFF(void){
 244              		.loc 1 189 0
 245              		.cfi_startproc
 246 0000 08B5     		push	{r3, lr}
 247              		.cfi_def_cfa_offset 8
 248              		.cfi_offset 3, -8
 249              		.cfi_offset 14, -4
 190:.\src/hwInterface.c ****     ON1_DIR1_Write(0u);
 250              		.loc 1 190 0
 251 0002 0020     		mov	r0, #0
 252 0004 FFF7FEFF 		bl	ON1_DIR1_Write
 253              	.LVL33:
 191:.\src/hwInterface.c ****     ON2_DIR2_Write(0u);
 254              		.loc 1 191 0
 255 0008 0020     		mov	r0, #0
 256 000a FFF7FEFF 		bl	ON2_DIR2_Write
 257              	.LVL34:
 192:.\src/hwInterface.c **** }
 258              		.loc 1 192 0
 259              		@ sp needed
 260 000e 08BD     		pop	{r3, pc}
 261              		.cfi_endproc
ARM GAS  C:\Users\SDEVAS~1\AppData\Local\Temp\cc8lYrGW.s 			page 9


 262              	.LFE38:
 263              		.size	setValve1OFF, .-setValve1OFF
 264              		.section	.text.setValve2OFF,"ax",%progbits
 265              		.align	1
 266              		.global	setValve2OFF
 267              		.code	16
 268              		.thumb_func
 269              		.type	setValve2OFF, %function
 270              	setValve2OFF:
 271              	.LFB39:
 193:.\src/hwInterface.c **** 
 194:.\src/hwInterface.c **** /*******************************************************************************
 195:.\src/hwInterface.c **** * Function Name: setValve2OFF
 196:.\src/hwInterface.c **** ********************************************************************************
 197:.\src/hwInterface.c **** *
 198:.\src/hwInterface.c **** * Summary:
 199:.\src/hwInterface.c **** *  Turns off valve 2 (connector J10 on Water Control Atom.)
 200:.\src/hwInterface.c **** *
 201:.\src/hwInterface.c **** * Parameters:
 202:.\src/hwInterface.c **** * None
 203:.\src/hwInterface.c **** *
 204:.\src/hwInterface.c **** * Return:
 205:.\src/hwInterface.c **** *  None.
 206:.\src/hwInterface.c **** *
 207:.\src/hwInterface.c **** *******************************************************************************/
 208:.\src/hwInterface.c **** void setValve2OFF(void){
 272              		.loc 1 208 0
 273              		.cfi_startproc
 274 0000 08B5     		push	{r3, lr}
 275              		.cfi_def_cfa_offset 8
 276              		.cfi_offset 3, -8
 277              		.cfi_offset 14, -4
 209:.\src/hwInterface.c **** 	ON1_DIR2_Write(0u);
 278              		.loc 1 209 0
 279 0002 0020     		mov	r0, #0
 280 0004 FFF7FEFF 		bl	ON1_DIR2_Write
 281              	.LVL35:
 210:.\src/hwInterface.c **** 	ON2_DIR1_Write(0u);
 282              		.loc 1 210 0
 283 0008 0020     		mov	r0, #0
 284 000a FFF7FEFF 		bl	ON2_DIR1_Write
 285              	.LVL36:
 211:.\src/hwInterface.c **** }
 286              		.loc 1 211 0
 287              		@ sp needed
 288 000e 08BD     		pop	{r3, pc}
 289              		.cfi_endproc
 290              	.LFE39:
 291              		.size	setValve2OFF, .-setValve2OFF
 292              		.section	.text.setValve3OFF,"ax",%progbits
 293              		.align	1
 294              		.global	setValve3OFF
 295              		.code	16
 296              		.thumb_func
 297              		.type	setValve3OFF, %function
 298              	setValve3OFF:
 299              	.LFB40:
ARM GAS  C:\Users\SDEVAS~1\AppData\Local\Temp\cc8lYrGW.s 			page 10


 212:.\src/hwInterface.c **** 
 213:.\src/hwInterface.c **** /*******************************************************************************
 214:.\src/hwInterface.c **** * Function Name: setValve3OFF
 215:.\src/hwInterface.c **** ********************************************************************************
 216:.\src/hwInterface.c **** *
 217:.\src/hwInterface.c **** * Summary:
 218:.\src/hwInterface.c **** *  Turns off valve 3 (connector J8 on Water Control Atom.)
 219:.\src/hwInterface.c **** *
 220:.\src/hwInterface.c **** * Parameters:
 221:.\src/hwInterface.c **** * None
 222:.\src/hwInterface.c **** *
 223:.\src/hwInterface.c **** * Return:
 224:.\src/hwInterface.c **** *  None.
 225:.\src/hwInterface.c **** *
 226:.\src/hwInterface.c **** *******************************************************************************/
 227:.\src/hwInterface.c **** void setValve3OFF(void){
 300              		.loc 1 227 0
 301              		.cfi_startproc
 302 0000 08B5     		push	{r3, lr}
 303              		.cfi_def_cfa_offset 8
 304              		.cfi_offset 3, -8
 305              		.cfi_offset 14, -4
 228:.\src/hwInterface.c ****     ON3_DIR1_Write(0u);
 306              		.loc 1 228 0
 307 0002 0020     		mov	r0, #0
 308 0004 FFF7FEFF 		bl	ON3_DIR1_Write
 309              	.LVL37:
 229:.\src/hwInterface.c ****     ON4_DIR2_Write(0u);
 310              		.loc 1 229 0
 311 0008 0020     		mov	r0, #0
 312 000a FFF7FEFF 		bl	ON4_DIR2_Write
 313              	.LVL38:
 230:.\src/hwInterface.c **** }
 314              		.loc 1 230 0
 315              		@ sp needed
 316 000e 08BD     		pop	{r3, pc}
 317              		.cfi_endproc
 318              	.LFE40:
 319              		.size	setValve3OFF, .-setValve3OFF
 320              		.section	.text.setValve4OFF,"ax",%progbits
 321              		.align	1
 322              		.global	setValve4OFF
 323              		.code	16
 324              		.thumb_func
 325              		.type	setValve4OFF, %function
 326              	setValve4OFF:
 327              	.LFB41:
 231:.\src/hwInterface.c **** /*******************************************************************************
 232:.\src/hwInterface.c **** * Function Name: setValve4OFF
 233:.\src/hwInterface.c **** ********************************************************************************
 234:.\src/hwInterface.c **** *
 235:.\src/hwInterface.c **** * Summary:
 236:.\src/hwInterface.c **** *  Turns off valve 4 (connector J10 on Water Control Atom.)
 237:.\src/hwInterface.c **** *
 238:.\src/hwInterface.c **** * Parameters:
 239:.\src/hwInterface.c **** * None
 240:.\src/hwInterface.c **** *
ARM GAS  C:\Users\SDEVAS~1\AppData\Local\Temp\cc8lYrGW.s 			page 11


 241:.\src/hwInterface.c **** * Return:
 242:.\src/hwInterface.c **** *  None.
 243:.\src/hwInterface.c **** *
 244:.\src/hwInterface.c **** *******************************************************************************/
 245:.\src/hwInterface.c **** void setValve4OFF(void){
 328              		.loc 1 245 0
 329              		.cfi_startproc
 330 0000 08B5     		push	{r3, lr}
 331              		.cfi_def_cfa_offset 8
 332              		.cfi_offset 3, -8
 333              		.cfi_offset 14, -4
 246:.\src/hwInterface.c ****     ON3_DIR2_Write(0u);
 334              		.loc 1 246 0
 335 0002 0020     		mov	r0, #0
 336 0004 FFF7FEFF 		bl	ON3_DIR2_Write
 337              	.LVL39:
 247:.\src/hwInterface.c ****     ON4_DIR1_Write(0u);
 338              		.loc 1 247 0
 339 0008 0020     		mov	r0, #0
 340 000a FFF7FEFF 		bl	ON4_DIR1_Write
 341              	.LVL40:
 248:.\src/hwInterface.c **** }
 342              		.loc 1 248 0
 343              		@ sp needed
 344 000e 08BD     		pop	{r3, pc}
 345              		.cfi_endproc
 346              	.LFE41:
 347              		.size	setValve4OFF, .-setValve4OFF
 348              		.section	.text.PressureSensor1_Read,"ax",%progbits
 349              		.align	1
 350              		.global	PressureSensor1_Read
 351              		.code	16
 352              		.thumb_func
 353              		.type	PressureSensor1_Read, %function
 354              	PressureSensor1_Read:
 355              	.LFB42:
 249:.\src/hwInterface.c **** /*******************************************************************************
 250:.\src/hwInterface.c **** * Function Name: setValve5OFF
 251:.\src/hwInterface.c **** ********************************************************************************
 252:.\src/hwInterface.c **** *
 253:.\src/hwInterface.c **** * Summary:
 254:.\src/hwInterface.c **** *  Turns off valve 1 (connector J6 on Water Control Atom.)
 255:.\src/hwInterface.c **** *
 256:.\src/hwInterface.c **** * Parameters:
 257:.\src/hwInterface.c **** * None
 258:.\src/hwInterface.c **** *
 259:.\src/hwInterface.c **** * Return:
 260:.\src/hwInterface.c **** *  None.
 261:.\src/hwInterface.c **** *
 262:.\src/hwInterface.c **** *******************************************************************************/
 263:.\src/hwInterface.c **** /*void setValve5OFF(void){
 264:.\src/hwInterface.c ****     ON5_DIR1_Write(0u);
 265:.\src/hwInterface.c ****     ON6_DIR2_Write(0u);
 266:.\src/hwInterface.c **** }*/
 267:.\src/hwInterface.c **** /*******************************************************************************
 268:.\src/hwInterface.c **** * Function Name: setValve6OFF
 269:.\src/hwInterface.c **** ********************************************************************************
ARM GAS  C:\Users\SDEVAS~1\AppData\Local\Temp\cc8lYrGW.s 			page 12


 270:.\src/hwInterface.c **** *
 271:.\src/hwInterface.c **** * Summary:
 272:.\src/hwInterface.c **** *  Turns off valve 1 (connector J7 on Water Control Atom.)
 273:.\src/hwInterface.c **** *
 274:.\src/hwInterface.c **** * Parameters:
 275:.\src/hwInterface.c **** * None
 276:.\src/hwInterface.c **** *
 277:.\src/hwInterface.c **** * Return:
 278:.\src/hwInterface.c **** *  None.
 279:.\src/hwInterface.c **** *
 280:.\src/hwInterface.c **** *******************************************************************************/
 281:.\src/hwInterface.c **** /*void setValve6OFF(void){
 282:.\src/hwInterface.c ****     ON5_DIR2_Write(0u);
 283:.\src/hwInterface.c ****     ON6_DIR1_Write(0u);
 284:.\src/hwInterface.c **** }*/
 285:.\src/hwInterface.c **** 
 286:.\src/hwInterface.c **** 
 287:.\src/hwInterface.c ****     sc_integer PressureSensor1_Read(void){
 356              		.loc 1 287 0
 357              		.cfi_startproc
 358              	.LVL41:
 359 0000 08B5     		push	{r3, lr}
 360              		.cfi_def_cfa_offset 8
 361              		.cfi_offset 3, -8
 362              		.cfi_offset 14, -4
 288:.\src/hwInterface.c ****         int ADC_Val=0;
 289:.\src/hwInterface.c ****         if((ADC_IsEndConversion(ADC_RETURN_STATUS)!=0)){
 363              		.loc 1 289 0
 364 0002 0120     		mov	r0, #1
 365 0004 FFF7FEFF 		bl	ADC_IsEndConversion
 366              	.LVL42:
 367 0008 031C     		mov	r3, r0
 288:.\src/hwInterface.c ****         int ADC_Val=0;
 368              		.loc 1 288 0
 369 000a 0020     		mov	r0, #0
 370              		.loc 1 289 0
 371 000c 8342     		cmp	r3, r0
 372 000e 01D0     		beq	.L24
 290:.\src/hwInterface.c ****             ADC_Val = ADC_GetResult16(0);
 373              		.loc 1 290 0
 374 0010 FFF7FEFF 		bl	ADC_GetResult16
 375              	.LVL43:
 376              	.L24:
 291:.\src/hwInterface.c ****         }
 292:.\src/hwInterface.c ****        return ADC_Val; 
 293:.\src/hwInterface.c ****     }
 377              		.loc 1 293 0
 378              		@ sp needed
 379 0014 08BD     		pop	{r3, pc}
 380              		.cfi_endproc
 381              	.LFE42:
 382              		.size	PressureSensor1_Read, .-PressureSensor1_Read
 383              		.section	.text.PressureSensor2_Read,"ax",%progbits
 384              		.align	1
 385              		.global	PressureSensor2_Read
 386              		.code	16
 387              		.thumb_func
ARM GAS  C:\Users\SDEVAS~1\AppData\Local\Temp\cc8lYrGW.s 			page 13


 388              		.type	PressureSensor2_Read, %function
 389              	PressureSensor2_Read:
 390              	.LFB43:
 294:.\src/hwInterface.c ****     sc_integer PressureSensor2_Read(void){
 391              		.loc 1 294 0
 392              		.cfi_startproc
 393              	.LVL44:
 394 0000 08B5     		push	{r3, lr}
 395              		.cfi_def_cfa_offset 8
 396              		.cfi_offset 3, -8
 397              		.cfi_offset 14, -4
 295:.\src/hwInterface.c ****          int ADC_Val=0;
 296:.\src/hwInterface.c ****         if((ADC_IsEndConversion(ADC_RETURN_STATUS)!=0)){
 398              		.loc 1 296 0
 399 0002 0120     		mov	r0, #1
 400 0004 FFF7FEFF 		bl	ADC_IsEndConversion
 401              	.LVL45:
 402 0008 031C     		mov	r3, r0
 295:.\src/hwInterface.c ****          int ADC_Val=0;
 403              		.loc 1 295 0
 404 000a 0020     		mov	r0, #0
 405              		.loc 1 296 0
 406 000c 8342     		cmp	r3, r0
 407 000e 02D0     		beq	.L28
 297:.\src/hwInterface.c ****             ADC_Val = ADC_GetResult16(1);
 408              		.loc 1 297 0
 409 0010 0120     		mov	r0, #1
 410 0012 FFF7FEFF 		bl	ADC_GetResult16
 411              	.LVL46:
 412              	.L28:
 298:.\src/hwInterface.c ****         }
 299:.\src/hwInterface.c ****        return ADC_Val; 
 300:.\src/hwInterface.c ****     }
 413              		.loc 1 300 0
 414              		@ sp needed
 415 0016 08BD     		pop	{r3, pc}
 416              		.cfi_endproc
 417              	.LFE43:
 418              		.size	PressureSensor2_Read, .-PressureSensor2_Read
 419              		.section	.text.FlowSensor1_Read,"ax",%progbits
 420              		.align	1
 421              		.global	FlowSensor1_Read
 422              		.code	16
 423              		.thumb_func
 424              		.type	FlowSensor1_Read, %function
 425              	FlowSensor1_Read:
 426              	.LFB44:
 301:.\src/hwInterface.c ****     
 302:.\src/hwInterface.c ****     sc_integer FlowSensor1_Read(void){
 427              		.loc 1 302 0
 428              		.cfi_startproc
 429 0000 10B5     		push	{r4, lr}
 430              		.cfi_def_cfa_offset 8
 431              		.cfi_offset 4, -8
 432              		.cfi_offset 14, -4
 303:.\src/hwInterface.c ****         int flowSensor1 = Counter_ReadCounter();
 433              		.loc 1 303 0
ARM GAS  C:\Users\SDEVAS~1\AppData\Local\Temp\cc8lYrGW.s 			page 14


 434 0002 FFF7FEFF 		bl	Counter_ReadCounter
 435              	.LVL47:
 436 0006 041C     		mov	r4, r0
 437              	.LVL48:
 304:.\src/hwInterface.c ****         Counter_WriteCounter(0);
 438              		.loc 1 304 0
 439 0008 0020     		mov	r0, #0
 440              	.LVL49:
 441 000a FFF7FEFF 		bl	Counter_WriteCounter
 442              	.LVL50:
 305:.\src/hwInterface.c ****         return flowSensor1;
 306:.\src/hwInterface.c ****     }
 443              		.loc 1 306 0
 444              		@ sp needed
 445 000e 201C     		mov	r0, r4
 446              	.LVL51:
 447 0010 10BD     		pop	{r4, pc}
 448              		.cfi_endproc
 449              	.LFE44:
 450              		.size	FlowSensor1_Read, .-FlowSensor1_Read
 451              		.text
 452              	.Letext0:
 453              		.file 2 "c:\\program files (x86)\\cypress\\psoc creator\\3.2\\psoc creator\\import\\gnu\\arm\\4.8.
 454              		.file 3 "c:\\program files (x86)\\cypress\\psoc creator\\3.2\\psoc creator\\import\\gnu\\arm\\4.8.
 455              		.file 4 "Generated_Source\\PSoC4/cytypes.h"
 456              		.file 5 "./src-fsm/sc_types.h"
 457              		.file 6 "Generated_Source\\PSoC4/Ctrl_12V.h"
 458              		.file 7 "Generated_Source\\PSoC4/Ctrl_5V.h"
 459              		.file 8 "Generated_Source\\PSoC4/Counter.h"
 460              		.file 9 "Generated_Source\\PSoC4/ADC.h"
 461              		.file 10 "Generated_Source\\PSoC4/ON1_DIR1.h"
 462              		.file 11 "Generated_Source\\PSoC4/ON2_DIR2.h"
 463              		.file 12 "Generated_Source\\PSoC4/ON1_DIR2.h"
 464              		.file 13 "Generated_Source\\PSoC4/ON2_DIR1.h"
 465              		.file 14 "Generated_Source\\PSoC4/ON3_DIR1.h"
 466              		.file 15 "Generated_Source\\PSoC4/ON4_DIR2.h"
 467              		.file 16 "Generated_Source\\PSoC4/ON3_DIR2.h"
 468              		.file 17 "Generated_Source\\PSoC4/ON4_DIR1.h"
 469              		.section	.debug_info,"",%progbits
 470              	.Ldebug_info0:
 471 0000 32050000 		.4byte	0x532
 472 0004 0400     		.2byte	0x4
 473 0006 00000000 		.4byte	.Ldebug_abbrev0
 474 000a 04       		.byte	0x4
 475 000b 01       		.uleb128 0x1
 476 000c CB000000 		.4byte	.LASF50
 477 0010 01       		.byte	0x1
 478 0011 87020000 		.4byte	.LASF51
 479 0015 00000000 		.4byte	.LASF52
 480 0019 00000000 		.4byte	.Ldebug_ranges0+0
 481 001d 00000000 		.4byte	0
 482 0021 00000000 		.4byte	.Ldebug_line0
 483 0025 02       		.uleb128 0x2
 484 0026 01       		.byte	0x1
 485 0027 06       		.byte	0x6
 486 0028 5C030000 		.4byte	.LASF0
 487 002c 02       		.uleb128 0x2
ARM GAS  C:\Users\SDEVAS~1\AppData\Local\Temp\cc8lYrGW.s 			page 15


 488 002d 01       		.byte	0x1
 489 002e 08       		.byte	0x8
 490 002f 5C010000 		.4byte	.LASF1
 491 0033 02       		.uleb128 0x2
 492 0034 02       		.byte	0x2
 493 0035 05       		.byte	0x5
 494 0036 07030000 		.4byte	.LASF2
 495 003a 02       		.uleb128 0x2
 496 003b 02       		.byte	0x2
 497 003c 07       		.byte	0x7
 498 003d 95010000 		.4byte	.LASF3
 499 0041 03       		.uleb128 0x3
 500 0042 73000000 		.4byte	.LASF9
 501 0046 02       		.byte	0x2
 502 0047 37       		.byte	0x37
 503 0048 4C000000 		.4byte	0x4c
 504 004c 02       		.uleb128 0x2
 505 004d 04       		.byte	0x4
 506 004e 05       		.byte	0x5
 507 004f 32030000 		.4byte	.LASF4
 508 0053 02       		.uleb128 0x2
 509 0054 04       		.byte	0x4
 510 0055 07       		.byte	0x7
 511 0056 F3010000 		.4byte	.LASF5
 512 005a 02       		.uleb128 0x2
 513 005b 08       		.byte	0x8
 514 005c 05       		.byte	0x5
 515 005d D7020000 		.4byte	.LASF6
 516 0061 02       		.uleb128 0x2
 517 0062 08       		.byte	0x8
 518 0063 07       		.byte	0x7
 519 0064 57020000 		.4byte	.LASF7
 520 0068 04       		.uleb128 0x4
 521 0069 04       		.byte	0x4
 522 006a 05       		.byte	0x5
 523 006b 696E7400 		.ascii	"int\000"
 524 006f 02       		.uleb128 0x2
 525 0070 04       		.byte	0x4
 526 0071 07       		.byte	0x7
 527 0072 26020000 		.4byte	.LASF8
 528 0076 03       		.uleb128 0x3
 529 0077 B7020000 		.4byte	.LASF10
 530 007b 03       		.byte	0x3
 531 007c 41       		.byte	0x41
 532 007d 41000000 		.4byte	0x41
 533 0081 03       		.uleb128 0x3
 534 0082 BB000000 		.4byte	.LASF11
 535 0086 04       		.byte	0x4
 536 0087 B3       		.byte	0xb3
 537 0088 2C000000 		.4byte	0x2c
 538 008c 03       		.uleb128 0x3
 539 008d 1F020000 		.4byte	.LASF12
 540 0091 04       		.byte	0x4
 541 0092 B5       		.byte	0xb5
 542 0093 53000000 		.4byte	0x53
 543 0097 03       		.uleb128 0x3
 544 0098 7B010000 		.4byte	.LASF13
ARM GAS  C:\Users\SDEVAS~1\AppData\Local\Temp\cc8lYrGW.s 			page 16


 545 009c 04       		.byte	0x4
 546 009d B7       		.byte	0xb7
 547 009e 33000000 		.4byte	0x33
 548 00a2 02       		.uleb128 0x2
 549 00a3 04       		.byte	0x4
 550 00a4 04       		.byte	0x4
 551 00a5 47010000 		.4byte	.LASF14
 552 00a9 02       		.uleb128 0x2
 553 00aa 08       		.byte	0x8
 554 00ab 04       		.byte	0x4
 555 00ac 68030000 		.4byte	.LASF15
 556 00b0 02       		.uleb128 0x2
 557 00b1 01       		.byte	0x1
 558 00b2 08       		.byte	0x8
 559 00b3 F6020000 		.4byte	.LASF16
 560 00b7 02       		.uleb128 0x2
 561 00b8 04       		.byte	0x4
 562 00b9 07       		.byte	0x7
 563 00ba BF020000 		.4byte	.LASF17
 564 00be 03       		.uleb128 0x3
 565 00bf 05020000 		.4byte	.LASF18
 566 00c3 05       		.byte	0x5
 567 00c4 0E       		.byte	0xe
 568 00c5 76000000 		.4byte	0x76
 569 00c9 02       		.uleb128 0x2
 570 00ca 01       		.byte	0x1
 571 00cb 02       		.byte	0x2
 572 00cc 6F030000 		.4byte	.LASF19
 573 00d0 05       		.uleb128 0x5
 574 00d1 E5020000 		.4byte	.LASF20
 575 00d5 01       		.byte	0x1
 576 00d6 05       		.byte	0x5
 577 00d7 00000000 		.4byte	.LFB33
 578 00db 1C000000 		.4byte	.LFE33-.LFB33
 579 00df 01       		.uleb128 0x1
 580 00e0 9C       		.byte	0x9c
 581 00e1 27010000 		.4byte	0x127
 582 00e5 06       		.uleb128 0x6
 583 00e6 08000000 		.4byte	.LVL0
 584 00ea 34040000 		.4byte	0x434
 585 00ee F8000000 		.4byte	0xf8
 586 00f2 07       		.uleb128 0x7
 587 00f3 01       		.uleb128 0x1
 588 00f4 50       		.byte	0x50
 589 00f5 01       		.uleb128 0x1
 590 00f6 31       		.byte	0x31
 591 00f7 00       		.byte	0
 592 00f8 06       		.uleb128 0x6
 593 00f9 0E000000 		.4byte	.LVL1
 594 00fd 45040000 		.4byte	0x445
 595 0101 0B010000 		.4byte	0x10b
 596 0105 07       		.uleb128 0x7
 597 0106 01       		.uleb128 0x1
 598 0107 50       		.byte	0x50
 599 0108 01       		.uleb128 0x1
 600 0109 31       		.byte	0x31
 601 010a 00       		.byte	0
ARM GAS  C:\Users\SDEVAS~1\AppData\Local\Temp\cc8lYrGW.s 			page 17


 602 010b 08       		.uleb128 0x8
 603 010c 12000000 		.4byte	.LVL2
 604 0110 56040000 		.4byte	0x456
 605 0114 08       		.uleb128 0x8
 606 0115 16000000 		.4byte	.LVL3
 607 0119 5D040000 		.4byte	0x45d
 608 011d 08       		.uleb128 0x8
 609 011e 1A000000 		.4byte	.LVL4
 610 0122 64040000 		.4byte	0x464
 611 0126 00       		.byte	0
 612 0127 05       		.uleb128 0x5
 613 0128 50030000 		.4byte	.LASF21
 614 012c 01       		.byte	0x1
 615 012d 21       		.byte	0x21
 616 012e 00000000 		.4byte	.LFB34
 617 0132 1E000000 		.4byte	.LFE34-.LFB34
 618 0136 01       		.uleb128 0x1
 619 0137 9C       		.byte	0x9c
 620 0138 7B010000 		.4byte	0x17b
 621 013c 09       		.uleb128 0x9
 622 013d C1000000 		.4byte	.LASF23
 623 0141 01       		.byte	0x1
 624 0142 21       		.byte	0x21
 625 0143 C9000000 		.4byte	0xc9
 626 0147 00000000 		.4byte	.LLST0
 627 014b 06       		.uleb128 0x6
 628 014c 0C000000 		.4byte	.LVL7
 629 0150 6B040000 		.4byte	0x46b
 630 0154 5E010000 		.4byte	0x15e
 631 0158 07       		.uleb128 0x7
 632 0159 01       		.uleb128 0x1
 633 015a 50       		.byte	0x50
 634 015b 01       		.uleb128 0x1
 635 015c 30       		.byte	0x30
 636 015d 00       		.byte	0
 637 015e 06       		.uleb128 0x6
 638 015f 16000000 		.4byte	.LVL10
 639 0163 6B040000 		.4byte	0x46b
 640 0167 71010000 		.4byte	0x171
 641 016b 07       		.uleb128 0x7
 642 016c 01       		.uleb128 0x1
 643 016d 50       		.byte	0x50
 644 016e 01       		.uleb128 0x1
 645 016f 31       		.byte	0x31
 646 0170 00       		.byte	0
 647 0171 08       		.uleb128 0x8
 648 0172 1C000000 		.4byte	.LVL11
 649 0176 7C040000 		.4byte	0x47c
 650 017a 00       		.byte	0
 651 017b 05       		.uleb128 0x5
 652 017c 4C000000 		.4byte	.LASF22
 653 0180 01       		.byte	0x1
 654 0181 3B       		.byte	0x3b
 655 0182 00000000 		.4byte	.LFB35
 656 0186 1E000000 		.4byte	.LFE35-.LFB35
 657 018a 01       		.uleb128 0x1
 658 018b 9C       		.byte	0x9c
ARM GAS  C:\Users\SDEVAS~1\AppData\Local\Temp\cc8lYrGW.s 			page 18


 659 018c CF010000 		.4byte	0x1cf
 660 0190 09       		.uleb128 0x9
 661 0191 C1000000 		.4byte	.LASF23
 662 0195 01       		.byte	0x1
 663 0196 3B       		.byte	0x3b
 664 0197 C9000000 		.4byte	0xc9
 665 019b 3A000000 		.4byte	.LLST1
 666 019f 06       		.uleb128 0x6
 667 01a0 0C000000 		.4byte	.LVL14
 668 01a4 8D040000 		.4byte	0x48d
 669 01a8 B2010000 		.4byte	0x1b2
 670 01ac 07       		.uleb128 0x7
 671 01ad 01       		.uleb128 0x1
 672 01ae 50       		.byte	0x50
 673 01af 01       		.uleb128 0x1
 674 01b0 30       		.byte	0x30
 675 01b1 00       		.byte	0
 676 01b2 06       		.uleb128 0x6
 677 01b3 16000000 		.4byte	.LVL17
 678 01b7 8D040000 		.4byte	0x48d
 679 01bb C5010000 		.4byte	0x1c5
 680 01bf 07       		.uleb128 0x7
 681 01c0 01       		.uleb128 0x1
 682 01c1 50       		.byte	0x50
 683 01c2 01       		.uleb128 0x1
 684 01c3 31       		.byte	0x31
 685 01c4 00       		.byte	0
 686 01c5 08       		.uleb128 0x8
 687 01c6 1C000000 		.4byte	.LVL18
 688 01ca 9E040000 		.4byte	0x49e
 689 01ce 00       		.byte	0
 690 01cf 05       		.uleb128 0x5
 691 01d0 CC010000 		.4byte	.LASF24
 692 01d4 01       		.byte	0x1
 693 01d5 55       		.byte	0x55
 694 01d6 00000000 		.4byte	.LFB36
 695 01da 1E000000 		.4byte	.LFE36-.LFB36
 696 01de 01       		.uleb128 0x1
 697 01df 9C       		.byte	0x9c
 698 01e0 23020000 		.4byte	0x223
 699 01e4 09       		.uleb128 0x9
 700 01e5 C1000000 		.4byte	.LASF23
 701 01e9 01       		.byte	0x1
 702 01ea 55       		.byte	0x55
 703 01eb C9000000 		.4byte	0xc9
 704 01ef 74000000 		.4byte	.LLST2
 705 01f3 06       		.uleb128 0x6
 706 01f4 0C000000 		.4byte	.LVL21
 707 01f8 AF040000 		.4byte	0x4af
 708 01fc 06020000 		.4byte	0x206
 709 0200 07       		.uleb128 0x7
 710 0201 01       		.uleb128 0x1
 711 0202 50       		.byte	0x50
 712 0203 01       		.uleb128 0x1
 713 0204 30       		.byte	0x30
 714 0205 00       		.byte	0
 715 0206 06       		.uleb128 0x6
ARM GAS  C:\Users\SDEVAS~1\AppData\Local\Temp\cc8lYrGW.s 			page 19


 716 0207 16000000 		.4byte	.LVL24
 717 020b AF040000 		.4byte	0x4af
 718 020f 19020000 		.4byte	0x219
 719 0213 07       		.uleb128 0x7
 720 0214 01       		.uleb128 0x1
 721 0215 50       		.byte	0x50
 722 0216 01       		.uleb128 0x1
 723 0217 31       		.byte	0x31
 724 0218 00       		.byte	0
 725 0219 08       		.uleb128 0x8
 726 021a 1C000000 		.4byte	.LVL25
 727 021e C0040000 		.4byte	0x4c0
 728 0222 00       		.byte	0
 729 0223 05       		.uleb128 0x5
 730 0224 FB020000 		.4byte	.LASF25
 731 0228 01       		.byte	0x1
 732 0229 6F       		.byte	0x6f
 733 022a 00000000 		.4byte	.LFB37
 734 022e 1E000000 		.4byte	.LFE37-.LFB37
 735 0232 01       		.uleb128 0x1
 736 0233 9C       		.byte	0x9c
 737 0234 77020000 		.4byte	0x277
 738 0238 09       		.uleb128 0x9
 739 0239 C1000000 		.4byte	.LASF23
 740 023d 01       		.byte	0x1
 741 023e 6F       		.byte	0x6f
 742 023f C9000000 		.4byte	0xc9
 743 0243 AE000000 		.4byte	.LLST3
 744 0247 06       		.uleb128 0x6
 745 0248 0C000000 		.4byte	.LVL28
 746 024c D1040000 		.4byte	0x4d1
 747 0250 5A020000 		.4byte	0x25a
 748 0254 07       		.uleb128 0x7
 749 0255 01       		.uleb128 0x1
 750 0256 50       		.byte	0x50
 751 0257 01       		.uleb128 0x1
 752 0258 30       		.byte	0x30
 753 0259 00       		.byte	0
 754 025a 06       		.uleb128 0x6
 755 025b 16000000 		.4byte	.LVL31
 756 025f D1040000 		.4byte	0x4d1
 757 0263 6D020000 		.4byte	0x26d
 758 0267 07       		.uleb128 0x7
 759 0268 01       		.uleb128 0x1
 760 0269 50       		.byte	0x50
 761 026a 01       		.uleb128 0x1
 762 026b 31       		.byte	0x31
 763 026c 00       		.byte	0
 764 026d 08       		.uleb128 0x8
 765 026e 1C000000 		.4byte	.LVL32
 766 0272 E2040000 		.4byte	0x4e2
 767 0276 00       		.byte	0
 768 0277 05       		.uleb128 0x5
 769 0278 AA020000 		.4byte	.LASF26
 770 027c 01       		.byte	0x1
 771 027d BD       		.byte	0xbd
 772 027e 00000000 		.4byte	.LFB38
ARM GAS  C:\Users\SDEVAS~1\AppData\Local\Temp\cc8lYrGW.s 			page 20


 773 0282 10000000 		.4byte	.LFE38-.LFB38
 774 0286 01       		.uleb128 0x1
 775 0287 9C       		.byte	0x9c
 776 0288 AF020000 		.4byte	0x2af
 777 028c 06       		.uleb128 0x6
 778 028d 08000000 		.4byte	.LVL33
 779 0291 6B040000 		.4byte	0x46b
 780 0295 9F020000 		.4byte	0x29f
 781 0299 07       		.uleb128 0x7
 782 029a 01       		.uleb128 0x1
 783 029b 50       		.byte	0x50
 784 029c 01       		.uleb128 0x1
 785 029d 30       		.byte	0x30
 786 029e 00       		.byte	0
 787 029f 0A       		.uleb128 0xa
 788 02a0 0E000000 		.4byte	.LVL34
 789 02a4 7C040000 		.4byte	0x47c
 790 02a8 07       		.uleb128 0x7
 791 02a9 01       		.uleb128 0x1
 792 02aa 50       		.byte	0x50
 793 02ab 01       		.uleb128 0x1
 794 02ac 30       		.byte	0x30
 795 02ad 00       		.byte	0
 796 02ae 00       		.byte	0
 797 02af 05       		.uleb128 0x5
 798 02b0 3B030000 		.4byte	.LASF27
 799 02b4 01       		.byte	0x1
 800 02b5 D0       		.byte	0xd0
 801 02b6 00000000 		.4byte	.LFB39
 802 02ba 10000000 		.4byte	.LFE39-.LFB39
 803 02be 01       		.uleb128 0x1
 804 02bf 9C       		.byte	0x9c
 805 02c0 E7020000 		.4byte	0x2e7
 806 02c4 06       		.uleb128 0x6
 807 02c5 08000000 		.4byte	.LVL35
 808 02c9 8D040000 		.4byte	0x48d
 809 02cd D7020000 		.4byte	0x2d7
 810 02d1 07       		.uleb128 0x7
 811 02d2 01       		.uleb128 0x1
 812 02d3 50       		.byte	0x50
 813 02d4 01       		.uleb128 0x1
 814 02d5 30       		.byte	0x30
 815 02d6 00       		.byte	0
 816 02d7 0A       		.uleb128 0xa
 817 02d8 0E000000 		.4byte	.LVL36
 818 02dc 9E040000 		.4byte	0x49e
 819 02e0 07       		.uleb128 0x7
 820 02e1 01       		.uleb128 0x1
 821 02e2 50       		.byte	0x50
 822 02e3 01       		.uleb128 0x1
 823 02e4 30       		.byte	0x30
 824 02e5 00       		.byte	0
 825 02e6 00       		.byte	0
 826 02e7 05       		.uleb128 0x5
 827 02e8 66000000 		.4byte	.LASF28
 828 02ec 01       		.byte	0x1
 829 02ed E3       		.byte	0xe3
ARM GAS  C:\Users\SDEVAS~1\AppData\Local\Temp\cc8lYrGW.s 			page 21


 830 02ee 00000000 		.4byte	.LFB40
 831 02f2 10000000 		.4byte	.LFE40-.LFB40
 832 02f6 01       		.uleb128 0x1
 833 02f7 9C       		.byte	0x9c
 834 02f8 1F030000 		.4byte	0x31f
 835 02fc 06       		.uleb128 0x6
 836 02fd 08000000 		.4byte	.LVL37
 837 0301 AF040000 		.4byte	0x4af
 838 0305 0F030000 		.4byte	0x30f
 839 0309 07       		.uleb128 0x7
 840 030a 01       		.uleb128 0x1
 841 030b 50       		.byte	0x50
 842 030c 01       		.uleb128 0x1
 843 030d 30       		.byte	0x30
 844 030e 00       		.byte	0
 845 030f 0A       		.uleb128 0xa
 846 0310 0E000000 		.4byte	.LVL38
 847 0314 C0040000 		.4byte	0x4c0
 848 0318 07       		.uleb128 0x7
 849 0319 01       		.uleb128 0x1
 850 031a 50       		.byte	0x50
 851 031b 01       		.uleb128 0x1
 852 031c 30       		.byte	0x30
 853 031d 00       		.byte	0
 854 031e 00       		.byte	0
 855 031f 05       		.uleb128 0x5
 856 0320 D8010000 		.4byte	.LASF29
 857 0324 01       		.byte	0x1
 858 0325 F5       		.byte	0xf5
 859 0326 00000000 		.4byte	.LFB41
 860 032a 10000000 		.4byte	.LFE41-.LFB41
 861 032e 01       		.uleb128 0x1
 862 032f 9C       		.byte	0x9c
 863 0330 57030000 		.4byte	0x357
 864 0334 06       		.uleb128 0x6
 865 0335 08000000 		.4byte	.LVL39
 866 0339 D1040000 		.4byte	0x4d1
 867 033d 47030000 		.4byte	0x347
 868 0341 07       		.uleb128 0x7
 869 0342 01       		.uleb128 0x1
 870 0343 50       		.byte	0x50
 871 0344 01       		.uleb128 0x1
 872 0345 30       		.byte	0x30
 873 0346 00       		.byte	0
 874 0347 0A       		.uleb128 0xa
 875 0348 0E000000 		.4byte	.LVL40
 876 034c E2040000 		.4byte	0x4e2
 877 0350 07       		.uleb128 0x7
 878 0351 01       		.uleb128 0x1
 879 0352 50       		.byte	0x50
 880 0353 01       		.uleb128 0x1
 881 0354 30       		.byte	0x30
 882 0355 00       		.byte	0
 883 0356 00       		.byte	0
 884 0357 0B       		.uleb128 0xb
 885 0358 42020000 		.4byte	.LASF30
 886 035c 01       		.byte	0x1
ARM GAS  C:\Users\SDEVAS~1\AppData\Local\Temp\cc8lYrGW.s 			page 22


 887 035d 1F01     		.2byte	0x11f
 888 035f BE000000 		.4byte	0xbe
 889 0363 00000000 		.4byte	.LFB42
 890 0367 16000000 		.4byte	.LFE42-.LFB42
 891 036b 01       		.uleb128 0x1
 892 036c 9C       		.byte	0x9c
 893 036d A4030000 		.4byte	0x3a4
 894 0371 0C       		.uleb128 0xc
 895 0372 48030000 		.4byte	.LASF32
 896 0376 01       		.byte	0x1
 897 0377 2001     		.2byte	0x120
 898 0379 68000000 		.4byte	0x68
 899 037d E8000000 		.4byte	.LLST4
 900 0381 06       		.uleb128 0x6
 901 0382 08000000 		.4byte	.LVL42
 902 0386 F3040000 		.4byte	0x4f3
 903 038a 94030000 		.4byte	0x394
 904 038e 07       		.uleb128 0x7
 905 038f 01       		.uleb128 0x1
 906 0390 50       		.byte	0x50
 907 0391 01       		.uleb128 0x1
 908 0392 31       		.byte	0x31
 909 0393 00       		.byte	0
 910 0394 0A       		.uleb128 0xa
 911 0395 14000000 		.4byte	.LVL43
 912 0399 08050000 		.4byte	0x508
 913 039d 07       		.uleb128 0x7
 914 039e 01       		.uleb128 0x1
 915 039f 50       		.byte	0x50
 916 03a0 01       		.uleb128 0x1
 917 03a1 30       		.byte	0x30
 918 03a2 00       		.byte	0
 919 03a3 00       		.byte	0
 920 03a4 0B       		.uleb128 0xb
 921 03a5 11030000 		.4byte	.LASF31
 922 03a9 01       		.byte	0x1
 923 03aa 2601     		.2byte	0x126
 924 03ac BE000000 		.4byte	0xbe
 925 03b0 00000000 		.4byte	.LFB43
 926 03b4 18000000 		.4byte	.LFE43-.LFB43
 927 03b8 01       		.uleb128 0x1
 928 03b9 9C       		.byte	0x9c
 929 03ba F1030000 		.4byte	0x3f1
 930 03be 0C       		.uleb128 0xc
 931 03bf 48030000 		.4byte	.LASF32
 932 03c3 01       		.byte	0x1
 933 03c4 2701     		.2byte	0x127
 934 03c6 68000000 		.4byte	0x68
 935 03ca 07010000 		.4byte	.LLST5
 936 03ce 06       		.uleb128 0x6
 937 03cf 08000000 		.4byte	.LVL45
 938 03d3 F3040000 		.4byte	0x4f3
 939 03d7 E1030000 		.4byte	0x3e1
 940 03db 07       		.uleb128 0x7
 941 03dc 01       		.uleb128 0x1
 942 03dd 50       		.byte	0x50
 943 03de 01       		.uleb128 0x1
ARM GAS  C:\Users\SDEVAS~1\AppData\Local\Temp\cc8lYrGW.s 			page 23


 944 03df 31       		.byte	0x31
 945 03e0 00       		.byte	0
 946 03e1 0A       		.uleb128 0xa
 947 03e2 16000000 		.4byte	.LVL46
 948 03e6 08050000 		.4byte	0x508
 949 03ea 07       		.uleb128 0x7
 950 03eb 01       		.uleb128 0x1
 951 03ec 50       		.byte	0x50
 952 03ed 01       		.uleb128 0x1
 953 03ee 31       		.byte	0x31
 954 03ef 00       		.byte	0
 955 03f0 00       		.byte	0
 956 03f1 0B       		.uleb128 0xb
 957 03f2 9B000000 		.4byte	.LASF33
 958 03f6 01       		.byte	0x1
 959 03f7 2E01     		.2byte	0x12e
 960 03f9 BE000000 		.4byte	0xbe
 961 03fd 00000000 		.4byte	.LFB44
 962 0401 12000000 		.4byte	.LFE44-.LFB44
 963 0405 01       		.uleb128 0x1
 964 0406 9C       		.byte	0x9c
 965 0407 34040000 		.4byte	0x434
 966 040b 0C       		.uleb128 0xc
 967 040c 26030000 		.4byte	.LASF34
 968 0410 01       		.byte	0x1
 969 0411 2F01     		.2byte	0x12f
 970 0413 68000000 		.4byte	0x68
 971 0417 26010000 		.4byte	.LLST6
 972 041b 08       		.uleb128 0x8
 973 041c 06000000 		.4byte	.LVL47
 974 0420 1D050000 		.4byte	0x51d
 975 0424 0A       		.uleb128 0xa
 976 0425 0E000000 		.4byte	.LVL50
 977 0429 28050000 		.4byte	0x528
 978 042d 07       		.uleb128 0x7
 979 042e 01       		.uleb128 0x1
 980 042f 50       		.byte	0x50
 981 0430 01       		.uleb128 0x1
 982 0431 30       		.byte	0x30
 983 0432 00       		.byte	0
 984 0433 00       		.byte	0
 985 0434 0D       		.uleb128 0xd
 986 0435 33020000 		.4byte	.LASF35
 987 0439 06       		.byte	0x6
 988 043a 1D       		.byte	0x1d
 989 043b 45040000 		.4byte	0x445
 990 043f 0E       		.uleb128 0xe
 991 0440 81000000 		.4byte	0x81
 992 0444 00       		.byte	0
 993 0445 0D       		.uleb128 0xd
 994 0446 58000000 		.4byte	.LASF36
 995 044a 07       		.byte	0x7
 996 044b 1D       		.byte	0x1d
 997 044c 56040000 		.4byte	0x456
 998 0450 0E       		.uleb128 0xe
 999 0451 81000000 		.4byte	0x81
 1000 0455 00       		.byte	0
ARM GAS  C:\Users\SDEVAS~1\AppData\Local\Temp\cc8lYrGW.s 			page 24


 1001 0456 0F       		.uleb128 0xf
 1002 0457 E5010000 		.4byte	.LASF37
 1003 045b 08       		.byte	0x8
 1004 045c 4F       		.byte	0x4f
 1005 045d 0F       		.uleb128 0xf
 1006 045e 7D020000 		.4byte	.LASF38
 1007 0462 09       		.byte	0x9
 1008 0463 98       		.byte	0x98
 1009 0464 0F       		.uleb128 0xf
 1010 0465 6A010000 		.4byte	.LASF39
 1011 0469 09       		.byte	0x9
 1012 046a 9C       		.byte	0x9c
 1013 046b 0D       		.uleb128 0xd
 1014 046c AC000000 		.4byte	.LASF40
 1015 0470 0A       		.byte	0xa
 1016 0471 1D       		.byte	0x1d
 1017 0472 7C040000 		.4byte	0x47c
 1018 0476 0E       		.uleb128 0xe
 1019 0477 81000000 		.4byte	0x81
 1020 047b 00       		.byte	0
 1021 047c 0D       		.uleb128 0xd
 1022 047d C8020000 		.4byte	.LASF41
 1023 0481 0B       		.byte	0xb
 1024 0482 1D       		.byte	0x1d
 1025 0483 8D040000 		.4byte	0x48d
 1026 0487 0E       		.uleb128 0xe
 1027 0488 81000000 		.4byte	0x81
 1028 048c 00       		.byte	0
 1029 048d 0D       		.uleb128 0xd
 1030 048e 4D010000 		.4byte	.LASF42
 1031 0492 0C       		.byte	0xc
 1032 0493 1D       		.byte	0x1d
 1033 0494 9E040000 		.4byte	0x49e
 1034 0498 0E       		.uleb128 0xe
 1035 0499 81000000 		.4byte	0x81
 1036 049d 00       		.byte	0
 1037 049e 0D       		.uleb128 0xd
 1038 049f 6E020000 		.4byte	.LASF43
 1039 04a3 0D       		.byte	0xd
 1040 04a4 1D       		.byte	0x1d
 1041 04a5 AF040000 		.4byte	0x4af
 1042 04a9 0E       		.uleb128 0xe
 1043 04aa 81000000 		.4byte	0x81
 1044 04ae 00       		.byte	0
 1045 04af 0D       		.uleb128 0xd
 1046 04b0 8C000000 		.4byte	.LASF44
 1047 04b4 0E       		.byte	0xe
 1048 04b5 1D       		.byte	0x1d
 1049 04b6 C0040000 		.4byte	0x4c0
 1050 04ba 0E       		.uleb128 0xe
 1051 04bb 81000000 		.4byte	0x81
 1052 04bf 00       		.byte	0
 1053 04c0 0D       		.uleb128 0xd
 1054 04c1 9B020000 		.4byte	.LASF45
 1055 04c5 0F       		.byte	0xf
 1056 04c6 1D       		.byte	0x1d
 1057 04c7 D1040000 		.4byte	0x4d1
ARM GAS  C:\Users\SDEVAS~1\AppData\Local\Temp\cc8lYrGW.s 			page 25


 1058 04cb 0E       		.uleb128 0xe
 1059 04cc 81000000 		.4byte	0x81
 1060 04d0 00       		.byte	0
 1061 04d1 0D       		.uleb128 0xd
 1062 04d2 7D000000 		.4byte	.LASF46
 1063 04d6 10       		.byte	0x10
 1064 04d7 1D       		.byte	0x1d
 1065 04d8 E2040000 		.4byte	0x4e2
 1066 04dc 0E       		.uleb128 0xe
 1067 04dd 81000000 		.4byte	0x81
 1068 04e1 00       		.byte	0
 1069 04e2 0D       		.uleb128 0xd
 1070 04e3 10020000 		.4byte	.LASF47
 1071 04e7 11       		.byte	0x11
 1072 04e8 1D       		.byte	0x1d
 1073 04e9 F3040000 		.4byte	0x4f3
 1074 04ed 0E       		.uleb128 0xe
 1075 04ee 81000000 		.4byte	0x81
 1076 04f2 00       		.byte	0
 1077 04f3 10       		.uleb128 0x10
 1078 04f4 81010000 		.4byte	.LASF48
 1079 04f8 09       		.byte	0x9
 1080 04f9 9E       		.byte	0x9e
 1081 04fa 8C000000 		.4byte	0x8c
 1082 04fe 08050000 		.4byte	0x508
 1083 0502 0E       		.uleb128 0xe
 1084 0503 8C000000 		.4byte	0x8c
 1085 0507 00       		.byte	0
 1086 0508 10       		.uleb128 0x10
 1087 0509 A8010000 		.4byte	.LASF49
 1088 050d 09       		.byte	0x9
 1089 050e 9F       		.byte	0x9f
 1090 050f 97000000 		.4byte	0x97
 1091 0513 1D050000 		.4byte	0x51d
 1092 0517 0E       		.uleb128 0xe
 1093 0518 8C000000 		.4byte	0x8c
 1094 051c 00       		.byte	0
 1095 051d 11       		.uleb128 0x11
 1096 051e B8010000 		.4byte	.LASF53
 1097 0522 08       		.byte	0x8
 1098 0523 5D       		.byte	0x5d
 1099 0524 81000000 		.4byte	0x81
 1100 0528 12       		.uleb128 0x12
 1101 0529 37000000 		.4byte	.LASF54
 1102 052d 08       		.byte	0x8
 1103 052e 5A       		.byte	0x5a
 1104 052f 0E       		.uleb128 0xe
 1105 0530 81000000 		.4byte	0x81
 1106 0534 00       		.byte	0
 1107 0535 00       		.byte	0
 1108              		.section	.debug_abbrev,"",%progbits
 1109              	.Ldebug_abbrev0:
 1110 0000 01       		.uleb128 0x1
 1111 0001 11       		.uleb128 0x11
 1112 0002 01       		.byte	0x1
 1113 0003 25       		.uleb128 0x25
 1114 0004 0E       		.uleb128 0xe
ARM GAS  C:\Users\SDEVAS~1\AppData\Local\Temp\cc8lYrGW.s 			page 26


 1115 0005 13       		.uleb128 0x13
 1116 0006 0B       		.uleb128 0xb
 1117 0007 03       		.uleb128 0x3
 1118 0008 0E       		.uleb128 0xe
 1119 0009 1B       		.uleb128 0x1b
 1120 000a 0E       		.uleb128 0xe
 1121 000b 55       		.uleb128 0x55
 1122 000c 17       		.uleb128 0x17
 1123 000d 11       		.uleb128 0x11
 1124 000e 01       		.uleb128 0x1
 1125 000f 10       		.uleb128 0x10
 1126 0010 17       		.uleb128 0x17
 1127 0011 00       		.byte	0
 1128 0012 00       		.byte	0
 1129 0013 02       		.uleb128 0x2
 1130 0014 24       		.uleb128 0x24
 1131 0015 00       		.byte	0
 1132 0016 0B       		.uleb128 0xb
 1133 0017 0B       		.uleb128 0xb
 1134 0018 3E       		.uleb128 0x3e
 1135 0019 0B       		.uleb128 0xb
 1136 001a 03       		.uleb128 0x3
 1137 001b 0E       		.uleb128 0xe
 1138 001c 00       		.byte	0
 1139 001d 00       		.byte	0
 1140 001e 03       		.uleb128 0x3
 1141 001f 16       		.uleb128 0x16
 1142 0020 00       		.byte	0
 1143 0021 03       		.uleb128 0x3
 1144 0022 0E       		.uleb128 0xe
 1145 0023 3A       		.uleb128 0x3a
 1146 0024 0B       		.uleb128 0xb
 1147 0025 3B       		.uleb128 0x3b
 1148 0026 0B       		.uleb128 0xb
 1149 0027 49       		.uleb128 0x49
 1150 0028 13       		.uleb128 0x13
 1151 0029 00       		.byte	0
 1152 002a 00       		.byte	0
 1153 002b 04       		.uleb128 0x4
 1154 002c 24       		.uleb128 0x24
 1155 002d 00       		.byte	0
 1156 002e 0B       		.uleb128 0xb
 1157 002f 0B       		.uleb128 0xb
 1158 0030 3E       		.uleb128 0x3e
 1159 0031 0B       		.uleb128 0xb
 1160 0032 03       		.uleb128 0x3
 1161 0033 08       		.uleb128 0x8
 1162 0034 00       		.byte	0
 1163 0035 00       		.byte	0
 1164 0036 05       		.uleb128 0x5
 1165 0037 2E       		.uleb128 0x2e
 1166 0038 01       		.byte	0x1
 1167 0039 3F       		.uleb128 0x3f
 1168 003a 19       		.uleb128 0x19
 1169 003b 03       		.uleb128 0x3
 1170 003c 0E       		.uleb128 0xe
 1171 003d 3A       		.uleb128 0x3a
ARM GAS  C:\Users\SDEVAS~1\AppData\Local\Temp\cc8lYrGW.s 			page 27


 1172 003e 0B       		.uleb128 0xb
 1173 003f 3B       		.uleb128 0x3b
 1174 0040 0B       		.uleb128 0xb
 1175 0041 27       		.uleb128 0x27
 1176 0042 19       		.uleb128 0x19
 1177 0043 11       		.uleb128 0x11
 1178 0044 01       		.uleb128 0x1
 1179 0045 12       		.uleb128 0x12
 1180 0046 06       		.uleb128 0x6
 1181 0047 40       		.uleb128 0x40
 1182 0048 18       		.uleb128 0x18
 1183 0049 9742     		.uleb128 0x2117
 1184 004b 19       		.uleb128 0x19
 1185 004c 01       		.uleb128 0x1
 1186 004d 13       		.uleb128 0x13
 1187 004e 00       		.byte	0
 1188 004f 00       		.byte	0
 1189 0050 06       		.uleb128 0x6
 1190 0051 898201   		.uleb128 0x4109
 1191 0054 01       		.byte	0x1
 1192 0055 11       		.uleb128 0x11
 1193 0056 01       		.uleb128 0x1
 1194 0057 31       		.uleb128 0x31
 1195 0058 13       		.uleb128 0x13
 1196 0059 01       		.uleb128 0x1
 1197 005a 13       		.uleb128 0x13
 1198 005b 00       		.byte	0
 1199 005c 00       		.byte	0
 1200 005d 07       		.uleb128 0x7
 1201 005e 8A8201   		.uleb128 0x410a
 1202 0061 00       		.byte	0
 1203 0062 02       		.uleb128 0x2
 1204 0063 18       		.uleb128 0x18
 1205 0064 9142     		.uleb128 0x2111
 1206 0066 18       		.uleb128 0x18
 1207 0067 00       		.byte	0
 1208 0068 00       		.byte	0
 1209 0069 08       		.uleb128 0x8
 1210 006a 898201   		.uleb128 0x4109
 1211 006d 00       		.byte	0
 1212 006e 11       		.uleb128 0x11
 1213 006f 01       		.uleb128 0x1
 1214 0070 31       		.uleb128 0x31
 1215 0071 13       		.uleb128 0x13
 1216 0072 00       		.byte	0
 1217 0073 00       		.byte	0
 1218 0074 09       		.uleb128 0x9
 1219 0075 05       		.uleb128 0x5
 1220 0076 00       		.byte	0
 1221 0077 03       		.uleb128 0x3
 1222 0078 0E       		.uleb128 0xe
 1223 0079 3A       		.uleb128 0x3a
 1224 007a 0B       		.uleb128 0xb
 1225 007b 3B       		.uleb128 0x3b
 1226 007c 0B       		.uleb128 0xb
 1227 007d 49       		.uleb128 0x49
 1228 007e 13       		.uleb128 0x13
ARM GAS  C:\Users\SDEVAS~1\AppData\Local\Temp\cc8lYrGW.s 			page 28


 1229 007f 02       		.uleb128 0x2
 1230 0080 17       		.uleb128 0x17
 1231 0081 00       		.byte	0
 1232 0082 00       		.byte	0
 1233 0083 0A       		.uleb128 0xa
 1234 0084 898201   		.uleb128 0x4109
 1235 0087 01       		.byte	0x1
 1236 0088 11       		.uleb128 0x11
 1237 0089 01       		.uleb128 0x1
 1238 008a 31       		.uleb128 0x31
 1239 008b 13       		.uleb128 0x13
 1240 008c 00       		.byte	0
 1241 008d 00       		.byte	0
 1242 008e 0B       		.uleb128 0xb
 1243 008f 2E       		.uleb128 0x2e
 1244 0090 01       		.byte	0x1
 1245 0091 3F       		.uleb128 0x3f
 1246 0092 19       		.uleb128 0x19
 1247 0093 03       		.uleb128 0x3
 1248 0094 0E       		.uleb128 0xe
 1249 0095 3A       		.uleb128 0x3a
 1250 0096 0B       		.uleb128 0xb
 1251 0097 3B       		.uleb128 0x3b
 1252 0098 05       		.uleb128 0x5
 1253 0099 27       		.uleb128 0x27
 1254 009a 19       		.uleb128 0x19
 1255 009b 49       		.uleb128 0x49
 1256 009c 13       		.uleb128 0x13
 1257 009d 11       		.uleb128 0x11
 1258 009e 01       		.uleb128 0x1
 1259 009f 12       		.uleb128 0x12
 1260 00a0 06       		.uleb128 0x6
 1261 00a1 40       		.uleb128 0x40
 1262 00a2 18       		.uleb128 0x18
 1263 00a3 9742     		.uleb128 0x2117
 1264 00a5 19       		.uleb128 0x19
 1265 00a6 01       		.uleb128 0x1
 1266 00a7 13       		.uleb128 0x13
 1267 00a8 00       		.byte	0
 1268 00a9 00       		.byte	0
 1269 00aa 0C       		.uleb128 0xc
 1270 00ab 34       		.uleb128 0x34
 1271 00ac 00       		.byte	0
 1272 00ad 03       		.uleb128 0x3
 1273 00ae 0E       		.uleb128 0xe
 1274 00af 3A       		.uleb128 0x3a
 1275 00b0 0B       		.uleb128 0xb
 1276 00b1 3B       		.uleb128 0x3b
 1277 00b2 05       		.uleb128 0x5
 1278 00b3 49       		.uleb128 0x49
 1279 00b4 13       		.uleb128 0x13
 1280 00b5 02       		.uleb128 0x2
 1281 00b6 17       		.uleb128 0x17
 1282 00b7 00       		.byte	0
 1283 00b8 00       		.byte	0
 1284 00b9 0D       		.uleb128 0xd
 1285 00ba 2E       		.uleb128 0x2e
ARM GAS  C:\Users\SDEVAS~1\AppData\Local\Temp\cc8lYrGW.s 			page 29


 1286 00bb 01       		.byte	0x1
 1287 00bc 3F       		.uleb128 0x3f
 1288 00bd 19       		.uleb128 0x19
 1289 00be 03       		.uleb128 0x3
 1290 00bf 0E       		.uleb128 0xe
 1291 00c0 3A       		.uleb128 0x3a
 1292 00c1 0B       		.uleb128 0xb
 1293 00c2 3B       		.uleb128 0x3b
 1294 00c3 0B       		.uleb128 0xb
 1295 00c4 27       		.uleb128 0x27
 1296 00c5 19       		.uleb128 0x19
 1297 00c6 3C       		.uleb128 0x3c
 1298 00c7 19       		.uleb128 0x19
 1299 00c8 01       		.uleb128 0x1
 1300 00c9 13       		.uleb128 0x13
 1301 00ca 00       		.byte	0
 1302 00cb 00       		.byte	0
 1303 00cc 0E       		.uleb128 0xe
 1304 00cd 05       		.uleb128 0x5
 1305 00ce 00       		.byte	0
 1306 00cf 49       		.uleb128 0x49
 1307 00d0 13       		.uleb128 0x13
 1308 00d1 00       		.byte	0
 1309 00d2 00       		.byte	0
 1310 00d3 0F       		.uleb128 0xf
 1311 00d4 2E       		.uleb128 0x2e
 1312 00d5 00       		.byte	0
 1313 00d6 3F       		.uleb128 0x3f
 1314 00d7 19       		.uleb128 0x19
 1315 00d8 03       		.uleb128 0x3
 1316 00d9 0E       		.uleb128 0xe
 1317 00da 3A       		.uleb128 0x3a
 1318 00db 0B       		.uleb128 0xb
 1319 00dc 3B       		.uleb128 0x3b
 1320 00dd 0B       		.uleb128 0xb
 1321 00de 27       		.uleb128 0x27
 1322 00df 19       		.uleb128 0x19
 1323 00e0 3C       		.uleb128 0x3c
 1324 00e1 19       		.uleb128 0x19
 1325 00e2 00       		.byte	0
 1326 00e3 00       		.byte	0
 1327 00e4 10       		.uleb128 0x10
 1328 00e5 2E       		.uleb128 0x2e
 1329 00e6 01       		.byte	0x1
 1330 00e7 3F       		.uleb128 0x3f
 1331 00e8 19       		.uleb128 0x19
 1332 00e9 03       		.uleb128 0x3
 1333 00ea 0E       		.uleb128 0xe
 1334 00eb 3A       		.uleb128 0x3a
 1335 00ec 0B       		.uleb128 0xb
 1336 00ed 3B       		.uleb128 0x3b
 1337 00ee 0B       		.uleb128 0xb
 1338 00ef 27       		.uleb128 0x27
 1339 00f0 19       		.uleb128 0x19
 1340 00f1 49       		.uleb128 0x49
 1341 00f2 13       		.uleb128 0x13
 1342 00f3 3C       		.uleb128 0x3c
ARM GAS  C:\Users\SDEVAS~1\AppData\Local\Temp\cc8lYrGW.s 			page 30


 1343 00f4 19       		.uleb128 0x19
 1344 00f5 01       		.uleb128 0x1
 1345 00f6 13       		.uleb128 0x13
 1346 00f7 00       		.byte	0
 1347 00f8 00       		.byte	0
 1348 00f9 11       		.uleb128 0x11
 1349 00fa 2E       		.uleb128 0x2e
 1350 00fb 00       		.byte	0
 1351 00fc 3F       		.uleb128 0x3f
 1352 00fd 19       		.uleb128 0x19
 1353 00fe 03       		.uleb128 0x3
 1354 00ff 0E       		.uleb128 0xe
 1355 0100 3A       		.uleb128 0x3a
 1356 0101 0B       		.uleb128 0xb
 1357 0102 3B       		.uleb128 0x3b
 1358 0103 0B       		.uleb128 0xb
 1359 0104 27       		.uleb128 0x27
 1360 0105 19       		.uleb128 0x19
 1361 0106 49       		.uleb128 0x49
 1362 0107 13       		.uleb128 0x13
 1363 0108 3C       		.uleb128 0x3c
 1364 0109 19       		.uleb128 0x19
 1365 010a 00       		.byte	0
 1366 010b 00       		.byte	0
 1367 010c 12       		.uleb128 0x12
 1368 010d 2E       		.uleb128 0x2e
 1369 010e 01       		.byte	0x1
 1370 010f 3F       		.uleb128 0x3f
 1371 0110 19       		.uleb128 0x19
 1372 0111 03       		.uleb128 0x3
 1373 0112 0E       		.uleb128 0xe
 1374 0113 3A       		.uleb128 0x3a
 1375 0114 0B       		.uleb128 0xb
 1376 0115 3B       		.uleb128 0x3b
 1377 0116 0B       		.uleb128 0xb
 1378 0117 27       		.uleb128 0x27
 1379 0118 19       		.uleb128 0x19
 1380 0119 3C       		.uleb128 0x3c
 1381 011a 19       		.uleb128 0x19
 1382 011b 00       		.byte	0
 1383 011c 00       		.byte	0
 1384 011d 00       		.byte	0
 1385              		.section	.debug_loc,"",%progbits
 1386              	.Ldebug_loc0:
 1387              	.LLST0:
 1388 0000 00000000 		.4byte	.LVL5
 1389 0004 08000000 		.4byte	.LVL6
 1390 0008 0100     		.2byte	0x1
 1391 000a 50       		.byte	0x50
 1392 000b 08000000 		.4byte	.LVL6
 1393 000f 10000000 		.4byte	.LVL8
 1394 0013 0400     		.2byte	0x4
 1395 0015 F3       		.byte	0xf3
 1396 0016 01       		.uleb128 0x1
 1397 0017 50       		.byte	0x50
 1398 0018 9F       		.byte	0x9f
 1399 0019 10000000 		.4byte	.LVL8
ARM GAS  C:\Users\SDEVAS~1\AppData\Local\Temp\cc8lYrGW.s 			page 31


 1400 001d 12000000 		.4byte	.LVL9
 1401 0021 0100     		.2byte	0x1
 1402 0023 50       		.byte	0x50
 1403 0024 12000000 		.4byte	.LVL9
 1404 0028 1E000000 		.4byte	.LFE34
 1405 002c 0400     		.2byte	0x4
 1406 002e F3       		.byte	0xf3
 1407 002f 01       		.uleb128 0x1
 1408 0030 50       		.byte	0x50
 1409 0031 9F       		.byte	0x9f
 1410 0032 00000000 		.4byte	0
 1411 0036 00000000 		.4byte	0
 1412              	.LLST1:
 1413 003a 00000000 		.4byte	.LVL12
 1414 003e 08000000 		.4byte	.LVL13
 1415 0042 0100     		.2byte	0x1
 1416 0044 50       		.byte	0x50
 1417 0045 08000000 		.4byte	.LVL13
 1418 0049 10000000 		.4byte	.LVL15
 1419 004d 0400     		.2byte	0x4
 1420 004f F3       		.byte	0xf3
 1421 0050 01       		.uleb128 0x1
 1422 0051 50       		.byte	0x50
 1423 0052 9F       		.byte	0x9f
 1424 0053 10000000 		.4byte	.LVL15
 1425 0057 12000000 		.4byte	.LVL16
 1426 005b 0100     		.2byte	0x1
 1427 005d 50       		.byte	0x50
 1428 005e 12000000 		.4byte	.LVL16
 1429 0062 1E000000 		.4byte	.LFE35
 1430 0066 0400     		.2byte	0x4
 1431 0068 F3       		.byte	0xf3
 1432 0069 01       		.uleb128 0x1
 1433 006a 50       		.byte	0x50
 1434 006b 9F       		.byte	0x9f
 1435 006c 00000000 		.4byte	0
 1436 0070 00000000 		.4byte	0
 1437              	.LLST2:
 1438 0074 00000000 		.4byte	.LVL19
 1439 0078 08000000 		.4byte	.LVL20
 1440 007c 0100     		.2byte	0x1
 1441 007e 50       		.byte	0x50
 1442 007f 08000000 		.4byte	.LVL20
 1443 0083 10000000 		.4byte	.LVL22
 1444 0087 0400     		.2byte	0x4
 1445 0089 F3       		.byte	0xf3
 1446 008a 01       		.uleb128 0x1
 1447 008b 50       		.byte	0x50
 1448 008c 9F       		.byte	0x9f
 1449 008d 10000000 		.4byte	.LVL22
 1450 0091 12000000 		.4byte	.LVL23
 1451 0095 0100     		.2byte	0x1
 1452 0097 50       		.byte	0x50
 1453 0098 12000000 		.4byte	.LVL23
 1454 009c 1E000000 		.4byte	.LFE36
 1455 00a0 0400     		.2byte	0x4
 1456 00a2 F3       		.byte	0xf3
ARM GAS  C:\Users\SDEVAS~1\AppData\Local\Temp\cc8lYrGW.s 			page 32


 1457 00a3 01       		.uleb128 0x1
 1458 00a4 50       		.byte	0x50
 1459 00a5 9F       		.byte	0x9f
 1460 00a6 00000000 		.4byte	0
 1461 00aa 00000000 		.4byte	0
 1462              	.LLST3:
 1463 00ae 00000000 		.4byte	.LVL26
 1464 00b2 08000000 		.4byte	.LVL27
 1465 00b6 0100     		.2byte	0x1
 1466 00b8 50       		.byte	0x50
 1467 00b9 08000000 		.4byte	.LVL27
 1468 00bd 10000000 		.4byte	.LVL29
 1469 00c1 0400     		.2byte	0x4
 1470 00c3 F3       		.byte	0xf3
 1471 00c4 01       		.uleb128 0x1
 1472 00c5 50       		.byte	0x50
 1473 00c6 9F       		.byte	0x9f
 1474 00c7 10000000 		.4byte	.LVL29
 1475 00cb 12000000 		.4byte	.LVL30
 1476 00cf 0100     		.2byte	0x1
 1477 00d1 50       		.byte	0x50
 1478 00d2 12000000 		.4byte	.LVL30
 1479 00d6 1E000000 		.4byte	.LFE37
 1480 00da 0400     		.2byte	0x4
 1481 00dc F3       		.byte	0xf3
 1482 00dd 01       		.uleb128 0x1
 1483 00de 50       		.byte	0x50
 1484 00df 9F       		.byte	0x9f
 1485 00e0 00000000 		.4byte	0
 1486 00e4 00000000 		.4byte	0
 1487              	.LLST4:
 1488 00e8 00000000 		.4byte	.LVL41
 1489 00ec 14000000 		.4byte	.LVL43
 1490 00f0 0200     		.2byte	0x2
 1491 00f2 30       		.byte	0x30
 1492 00f3 9F       		.byte	0x9f
 1493 00f4 14000000 		.4byte	.LVL43
 1494 00f8 16000000 		.4byte	.LFE42
 1495 00fc 0100     		.2byte	0x1
 1496 00fe 50       		.byte	0x50
 1497 00ff 00000000 		.4byte	0
 1498 0103 00000000 		.4byte	0
 1499              	.LLST5:
 1500 0107 00000000 		.4byte	.LVL44
 1501 010b 16000000 		.4byte	.LVL46
 1502 010f 0200     		.2byte	0x2
 1503 0111 30       		.byte	0x30
 1504 0112 9F       		.byte	0x9f
 1505 0113 16000000 		.4byte	.LVL46
 1506 0117 18000000 		.4byte	.LFE43
 1507 011b 0100     		.2byte	0x1
 1508 011d 50       		.byte	0x50
 1509 011e 00000000 		.4byte	0
 1510 0122 00000000 		.4byte	0
 1511              	.LLST6:
 1512 0126 08000000 		.4byte	.LVL48
 1513 012a 0A000000 		.4byte	.LVL49
ARM GAS  C:\Users\SDEVAS~1\AppData\Local\Temp\cc8lYrGW.s 			page 33


 1514 012e 0600     		.2byte	0x6
 1515 0130 70       		.byte	0x70
 1516 0131 00       		.sleb128 0
 1517 0132 08       		.byte	0x8
 1518 0133 FF       		.byte	0xff
 1519 0134 1A       		.byte	0x1a
 1520 0135 9F       		.byte	0x9f
 1521 0136 0A000000 		.4byte	.LVL49
 1522 013a 10000000 		.4byte	.LVL51
 1523 013e 0600     		.2byte	0x6
 1524 0140 74       		.byte	0x74
 1525 0141 00       		.sleb128 0
 1526 0142 08       		.byte	0x8
 1527 0143 FF       		.byte	0xff
 1528 0144 1A       		.byte	0x1a
 1529 0145 9F       		.byte	0x9f
 1530 0146 10000000 		.4byte	.LVL51
 1531 014a 12000000 		.4byte	.LFE44
 1532 014e 0600     		.2byte	0x6
 1533 0150 70       		.byte	0x70
 1534 0151 00       		.sleb128 0
 1535 0152 08       		.byte	0x8
 1536 0153 FF       		.byte	0xff
 1537 0154 1A       		.byte	0x1a
 1538 0155 9F       		.byte	0x9f
 1539 0156 00000000 		.4byte	0
 1540 015a 00000000 		.4byte	0
 1541              		.section	.debug_aranges,"",%progbits
 1542 0000 74000000 		.4byte	0x74
 1543 0004 0200     		.2byte	0x2
 1544 0006 00000000 		.4byte	.Ldebug_info0
 1545 000a 04       		.byte	0x4
 1546 000b 00       		.byte	0
 1547 000c 0000     		.2byte	0
 1548 000e 0000     		.2byte	0
 1549 0010 00000000 		.4byte	.LFB33
 1550 0014 1C000000 		.4byte	.LFE33-.LFB33
 1551 0018 00000000 		.4byte	.LFB34
 1552 001c 1E000000 		.4byte	.LFE34-.LFB34
 1553 0020 00000000 		.4byte	.LFB35
 1554 0024 1E000000 		.4byte	.LFE35-.LFB35
 1555 0028 00000000 		.4byte	.LFB36
 1556 002c 1E000000 		.4byte	.LFE36-.LFB36
 1557 0030 00000000 		.4byte	.LFB37
 1558 0034 1E000000 		.4byte	.LFE37-.LFB37
 1559 0038 00000000 		.4byte	.LFB38
 1560 003c 10000000 		.4byte	.LFE38-.LFB38
 1561 0040 00000000 		.4byte	.LFB39
 1562 0044 10000000 		.4byte	.LFE39-.LFB39
 1563 0048 00000000 		.4byte	.LFB40
 1564 004c 10000000 		.4byte	.LFE40-.LFB40
 1565 0050 00000000 		.4byte	.LFB41
 1566 0054 10000000 		.4byte	.LFE41-.LFB41
 1567 0058 00000000 		.4byte	.LFB42
 1568 005c 16000000 		.4byte	.LFE42-.LFB42
 1569 0060 00000000 		.4byte	.LFB43
 1570 0064 18000000 		.4byte	.LFE43-.LFB43
ARM GAS  C:\Users\SDEVAS~1\AppData\Local\Temp\cc8lYrGW.s 			page 34


 1571 0068 00000000 		.4byte	.LFB44
 1572 006c 12000000 		.4byte	.LFE44-.LFB44
 1573 0070 00000000 		.4byte	0
 1574 0074 00000000 		.4byte	0
 1575              		.section	.debug_ranges,"",%progbits
 1576              	.Ldebug_ranges0:
 1577 0000 00000000 		.4byte	.LFB33
 1578 0004 1C000000 		.4byte	.LFE33
 1579 0008 00000000 		.4byte	.LFB34
 1580 000c 1E000000 		.4byte	.LFE34
 1581 0010 00000000 		.4byte	.LFB35
 1582 0014 1E000000 		.4byte	.LFE35
 1583 0018 00000000 		.4byte	.LFB36
 1584 001c 1E000000 		.4byte	.LFE36
 1585 0020 00000000 		.4byte	.LFB37
 1586 0024 1E000000 		.4byte	.LFE37
 1587 0028 00000000 		.4byte	.LFB38
 1588 002c 10000000 		.4byte	.LFE38
 1589 0030 00000000 		.4byte	.LFB39
 1590 0034 10000000 		.4byte	.LFE39
 1591 0038 00000000 		.4byte	.LFB40
 1592 003c 10000000 		.4byte	.LFE40
 1593 0040 00000000 		.4byte	.LFB41
 1594 0044 10000000 		.4byte	.LFE41
 1595 0048 00000000 		.4byte	.LFB42
 1596 004c 16000000 		.4byte	.LFE42
 1597 0050 00000000 		.4byte	.LFB43
 1598 0054 18000000 		.4byte	.LFE43
 1599 0058 00000000 		.4byte	.LFB44
 1600 005c 12000000 		.4byte	.LFE44
 1601 0060 00000000 		.4byte	0
 1602 0064 00000000 		.4byte	0
 1603              		.section	.debug_line,"",%progbits
 1604              	.Ldebug_line0:
 1605 0000 FE020000 		.section	.debug_str,"MS",%progbits,1
 1605      0200FF01 
 1605      00000201 
 1605      FB0E0D00 
 1605      01010101 
 1606              	.LASF52:
 1607 0000 443A5C55 		.ascii	"D:\\Users\\sdevasenapathy\\atoms\\AtomWorkspace\\At"
 1607      73657273 
 1607      5C736465 
 1607      76617365 
 1607      6E617061 
 1608 002e 6F6D2E63 		.ascii	"om.cydsn\000"
 1608      7964736E 
 1608      00
 1609              	.LASF54:
 1610 0037 436F756E 		.ascii	"Counter_WriteCounter\000"
 1610      7465725F 
 1610      57726974 
 1610      65436F75 
 1610      6E746572 
 1611              	.LASF22:
 1612 004c 73657456 		.ascii	"setValve2ON\000"
 1612      616C7665 
ARM GAS  C:\Users\SDEVAS~1\AppData\Local\Temp\cc8lYrGW.s 			page 35


 1612      324F4E00 
 1613              	.LASF36:
 1614 0058 4374726C 		.ascii	"Ctrl_5V_Write\000"
 1614      5F35565F 
 1614      57726974 
 1614      6500
 1615              	.LASF28:
 1616 0066 73657456 		.ascii	"setValve3OFF\000"
 1616      616C7665 
 1616      334F4646 
 1616      00
 1617              	.LASF9:
 1618 0073 5F5F696E 		.ascii	"__int32_t\000"
 1618      7433325F 
 1618      7400
 1619              	.LASF46:
 1620 007d 4F4E335F 		.ascii	"ON3_DIR2_Write\000"
 1620      44495232 
 1620      5F577269 
 1620      746500
 1621              	.LASF44:
 1622 008c 4F4E335F 		.ascii	"ON3_DIR1_Write\000"
 1622      44495231 
 1622      5F577269 
 1622      746500
 1623              	.LASF33:
 1624 009b 466C6F77 		.ascii	"FlowSensor1_Read\000"
 1624      53656E73 
 1624      6F72315F 
 1624      52656164 
 1624      00
 1625              	.LASF40:
 1626 00ac 4F4E315F 		.ascii	"ON1_DIR1_Write\000"
 1626      44495231 
 1626      5F577269 
 1626      746500
 1627              	.LASF11:
 1628 00bb 75696E74 		.ascii	"uint8\000"
 1628      3800
 1629              	.LASF23:
 1630 00c1 64697265 		.ascii	"direction\000"
 1630      6374696F 
 1630      6E00
 1631              	.LASF50:
 1632 00cb 474E5520 		.ascii	"GNU C 4.8.4 20140526 (release) [ARM/embedded-4_8-br"
 1632      4320342E 
 1632      382E3420 
 1632      32303134 
 1632      30353236 
 1633 00fe 616E6368 		.ascii	"anch revision 211358] -mcpu=cortex-m0 -mthumb -g -O"
 1633      20726576 
 1633      6973696F 
 1633      6E203231 
 1633      31333538 
 1634 0131 73202D66 		.ascii	"s -ffunction-sections\000"
 1634      66756E63 
 1634      74696F6E 
ARM GAS  C:\Users\SDEVAS~1\AppData\Local\Temp\cc8lYrGW.s 			page 36


 1634      2D736563 
 1634      74696F6E 
 1635              	.LASF14:
 1636 0147 666C6F61 		.ascii	"float\000"
 1636      7400
 1637              	.LASF42:
 1638 014d 4F4E315F 		.ascii	"ON1_DIR2_Write\000"
 1638      44495232 
 1638      5F577269 
 1638      746500
 1639              	.LASF1:
 1640 015c 756E7369 		.ascii	"unsigned char\000"
 1640      676E6564 
 1640      20636861 
 1640      7200
 1641              	.LASF39:
 1642 016a 4144435F 		.ascii	"ADC_StartConvert\000"
 1642      53746172 
 1642      74436F6E 
 1642      76657274 
 1642      00
 1643              	.LASF13:
 1644 017b 696E7431 		.ascii	"int16\000"
 1644      3600
 1645              	.LASF48:
 1646 0181 4144435F 		.ascii	"ADC_IsEndConversion\000"
 1646      4973456E 
 1646      64436F6E 
 1646      76657273 
 1646      696F6E00 
 1647              	.LASF3:
 1648 0195 73686F72 		.ascii	"short unsigned int\000"
 1648      7420756E 
 1648      7369676E 
 1648      65642069 
 1648      6E7400
 1649              	.LASF49:
 1650 01a8 4144435F 		.ascii	"ADC_GetResult16\000"
 1650      47657452 
 1650      6573756C 
 1650      74313600 
 1651              	.LASF53:
 1652 01b8 436F756E 		.ascii	"Counter_ReadCounter\000"
 1652      7465725F 
 1652      52656164 
 1652      436F756E 
 1652      74657200 
 1653              	.LASF24:
 1654 01cc 73657456 		.ascii	"setValve3ON\000"
 1654      616C7665 
 1654      334F4E00 
 1655              	.LASF29:
 1656 01d8 73657456 		.ascii	"setValve4OFF\000"
 1656      616C7665 
 1656      344F4646 
 1656      00
 1657              	.LASF37:
ARM GAS  C:\Users\SDEVAS~1\AppData\Local\Temp\cc8lYrGW.s 			page 37


 1658 01e5 436F756E 		.ascii	"Counter_Start\000"
 1658      7465725F 
 1658      53746172 
 1658      7400
 1659              	.LASF5:
 1660 01f3 6C6F6E67 		.ascii	"long unsigned int\000"
 1660      20756E73 
 1660      69676E65 
 1660      6420696E 
 1660      7400
 1661              	.LASF18:
 1662 0205 73635F69 		.ascii	"sc_integer\000"
 1662      6E746567 
 1662      657200
 1663              	.LASF47:
 1664 0210 4F4E345F 		.ascii	"ON4_DIR1_Write\000"
 1664      44495231 
 1664      5F577269 
 1664      746500
 1665              	.LASF12:
 1666 021f 75696E74 		.ascii	"uint32\000"
 1666      333200
 1667              	.LASF8:
 1668 0226 756E7369 		.ascii	"unsigned int\000"
 1668      676E6564 
 1668      20696E74 
 1668      00
 1669              	.LASF35:
 1670 0233 4374726C 		.ascii	"Ctrl_12V_Write\000"
 1670      5F313256 
 1670      5F577269 
 1670      746500
 1671              	.LASF30:
 1672 0242 50726573 		.ascii	"PressureSensor1_Read\000"
 1672      73757265 
 1672      53656E73 
 1672      6F72315F 
 1672      52656164 
 1673              	.LASF7:
 1674 0257 6C6F6E67 		.ascii	"long long unsigned int\000"
 1674      206C6F6E 
 1674      6720756E 
 1674      7369676E 
 1674      65642069 
 1675              	.LASF43:
 1676 026e 4F4E325F 		.ascii	"ON2_DIR1_Write\000"
 1676      44495231 
 1676      5F577269 
 1676      746500
 1677              	.LASF38:
 1678 027d 4144435F 		.ascii	"ADC_Start\000"
 1678      53746172 
 1678      7400
 1679              	.LASF51:
 1680 0287 2E5C7372 		.ascii	".\\src\\hwInterface.c\000"
 1680      635C6877 
 1680      496E7465 
ARM GAS  C:\Users\SDEVAS~1\AppData\Local\Temp\cc8lYrGW.s 			page 38


 1680      72666163 
 1680      652E6300 
 1681              	.LASF45:
 1682 029b 4F4E345F 		.ascii	"ON4_DIR2_Write\000"
 1682      44495232 
 1682      5F577269 
 1682      746500
 1683              	.LASF26:
 1684 02aa 73657456 		.ascii	"setValve1OFF\000"
 1684      616C7665 
 1684      314F4646 
 1684      00
 1685              	.LASF10:
 1686 02b7 696E7433 		.ascii	"int32_t\000"
 1686      325F7400 
 1687              	.LASF17:
 1688 02bf 73697A65 		.ascii	"sizetype\000"
 1688      74797065 
 1688      00
 1689              	.LASF41:
 1690 02c8 4F4E325F 		.ascii	"ON2_DIR2_Write\000"
 1690      44495232 
 1690      5F577269 
 1690      746500
 1691              	.LASF6:
 1692 02d7 6C6F6E67 		.ascii	"long long int\000"
 1692      206C6F6E 
 1692      6720696E 
 1692      7400
 1693              	.LASF20:
 1694 02e5 6877496E 		.ascii	"hwInterface_Init\000"
 1694      74657266 
 1694      6163655F 
 1694      496E6974 
 1694      00
 1695              	.LASF16:
 1696 02f6 63686172 		.ascii	"char\000"
 1696      00
 1697              	.LASF25:
 1698 02fb 73657456 		.ascii	"setValve4ON\000"
 1698      616C7665 
 1698      344F4E00 
 1699              	.LASF2:
 1700 0307 73686F72 		.ascii	"short int\000"
 1700      7420696E 
 1700      7400
 1701              	.LASF31:
 1702 0311 50726573 		.ascii	"PressureSensor2_Read\000"
 1702      73757265 
 1702      53656E73 
 1702      6F72325F 
 1702      52656164 
 1703              	.LASF34:
 1704 0326 666C6F77 		.ascii	"flowSensor1\000"
 1704      53656E73 
 1704      6F723100 
 1705              	.LASF4:
ARM GAS  C:\Users\SDEVAS~1\AppData\Local\Temp\cc8lYrGW.s 			page 39


 1706 0332 6C6F6E67 		.ascii	"long int\000"
 1706      20696E74 
 1706      00
 1707              	.LASF27:
 1708 033b 73657456 		.ascii	"setValve2OFF\000"
 1708      616C7665 
 1708      324F4646 
 1708      00
 1709              	.LASF32:
 1710 0348 4144435F 		.ascii	"ADC_Val\000"
 1710      56616C00 
 1711              	.LASF21:
 1712 0350 73657456 		.ascii	"setValve1ON\000"
 1712      616C7665 
 1712      314F4E00 
 1713              	.LASF0:
 1714 035c 7369676E 		.ascii	"signed char\000"
 1714      65642063 
 1714      68617200 
 1715              	.LASF15:
 1716 0368 646F7562 		.ascii	"double\000"
 1716      6C6500
 1717              	.LASF19:
 1718 036f 5F426F6F 		.ascii	"_Bool\000"
 1718      6C00
 1719              		.ident	"GCC: (GNU Tools for ARM Embedded Processors) 4.8.4 20140526 (release) [ARM/embedded-4_8-br
