ARM GAS  C:\Users\SDEVAS~1\AppData\Local\Temp\cctfPOta.s 			page 1


   1              		.cpu cortex-m0
   2              		.fpu softvfp
   3              		.eabi_attribute 20, 1
   4              		.eabi_attribute 21, 1
   5              		.eabi_attribute 23, 3
   6              		.eabi_attribute 24, 1
   7              		.eabi_attribute 25, 1
   8              		.eabi_attribute 26, 1
   9              		.eabi_attribute 30, 4
  10              		.eabi_attribute 34, 0
  11              		.eabi_attribute 18, 4
  12              		.code	16
  13              		.file	"isr_WDT.c"
  14              		.text
  15              	.Ltext0:
  16              		.cfi_sections	.debug_frame
  17              		.section	.text.isr_WDT_Interrupt,"ax",%progbits
  18              		.align	1
  19              		.global	isr_WDT_Interrupt
  20              		.code	16
  21              		.thumb_func
  22              		.type	isr_WDT_Interrupt, %function
  23              	isr_WDT_Interrupt:
  24              	.LFB3:
  25              		.file 1 ".\\Generated_Source\\PSoC4\\isr_WDT.c"
   1:.\Generated_Source\PSoC4/isr_WDT.c **** /*******************************************************************************
   2:.\Generated_Source\PSoC4/isr_WDT.c **** * File Name: isr_WDT.c  
   3:.\Generated_Source\PSoC4/isr_WDT.c **** * Version 1.70
   4:.\Generated_Source\PSoC4/isr_WDT.c **** *
   5:.\Generated_Source\PSoC4/isr_WDT.c **** *  Description:
   6:.\Generated_Source\PSoC4/isr_WDT.c **** *   API for controlling the state of an interrupt.
   7:.\Generated_Source\PSoC4/isr_WDT.c **** *
   8:.\Generated_Source\PSoC4/isr_WDT.c **** *
   9:.\Generated_Source\PSoC4/isr_WDT.c **** *  Note:
  10:.\Generated_Source\PSoC4/isr_WDT.c **** *
  11:.\Generated_Source\PSoC4/isr_WDT.c **** ********************************************************************************
  12:.\Generated_Source\PSoC4/isr_WDT.c **** * Copyright 2008-2015, Cypress Semiconductor Corporation.  All rights reserved.
  13:.\Generated_Source\PSoC4/isr_WDT.c **** * You may use this file only in accordance with the license, terms, conditions, 
  14:.\Generated_Source\PSoC4/isr_WDT.c **** * disclaimers, and limitations in the end user license agreement accompanying 
  15:.\Generated_Source\PSoC4/isr_WDT.c **** * the software package with which this file was provided.
  16:.\Generated_Source\PSoC4/isr_WDT.c **** *******************************************************************************/
  17:.\Generated_Source\PSoC4/isr_WDT.c **** 
  18:.\Generated_Source\PSoC4/isr_WDT.c **** 
  19:.\Generated_Source\PSoC4/isr_WDT.c **** #include <cydevice_trm.h>
  20:.\Generated_Source\PSoC4/isr_WDT.c **** #include <CyLib.h>
  21:.\Generated_Source\PSoC4/isr_WDT.c **** #include <isr_WDT.h>
  22:.\Generated_Source\PSoC4/isr_WDT.c **** 
  23:.\Generated_Source\PSoC4/isr_WDT.c **** #if !defined(isr_WDT__REMOVED) /* Check for removal by optimization */
  24:.\Generated_Source\PSoC4/isr_WDT.c **** 
  25:.\Generated_Source\PSoC4/isr_WDT.c **** /*******************************************************************************
  26:.\Generated_Source\PSoC4/isr_WDT.c **** *  Place your includes, defines and code here 
  27:.\Generated_Source\PSoC4/isr_WDT.c **** ********************************************************************************/
  28:.\Generated_Source\PSoC4/isr_WDT.c **** /* `#START isr_WDT_intc` */
  29:.\Generated_Source\PSoC4/isr_WDT.c **** 
  30:.\Generated_Source\PSoC4/isr_WDT.c **** /* `#END` */
  31:.\Generated_Source\PSoC4/isr_WDT.c **** 
  32:.\Generated_Source\PSoC4/isr_WDT.c **** extern cyisraddress CyRamVectors[CYINT_IRQ_BASE + CY_NUM_INTERRUPTS];
ARM GAS  C:\Users\SDEVAS~1\AppData\Local\Temp\cctfPOta.s 			page 2


  33:.\Generated_Source\PSoC4/isr_WDT.c **** 
  34:.\Generated_Source\PSoC4/isr_WDT.c **** /* Declared in startup, used to set unused interrupts to. */
  35:.\Generated_Source\PSoC4/isr_WDT.c **** CY_ISR_PROTO(IntDefaultHandler);
  36:.\Generated_Source\PSoC4/isr_WDT.c **** 
  37:.\Generated_Source\PSoC4/isr_WDT.c **** 
  38:.\Generated_Source\PSoC4/isr_WDT.c **** /*******************************************************************************
  39:.\Generated_Source\PSoC4/isr_WDT.c **** * Function Name: isr_WDT_Start
  40:.\Generated_Source\PSoC4/isr_WDT.c **** ********************************************************************************
  41:.\Generated_Source\PSoC4/isr_WDT.c **** *
  42:.\Generated_Source\PSoC4/isr_WDT.c **** * Summary:
  43:.\Generated_Source\PSoC4/isr_WDT.c **** *  Set up the interrupt and enable it. This function disables the interrupt, 
  44:.\Generated_Source\PSoC4/isr_WDT.c **** *  sets the default interrupt vector, sets the priority from the value in the
  45:.\Generated_Source\PSoC4/isr_WDT.c **** *  Design Wide Resources Interrupt Editor, then enables the interrupt to the 
  46:.\Generated_Source\PSoC4/isr_WDT.c **** *  interrupt controller.
  47:.\Generated_Source\PSoC4/isr_WDT.c **** *
  48:.\Generated_Source\PSoC4/isr_WDT.c **** * Parameters:  
  49:.\Generated_Source\PSoC4/isr_WDT.c **** *   None
  50:.\Generated_Source\PSoC4/isr_WDT.c **** *
  51:.\Generated_Source\PSoC4/isr_WDT.c **** * Return:
  52:.\Generated_Source\PSoC4/isr_WDT.c **** *   None
  53:.\Generated_Source\PSoC4/isr_WDT.c **** *
  54:.\Generated_Source\PSoC4/isr_WDT.c **** *******************************************************************************/
  55:.\Generated_Source\PSoC4/isr_WDT.c **** void isr_WDT_Start(void)
  56:.\Generated_Source\PSoC4/isr_WDT.c **** {
  57:.\Generated_Source\PSoC4/isr_WDT.c ****     /* For all we know the interrupt is active. */
  58:.\Generated_Source\PSoC4/isr_WDT.c ****     isr_WDT_Disable();
  59:.\Generated_Source\PSoC4/isr_WDT.c **** 
  60:.\Generated_Source\PSoC4/isr_WDT.c ****     /* Set the ISR to point to the isr_WDT Interrupt. */
  61:.\Generated_Source\PSoC4/isr_WDT.c ****     isr_WDT_SetVector(&isr_WDT_Interrupt);
  62:.\Generated_Source\PSoC4/isr_WDT.c **** 
  63:.\Generated_Source\PSoC4/isr_WDT.c ****     /* Set the priority. */
  64:.\Generated_Source\PSoC4/isr_WDT.c ****     isr_WDT_SetPriority((uint8)isr_WDT_INTC_PRIOR_NUMBER);
  65:.\Generated_Source\PSoC4/isr_WDT.c **** 
  66:.\Generated_Source\PSoC4/isr_WDT.c ****     /* Enable it. */
  67:.\Generated_Source\PSoC4/isr_WDT.c ****     isr_WDT_Enable();
  68:.\Generated_Source\PSoC4/isr_WDT.c **** }
  69:.\Generated_Source\PSoC4/isr_WDT.c **** 
  70:.\Generated_Source\PSoC4/isr_WDT.c **** 
  71:.\Generated_Source\PSoC4/isr_WDT.c **** /*******************************************************************************
  72:.\Generated_Source\PSoC4/isr_WDT.c **** * Function Name: isr_WDT_StartEx
  73:.\Generated_Source\PSoC4/isr_WDT.c **** ********************************************************************************
  74:.\Generated_Source\PSoC4/isr_WDT.c **** *
  75:.\Generated_Source\PSoC4/isr_WDT.c **** * Summary:
  76:.\Generated_Source\PSoC4/isr_WDT.c **** *  Sets up the interrupt and enables it. This function disables the interrupt,
  77:.\Generated_Source\PSoC4/isr_WDT.c **** *  sets the interrupt vector based on the address passed in, sets the priority 
  78:.\Generated_Source\PSoC4/isr_WDT.c **** *  from the value in the Design Wide Resources Interrupt Editor, then enables 
  79:.\Generated_Source\PSoC4/isr_WDT.c **** *  the interrupt to the interrupt controller.
  80:.\Generated_Source\PSoC4/isr_WDT.c **** *  
  81:.\Generated_Source\PSoC4/isr_WDT.c **** *  When defining ISR functions, the CY_ISR and CY_ISR_PROTO macros should be 
  82:.\Generated_Source\PSoC4/isr_WDT.c **** *  used to provide consistent definition across compilers:
  83:.\Generated_Source\PSoC4/isr_WDT.c **** *  
  84:.\Generated_Source\PSoC4/isr_WDT.c **** *  Function definition example:
  85:.\Generated_Source\PSoC4/isr_WDT.c **** *   CY_ISR(MyISR)
  86:.\Generated_Source\PSoC4/isr_WDT.c **** *   {
  87:.\Generated_Source\PSoC4/isr_WDT.c **** *   }
  88:.\Generated_Source\PSoC4/isr_WDT.c **** *   Function prototype example:
  89:.\Generated_Source\PSoC4/isr_WDT.c **** *   CY_ISR_PROTO(MyISR);
ARM GAS  C:\Users\SDEVAS~1\AppData\Local\Temp\cctfPOta.s 			page 3


  90:.\Generated_Source\PSoC4/isr_WDT.c **** *
  91:.\Generated_Source\PSoC4/isr_WDT.c **** * Parameters:  
  92:.\Generated_Source\PSoC4/isr_WDT.c **** *   address: Address of the ISR to set in the interrupt vector table.
  93:.\Generated_Source\PSoC4/isr_WDT.c **** *
  94:.\Generated_Source\PSoC4/isr_WDT.c **** * Return:
  95:.\Generated_Source\PSoC4/isr_WDT.c **** *   None
  96:.\Generated_Source\PSoC4/isr_WDT.c **** *
  97:.\Generated_Source\PSoC4/isr_WDT.c **** *******************************************************************************/
  98:.\Generated_Source\PSoC4/isr_WDT.c **** void isr_WDT_StartEx(cyisraddress address)
  99:.\Generated_Source\PSoC4/isr_WDT.c **** {
 100:.\Generated_Source\PSoC4/isr_WDT.c ****     /* For all we know the interrupt is active. */
 101:.\Generated_Source\PSoC4/isr_WDT.c ****     isr_WDT_Disable();
 102:.\Generated_Source\PSoC4/isr_WDT.c **** 
 103:.\Generated_Source\PSoC4/isr_WDT.c ****     /* Set the ISR to point to the isr_WDT Interrupt. */
 104:.\Generated_Source\PSoC4/isr_WDT.c ****     isr_WDT_SetVector(address);
 105:.\Generated_Source\PSoC4/isr_WDT.c **** 
 106:.\Generated_Source\PSoC4/isr_WDT.c ****     /* Set the priority. */
 107:.\Generated_Source\PSoC4/isr_WDT.c ****     isr_WDT_SetPriority((uint8)isr_WDT_INTC_PRIOR_NUMBER);
 108:.\Generated_Source\PSoC4/isr_WDT.c **** 
 109:.\Generated_Source\PSoC4/isr_WDT.c ****     /* Enable it. */
 110:.\Generated_Source\PSoC4/isr_WDT.c ****     isr_WDT_Enable();
 111:.\Generated_Source\PSoC4/isr_WDT.c **** }
 112:.\Generated_Source\PSoC4/isr_WDT.c **** 
 113:.\Generated_Source\PSoC4/isr_WDT.c **** 
 114:.\Generated_Source\PSoC4/isr_WDT.c **** /*******************************************************************************
 115:.\Generated_Source\PSoC4/isr_WDT.c **** * Function Name: isr_WDT_Stop
 116:.\Generated_Source\PSoC4/isr_WDT.c **** ********************************************************************************
 117:.\Generated_Source\PSoC4/isr_WDT.c **** *
 118:.\Generated_Source\PSoC4/isr_WDT.c **** * Summary:
 119:.\Generated_Source\PSoC4/isr_WDT.c **** *   Disables and removes the interrupt.
 120:.\Generated_Source\PSoC4/isr_WDT.c **** *
 121:.\Generated_Source\PSoC4/isr_WDT.c **** * Parameters:  
 122:.\Generated_Source\PSoC4/isr_WDT.c **** *   None
 123:.\Generated_Source\PSoC4/isr_WDT.c **** *
 124:.\Generated_Source\PSoC4/isr_WDT.c **** * Return:
 125:.\Generated_Source\PSoC4/isr_WDT.c **** *   None
 126:.\Generated_Source\PSoC4/isr_WDT.c **** *
 127:.\Generated_Source\PSoC4/isr_WDT.c **** *******************************************************************************/
 128:.\Generated_Source\PSoC4/isr_WDT.c **** void isr_WDT_Stop(void)
 129:.\Generated_Source\PSoC4/isr_WDT.c **** {
 130:.\Generated_Source\PSoC4/isr_WDT.c ****     /* Disable this interrupt. */
 131:.\Generated_Source\PSoC4/isr_WDT.c ****     isr_WDT_Disable();
 132:.\Generated_Source\PSoC4/isr_WDT.c **** 
 133:.\Generated_Source\PSoC4/isr_WDT.c ****     /* Set the ISR to point to the passive one. */
 134:.\Generated_Source\PSoC4/isr_WDT.c ****     isr_WDT_SetVector(&IntDefaultHandler);
 135:.\Generated_Source\PSoC4/isr_WDT.c **** }
 136:.\Generated_Source\PSoC4/isr_WDT.c **** 
 137:.\Generated_Source\PSoC4/isr_WDT.c **** 
 138:.\Generated_Source\PSoC4/isr_WDT.c **** /*******************************************************************************
 139:.\Generated_Source\PSoC4/isr_WDT.c **** * Function Name: isr_WDT_Interrupt
 140:.\Generated_Source\PSoC4/isr_WDT.c **** ********************************************************************************
 141:.\Generated_Source\PSoC4/isr_WDT.c **** *
 142:.\Generated_Source\PSoC4/isr_WDT.c **** * Summary:
 143:.\Generated_Source\PSoC4/isr_WDT.c **** *   The default Interrupt Service Routine for isr_WDT.
 144:.\Generated_Source\PSoC4/isr_WDT.c **** *
 145:.\Generated_Source\PSoC4/isr_WDT.c **** *   Add custom code between the START and END comments to keep the next version
 146:.\Generated_Source\PSoC4/isr_WDT.c **** *   of this file from over-writing your code.
ARM GAS  C:\Users\SDEVAS~1\AppData\Local\Temp\cctfPOta.s 			page 4


 147:.\Generated_Source\PSoC4/isr_WDT.c **** *
 148:.\Generated_Source\PSoC4/isr_WDT.c **** *   Note You may use either the default ISR by using this API, or you may define
 149:.\Generated_Source\PSoC4/isr_WDT.c **** *   your own separate ISR through ISR_StartEx().
 150:.\Generated_Source\PSoC4/isr_WDT.c **** *
 151:.\Generated_Source\PSoC4/isr_WDT.c **** * Parameters:  
 152:.\Generated_Source\PSoC4/isr_WDT.c **** *   None
 153:.\Generated_Source\PSoC4/isr_WDT.c **** *
 154:.\Generated_Source\PSoC4/isr_WDT.c **** * Return:
 155:.\Generated_Source\PSoC4/isr_WDT.c **** *   None
 156:.\Generated_Source\PSoC4/isr_WDT.c **** *
 157:.\Generated_Source\PSoC4/isr_WDT.c **** *******************************************************************************/
 158:.\Generated_Source\PSoC4/isr_WDT.c **** CY_ISR(isr_WDT_Interrupt)
 159:.\Generated_Source\PSoC4/isr_WDT.c **** {
  26              		.loc 1 159 0
  27              		.cfi_startproc
 160:.\Generated_Source\PSoC4/isr_WDT.c ****     /*  Place your Interrupt code here. */
 161:.\Generated_Source\PSoC4/isr_WDT.c ****     /* `#START isr_WDT_Interrupt` */
 162:.\Generated_Source\PSoC4/isr_WDT.c **** 
 163:.\Generated_Source\PSoC4/isr_WDT.c ****     /* `#END` */
 164:.\Generated_Source\PSoC4/isr_WDT.c **** }
  28              		.loc 1 164 0
  29              		@ sp needed
  30 0000 7047     		bx	lr
  31              		.cfi_endproc
  32              	.LFE3:
  33              		.size	isr_WDT_Interrupt, .-isr_WDT_Interrupt
  34              		.section	.text.isr_WDT_Stop,"ax",%progbits
  35              		.align	1
  36              		.global	isr_WDT_Stop
  37              		.code	16
  38              		.thumb_func
  39              		.type	isr_WDT_Stop, %function
  40              	isr_WDT_Stop:
  41              	.LFB2:
 129:.\Generated_Source\PSoC4/isr_WDT.c **** {
  42              		.loc 1 129 0
  43              		.cfi_startproc
  44              	.LBB18:
  45              	.LBB19:
 165:.\Generated_Source\PSoC4/isr_WDT.c **** 
 166:.\Generated_Source\PSoC4/isr_WDT.c **** 
 167:.\Generated_Source\PSoC4/isr_WDT.c **** /*******************************************************************************
 168:.\Generated_Source\PSoC4/isr_WDT.c **** * Function Name: isr_WDT_SetVector
 169:.\Generated_Source\PSoC4/isr_WDT.c **** ********************************************************************************
 170:.\Generated_Source\PSoC4/isr_WDT.c **** *
 171:.\Generated_Source\PSoC4/isr_WDT.c **** * Summary:
 172:.\Generated_Source\PSoC4/isr_WDT.c **** *   Change the ISR vector for the Interrupt. Note calling isr_WDT_Start
 173:.\Generated_Source\PSoC4/isr_WDT.c **** *   will override any effect this method would have had. To set the vector 
 174:.\Generated_Source\PSoC4/isr_WDT.c **** *   before the component has been started use isr_WDT_StartEx instead.
 175:.\Generated_Source\PSoC4/isr_WDT.c **** * 
 176:.\Generated_Source\PSoC4/isr_WDT.c **** *   When defining ISR functions, the CY_ISR and CY_ISR_PROTO macros should be 
 177:.\Generated_Source\PSoC4/isr_WDT.c **** *   used to provide consistent definition across compilers:
 178:.\Generated_Source\PSoC4/isr_WDT.c **** *
 179:.\Generated_Source\PSoC4/isr_WDT.c **** *   Function definition example:
 180:.\Generated_Source\PSoC4/isr_WDT.c **** *   CY_ISR(MyISR)
 181:.\Generated_Source\PSoC4/isr_WDT.c **** *   {
 182:.\Generated_Source\PSoC4/isr_WDT.c **** *   }
ARM GAS  C:\Users\SDEVAS~1\AppData\Local\Temp\cctfPOta.s 			page 5


 183:.\Generated_Source\PSoC4/isr_WDT.c **** *
 184:.\Generated_Source\PSoC4/isr_WDT.c **** *   Function prototype example:
 185:.\Generated_Source\PSoC4/isr_WDT.c **** *     CY_ISR_PROTO(MyISR);
 186:.\Generated_Source\PSoC4/isr_WDT.c **** *
 187:.\Generated_Source\PSoC4/isr_WDT.c **** * Parameters:
 188:.\Generated_Source\PSoC4/isr_WDT.c **** *   address: Address of the ISR to set in the interrupt vector table.
 189:.\Generated_Source\PSoC4/isr_WDT.c **** *
 190:.\Generated_Source\PSoC4/isr_WDT.c **** * Return:
 191:.\Generated_Source\PSoC4/isr_WDT.c **** *   None
 192:.\Generated_Source\PSoC4/isr_WDT.c **** *
 193:.\Generated_Source\PSoC4/isr_WDT.c **** *******************************************************************************/
 194:.\Generated_Source\PSoC4/isr_WDT.c **** void isr_WDT_SetVector(cyisraddress address)
 195:.\Generated_Source\PSoC4/isr_WDT.c **** {
 196:.\Generated_Source\PSoC4/isr_WDT.c ****     CyRamVectors[CYINT_IRQ_BASE + isr_WDT__INTC_NUMBER] = address;
 197:.\Generated_Source\PSoC4/isr_WDT.c **** }
 198:.\Generated_Source\PSoC4/isr_WDT.c **** 
 199:.\Generated_Source\PSoC4/isr_WDT.c **** 
 200:.\Generated_Source\PSoC4/isr_WDT.c **** /*******************************************************************************
 201:.\Generated_Source\PSoC4/isr_WDT.c **** * Function Name: isr_WDT_GetVector
 202:.\Generated_Source\PSoC4/isr_WDT.c **** ********************************************************************************
 203:.\Generated_Source\PSoC4/isr_WDT.c **** *
 204:.\Generated_Source\PSoC4/isr_WDT.c **** * Summary:
 205:.\Generated_Source\PSoC4/isr_WDT.c **** *   Gets the "address" of the current ISR vector for the Interrupt.
 206:.\Generated_Source\PSoC4/isr_WDT.c **** *
 207:.\Generated_Source\PSoC4/isr_WDT.c **** * Parameters:
 208:.\Generated_Source\PSoC4/isr_WDT.c **** *   None
 209:.\Generated_Source\PSoC4/isr_WDT.c **** *
 210:.\Generated_Source\PSoC4/isr_WDT.c **** * Return:
 211:.\Generated_Source\PSoC4/isr_WDT.c **** *   Address of the ISR in the interrupt vector table.
 212:.\Generated_Source\PSoC4/isr_WDT.c **** *
 213:.\Generated_Source\PSoC4/isr_WDT.c **** *******************************************************************************/
 214:.\Generated_Source\PSoC4/isr_WDT.c **** cyisraddress isr_WDT_GetVector(void)
 215:.\Generated_Source\PSoC4/isr_WDT.c **** {
 216:.\Generated_Source\PSoC4/isr_WDT.c ****     return CyRamVectors[CYINT_IRQ_BASE + isr_WDT__INTC_NUMBER];
 217:.\Generated_Source\PSoC4/isr_WDT.c **** }
 218:.\Generated_Source\PSoC4/isr_WDT.c **** 
 219:.\Generated_Source\PSoC4/isr_WDT.c **** 
 220:.\Generated_Source\PSoC4/isr_WDT.c **** /*******************************************************************************
 221:.\Generated_Source\PSoC4/isr_WDT.c **** * Function Name: isr_WDT_SetPriority
 222:.\Generated_Source\PSoC4/isr_WDT.c **** ********************************************************************************
 223:.\Generated_Source\PSoC4/isr_WDT.c **** *
 224:.\Generated_Source\PSoC4/isr_WDT.c **** * Summary:
 225:.\Generated_Source\PSoC4/isr_WDT.c **** *   Sets the Priority of the Interrupt. 
 226:.\Generated_Source\PSoC4/isr_WDT.c **** *
 227:.\Generated_Source\PSoC4/isr_WDT.c **** *   Note calling isr_WDT_Start or isr_WDT_StartEx will 
 228:.\Generated_Source\PSoC4/isr_WDT.c **** *   override any effect this API would have had. This API should only be called
 229:.\Generated_Source\PSoC4/isr_WDT.c **** *   after isr_WDT_Start or isr_WDT_StartEx has been called. 
 230:.\Generated_Source\PSoC4/isr_WDT.c **** *   To set the initial priority for the component, use the Design-Wide Resources
 231:.\Generated_Source\PSoC4/isr_WDT.c **** *   Interrupt Editor.
 232:.\Generated_Source\PSoC4/isr_WDT.c **** *
 233:.\Generated_Source\PSoC4/isr_WDT.c **** *   Note This API has no effect on Non-maskable interrupt NMI).
 234:.\Generated_Source\PSoC4/isr_WDT.c **** *
 235:.\Generated_Source\PSoC4/isr_WDT.c **** * Parameters:
 236:.\Generated_Source\PSoC4/isr_WDT.c **** *   priority: Priority of the interrupt, 0 being the highest priority
 237:.\Generated_Source\PSoC4/isr_WDT.c **** *             PSoC 3 and PSoC 5LP: Priority is from 0 to 7.
 238:.\Generated_Source\PSoC4/isr_WDT.c **** *             PSoC 4: Priority is from 0 to 3.
 239:.\Generated_Source\PSoC4/isr_WDT.c **** *
ARM GAS  C:\Users\SDEVAS~1\AppData\Local\Temp\cctfPOta.s 			page 6


 240:.\Generated_Source\PSoC4/isr_WDT.c **** * Return:
 241:.\Generated_Source\PSoC4/isr_WDT.c **** *   None
 242:.\Generated_Source\PSoC4/isr_WDT.c **** *
 243:.\Generated_Source\PSoC4/isr_WDT.c **** *******************************************************************************/
 244:.\Generated_Source\PSoC4/isr_WDT.c **** void isr_WDT_SetPriority(uint8 priority)
 245:.\Generated_Source\PSoC4/isr_WDT.c **** {
 246:.\Generated_Source\PSoC4/isr_WDT.c **** 	uint8 interruptState;
 247:.\Generated_Source\PSoC4/isr_WDT.c ****     uint32 priorityOffset = ((isr_WDT__INTC_NUMBER % 4u) * 8u) + 6u;
 248:.\Generated_Source\PSoC4/isr_WDT.c ****     
 249:.\Generated_Source\PSoC4/isr_WDT.c **** 	interruptState = CyEnterCriticalSection();
 250:.\Generated_Source\PSoC4/isr_WDT.c ****     *isr_WDT_INTC_PRIOR = (*isr_WDT_INTC_PRIOR & (uint32)(~isr_WDT__INTC_PRIOR_MASK)) |
 251:.\Generated_Source\PSoC4/isr_WDT.c ****                                     ((uint32)priority << priorityOffset);
 252:.\Generated_Source\PSoC4/isr_WDT.c **** 	CyExitCriticalSection(interruptState);
 253:.\Generated_Source\PSoC4/isr_WDT.c **** }
 254:.\Generated_Source\PSoC4/isr_WDT.c **** 
 255:.\Generated_Source\PSoC4/isr_WDT.c **** 
 256:.\Generated_Source\PSoC4/isr_WDT.c **** /*******************************************************************************
 257:.\Generated_Source\PSoC4/isr_WDT.c **** * Function Name: isr_WDT_GetPriority
 258:.\Generated_Source\PSoC4/isr_WDT.c **** ********************************************************************************
 259:.\Generated_Source\PSoC4/isr_WDT.c **** *
 260:.\Generated_Source\PSoC4/isr_WDT.c **** * Summary:
 261:.\Generated_Source\PSoC4/isr_WDT.c **** *   Gets the Priority of the Interrupt.
 262:.\Generated_Source\PSoC4/isr_WDT.c **** *
 263:.\Generated_Source\PSoC4/isr_WDT.c **** * Parameters:
 264:.\Generated_Source\PSoC4/isr_WDT.c **** *   None
 265:.\Generated_Source\PSoC4/isr_WDT.c **** *
 266:.\Generated_Source\PSoC4/isr_WDT.c **** * Return:
 267:.\Generated_Source\PSoC4/isr_WDT.c **** *   Priority of the interrupt, 0 being the highest priority
 268:.\Generated_Source\PSoC4/isr_WDT.c **** *    PSoC 3 and PSoC 5LP: Priority is from 0 to 7.
 269:.\Generated_Source\PSoC4/isr_WDT.c **** *    PSoC 4: Priority is from 0 to 3.
 270:.\Generated_Source\PSoC4/isr_WDT.c **** *
 271:.\Generated_Source\PSoC4/isr_WDT.c **** *******************************************************************************/
 272:.\Generated_Source\PSoC4/isr_WDT.c **** uint8 isr_WDT_GetPriority(void)
 273:.\Generated_Source\PSoC4/isr_WDT.c **** {
 274:.\Generated_Source\PSoC4/isr_WDT.c ****     uint32 priority;
 275:.\Generated_Source\PSoC4/isr_WDT.c **** 	uint32 priorityOffset = ((isr_WDT__INTC_NUMBER % 4u) * 8u) + 6u;
 276:.\Generated_Source\PSoC4/isr_WDT.c **** 
 277:.\Generated_Source\PSoC4/isr_WDT.c ****     priority = (*isr_WDT_INTC_PRIOR & isr_WDT__INTC_PRIOR_MASK) >> priorityOffset;
 278:.\Generated_Source\PSoC4/isr_WDT.c **** 
 279:.\Generated_Source\PSoC4/isr_WDT.c ****     return (uint8)priority;
 280:.\Generated_Source\PSoC4/isr_WDT.c **** }
 281:.\Generated_Source\PSoC4/isr_WDT.c **** 
 282:.\Generated_Source\PSoC4/isr_WDT.c **** 
 283:.\Generated_Source\PSoC4/isr_WDT.c **** /*******************************************************************************
 284:.\Generated_Source\PSoC4/isr_WDT.c **** * Function Name: isr_WDT_Enable
 285:.\Generated_Source\PSoC4/isr_WDT.c **** ********************************************************************************
 286:.\Generated_Source\PSoC4/isr_WDT.c **** *
 287:.\Generated_Source\PSoC4/isr_WDT.c **** * Summary:
 288:.\Generated_Source\PSoC4/isr_WDT.c **** *   Enables the interrupt to the interrupt controller. Do not call this function
 289:.\Generated_Source\PSoC4/isr_WDT.c **** *   unless ISR_Start() has been called or the functionality of the ISR_Start() 
 290:.\Generated_Source\PSoC4/isr_WDT.c **** *   function, which sets the vector and the priority, has been called.
 291:.\Generated_Source\PSoC4/isr_WDT.c **** *
 292:.\Generated_Source\PSoC4/isr_WDT.c **** * Parameters:
 293:.\Generated_Source\PSoC4/isr_WDT.c **** *   None
 294:.\Generated_Source\PSoC4/isr_WDT.c **** *
 295:.\Generated_Source\PSoC4/isr_WDT.c **** * Return:
 296:.\Generated_Source\PSoC4/isr_WDT.c **** *   None
ARM GAS  C:\Users\SDEVAS~1\AppData\Local\Temp\cctfPOta.s 			page 7


 297:.\Generated_Source\PSoC4/isr_WDT.c **** *
 298:.\Generated_Source\PSoC4/isr_WDT.c **** *******************************************************************************/
 299:.\Generated_Source\PSoC4/isr_WDT.c **** void isr_WDT_Enable(void)
 300:.\Generated_Source\PSoC4/isr_WDT.c **** {
 301:.\Generated_Source\PSoC4/isr_WDT.c ****     /* Enable the general interrupt. */
 302:.\Generated_Source\PSoC4/isr_WDT.c ****     *isr_WDT_INTC_SET_EN = isr_WDT__INTC_MASK;
 303:.\Generated_Source\PSoC4/isr_WDT.c **** }
 304:.\Generated_Source\PSoC4/isr_WDT.c **** 
 305:.\Generated_Source\PSoC4/isr_WDT.c **** 
 306:.\Generated_Source\PSoC4/isr_WDT.c **** /*******************************************************************************
 307:.\Generated_Source\PSoC4/isr_WDT.c **** * Function Name: isr_WDT_GetState
 308:.\Generated_Source\PSoC4/isr_WDT.c **** ********************************************************************************
 309:.\Generated_Source\PSoC4/isr_WDT.c **** *
 310:.\Generated_Source\PSoC4/isr_WDT.c **** * Summary:
 311:.\Generated_Source\PSoC4/isr_WDT.c **** *   Gets the state (enabled, disabled) of the Interrupt.
 312:.\Generated_Source\PSoC4/isr_WDT.c **** *
 313:.\Generated_Source\PSoC4/isr_WDT.c **** * Parameters:
 314:.\Generated_Source\PSoC4/isr_WDT.c **** *   None
 315:.\Generated_Source\PSoC4/isr_WDT.c **** *
 316:.\Generated_Source\PSoC4/isr_WDT.c **** * Return:
 317:.\Generated_Source\PSoC4/isr_WDT.c **** *   1 if enabled, 0 if disabled.
 318:.\Generated_Source\PSoC4/isr_WDT.c **** *
 319:.\Generated_Source\PSoC4/isr_WDT.c **** *******************************************************************************/
 320:.\Generated_Source\PSoC4/isr_WDT.c **** uint8 isr_WDT_GetState(void)
 321:.\Generated_Source\PSoC4/isr_WDT.c **** {
 322:.\Generated_Source\PSoC4/isr_WDT.c ****     /* Get the state of the general interrupt. */
 323:.\Generated_Source\PSoC4/isr_WDT.c ****     return ((*isr_WDT_INTC_SET_EN & (uint32)isr_WDT__INTC_MASK) != 0u) ? 1u:0u;
 324:.\Generated_Source\PSoC4/isr_WDT.c **** }
 325:.\Generated_Source\PSoC4/isr_WDT.c **** 
 326:.\Generated_Source\PSoC4/isr_WDT.c **** 
 327:.\Generated_Source\PSoC4/isr_WDT.c **** /*******************************************************************************
 328:.\Generated_Source\PSoC4/isr_WDT.c **** * Function Name: isr_WDT_Disable
 329:.\Generated_Source\PSoC4/isr_WDT.c **** ********************************************************************************
 330:.\Generated_Source\PSoC4/isr_WDT.c **** *
 331:.\Generated_Source\PSoC4/isr_WDT.c **** * Summary:
 332:.\Generated_Source\PSoC4/isr_WDT.c **** *   Disables the Interrupt in the interrupt controller.
 333:.\Generated_Source\PSoC4/isr_WDT.c **** *
 334:.\Generated_Source\PSoC4/isr_WDT.c **** * Parameters:
 335:.\Generated_Source\PSoC4/isr_WDT.c **** *   None
 336:.\Generated_Source\PSoC4/isr_WDT.c **** *
 337:.\Generated_Source\PSoC4/isr_WDT.c **** * Return:
 338:.\Generated_Source\PSoC4/isr_WDT.c **** *   None
 339:.\Generated_Source\PSoC4/isr_WDT.c **** *
 340:.\Generated_Source\PSoC4/isr_WDT.c **** *******************************************************************************/
 341:.\Generated_Source\PSoC4/isr_WDT.c **** void isr_WDT_Disable(void)
 342:.\Generated_Source\PSoC4/isr_WDT.c **** {
 343:.\Generated_Source\PSoC4/isr_WDT.c ****     /* Disable the general interrupt. */
 344:.\Generated_Source\PSoC4/isr_WDT.c ****     *isr_WDT_INTC_CLR_EN = isr_WDT__INTC_MASK;
  46              		.loc 1 344 0
  47 0000 034B     		ldr	r3, .L3
  48 0002 8022     		mov	r2, #128
  49 0004 9200     		lsl	r2, r2, #2
  50 0006 1A60     		str	r2, [r3]
  51              	.LVL0:
  52              	.LBE19:
  53              	.LBE18:
  54              	.LBB20:
ARM GAS  C:\Users\SDEVAS~1\AppData\Local\Temp\cctfPOta.s 			page 8


  55              	.LBB21:
 196:.\Generated_Source\PSoC4/isr_WDT.c ****     CyRamVectors[CYINT_IRQ_BASE + isr_WDT__INTC_NUMBER] = address;
  56              		.loc 1 196 0
  57 0008 024A     		ldr	r2, .L3+4
  58 000a 034B     		ldr	r3, .L3+8
  59              	.LBE21:
  60              	.LBE20:
 135:.\Generated_Source\PSoC4/isr_WDT.c **** }
  61              		.loc 1 135 0
  62              		@ sp needed
  63              	.LBB23:
  64              	.LBB22:
 196:.\Generated_Source\PSoC4/isr_WDT.c ****     CyRamVectors[CYINT_IRQ_BASE + isr_WDT__INTC_NUMBER] = address;
  65              		.loc 1 196 0
  66 000c 5A66     		str	r2, [r3, #100]
  67              	.LBE22:
  68              	.LBE23:
 135:.\Generated_Source\PSoC4/isr_WDT.c **** }
  69              		.loc 1 135 0
  70 000e 7047     		bx	lr
  71              	.L4:
  72              		.align	2
  73              	.L3:
  74 0010 80E100E0 		.word	-536813184
  75 0014 00000000 		.word	IntDefaultHandler
  76 0018 00000000 		.word	CyRamVectors
  77              		.cfi_endproc
  78              	.LFE2:
  79              		.size	isr_WDT_Stop, .-isr_WDT_Stop
  80              		.section	.text.isr_WDT_SetVector,"ax",%progbits
  81              		.align	1
  82              		.global	isr_WDT_SetVector
  83              		.code	16
  84              		.thumb_func
  85              		.type	isr_WDT_SetVector, %function
  86              	isr_WDT_SetVector:
  87              	.LFB4:
 195:.\Generated_Source\PSoC4/isr_WDT.c **** {
  88              		.loc 1 195 0
  89              		.cfi_startproc
  90              	.LVL1:
 196:.\Generated_Source\PSoC4/isr_WDT.c ****     CyRamVectors[CYINT_IRQ_BASE + isr_WDT__INTC_NUMBER] = address;
  91              		.loc 1 196 0
  92 0000 014B     		ldr	r3, .L6
 197:.\Generated_Source\PSoC4/isr_WDT.c **** }
  93              		.loc 1 197 0
  94              		@ sp needed
 196:.\Generated_Source\PSoC4/isr_WDT.c ****     CyRamVectors[CYINT_IRQ_BASE + isr_WDT__INTC_NUMBER] = address;
  95              		.loc 1 196 0
  96 0002 5866     		str	r0, [r3, #100]
 197:.\Generated_Source\PSoC4/isr_WDT.c **** }
  97              		.loc 1 197 0
  98 0004 7047     		bx	lr
  99              	.L7:
 100 0006 C046     		.align	2
 101              	.L6:
 102 0008 00000000 		.word	CyRamVectors
ARM GAS  C:\Users\SDEVAS~1\AppData\Local\Temp\cctfPOta.s 			page 9


 103              		.cfi_endproc
 104              	.LFE4:
 105              		.size	isr_WDT_SetVector, .-isr_WDT_SetVector
 106              		.section	.text.isr_WDT_GetVector,"ax",%progbits
 107              		.align	1
 108              		.global	isr_WDT_GetVector
 109              		.code	16
 110              		.thumb_func
 111              		.type	isr_WDT_GetVector, %function
 112              	isr_WDT_GetVector:
 113              	.LFB5:
 215:.\Generated_Source\PSoC4/isr_WDT.c **** {
 114              		.loc 1 215 0
 115              		.cfi_startproc
 216:.\Generated_Source\PSoC4/isr_WDT.c ****     return CyRamVectors[CYINT_IRQ_BASE + isr_WDT__INTC_NUMBER];
 116              		.loc 1 216 0
 117 0000 014B     		ldr	r3, .L9
 217:.\Generated_Source\PSoC4/isr_WDT.c **** }
 118              		.loc 1 217 0
 119              		@ sp needed
 216:.\Generated_Source\PSoC4/isr_WDT.c ****     return CyRamVectors[CYINT_IRQ_BASE + isr_WDT__INTC_NUMBER];
 120              		.loc 1 216 0
 121 0002 586E     		ldr	r0, [r3, #100]
 217:.\Generated_Source\PSoC4/isr_WDT.c **** }
 122              		.loc 1 217 0
 123 0004 7047     		bx	lr
 124              	.L10:
 125 0006 C046     		.align	2
 126              	.L9:
 127 0008 00000000 		.word	CyRamVectors
 128              		.cfi_endproc
 129              	.LFE5:
 130              		.size	isr_WDT_GetVector, .-isr_WDT_GetVector
 131              		.section	.text.isr_WDT_SetPriority,"ax",%progbits
 132              		.align	1
 133              		.global	isr_WDT_SetPriority
 134              		.code	16
 135              		.thumb_func
 136              		.type	isr_WDT_SetPriority, %function
 137              	isr_WDT_SetPriority:
 138              	.LFB6:
 245:.\Generated_Source\PSoC4/isr_WDT.c **** {
 139              		.loc 1 245 0
 140              		.cfi_startproc
 141              	.LVL2:
 142 0000 38B5     		push	{r3, r4, r5, lr}
 143              		.cfi_def_cfa_offset 16
 144              		.cfi_offset 3, -16
 145              		.cfi_offset 4, -12
 146              		.cfi_offset 5, -8
 147              		.cfi_offset 14, -4
 245:.\Generated_Source\PSoC4/isr_WDT.c **** {
 148              		.loc 1 245 0
 149 0002 041C     		mov	r4, r0
 249:.\Generated_Source\PSoC4/isr_WDT.c **** 	interruptState = CyEnterCriticalSection();
 150              		.loc 1 249 0
 151 0004 FFF7FEFF 		bl	CyEnterCriticalSection
ARM GAS  C:\Users\SDEVAS~1\AppData\Local\Temp\cctfPOta.s 			page 10


 152              	.LVL3:
 250:.\Generated_Source\PSoC4/isr_WDT.c ****     *isr_WDT_INTC_PRIOR = (*isr_WDT_INTC_PRIOR & (uint32)(~isr_WDT__INTC_PRIOR_MASK)) |
 153              		.loc 1 250 0
 154 0008 054B     		ldr	r3, .L12
 155 000a 0649     		ldr	r1, .L12+4
 156 000c 1D68     		ldr	r5, [r3]
 251:.\Generated_Source\PSoC4/isr_WDT.c ****                                     ((uint32)priority << priorityOffset);
 157              		.loc 1 251 0
 158 000e A203     		lsl	r2, r4, #14
 250:.\Generated_Source\PSoC4/isr_WDT.c ****     *isr_WDT_INTC_PRIOR = (*isr_WDT_INTC_PRIOR & (uint32)(~isr_WDT__INTC_PRIOR_MASK)) |
 159              		.loc 1 250 0
 160 0010 2C1C     		mov	r4, r5
 161 0012 0C40     		and	r4, r1
 162 0014 1443     		orr	r4, r2
 163 0016 1C60     		str	r4, [r3]
 252:.\Generated_Source\PSoC4/isr_WDT.c **** 	CyExitCriticalSection(interruptState);
 164              		.loc 1 252 0
 165 0018 FFF7FEFF 		bl	CyExitCriticalSection
 166              	.LVL4:
 253:.\Generated_Source\PSoC4/isr_WDT.c **** }
 167              		.loc 1 253 0
 168              		@ sp needed
 169 001c 38BD     		pop	{r3, r4, r5, pc}
 170              	.L13:
 171 001e C046     		.align	2
 172              	.L12:
 173 0020 08E400E0 		.word	-536812536
 174 0024 FF3FFFFF 		.word	-49153
 175              		.cfi_endproc
 176              	.LFE6:
 177              		.size	isr_WDT_SetPriority, .-isr_WDT_SetPriority
 178              		.section	.text.isr_WDT_Start,"ax",%progbits
 179              		.align	1
 180              		.global	isr_WDT_Start
 181              		.code	16
 182              		.thumb_func
 183              		.type	isr_WDT_Start, %function
 184              	isr_WDT_Start:
 185              	.LFB0:
  56:.\Generated_Source\PSoC4/isr_WDT.c **** {
 186              		.loc 1 56 0
 187              		.cfi_startproc
 188 0000 10B5     		push	{r4, lr}
 189              		.cfi_def_cfa_offset 8
 190              		.cfi_offset 4, -8
 191              		.cfi_offset 14, -4
 192              	.LBB24:
 193              	.LBB25:
 194              		.loc 1 344 0
 195 0002 064B     		ldr	r3, .L15
 196 0004 8024     		mov	r4, #128
 197 0006 A400     		lsl	r4, r4, #2
 198 0008 1C60     		str	r4, [r3]
 199              	.LVL5:
 200              	.LBE25:
 201              	.LBE24:
 202              	.LBB26:
ARM GAS  C:\Users\SDEVAS~1\AppData\Local\Temp\cctfPOta.s 			page 11


 203              	.LBB27:
 196:.\Generated_Source\PSoC4/isr_WDT.c ****     CyRamVectors[CYINT_IRQ_BASE + isr_WDT__INTC_NUMBER] = address;
 204              		.loc 1 196 0
 205 000a 054A     		ldr	r2, .L15+4
 206 000c 054B     		ldr	r3, .L15+8
 207              	.LBE27:
 208              	.LBE26:
  64:.\Generated_Source\PSoC4/isr_WDT.c ****     isr_WDT_SetPriority((uint8)isr_WDT_INTC_PRIOR_NUMBER);
 209              		.loc 1 64 0
 210 000e 0320     		mov	r0, #3
 211              	.LBB29:
 212              	.LBB28:
 196:.\Generated_Source\PSoC4/isr_WDT.c ****     CyRamVectors[CYINT_IRQ_BASE + isr_WDT__INTC_NUMBER] = address;
 213              		.loc 1 196 0
 214 0010 5A66     		str	r2, [r3, #100]
 215              	.LBE28:
 216              	.LBE29:
  64:.\Generated_Source\PSoC4/isr_WDT.c ****     isr_WDT_SetPriority((uint8)isr_WDT_INTC_PRIOR_NUMBER);
 217              		.loc 1 64 0
 218 0012 FFF7FEFF 		bl	isr_WDT_SetPriority
 219              	.LVL6:
 220              	.LBB30:
 221              	.LBB31:
 302:.\Generated_Source\PSoC4/isr_WDT.c ****     *isr_WDT_INTC_SET_EN = isr_WDT__INTC_MASK;
 222              		.loc 1 302 0
 223 0016 044B     		ldr	r3, .L15+12
 224              	.LBE31:
 225              	.LBE30:
  68:.\Generated_Source\PSoC4/isr_WDT.c **** }
 226              		.loc 1 68 0
 227              		@ sp needed
 228              	.LBB33:
 229              	.LBB32:
 302:.\Generated_Source\PSoC4/isr_WDT.c ****     *isr_WDT_INTC_SET_EN = isr_WDT__INTC_MASK;
 230              		.loc 1 302 0
 231 0018 1C60     		str	r4, [r3]
 232              	.LBE32:
 233              	.LBE33:
  68:.\Generated_Source\PSoC4/isr_WDT.c **** }
 234              		.loc 1 68 0
 235 001a 10BD     		pop	{r4, pc}
 236              	.L16:
 237              		.align	2
 238              	.L15:
 239 001c 80E100E0 		.word	-536813184
 240 0020 00000000 		.word	isr_WDT_Interrupt
 241 0024 00000000 		.word	CyRamVectors
 242 0028 00E100E0 		.word	-536813312
 243              		.cfi_endproc
 244              	.LFE0:
 245              		.size	isr_WDT_Start, .-isr_WDT_Start
 246              		.section	.text.isr_WDT_StartEx,"ax",%progbits
 247              		.align	1
 248              		.global	isr_WDT_StartEx
 249              		.code	16
 250              		.thumb_func
 251              		.type	isr_WDT_StartEx, %function
ARM GAS  C:\Users\SDEVAS~1\AppData\Local\Temp\cctfPOta.s 			page 12


 252              	isr_WDT_StartEx:
 253              	.LFB1:
  99:.\Generated_Source\PSoC4/isr_WDT.c **** {
 254              		.loc 1 99 0
 255              		.cfi_startproc
 256              	.LVL7:
 257 0000 10B5     		push	{r4, lr}
 258              		.cfi_def_cfa_offset 8
 259              		.cfi_offset 4, -8
 260              		.cfi_offset 14, -4
 261              	.LBB34:
 262              	.LBB35:
 263              		.loc 1 344 0
 264 0002 064B     		ldr	r3, .L18
 265 0004 8024     		mov	r4, #128
 266 0006 A400     		lsl	r4, r4, #2
 267 0008 1C60     		str	r4, [r3]
 268              	.LVL8:
 269              	.LBE35:
 270              	.LBE34:
 271              	.LBB36:
 272              	.LBB37:
 196:.\Generated_Source\PSoC4/isr_WDT.c ****     CyRamVectors[CYINT_IRQ_BASE + isr_WDT__INTC_NUMBER] = address;
 273              		.loc 1 196 0
 274 000a 054B     		ldr	r3, .L18+4
 275              	.LBE37:
 276              	.LBE36:
 111:.\Generated_Source\PSoC4/isr_WDT.c **** }
 277              		.loc 1 111 0
 278              		@ sp needed
 279              	.LBB39:
 280              	.LBB38:
 196:.\Generated_Source\PSoC4/isr_WDT.c ****     CyRamVectors[CYINT_IRQ_BASE + isr_WDT__INTC_NUMBER] = address;
 281              		.loc 1 196 0
 282 000c 5866     		str	r0, [r3, #100]
 283              	.LBE38:
 284              	.LBE39:
 107:.\Generated_Source\PSoC4/isr_WDT.c ****     isr_WDT_SetPriority((uint8)isr_WDT_INTC_PRIOR_NUMBER);
 285              		.loc 1 107 0
 286 000e 0320     		mov	r0, #3
 287              	.LVL9:
 288 0010 FFF7FEFF 		bl	isr_WDT_SetPriority
 289              	.LVL10:
 290              	.LBB40:
 291              	.LBB41:
 302:.\Generated_Source\PSoC4/isr_WDT.c ****     *isr_WDT_INTC_SET_EN = isr_WDT__INTC_MASK;
 292              		.loc 1 302 0
 293 0014 034B     		ldr	r3, .L18+8
 294 0016 1C60     		str	r4, [r3]
 295              	.LBE41:
 296              	.LBE40:
 111:.\Generated_Source\PSoC4/isr_WDT.c **** }
 297              		.loc 1 111 0
 298 0018 10BD     		pop	{r4, pc}
 299              	.L19:
 300 001a C046     		.align	2
 301              	.L18:
ARM GAS  C:\Users\SDEVAS~1\AppData\Local\Temp\cctfPOta.s 			page 13


 302 001c 80E100E0 		.word	-536813184
 303 0020 00000000 		.word	CyRamVectors
 304 0024 00E100E0 		.word	-536813312
 305              		.cfi_endproc
 306              	.LFE1:
 307              		.size	isr_WDT_StartEx, .-isr_WDT_StartEx
 308              		.section	.text.isr_WDT_GetPriority,"ax",%progbits
 309              		.align	1
 310              		.global	isr_WDT_GetPriority
 311              		.code	16
 312              		.thumb_func
 313              		.type	isr_WDT_GetPriority, %function
 314              	isr_WDT_GetPriority:
 315              	.LFB7:
 273:.\Generated_Source\PSoC4/isr_WDT.c **** {
 316              		.loc 1 273 0
 317              		.cfi_startproc
 318              	.LVL11:
 277:.\Generated_Source\PSoC4/isr_WDT.c ****     priority = (*isr_WDT_INTC_PRIOR & isr_WDT__INTC_PRIOR_MASK) >> priorityOffset;
 319              		.loc 1 277 0
 320 0000 024B     		ldr	r3, .L21
 280:.\Generated_Source\PSoC4/isr_WDT.c **** }
 321              		.loc 1 280 0
 322              		@ sp needed
 277:.\Generated_Source\PSoC4/isr_WDT.c ****     priority = (*isr_WDT_INTC_PRIOR & isr_WDT__INTC_PRIOR_MASK) >> priorityOffset;
 323              		.loc 1 277 0
 324 0002 1868     		ldr	r0, [r3]
 325              	.LVL12:
 326 0004 0004     		lsl	r0, r0, #16
 327              	.LVL13:
 279:.\Generated_Source\PSoC4/isr_WDT.c ****     return (uint8)priority;
 328              		.loc 1 279 0
 329 0006 800F     		lsr	r0, r0, #30
 280:.\Generated_Source\PSoC4/isr_WDT.c **** }
 330              		.loc 1 280 0
 331 0008 7047     		bx	lr
 332              	.L22:
 333 000a C046     		.align	2
 334              	.L21:
 335 000c 08E400E0 		.word	-536812536
 336              		.cfi_endproc
 337              	.LFE7:
 338              		.size	isr_WDT_GetPriority, .-isr_WDT_GetPriority
 339              		.section	.text.isr_WDT_Enable,"ax",%progbits
 340              		.align	1
 341              		.global	isr_WDT_Enable
 342              		.code	16
 343              		.thumb_func
 344              		.type	isr_WDT_Enable, %function
 345              	isr_WDT_Enable:
 346              	.LFB8:
 300:.\Generated_Source\PSoC4/isr_WDT.c **** {
 347              		.loc 1 300 0
 348              		.cfi_startproc
 302:.\Generated_Source\PSoC4/isr_WDT.c ****     *isr_WDT_INTC_SET_EN = isr_WDT__INTC_MASK;
 349              		.loc 1 302 0
 350 0000 024B     		ldr	r3, .L24
ARM GAS  C:\Users\SDEVAS~1\AppData\Local\Temp\cctfPOta.s 			page 14


 351 0002 8022     		mov	r2, #128
 352 0004 9200     		lsl	r2, r2, #2
 353 0006 1A60     		str	r2, [r3]
 303:.\Generated_Source\PSoC4/isr_WDT.c **** }
 354              		.loc 1 303 0
 355              		@ sp needed
 356 0008 7047     		bx	lr
 357              	.L25:
 358 000a C046     		.align	2
 359              	.L24:
 360 000c 00E100E0 		.word	-536813312
 361              		.cfi_endproc
 362              	.LFE8:
 363              		.size	isr_WDT_Enable, .-isr_WDT_Enable
 364              		.section	.text.isr_WDT_GetState,"ax",%progbits
 365              		.align	1
 366              		.global	isr_WDT_GetState
 367              		.code	16
 368              		.thumb_func
 369              		.type	isr_WDT_GetState, %function
 370              	isr_WDT_GetState:
 371              	.LFB9:
 321:.\Generated_Source\PSoC4/isr_WDT.c **** {
 372              		.loc 1 321 0
 373              		.cfi_startproc
 323:.\Generated_Source\PSoC4/isr_WDT.c ****     return ((*isr_WDT_INTC_SET_EN & (uint32)isr_WDT__INTC_MASK) != 0u) ? 1u:0u;
 374              		.loc 1 323 0
 375 0000 024B     		ldr	r3, .L27
 324:.\Generated_Source\PSoC4/isr_WDT.c **** }
 376              		.loc 1 324 0
 377              		@ sp needed
 323:.\Generated_Source\PSoC4/isr_WDT.c ****     return ((*isr_WDT_INTC_SET_EN & (uint32)isr_WDT__INTC_MASK) != 0u) ? 1u:0u;
 378              		.loc 1 323 0
 379 0002 1868     		ldr	r0, [r3]
 380 0004 8005     		lsl	r0, r0, #22
 381 0006 C00F     		lsr	r0, r0, #31
 324:.\Generated_Source\PSoC4/isr_WDT.c **** }
 382              		.loc 1 324 0
 383 0008 7047     		bx	lr
 384              	.L28:
 385 000a C046     		.align	2
 386              	.L27:
 387 000c 00E100E0 		.word	-536813312
 388              		.cfi_endproc
 389              	.LFE9:
 390              		.size	isr_WDT_GetState, .-isr_WDT_GetState
 391              		.section	.text.isr_WDT_Disable,"ax",%progbits
 392              		.align	1
 393              		.global	isr_WDT_Disable
 394              		.code	16
 395              		.thumb_func
 396              		.type	isr_WDT_Disable, %function
 397              	isr_WDT_Disable:
 398              	.LFB10:
 342:.\Generated_Source\PSoC4/isr_WDT.c **** {
 399              		.loc 1 342 0
 400              		.cfi_startproc
ARM GAS  C:\Users\SDEVAS~1\AppData\Local\Temp\cctfPOta.s 			page 15


 401              		.loc 1 344 0
 402 0000 024B     		ldr	r3, .L30
 403 0002 8022     		mov	r2, #128
 404 0004 9200     		lsl	r2, r2, #2
 405 0006 1A60     		str	r2, [r3]
 345:.\Generated_Source\PSoC4/isr_WDT.c **** }
 406              		.loc 1 345 0
 407              		@ sp needed
 408 0008 7047     		bx	lr
 409              	.L31:
 410 000a C046     		.align	2
 411              	.L30:
 412 000c 80E100E0 		.word	-536813184
 413              		.cfi_endproc
 414              	.LFE10:
 415              		.size	isr_WDT_Disable, .-isr_WDT_Disable
 416              		.section	.text.isr_WDT_SetPending,"ax",%progbits
 417              		.align	1
 418              		.global	isr_WDT_SetPending
 419              		.code	16
 420              		.thumb_func
 421              		.type	isr_WDT_SetPending, %function
 422              	isr_WDT_SetPending:
 423              	.LFB11:
 346:.\Generated_Source\PSoC4/isr_WDT.c **** 
 347:.\Generated_Source\PSoC4/isr_WDT.c **** 
 348:.\Generated_Source\PSoC4/isr_WDT.c **** /*******************************************************************************
 349:.\Generated_Source\PSoC4/isr_WDT.c **** * Function Name: isr_WDT_SetPending
 350:.\Generated_Source\PSoC4/isr_WDT.c **** ********************************************************************************
 351:.\Generated_Source\PSoC4/isr_WDT.c **** *
 352:.\Generated_Source\PSoC4/isr_WDT.c **** * Summary:
 353:.\Generated_Source\PSoC4/isr_WDT.c **** *   Causes the Interrupt to enter the pending state, a software method of
 354:.\Generated_Source\PSoC4/isr_WDT.c **** *   generating the interrupt.
 355:.\Generated_Source\PSoC4/isr_WDT.c **** *
 356:.\Generated_Source\PSoC4/isr_WDT.c **** * Parameters:
 357:.\Generated_Source\PSoC4/isr_WDT.c **** *   None
 358:.\Generated_Source\PSoC4/isr_WDT.c **** *
 359:.\Generated_Source\PSoC4/isr_WDT.c **** * Return:
 360:.\Generated_Source\PSoC4/isr_WDT.c **** *   None
 361:.\Generated_Source\PSoC4/isr_WDT.c **** *
 362:.\Generated_Source\PSoC4/isr_WDT.c **** * Side Effects:
 363:.\Generated_Source\PSoC4/isr_WDT.c **** *   If interrupts are enabled and the interrupt is set up properly, the ISR is
 364:.\Generated_Source\PSoC4/isr_WDT.c **** *   entered (depending on the priority of this interrupt and other pending 
 365:.\Generated_Source\PSoC4/isr_WDT.c **** *   interrupts).
 366:.\Generated_Source\PSoC4/isr_WDT.c **** *
 367:.\Generated_Source\PSoC4/isr_WDT.c **** *******************************************************************************/
 368:.\Generated_Source\PSoC4/isr_WDT.c **** void isr_WDT_SetPending(void)
 369:.\Generated_Source\PSoC4/isr_WDT.c **** {
 424              		.loc 1 369 0
 425              		.cfi_startproc
 370:.\Generated_Source\PSoC4/isr_WDT.c ****     *isr_WDT_INTC_SET_PD = isr_WDT__INTC_MASK;
 426              		.loc 1 370 0
 427 0000 024B     		ldr	r3, .L33
 428 0002 8022     		mov	r2, #128
 429 0004 9200     		lsl	r2, r2, #2
 430 0006 1A60     		str	r2, [r3]
 371:.\Generated_Source\PSoC4/isr_WDT.c **** }
ARM GAS  C:\Users\SDEVAS~1\AppData\Local\Temp\cctfPOta.s 			page 16


 431              		.loc 1 371 0
 432              		@ sp needed
 433 0008 7047     		bx	lr
 434              	.L34:
 435 000a C046     		.align	2
 436              	.L33:
 437 000c 00E200E0 		.word	-536813056
 438              		.cfi_endproc
 439              	.LFE11:
 440              		.size	isr_WDT_SetPending, .-isr_WDT_SetPending
 441              		.section	.text.isr_WDT_ClearPending,"ax",%progbits
 442              		.align	1
 443              		.global	isr_WDT_ClearPending
 444              		.code	16
 445              		.thumb_func
 446              		.type	isr_WDT_ClearPending, %function
 447              	isr_WDT_ClearPending:
 448              	.LFB12:
 372:.\Generated_Source\PSoC4/isr_WDT.c **** 
 373:.\Generated_Source\PSoC4/isr_WDT.c **** 
 374:.\Generated_Source\PSoC4/isr_WDT.c **** /*******************************************************************************
 375:.\Generated_Source\PSoC4/isr_WDT.c **** * Function Name: isr_WDT_ClearPending
 376:.\Generated_Source\PSoC4/isr_WDT.c **** ********************************************************************************
 377:.\Generated_Source\PSoC4/isr_WDT.c **** *
 378:.\Generated_Source\PSoC4/isr_WDT.c **** * Summary:
 379:.\Generated_Source\PSoC4/isr_WDT.c **** *   Clears a pending interrupt in the interrupt controller.
 380:.\Generated_Source\PSoC4/isr_WDT.c **** *
 381:.\Generated_Source\PSoC4/isr_WDT.c **** *   Note Some interrupt sources are clear-on-read and require the block 
 382:.\Generated_Source\PSoC4/isr_WDT.c **** *   interrupt/status register to be read/cleared with the appropriate block API 
 383:.\Generated_Source\PSoC4/isr_WDT.c **** *   (GPIO, UART, and so on). Otherwise the ISR will continue to remain in 
 384:.\Generated_Source\PSoC4/isr_WDT.c **** *   pending state even though the interrupt itself is cleared using this API.
 385:.\Generated_Source\PSoC4/isr_WDT.c **** *
 386:.\Generated_Source\PSoC4/isr_WDT.c **** * Parameters:
 387:.\Generated_Source\PSoC4/isr_WDT.c **** *   None
 388:.\Generated_Source\PSoC4/isr_WDT.c **** *
 389:.\Generated_Source\PSoC4/isr_WDT.c **** * Return:
 390:.\Generated_Source\PSoC4/isr_WDT.c **** *   None
 391:.\Generated_Source\PSoC4/isr_WDT.c **** *
 392:.\Generated_Source\PSoC4/isr_WDT.c **** *******************************************************************************/
 393:.\Generated_Source\PSoC4/isr_WDT.c **** void isr_WDT_ClearPending(void)
 394:.\Generated_Source\PSoC4/isr_WDT.c **** {
 449              		.loc 1 394 0
 450              		.cfi_startproc
 395:.\Generated_Source\PSoC4/isr_WDT.c ****     *isr_WDT_INTC_CLR_PD = isr_WDT__INTC_MASK;
 451              		.loc 1 395 0
 452 0000 024B     		ldr	r3, .L36
 453 0002 8022     		mov	r2, #128
 454 0004 9200     		lsl	r2, r2, #2
 455 0006 1A60     		str	r2, [r3]
 396:.\Generated_Source\PSoC4/isr_WDT.c **** }
 456              		.loc 1 396 0
 457              		@ sp needed
 458 0008 7047     		bx	lr
 459              	.L37:
 460 000a C046     		.align	2
 461              	.L36:
 462 000c 80E200E0 		.word	-536812928
ARM GAS  C:\Users\SDEVAS~1\AppData\Local\Temp\cctfPOta.s 			page 17


 463              		.cfi_endproc
 464              	.LFE12:
 465              		.size	isr_WDT_ClearPending, .-isr_WDT_ClearPending
 466              		.text
 467              	.Letext0:
 468              		.file 2 "Generated_Source\\PSoC4/cytypes.h"
 469              		.file 3 "Generated_Source\\PSoC4/CyLib.h"
 470              		.section	.debug_info,"",%progbits
 471              	.Ldebug_info0:
 472 0000 4A030000 		.4byte	0x34a
 473 0004 0400     		.2byte	0x4
 474 0006 00000000 		.4byte	.Ldebug_abbrev0
 475 000a 04       		.byte	0x4
 476 000b 01       		.uleb128 0x1
 477 000c 6D000000 		.4byte	.LASF32
 478 0010 01       		.byte	0x1
 479 0011 E9000000 		.4byte	.LASF33
 480 0015 16000000 		.4byte	.LASF34
 481 0019 60000000 		.4byte	.Ldebug_ranges0+0x60
 482 001d 00000000 		.4byte	0
 483 0021 00000000 		.4byte	.Ldebug_line0
 484 0025 02       		.uleb128 0x2
 485 0026 01       		.byte	0x1
 486 0027 06       		.byte	0x6
 487 0028 9C020000 		.4byte	.LASF0
 488 002c 02       		.uleb128 0x2
 489 002d 01       		.byte	0x1
 490 002e 08       		.byte	0x8
 491 002f 9A010000 		.4byte	.LASF1
 492 0033 02       		.uleb128 0x2
 493 0034 02       		.byte	0x2
 494 0035 05       		.byte	0x5
 495 0036 5D020000 		.4byte	.LASF2
 496 003a 02       		.uleb128 0x2
 497 003b 02       		.byte	0x2
 498 003c 07       		.byte	0x7
 499 003d 5A000000 		.4byte	.LASF3
 500 0041 02       		.uleb128 0x2
 501 0042 04       		.byte	0x4
 502 0043 05       		.byte	0x5
 503 0044 93020000 		.4byte	.LASF4
 504 0048 02       		.uleb128 0x2
 505 0049 04       		.byte	0x4
 506 004a 07       		.byte	0x7
 507 004b 79010000 		.4byte	.LASF5
 508 004f 02       		.uleb128 0x2
 509 0050 08       		.byte	0x8
 510 0051 05       		.byte	0x5
 511 0052 35020000 		.4byte	.LASF6
 512 0056 02       		.uleb128 0x2
 513 0057 08       		.byte	0x8
 514 0058 07       		.byte	0x7
 515 0059 12010000 		.4byte	.LASF7
 516 005d 03       		.uleb128 0x3
 517 005e 04       		.byte	0x4
 518 005f 05       		.byte	0x5
 519 0060 696E7400 		.ascii	"int\000"
ARM GAS  C:\Users\SDEVAS~1\AppData\Local\Temp\cctfPOta.s 			page 18


 520 0064 02       		.uleb128 0x2
 521 0065 04       		.byte	0x4
 522 0066 07       		.byte	0x7
 523 0067 E0010000 		.4byte	.LASF8
 524 006b 04       		.uleb128 0x4
 525 006c 8B010000 		.4byte	.LASF9
 526 0070 02       		.byte	0x2
 527 0071 B3       		.byte	0xb3
 528 0072 2C000000 		.4byte	0x2c
 529 0076 04       		.uleb128 0x4
 530 0077 AF010000 		.4byte	.LASF10
 531 007b 02       		.byte	0x2
 532 007c B5       		.byte	0xb5
 533 007d 48000000 		.4byte	0x48
 534 0081 02       		.uleb128 0x2
 535 0082 04       		.byte	0x4
 536 0083 04       		.byte	0x4
 537 0084 0C010000 		.4byte	.LASF11
 538 0088 02       		.uleb128 0x2
 539 0089 08       		.byte	0x8
 540 008a 04       		.byte	0x4
 541 008b A8010000 		.4byte	.LASF12
 542 008f 02       		.uleb128 0x2
 543 0090 01       		.byte	0x1
 544 0091 08       		.byte	0x8
 545 0092 43020000 		.4byte	.LASF13
 546 0096 05       		.uleb128 0x5
 547 0097 10000000 		.4byte	.LASF14
 548 009b 02       		.byte	0x2
 549 009c 5F01     		.2byte	0x15f
 550 009e A2000000 		.4byte	0xa2
 551 00a2 06       		.uleb128 0x6
 552 00a3 76000000 		.4byte	0x76
 553 00a7 05       		.uleb128 0x5
 554 00a8 0B020000 		.4byte	.LASF15
 555 00ac 02       		.byte	0x2
 556 00ad 6F01     		.2byte	0x16f
 557 00af B3000000 		.4byte	0xb3
 558 00b3 07       		.uleb128 0x7
 559 00b4 04       		.byte	0x4
 560 00b5 B9000000 		.4byte	0xb9
 561 00b9 08       		.uleb128 0x8
 562 00ba 02       		.uleb128 0x2
 563 00bb 04       		.byte	0x4
 564 00bc 07       		.byte	0x7
 565 00bd 2C020000 		.4byte	.LASF16
 566 00c1 09       		.uleb128 0x9
 567 00c2 00000000 		.4byte	.LASF17
 568 00c6 01       		.byte	0x1
 569 00c7 5501     		.2byte	0x155
 570 00c9 01       		.byte	0x1
 571 00ca 0A       		.uleb128 0xa
 572 00cb A8020000 		.4byte	.LASF35
 573 00cf 01       		.byte	0x1
 574 00d0 C2       		.byte	0xc2
 575 00d1 01       		.byte	0x1
 576 00d2 E2000000 		.4byte	0xe2
ARM GAS  C:\Users\SDEVAS~1\AppData\Local\Temp\cctfPOta.s 			page 19


 577 00d6 0B       		.uleb128 0xb
 578 00d7 ED010000 		.4byte	.LASF26
 579 00db 01       		.byte	0x1
 580 00dc C2       		.byte	0xc2
 581 00dd A7000000 		.4byte	0xa7
 582 00e1 00       		.byte	0
 583 00e2 09       		.uleb128 0x9
 584 00e3 3B010000 		.4byte	.LASF18
 585 00e7 01       		.byte	0x1
 586 00e8 2B01     		.2byte	0x12b
 587 00ea 01       		.byte	0x1
 588 00eb 0C       		.uleb128 0xc
 589 00ec 4A010000 		.4byte	.LASF29
 590 00f0 01       		.byte	0x1
 591 00f1 9E       		.byte	0x9e
 592 00f2 00000000 		.4byte	.LFB3
 593 00f6 02000000 		.4byte	.LFE3-.LFB3
 594 00fa 01       		.uleb128 0x1
 595 00fb 9C       		.byte	0x9c
 596 00fc 0D       		.uleb128 0xd
 597 00fd 77020000 		.4byte	.LASF19
 598 0101 01       		.byte	0x1
 599 0102 80       		.byte	0x80
 600 0103 00000000 		.4byte	.LFB2
 601 0107 1C000000 		.4byte	.LFE2-.LFB2
 602 010b 01       		.uleb128 0x1
 603 010c 9C       		.byte	0x9c
 604 010d 36010000 		.4byte	0x136
 605 0111 0E       		.uleb128 0xe
 606 0112 C1000000 		.4byte	0xc1
 607 0116 00000000 		.4byte	.LBB18
 608 011a 08000000 		.4byte	.LBE18-.LBB18
 609 011e 01       		.byte	0x1
 610 011f 83       		.byte	0x83
 611 0120 0F       		.uleb128 0xf
 612 0121 CA000000 		.4byte	0xca
 613 0125 08000000 		.4byte	.LBB20
 614 0129 00000000 		.4byte	.Ldebug_ranges0+0
 615 012d 01       		.byte	0x1
 616 012e 86       		.byte	0x86
 617 012f 10       		.uleb128 0x10
 618 0130 D6000000 		.4byte	0xd6
 619 0134 00       		.byte	0
 620 0135 00       		.byte	0
 621 0136 11       		.uleb128 0x11
 622 0137 CA000000 		.4byte	0xca
 623 013b 00000000 		.4byte	.LFB4
 624 013f 0C000000 		.4byte	.LFE4-.LFB4
 625 0143 01       		.uleb128 0x1
 626 0144 9C       		.byte	0x9c
 627 0145 51010000 		.4byte	0x151
 628 0149 12       		.uleb128 0x12
 629 014a D6000000 		.4byte	0xd6
 630 014e 01       		.uleb128 0x1
 631 014f 50       		.byte	0x50
 632 0150 00       		.byte	0
 633 0151 13       		.uleb128 0x13
ARM GAS  C:\Users\SDEVAS~1\AppData\Local\Temp\cctfPOta.s 			page 20


 634 0152 29010000 		.4byte	.LASF27
 635 0156 01       		.byte	0x1
 636 0157 D6       		.byte	0xd6
 637 0158 A7000000 		.4byte	0xa7
 638 015c 00000000 		.4byte	.LFB5
 639 0160 0C000000 		.4byte	.LFE5-.LFB5
 640 0164 01       		.uleb128 0x1
 641 0165 9C       		.byte	0x9c
 642 0166 0D       		.uleb128 0xd
 643 0167 BA020000 		.4byte	.LASF20
 644 016b 01       		.byte	0x1
 645 016c F4       		.byte	0xf4
 646 016d 00000000 		.4byte	.LFB6
 647 0171 28000000 		.4byte	.LFE6-.LFB6
 648 0175 01       		.uleb128 0x1
 649 0176 9C       		.byte	0x9c
 650 0177 B8010000 		.4byte	0x1b8
 651 017b 14       		.uleb128 0x14
 652 017c 91010000 		.4byte	.LASF25
 653 0180 01       		.byte	0x1
 654 0181 F4       		.byte	0xf4
 655 0182 6B000000 		.4byte	0x6b
 656 0186 00000000 		.4byte	.LLST0
 657 018a 15       		.uleb128 0x15
 658 018b 6A010000 		.4byte	.LASF21
 659 018f 01       		.byte	0x1
 660 0190 F6       		.byte	0xf6
 661 0191 6B000000 		.4byte	0x6b
 662 0195 21000000 		.4byte	.LLST1
 663 0199 16       		.uleb128 0x16
 664 019a 84020000 		.4byte	.LASF22
 665 019e 01       		.byte	0x1
 666 019f F7       		.byte	0xf7
 667 01a0 76000000 		.4byte	0x76
 668 01a4 0E       		.byte	0xe
 669 01a5 17       		.uleb128 0x17
 670 01a6 08000000 		.4byte	.LVL3
 671 01aa 35030000 		.4byte	0x335
 672 01ae 17       		.uleb128 0x17
 673 01af 1C000000 		.4byte	.LVL4
 674 01b3 40030000 		.4byte	0x340
 675 01b7 00       		.byte	0
 676 01b8 0D       		.uleb128 0xd
 677 01b9 5C010000 		.4byte	.LASF23
 678 01bd 01       		.byte	0x1
 679 01be 37       		.byte	0x37
 680 01bf 00000000 		.4byte	.LFB0
 681 01c3 2C000000 		.4byte	.LFE0-.LFB0
 682 01c7 01       		.uleb128 0x1
 683 01c8 9C       		.byte	0x9c
 684 01c9 1B020000 		.4byte	0x21b
 685 01cd 0E       		.uleb128 0xe
 686 01ce C1000000 		.4byte	0xc1
 687 01d2 02000000 		.4byte	.LBB24
 688 01d6 08000000 		.4byte	.LBE24-.LBB24
 689 01da 01       		.byte	0x1
 690 01db 3A       		.byte	0x3a
ARM GAS  C:\Users\SDEVAS~1\AppData\Local\Temp\cctfPOta.s 			page 21


 691 01dc 18       		.uleb128 0x18
 692 01dd CA000000 		.4byte	0xca
 693 01e1 0A000000 		.4byte	.LBB26
 694 01e5 18000000 		.4byte	.Ldebug_ranges0+0x18
 695 01e9 01       		.byte	0x1
 696 01ea 3D       		.byte	0x3d
 697 01eb FC010000 		.4byte	0x1fc
 698 01ef 12       		.uleb128 0x12
 699 01f0 D6000000 		.4byte	0xd6
 700 01f4 06       		.uleb128 0x6
 701 01f5 03       		.byte	0x3
 702 01f6 00000000 		.4byte	isr_WDT_Interrupt
 703 01fa 9F       		.byte	0x9f
 704 01fb 00       		.byte	0
 705 01fc 19       		.uleb128 0x19
 706 01fd E2000000 		.4byte	0xe2
 707 0201 16000000 		.4byte	.LBB30
 708 0205 30000000 		.4byte	.Ldebug_ranges0+0x30
 709 0209 01       		.byte	0x1
 710 020a 43       		.byte	0x43
 711 020b 1A       		.uleb128 0x1a
 712 020c 16000000 		.4byte	.LVL6
 713 0210 66010000 		.4byte	0x166
 714 0214 1B       		.uleb128 0x1b
 715 0215 01       		.uleb128 0x1
 716 0216 50       		.byte	0x50
 717 0217 01       		.uleb128 0x1
 718 0218 33       		.byte	0x33
 719 0219 00       		.byte	0
 720 021a 00       		.byte	0
 721 021b 0D       		.uleb128 0xd
 722 021c 67020000 		.4byte	.LASF24
 723 0220 01       		.byte	0x1
 724 0221 62       		.byte	0x62
 725 0222 00000000 		.4byte	.LFB1
 726 0226 28000000 		.4byte	.LFE1-.LFB1
 727 022a 01       		.uleb128 0x1
 728 022b 9C       		.byte	0x9c
 729 022c 8A020000 		.4byte	0x28a
 730 0230 14       		.uleb128 0x14
 731 0231 ED010000 		.4byte	.LASF26
 732 0235 01       		.byte	0x1
 733 0236 62       		.byte	0x62
 734 0237 A7000000 		.4byte	0xa7
 735 023b 34000000 		.4byte	.LLST2
 736 023f 0E       		.uleb128 0xe
 737 0240 C1000000 		.4byte	0xc1
 738 0244 02000000 		.4byte	.LBB34
 739 0248 08000000 		.4byte	.LBE34-.LBB34
 740 024c 01       		.byte	0x1
 741 024d 65       		.byte	0x65
 742 024e 18       		.uleb128 0x18
 743 024f CA000000 		.4byte	0xca
 744 0253 0A000000 		.4byte	.LBB36
 745 0257 48000000 		.4byte	.Ldebug_ranges0+0x48
 746 025b 01       		.byte	0x1
 747 025c 68       		.byte	0x68
ARM GAS  C:\Users\SDEVAS~1\AppData\Local\Temp\cctfPOta.s 			page 22


 748 025d 6B020000 		.4byte	0x26b
 749 0261 1C       		.uleb128 0x1c
 750 0262 D6000000 		.4byte	0xd6
 751 0266 62000000 		.4byte	.LLST3
 752 026a 00       		.byte	0
 753 026b 0E       		.uleb128 0xe
 754 026c E2000000 		.4byte	0xe2
 755 0270 14000000 		.4byte	.LBB40
 756 0274 04000000 		.4byte	.LBE40-.LBB40
 757 0278 01       		.byte	0x1
 758 0279 6E       		.byte	0x6e
 759 027a 1A       		.uleb128 0x1a
 760 027b 14000000 		.4byte	.LVL10
 761 027f 66010000 		.4byte	0x166
 762 0283 1B       		.uleb128 0x1b
 763 0284 01       		.uleb128 0x1
 764 0285 50       		.byte	0x50
 765 0286 01       		.uleb128 0x1
 766 0287 33       		.byte	0x33
 767 0288 00       		.byte	0
 768 0289 00       		.byte	0
 769 028a 1D       		.uleb128 0x1d
 770 028b 18020000 		.4byte	.LASF36
 771 028f 01       		.byte	0x1
 772 0290 1001     		.2byte	0x110
 773 0292 6B000000 		.4byte	0x6b
 774 0296 00000000 		.4byte	.LFB7
 775 029a 10000000 		.4byte	.LFE7-.LFB7
 776 029e 01       		.uleb128 0x1
 777 029f 9C       		.byte	0x9c
 778 02a0 C2020000 		.4byte	0x2c2
 779 02a4 1E       		.uleb128 0x1e
 780 02a5 91010000 		.4byte	.LASF25
 781 02a9 01       		.byte	0x1
 782 02aa 1201     		.2byte	0x112
 783 02ac 76000000 		.4byte	0x76
 784 02b0 90000000 		.4byte	.LLST4
 785 02b4 1F       		.uleb128 0x1f
 786 02b5 84020000 		.4byte	.LASF22
 787 02b9 01       		.byte	0x1
 788 02ba 1301     		.2byte	0x113
 789 02bc 76000000 		.4byte	0x76
 790 02c0 0E       		.byte	0xe
 791 02c1 00       		.byte	0
 792 02c2 20       		.uleb128 0x20
 793 02c3 E2000000 		.4byte	0xe2
 794 02c7 00000000 		.4byte	.LFB8
 795 02cb 10000000 		.4byte	.LFE8-.LFB8
 796 02cf 01       		.uleb128 0x1
 797 02d0 9C       		.byte	0x9c
 798 02d1 21       		.uleb128 0x21
 799 02d2 CE020000 		.4byte	.LASF28
 800 02d6 01       		.byte	0x1
 801 02d7 4001     		.2byte	0x140
 802 02d9 6B000000 		.4byte	0x6b
 803 02dd 00000000 		.4byte	.LFB9
 804 02e1 10000000 		.4byte	.LFE9-.LFB9
ARM GAS  C:\Users\SDEVAS~1\AppData\Local\Temp\cctfPOta.s 			page 23


 805 02e5 01       		.uleb128 0x1
 806 02e6 9C       		.byte	0x9c
 807 02e7 20       		.uleb128 0x20
 808 02e8 C1000000 		.4byte	0xc1
 809 02ec 00000000 		.4byte	.LFB10
 810 02f0 10000000 		.4byte	.LFE10-.LFB10
 811 02f4 01       		.uleb128 0x1
 812 02f5 9C       		.byte	0x9c
 813 02f6 22       		.uleb128 0x22
 814 02f7 CD010000 		.4byte	.LASF30
 815 02fb 01       		.byte	0x1
 816 02fc 7001     		.2byte	0x170
 817 02fe 00000000 		.4byte	.LFB11
 818 0302 10000000 		.4byte	.LFE11-.LFB11
 819 0306 01       		.uleb128 0x1
 820 0307 9C       		.byte	0x9c
 821 0308 22       		.uleb128 0x22
 822 0309 48020000 		.4byte	.LASF31
 823 030d 01       		.byte	0x1
 824 030e 8901     		.2byte	0x189
 825 0310 00000000 		.4byte	.LFB12
 826 0314 10000000 		.4byte	.LFE12-.LFB12
 827 0318 01       		.uleb128 0x1
 828 0319 9C       		.byte	0x9c
 829 031a 23       		.uleb128 0x23
 830 031b A7000000 		.4byte	0xa7
 831 031f 2A030000 		.4byte	0x32a
 832 0323 24       		.uleb128 0x24
 833 0324 BA000000 		.4byte	0xba
 834 0328 2F       		.byte	0x2f
 835 0329 00       		.byte	0
 836 032a 25       		.uleb128 0x25
 837 032b 4D000000 		.4byte	.LASF37
 838 032f 01       		.byte	0x1
 839 0330 20       		.byte	0x20
 840 0331 1A030000 		.4byte	0x31a
 841 0335 26       		.uleb128 0x26
 842 0336 B6010000 		.4byte	.LASF38
 843 033a 03       		.byte	0x3
 844 033b 5E       		.byte	0x5e
 845 033c 6B000000 		.4byte	0x6b
 846 0340 27       		.uleb128 0x27
 847 0341 F5010000 		.4byte	.LASF39
 848 0345 03       		.byte	0x3
 849 0346 5F       		.byte	0x5f
 850 0347 28       		.uleb128 0x28
 851 0348 6B000000 		.4byte	0x6b
 852 034c 00       		.byte	0
 853 034d 00       		.byte	0
 854              		.section	.debug_abbrev,"",%progbits
 855              	.Ldebug_abbrev0:
 856 0000 01       		.uleb128 0x1
 857 0001 11       		.uleb128 0x11
 858 0002 01       		.byte	0x1
 859 0003 25       		.uleb128 0x25
 860 0004 0E       		.uleb128 0xe
 861 0005 13       		.uleb128 0x13
ARM GAS  C:\Users\SDEVAS~1\AppData\Local\Temp\cctfPOta.s 			page 24


 862 0006 0B       		.uleb128 0xb
 863 0007 03       		.uleb128 0x3
 864 0008 0E       		.uleb128 0xe
 865 0009 1B       		.uleb128 0x1b
 866 000a 0E       		.uleb128 0xe
 867 000b 55       		.uleb128 0x55
 868 000c 17       		.uleb128 0x17
 869 000d 11       		.uleb128 0x11
 870 000e 01       		.uleb128 0x1
 871 000f 10       		.uleb128 0x10
 872 0010 17       		.uleb128 0x17
 873 0011 00       		.byte	0
 874 0012 00       		.byte	0
 875 0013 02       		.uleb128 0x2
 876 0014 24       		.uleb128 0x24
 877 0015 00       		.byte	0
 878 0016 0B       		.uleb128 0xb
 879 0017 0B       		.uleb128 0xb
 880 0018 3E       		.uleb128 0x3e
 881 0019 0B       		.uleb128 0xb
 882 001a 03       		.uleb128 0x3
 883 001b 0E       		.uleb128 0xe
 884 001c 00       		.byte	0
 885 001d 00       		.byte	0
 886 001e 03       		.uleb128 0x3
 887 001f 24       		.uleb128 0x24
 888 0020 00       		.byte	0
 889 0021 0B       		.uleb128 0xb
 890 0022 0B       		.uleb128 0xb
 891 0023 3E       		.uleb128 0x3e
 892 0024 0B       		.uleb128 0xb
 893 0025 03       		.uleb128 0x3
 894 0026 08       		.uleb128 0x8
 895 0027 00       		.byte	0
 896 0028 00       		.byte	0
 897 0029 04       		.uleb128 0x4
 898 002a 16       		.uleb128 0x16
 899 002b 00       		.byte	0
 900 002c 03       		.uleb128 0x3
 901 002d 0E       		.uleb128 0xe
 902 002e 3A       		.uleb128 0x3a
 903 002f 0B       		.uleb128 0xb
 904 0030 3B       		.uleb128 0x3b
 905 0031 0B       		.uleb128 0xb
 906 0032 49       		.uleb128 0x49
 907 0033 13       		.uleb128 0x13
 908 0034 00       		.byte	0
 909 0035 00       		.byte	0
 910 0036 05       		.uleb128 0x5
 911 0037 16       		.uleb128 0x16
 912 0038 00       		.byte	0
 913 0039 03       		.uleb128 0x3
 914 003a 0E       		.uleb128 0xe
 915 003b 3A       		.uleb128 0x3a
 916 003c 0B       		.uleb128 0xb
 917 003d 3B       		.uleb128 0x3b
 918 003e 05       		.uleb128 0x5
ARM GAS  C:\Users\SDEVAS~1\AppData\Local\Temp\cctfPOta.s 			page 25


 919 003f 49       		.uleb128 0x49
 920 0040 13       		.uleb128 0x13
 921 0041 00       		.byte	0
 922 0042 00       		.byte	0
 923 0043 06       		.uleb128 0x6
 924 0044 35       		.uleb128 0x35
 925 0045 00       		.byte	0
 926 0046 49       		.uleb128 0x49
 927 0047 13       		.uleb128 0x13
 928 0048 00       		.byte	0
 929 0049 00       		.byte	0
 930 004a 07       		.uleb128 0x7
 931 004b 0F       		.uleb128 0xf
 932 004c 00       		.byte	0
 933 004d 0B       		.uleb128 0xb
 934 004e 0B       		.uleb128 0xb
 935 004f 49       		.uleb128 0x49
 936 0050 13       		.uleb128 0x13
 937 0051 00       		.byte	0
 938 0052 00       		.byte	0
 939 0053 08       		.uleb128 0x8
 940 0054 15       		.uleb128 0x15
 941 0055 00       		.byte	0
 942 0056 27       		.uleb128 0x27
 943 0057 19       		.uleb128 0x19
 944 0058 00       		.byte	0
 945 0059 00       		.byte	0
 946 005a 09       		.uleb128 0x9
 947 005b 2E       		.uleb128 0x2e
 948 005c 00       		.byte	0
 949 005d 3F       		.uleb128 0x3f
 950 005e 19       		.uleb128 0x19
 951 005f 03       		.uleb128 0x3
 952 0060 0E       		.uleb128 0xe
 953 0061 3A       		.uleb128 0x3a
 954 0062 0B       		.uleb128 0xb
 955 0063 3B       		.uleb128 0x3b
 956 0064 05       		.uleb128 0x5
 957 0065 27       		.uleb128 0x27
 958 0066 19       		.uleb128 0x19
 959 0067 20       		.uleb128 0x20
 960 0068 0B       		.uleb128 0xb
 961 0069 00       		.byte	0
 962 006a 00       		.byte	0
 963 006b 0A       		.uleb128 0xa
 964 006c 2E       		.uleb128 0x2e
 965 006d 01       		.byte	0x1
 966 006e 3F       		.uleb128 0x3f
 967 006f 19       		.uleb128 0x19
 968 0070 03       		.uleb128 0x3
 969 0071 0E       		.uleb128 0xe
 970 0072 3A       		.uleb128 0x3a
 971 0073 0B       		.uleb128 0xb
 972 0074 3B       		.uleb128 0x3b
 973 0075 0B       		.uleb128 0xb
 974 0076 27       		.uleb128 0x27
 975 0077 19       		.uleb128 0x19
ARM GAS  C:\Users\SDEVAS~1\AppData\Local\Temp\cctfPOta.s 			page 26


 976 0078 20       		.uleb128 0x20
 977 0079 0B       		.uleb128 0xb
 978 007a 01       		.uleb128 0x1
 979 007b 13       		.uleb128 0x13
 980 007c 00       		.byte	0
 981 007d 00       		.byte	0
 982 007e 0B       		.uleb128 0xb
 983 007f 05       		.uleb128 0x5
 984 0080 00       		.byte	0
 985 0081 03       		.uleb128 0x3
 986 0082 0E       		.uleb128 0xe
 987 0083 3A       		.uleb128 0x3a
 988 0084 0B       		.uleb128 0xb
 989 0085 3B       		.uleb128 0x3b
 990 0086 0B       		.uleb128 0xb
 991 0087 49       		.uleb128 0x49
 992 0088 13       		.uleb128 0x13
 993 0089 00       		.byte	0
 994 008a 00       		.byte	0
 995 008b 0C       		.uleb128 0xc
 996 008c 2E       		.uleb128 0x2e
 997 008d 00       		.byte	0
 998 008e 3F       		.uleb128 0x3f
 999 008f 19       		.uleb128 0x19
 1000 0090 03       		.uleb128 0x3
 1001 0091 0E       		.uleb128 0xe
 1002 0092 3A       		.uleb128 0x3a
 1003 0093 0B       		.uleb128 0xb
 1004 0094 3B       		.uleb128 0x3b
 1005 0095 0B       		.uleb128 0xb
 1006 0096 27       		.uleb128 0x27
 1007 0097 19       		.uleb128 0x19
 1008 0098 11       		.uleb128 0x11
 1009 0099 01       		.uleb128 0x1
 1010 009a 12       		.uleb128 0x12
 1011 009b 06       		.uleb128 0x6
 1012 009c 40       		.uleb128 0x40
 1013 009d 18       		.uleb128 0x18
 1014 009e 9742     		.uleb128 0x2117
 1015 00a0 19       		.uleb128 0x19
 1016 00a1 00       		.byte	0
 1017 00a2 00       		.byte	0
 1018 00a3 0D       		.uleb128 0xd
 1019 00a4 2E       		.uleb128 0x2e
 1020 00a5 01       		.byte	0x1
 1021 00a6 3F       		.uleb128 0x3f
 1022 00a7 19       		.uleb128 0x19
 1023 00a8 03       		.uleb128 0x3
 1024 00a9 0E       		.uleb128 0xe
 1025 00aa 3A       		.uleb128 0x3a
 1026 00ab 0B       		.uleb128 0xb
 1027 00ac 3B       		.uleb128 0x3b
 1028 00ad 0B       		.uleb128 0xb
 1029 00ae 27       		.uleb128 0x27
 1030 00af 19       		.uleb128 0x19
 1031 00b0 11       		.uleb128 0x11
 1032 00b1 01       		.uleb128 0x1
ARM GAS  C:\Users\SDEVAS~1\AppData\Local\Temp\cctfPOta.s 			page 27


 1033 00b2 12       		.uleb128 0x12
 1034 00b3 06       		.uleb128 0x6
 1035 00b4 40       		.uleb128 0x40
 1036 00b5 18       		.uleb128 0x18
 1037 00b6 9742     		.uleb128 0x2117
 1038 00b8 19       		.uleb128 0x19
 1039 00b9 01       		.uleb128 0x1
 1040 00ba 13       		.uleb128 0x13
 1041 00bb 00       		.byte	0
 1042 00bc 00       		.byte	0
 1043 00bd 0E       		.uleb128 0xe
 1044 00be 1D       		.uleb128 0x1d
 1045 00bf 00       		.byte	0
 1046 00c0 31       		.uleb128 0x31
 1047 00c1 13       		.uleb128 0x13
 1048 00c2 11       		.uleb128 0x11
 1049 00c3 01       		.uleb128 0x1
 1050 00c4 12       		.uleb128 0x12
 1051 00c5 06       		.uleb128 0x6
 1052 00c6 58       		.uleb128 0x58
 1053 00c7 0B       		.uleb128 0xb
 1054 00c8 59       		.uleb128 0x59
 1055 00c9 0B       		.uleb128 0xb
 1056 00ca 00       		.byte	0
 1057 00cb 00       		.byte	0
 1058 00cc 0F       		.uleb128 0xf
 1059 00cd 1D       		.uleb128 0x1d
 1060 00ce 01       		.byte	0x1
 1061 00cf 31       		.uleb128 0x31
 1062 00d0 13       		.uleb128 0x13
 1063 00d1 52       		.uleb128 0x52
 1064 00d2 01       		.uleb128 0x1
 1065 00d3 55       		.uleb128 0x55
 1066 00d4 17       		.uleb128 0x17
 1067 00d5 58       		.uleb128 0x58
 1068 00d6 0B       		.uleb128 0xb
 1069 00d7 59       		.uleb128 0x59
 1070 00d8 0B       		.uleb128 0xb
 1071 00d9 00       		.byte	0
 1072 00da 00       		.byte	0
 1073 00db 10       		.uleb128 0x10
 1074 00dc 05       		.uleb128 0x5
 1075 00dd 00       		.byte	0
 1076 00de 31       		.uleb128 0x31
 1077 00df 13       		.uleb128 0x13
 1078 00e0 00       		.byte	0
 1079 00e1 00       		.byte	0
 1080 00e2 11       		.uleb128 0x11
 1081 00e3 2E       		.uleb128 0x2e
 1082 00e4 01       		.byte	0x1
 1083 00e5 31       		.uleb128 0x31
 1084 00e6 13       		.uleb128 0x13
 1085 00e7 11       		.uleb128 0x11
 1086 00e8 01       		.uleb128 0x1
 1087 00e9 12       		.uleb128 0x12
 1088 00ea 06       		.uleb128 0x6
 1089 00eb 40       		.uleb128 0x40
ARM GAS  C:\Users\SDEVAS~1\AppData\Local\Temp\cctfPOta.s 			page 28


 1090 00ec 18       		.uleb128 0x18
 1091 00ed 9742     		.uleb128 0x2117
 1092 00ef 19       		.uleb128 0x19
 1093 00f0 01       		.uleb128 0x1
 1094 00f1 13       		.uleb128 0x13
 1095 00f2 00       		.byte	0
 1096 00f3 00       		.byte	0
 1097 00f4 12       		.uleb128 0x12
 1098 00f5 05       		.uleb128 0x5
 1099 00f6 00       		.byte	0
 1100 00f7 31       		.uleb128 0x31
 1101 00f8 13       		.uleb128 0x13
 1102 00f9 02       		.uleb128 0x2
 1103 00fa 18       		.uleb128 0x18
 1104 00fb 00       		.byte	0
 1105 00fc 00       		.byte	0
 1106 00fd 13       		.uleb128 0x13
 1107 00fe 2E       		.uleb128 0x2e
 1108 00ff 00       		.byte	0
 1109 0100 3F       		.uleb128 0x3f
 1110 0101 19       		.uleb128 0x19
 1111 0102 03       		.uleb128 0x3
 1112 0103 0E       		.uleb128 0xe
 1113 0104 3A       		.uleb128 0x3a
 1114 0105 0B       		.uleb128 0xb
 1115 0106 3B       		.uleb128 0x3b
 1116 0107 0B       		.uleb128 0xb
 1117 0108 27       		.uleb128 0x27
 1118 0109 19       		.uleb128 0x19
 1119 010a 49       		.uleb128 0x49
 1120 010b 13       		.uleb128 0x13
 1121 010c 11       		.uleb128 0x11
 1122 010d 01       		.uleb128 0x1
 1123 010e 12       		.uleb128 0x12
 1124 010f 06       		.uleb128 0x6
 1125 0110 40       		.uleb128 0x40
 1126 0111 18       		.uleb128 0x18
 1127 0112 9742     		.uleb128 0x2117
 1128 0114 19       		.uleb128 0x19
 1129 0115 00       		.byte	0
 1130 0116 00       		.byte	0
 1131 0117 14       		.uleb128 0x14
 1132 0118 05       		.uleb128 0x5
 1133 0119 00       		.byte	0
 1134 011a 03       		.uleb128 0x3
 1135 011b 0E       		.uleb128 0xe
 1136 011c 3A       		.uleb128 0x3a
 1137 011d 0B       		.uleb128 0xb
 1138 011e 3B       		.uleb128 0x3b
 1139 011f 0B       		.uleb128 0xb
 1140 0120 49       		.uleb128 0x49
 1141 0121 13       		.uleb128 0x13
 1142 0122 02       		.uleb128 0x2
 1143 0123 17       		.uleb128 0x17
 1144 0124 00       		.byte	0
 1145 0125 00       		.byte	0
 1146 0126 15       		.uleb128 0x15
ARM GAS  C:\Users\SDEVAS~1\AppData\Local\Temp\cctfPOta.s 			page 29


 1147 0127 34       		.uleb128 0x34
 1148 0128 00       		.byte	0
 1149 0129 03       		.uleb128 0x3
 1150 012a 0E       		.uleb128 0xe
 1151 012b 3A       		.uleb128 0x3a
 1152 012c 0B       		.uleb128 0xb
 1153 012d 3B       		.uleb128 0x3b
 1154 012e 0B       		.uleb128 0xb
 1155 012f 49       		.uleb128 0x49
 1156 0130 13       		.uleb128 0x13
 1157 0131 02       		.uleb128 0x2
 1158 0132 17       		.uleb128 0x17
 1159 0133 00       		.byte	0
 1160 0134 00       		.byte	0
 1161 0135 16       		.uleb128 0x16
 1162 0136 34       		.uleb128 0x34
 1163 0137 00       		.byte	0
 1164 0138 03       		.uleb128 0x3
 1165 0139 0E       		.uleb128 0xe
 1166 013a 3A       		.uleb128 0x3a
 1167 013b 0B       		.uleb128 0xb
 1168 013c 3B       		.uleb128 0x3b
 1169 013d 0B       		.uleb128 0xb
 1170 013e 49       		.uleb128 0x49
 1171 013f 13       		.uleb128 0x13
 1172 0140 1C       		.uleb128 0x1c
 1173 0141 0B       		.uleb128 0xb
 1174 0142 00       		.byte	0
 1175 0143 00       		.byte	0
 1176 0144 17       		.uleb128 0x17
 1177 0145 898201   		.uleb128 0x4109
 1178 0148 00       		.byte	0
 1179 0149 11       		.uleb128 0x11
 1180 014a 01       		.uleb128 0x1
 1181 014b 31       		.uleb128 0x31
 1182 014c 13       		.uleb128 0x13
 1183 014d 00       		.byte	0
 1184 014e 00       		.byte	0
 1185 014f 18       		.uleb128 0x18
 1186 0150 1D       		.uleb128 0x1d
 1187 0151 01       		.byte	0x1
 1188 0152 31       		.uleb128 0x31
 1189 0153 13       		.uleb128 0x13
 1190 0154 52       		.uleb128 0x52
 1191 0155 01       		.uleb128 0x1
 1192 0156 55       		.uleb128 0x55
 1193 0157 17       		.uleb128 0x17
 1194 0158 58       		.uleb128 0x58
 1195 0159 0B       		.uleb128 0xb
 1196 015a 59       		.uleb128 0x59
 1197 015b 0B       		.uleb128 0xb
 1198 015c 01       		.uleb128 0x1
 1199 015d 13       		.uleb128 0x13
 1200 015e 00       		.byte	0
 1201 015f 00       		.byte	0
 1202 0160 19       		.uleb128 0x19
 1203 0161 1D       		.uleb128 0x1d
ARM GAS  C:\Users\SDEVAS~1\AppData\Local\Temp\cctfPOta.s 			page 30


 1204 0162 00       		.byte	0
 1205 0163 31       		.uleb128 0x31
 1206 0164 13       		.uleb128 0x13
 1207 0165 52       		.uleb128 0x52
 1208 0166 01       		.uleb128 0x1
 1209 0167 55       		.uleb128 0x55
 1210 0168 17       		.uleb128 0x17
 1211 0169 58       		.uleb128 0x58
 1212 016a 0B       		.uleb128 0xb
 1213 016b 59       		.uleb128 0x59
 1214 016c 0B       		.uleb128 0xb
 1215 016d 00       		.byte	0
 1216 016e 00       		.byte	0
 1217 016f 1A       		.uleb128 0x1a
 1218 0170 898201   		.uleb128 0x4109
 1219 0173 01       		.byte	0x1
 1220 0174 11       		.uleb128 0x11
 1221 0175 01       		.uleb128 0x1
 1222 0176 31       		.uleb128 0x31
 1223 0177 13       		.uleb128 0x13
 1224 0178 00       		.byte	0
 1225 0179 00       		.byte	0
 1226 017a 1B       		.uleb128 0x1b
 1227 017b 8A8201   		.uleb128 0x410a
 1228 017e 00       		.byte	0
 1229 017f 02       		.uleb128 0x2
 1230 0180 18       		.uleb128 0x18
 1231 0181 9142     		.uleb128 0x2111
 1232 0183 18       		.uleb128 0x18
 1233 0184 00       		.byte	0
 1234 0185 00       		.byte	0
 1235 0186 1C       		.uleb128 0x1c
 1236 0187 05       		.uleb128 0x5
 1237 0188 00       		.byte	0
 1238 0189 31       		.uleb128 0x31
 1239 018a 13       		.uleb128 0x13
 1240 018b 02       		.uleb128 0x2
 1241 018c 17       		.uleb128 0x17
 1242 018d 00       		.byte	0
 1243 018e 00       		.byte	0
 1244 018f 1D       		.uleb128 0x1d
 1245 0190 2E       		.uleb128 0x2e
 1246 0191 01       		.byte	0x1
 1247 0192 3F       		.uleb128 0x3f
 1248 0193 19       		.uleb128 0x19
 1249 0194 03       		.uleb128 0x3
 1250 0195 0E       		.uleb128 0xe
 1251 0196 3A       		.uleb128 0x3a
 1252 0197 0B       		.uleb128 0xb
 1253 0198 3B       		.uleb128 0x3b
 1254 0199 05       		.uleb128 0x5
 1255 019a 27       		.uleb128 0x27
 1256 019b 19       		.uleb128 0x19
 1257 019c 49       		.uleb128 0x49
 1258 019d 13       		.uleb128 0x13
 1259 019e 11       		.uleb128 0x11
 1260 019f 01       		.uleb128 0x1
ARM GAS  C:\Users\SDEVAS~1\AppData\Local\Temp\cctfPOta.s 			page 31


 1261 01a0 12       		.uleb128 0x12
 1262 01a1 06       		.uleb128 0x6
 1263 01a2 40       		.uleb128 0x40
 1264 01a3 18       		.uleb128 0x18
 1265 01a4 9742     		.uleb128 0x2117
 1266 01a6 19       		.uleb128 0x19
 1267 01a7 01       		.uleb128 0x1
 1268 01a8 13       		.uleb128 0x13
 1269 01a9 00       		.byte	0
 1270 01aa 00       		.byte	0
 1271 01ab 1E       		.uleb128 0x1e
 1272 01ac 34       		.uleb128 0x34
 1273 01ad 00       		.byte	0
 1274 01ae 03       		.uleb128 0x3
 1275 01af 0E       		.uleb128 0xe
 1276 01b0 3A       		.uleb128 0x3a
 1277 01b1 0B       		.uleb128 0xb
 1278 01b2 3B       		.uleb128 0x3b
 1279 01b3 05       		.uleb128 0x5
 1280 01b4 49       		.uleb128 0x49
 1281 01b5 13       		.uleb128 0x13
 1282 01b6 02       		.uleb128 0x2
 1283 01b7 17       		.uleb128 0x17
 1284 01b8 00       		.byte	0
 1285 01b9 00       		.byte	0
 1286 01ba 1F       		.uleb128 0x1f
 1287 01bb 34       		.uleb128 0x34
 1288 01bc 00       		.byte	0
 1289 01bd 03       		.uleb128 0x3
 1290 01be 0E       		.uleb128 0xe
 1291 01bf 3A       		.uleb128 0x3a
 1292 01c0 0B       		.uleb128 0xb
 1293 01c1 3B       		.uleb128 0x3b
 1294 01c2 05       		.uleb128 0x5
 1295 01c3 49       		.uleb128 0x49
 1296 01c4 13       		.uleb128 0x13
 1297 01c5 1C       		.uleb128 0x1c
 1298 01c6 0B       		.uleb128 0xb
 1299 01c7 00       		.byte	0
 1300 01c8 00       		.byte	0
 1301 01c9 20       		.uleb128 0x20
 1302 01ca 2E       		.uleb128 0x2e
 1303 01cb 00       		.byte	0
 1304 01cc 31       		.uleb128 0x31
 1305 01cd 13       		.uleb128 0x13
 1306 01ce 11       		.uleb128 0x11
 1307 01cf 01       		.uleb128 0x1
 1308 01d0 12       		.uleb128 0x12
 1309 01d1 06       		.uleb128 0x6
 1310 01d2 40       		.uleb128 0x40
 1311 01d3 18       		.uleb128 0x18
 1312 01d4 9742     		.uleb128 0x2117
 1313 01d6 19       		.uleb128 0x19
 1314 01d7 00       		.byte	0
 1315 01d8 00       		.byte	0
 1316 01d9 21       		.uleb128 0x21
 1317 01da 2E       		.uleb128 0x2e
ARM GAS  C:\Users\SDEVAS~1\AppData\Local\Temp\cctfPOta.s 			page 32


 1318 01db 00       		.byte	0
 1319 01dc 3F       		.uleb128 0x3f
 1320 01dd 19       		.uleb128 0x19
 1321 01de 03       		.uleb128 0x3
 1322 01df 0E       		.uleb128 0xe
 1323 01e0 3A       		.uleb128 0x3a
 1324 01e1 0B       		.uleb128 0xb
 1325 01e2 3B       		.uleb128 0x3b
 1326 01e3 05       		.uleb128 0x5
 1327 01e4 27       		.uleb128 0x27
 1328 01e5 19       		.uleb128 0x19
 1329 01e6 49       		.uleb128 0x49
 1330 01e7 13       		.uleb128 0x13
 1331 01e8 11       		.uleb128 0x11
 1332 01e9 01       		.uleb128 0x1
 1333 01ea 12       		.uleb128 0x12
 1334 01eb 06       		.uleb128 0x6
 1335 01ec 40       		.uleb128 0x40
 1336 01ed 18       		.uleb128 0x18
 1337 01ee 9742     		.uleb128 0x2117
 1338 01f0 19       		.uleb128 0x19
 1339 01f1 00       		.byte	0
 1340 01f2 00       		.byte	0
 1341 01f3 22       		.uleb128 0x22
 1342 01f4 2E       		.uleb128 0x2e
 1343 01f5 00       		.byte	0
 1344 01f6 3F       		.uleb128 0x3f
 1345 01f7 19       		.uleb128 0x19
 1346 01f8 03       		.uleb128 0x3
 1347 01f9 0E       		.uleb128 0xe
 1348 01fa 3A       		.uleb128 0x3a
 1349 01fb 0B       		.uleb128 0xb
 1350 01fc 3B       		.uleb128 0x3b
 1351 01fd 05       		.uleb128 0x5
 1352 01fe 27       		.uleb128 0x27
 1353 01ff 19       		.uleb128 0x19
 1354 0200 11       		.uleb128 0x11
 1355 0201 01       		.uleb128 0x1
 1356 0202 12       		.uleb128 0x12
 1357 0203 06       		.uleb128 0x6
 1358 0204 40       		.uleb128 0x40
 1359 0205 18       		.uleb128 0x18
 1360 0206 9742     		.uleb128 0x2117
 1361 0208 19       		.uleb128 0x19
 1362 0209 00       		.byte	0
 1363 020a 00       		.byte	0
 1364 020b 23       		.uleb128 0x23
 1365 020c 01       		.uleb128 0x1
 1366 020d 01       		.byte	0x1
 1367 020e 49       		.uleb128 0x49
 1368 020f 13       		.uleb128 0x13
 1369 0210 01       		.uleb128 0x1
 1370 0211 13       		.uleb128 0x13
 1371 0212 00       		.byte	0
 1372 0213 00       		.byte	0
 1373 0214 24       		.uleb128 0x24
 1374 0215 21       		.uleb128 0x21
ARM GAS  C:\Users\SDEVAS~1\AppData\Local\Temp\cctfPOta.s 			page 33


 1375 0216 00       		.byte	0
 1376 0217 49       		.uleb128 0x49
 1377 0218 13       		.uleb128 0x13
 1378 0219 2F       		.uleb128 0x2f
 1379 021a 0B       		.uleb128 0xb
 1380 021b 00       		.byte	0
 1381 021c 00       		.byte	0
 1382 021d 25       		.uleb128 0x25
 1383 021e 34       		.uleb128 0x34
 1384 021f 00       		.byte	0
 1385 0220 03       		.uleb128 0x3
 1386 0221 0E       		.uleb128 0xe
 1387 0222 3A       		.uleb128 0x3a
 1388 0223 0B       		.uleb128 0xb
 1389 0224 3B       		.uleb128 0x3b
 1390 0225 0B       		.uleb128 0xb
 1391 0226 49       		.uleb128 0x49
 1392 0227 13       		.uleb128 0x13
 1393 0228 3F       		.uleb128 0x3f
 1394 0229 19       		.uleb128 0x19
 1395 022a 3C       		.uleb128 0x3c
 1396 022b 19       		.uleb128 0x19
 1397 022c 00       		.byte	0
 1398 022d 00       		.byte	0
 1399 022e 26       		.uleb128 0x26
 1400 022f 2E       		.uleb128 0x2e
 1401 0230 00       		.byte	0
 1402 0231 3F       		.uleb128 0x3f
 1403 0232 19       		.uleb128 0x19
 1404 0233 03       		.uleb128 0x3
 1405 0234 0E       		.uleb128 0xe
 1406 0235 3A       		.uleb128 0x3a
 1407 0236 0B       		.uleb128 0xb
 1408 0237 3B       		.uleb128 0x3b
 1409 0238 0B       		.uleb128 0xb
 1410 0239 27       		.uleb128 0x27
 1411 023a 19       		.uleb128 0x19
 1412 023b 49       		.uleb128 0x49
 1413 023c 13       		.uleb128 0x13
 1414 023d 3C       		.uleb128 0x3c
 1415 023e 19       		.uleb128 0x19
 1416 023f 00       		.byte	0
 1417 0240 00       		.byte	0
 1418 0241 27       		.uleb128 0x27
 1419 0242 2E       		.uleb128 0x2e
 1420 0243 01       		.byte	0x1
 1421 0244 3F       		.uleb128 0x3f
 1422 0245 19       		.uleb128 0x19
 1423 0246 03       		.uleb128 0x3
 1424 0247 0E       		.uleb128 0xe
 1425 0248 3A       		.uleb128 0x3a
 1426 0249 0B       		.uleb128 0xb
 1427 024a 3B       		.uleb128 0x3b
 1428 024b 0B       		.uleb128 0xb
 1429 024c 27       		.uleb128 0x27
 1430 024d 19       		.uleb128 0x19
 1431 024e 3C       		.uleb128 0x3c
ARM GAS  C:\Users\SDEVAS~1\AppData\Local\Temp\cctfPOta.s 			page 34


 1432 024f 19       		.uleb128 0x19
 1433 0250 00       		.byte	0
 1434 0251 00       		.byte	0
 1435 0252 28       		.uleb128 0x28
 1436 0253 05       		.uleb128 0x5
 1437 0254 00       		.byte	0
 1438 0255 49       		.uleb128 0x49
 1439 0256 13       		.uleb128 0x13
 1440 0257 00       		.byte	0
 1441 0258 00       		.byte	0
 1442 0259 00       		.byte	0
 1443              		.section	.debug_loc,"",%progbits
 1444              	.Ldebug_loc0:
 1445              	.LLST0:
 1446 0000 00000000 		.4byte	.LVL2
 1447 0004 07000000 		.4byte	.LVL3-1
 1448 0008 0100     		.2byte	0x1
 1449 000a 50       		.byte	0x50
 1450 000b 07000000 		.4byte	.LVL3-1
 1451 000f 28000000 		.4byte	.LFE6
 1452 0013 0400     		.2byte	0x4
 1453 0015 F3       		.byte	0xf3
 1454 0016 01       		.uleb128 0x1
 1455 0017 50       		.byte	0x50
 1456 0018 9F       		.byte	0x9f
 1457 0019 00000000 		.4byte	0
 1458 001d 00000000 		.4byte	0
 1459              	.LLST1:
 1460 0021 08000000 		.4byte	.LVL3
 1461 0025 1B000000 		.4byte	.LVL4-1
 1462 0029 0100     		.2byte	0x1
 1463 002b 50       		.byte	0x50
 1464 002c 00000000 		.4byte	0
 1465 0030 00000000 		.4byte	0
 1466              	.LLST2:
 1467 0034 00000000 		.4byte	.LVL7
 1468 0038 10000000 		.4byte	.LVL9
 1469 003c 0100     		.2byte	0x1
 1470 003e 50       		.byte	0x50
 1471 003f 10000000 		.4byte	.LVL9
 1472 0043 13000000 		.4byte	.LVL10-1
 1473 0047 0300     		.2byte	0x3
 1474 0049 73       		.byte	0x73
 1475 004a E400     		.sleb128 100
 1476 004c 13000000 		.4byte	.LVL10-1
 1477 0050 28000000 		.4byte	.LFE1
 1478 0054 0400     		.2byte	0x4
 1479 0056 F3       		.byte	0xf3
 1480 0057 01       		.uleb128 0x1
 1481 0058 50       		.byte	0x50
 1482 0059 9F       		.byte	0x9f
 1483 005a 00000000 		.4byte	0
 1484 005e 00000000 		.4byte	0
 1485              	.LLST3:
 1486 0062 0A000000 		.4byte	.LVL8
 1487 0066 10000000 		.4byte	.LVL9
 1488 006a 0100     		.2byte	0x1
ARM GAS  C:\Users\SDEVAS~1\AppData\Local\Temp\cctfPOta.s 			page 35


 1489 006c 50       		.byte	0x50
 1490 006d 10000000 		.4byte	.LVL9
 1491 0071 13000000 		.4byte	.LVL10-1
 1492 0075 0300     		.2byte	0x3
 1493 0077 73       		.byte	0x73
 1494 0078 E400     		.sleb128 100
 1495 007a 13000000 		.4byte	.LVL10-1
 1496 007e 28000000 		.4byte	.LFE1
 1497 0082 0400     		.2byte	0x4
 1498 0084 F3       		.byte	0xf3
 1499 0085 01       		.uleb128 0x1
 1500 0086 50       		.byte	0x50
 1501 0087 9F       		.byte	0x9f
 1502 0088 00000000 		.4byte	0
 1503 008c 00000000 		.4byte	0
 1504              	.LLST4:
 1505 0090 04000000 		.4byte	.LVL12
 1506 0094 06000000 		.4byte	.LVL13
 1507 0098 0900     		.2byte	0x9
 1508 009a 70       		.byte	0x70
 1509 009b 00       		.sleb128 0
 1510 009c 0A       		.byte	0xa
 1511 009d 00C0     		.2byte	0xc000
 1512 009f 1A       		.byte	0x1a
 1513 00a0 3E       		.byte	0x3e
 1514 00a1 25       		.byte	0x25
 1515 00a2 9F       		.byte	0x9f
 1516 00a3 00000000 		.4byte	0
 1517 00a7 00000000 		.4byte	0
 1518              		.section	.debug_aranges,"",%progbits
 1519 0000 7C000000 		.4byte	0x7c
 1520 0004 0200     		.2byte	0x2
 1521 0006 00000000 		.4byte	.Ldebug_info0
 1522 000a 04       		.byte	0x4
 1523 000b 00       		.byte	0
 1524 000c 0000     		.2byte	0
 1525 000e 0000     		.2byte	0
 1526 0010 00000000 		.4byte	.LFB3
 1527 0014 02000000 		.4byte	.LFE3-.LFB3
 1528 0018 00000000 		.4byte	.LFB2
 1529 001c 1C000000 		.4byte	.LFE2-.LFB2
 1530 0020 00000000 		.4byte	.LFB4
 1531 0024 0C000000 		.4byte	.LFE4-.LFB4
 1532 0028 00000000 		.4byte	.LFB5
 1533 002c 0C000000 		.4byte	.LFE5-.LFB5
 1534 0030 00000000 		.4byte	.LFB6
 1535 0034 28000000 		.4byte	.LFE6-.LFB6
 1536 0038 00000000 		.4byte	.LFB0
 1537 003c 2C000000 		.4byte	.LFE0-.LFB0
 1538 0040 00000000 		.4byte	.LFB1
 1539 0044 28000000 		.4byte	.LFE1-.LFB1
 1540 0048 00000000 		.4byte	.LFB7
 1541 004c 10000000 		.4byte	.LFE7-.LFB7
 1542 0050 00000000 		.4byte	.LFB8
 1543 0054 10000000 		.4byte	.LFE8-.LFB8
 1544 0058 00000000 		.4byte	.LFB9
 1545 005c 10000000 		.4byte	.LFE9-.LFB9
ARM GAS  C:\Users\SDEVAS~1\AppData\Local\Temp\cctfPOta.s 			page 36


 1546 0060 00000000 		.4byte	.LFB10
 1547 0064 10000000 		.4byte	.LFE10-.LFB10
 1548 0068 00000000 		.4byte	.LFB11
 1549 006c 10000000 		.4byte	.LFE11-.LFB11
 1550 0070 00000000 		.4byte	.LFB12
 1551 0074 10000000 		.4byte	.LFE12-.LFB12
 1552 0078 00000000 		.4byte	0
 1553 007c 00000000 		.4byte	0
 1554              		.section	.debug_ranges,"",%progbits
 1555              	.Ldebug_ranges0:
 1556 0000 08000000 		.4byte	.LBB20
 1557 0004 0C000000 		.4byte	.LBE20
 1558 0008 0C000000 		.4byte	.LBB23
 1559 000c 0E000000 		.4byte	.LBE23
 1560 0010 00000000 		.4byte	0
 1561 0014 00000000 		.4byte	0
 1562 0018 0A000000 		.4byte	.LBB26
 1563 001c 0E000000 		.4byte	.LBE26
 1564 0020 10000000 		.4byte	.LBB29
 1565 0024 12000000 		.4byte	.LBE29
 1566 0028 00000000 		.4byte	0
 1567 002c 00000000 		.4byte	0
 1568 0030 16000000 		.4byte	.LBB30
 1569 0034 18000000 		.4byte	.LBE30
 1570 0038 18000000 		.4byte	.LBB33
 1571 003c 1A000000 		.4byte	.LBE33
 1572 0040 00000000 		.4byte	0
 1573 0044 00000000 		.4byte	0
 1574 0048 0A000000 		.4byte	.LBB36
 1575 004c 0C000000 		.4byte	.LBE36
 1576 0050 0C000000 		.4byte	.LBB39
 1577 0054 0E000000 		.4byte	.LBE39
 1578 0058 00000000 		.4byte	0
 1579 005c 00000000 		.4byte	0
 1580 0060 00000000 		.4byte	.LFB3
 1581 0064 02000000 		.4byte	.LFE3
 1582 0068 00000000 		.4byte	.LFB2
 1583 006c 1C000000 		.4byte	.LFE2
 1584 0070 00000000 		.4byte	.LFB4
 1585 0074 0C000000 		.4byte	.LFE4
 1586 0078 00000000 		.4byte	.LFB5
 1587 007c 0C000000 		.4byte	.LFE5
 1588 0080 00000000 		.4byte	.LFB6
 1589 0084 28000000 		.4byte	.LFE6
 1590 0088 00000000 		.4byte	.LFB0
 1591 008c 2C000000 		.4byte	.LFE0
 1592 0090 00000000 		.4byte	.LFB1
 1593 0094 28000000 		.4byte	.LFE1
 1594 0098 00000000 		.4byte	.LFB7
 1595 009c 10000000 		.4byte	.LFE7
 1596 00a0 00000000 		.4byte	.LFB8
 1597 00a4 10000000 		.4byte	.LFE8
 1598 00a8 00000000 		.4byte	.LFB9
 1599 00ac 10000000 		.4byte	.LFE9
 1600 00b0 00000000 		.4byte	.LFB10
 1601 00b4 10000000 		.4byte	.LFE10
 1602 00b8 00000000 		.4byte	.LFB11
ARM GAS  C:\Users\SDEVAS~1\AppData\Local\Temp\cctfPOta.s 			page 37


 1603 00bc 10000000 		.4byte	.LFE11
 1604 00c0 00000000 		.4byte	.LFB12
 1605 00c4 10000000 		.4byte	.LFE12
 1606 00c8 00000000 		.4byte	0
 1607 00cc 00000000 		.4byte	0
 1608              		.section	.debug_line,"",%progbits
 1609              	.Ldebug_line0:
 1610 0000 AF010000 		.section	.debug_str,"MS",%progbits,1
 1610      02006800 
 1610      00000201 
 1610      FB0E0D00 
 1610      01010101 
 1611              	.LASF17:
 1612 0000 6973725F 		.ascii	"isr_WDT_Disable\000"
 1612      5744545F 
 1612      44697361 
 1612      626C6500 
 1613              	.LASF14:
 1614 0010 72656733 		.ascii	"reg32\000"
 1614      3200
 1615              	.LASF34:
 1616 0016 443A5C55 		.ascii	"D:\\Users\\sdevasenapathy\\atoms\\AtomWorkspace\\At"
 1616      73657273 
 1616      5C736465 
 1616      76617365 
 1616      6E617061 
 1617 0044 6F6D2E63 		.ascii	"om.cydsn\000"
 1617      7964736E 
 1617      00
 1618              	.LASF37:
 1619 004d 43795261 		.ascii	"CyRamVectors\000"
 1619      6D566563 
 1619      746F7273 
 1619      00
 1620              	.LASF3:
 1621 005a 73686F72 		.ascii	"short unsigned int\000"
 1621      7420756E 
 1621      7369676E 
 1621      65642069 
 1621      6E7400
 1622              	.LASF32:
 1623 006d 474E5520 		.ascii	"GNU C 4.8.4 20140526 (release) [ARM/embedded-4_8-br"
 1623      4320342E 
 1623      382E3420 
 1623      32303134 
 1623      30353236 
 1624 00a0 616E6368 		.ascii	"anch revision 211358] -mcpu=cortex-m0 -mthumb -g -O"
 1624      20726576 
 1624      6973696F 
 1624      6E203231 
 1624      31333538 
 1625 00d3 73202D66 		.ascii	"s -ffunction-sections\000"
 1625      66756E63 
 1625      74696F6E 
 1625      2D736563 
 1625      74696F6E 
 1626              	.LASF33:
ARM GAS  C:\Users\SDEVAS~1\AppData\Local\Temp\cctfPOta.s 			page 38


 1627 00e9 2E5C4765 		.ascii	".\\Generated_Source\\PSoC4\\isr_WDT.c\000"
 1627      6E657261 
 1627      7465645F 
 1627      536F7572 
 1627      63655C50 
 1628              	.LASF11:
 1629 010c 666C6F61 		.ascii	"float\000"
 1629      7400
 1630              	.LASF7:
 1631 0112 6C6F6E67 		.ascii	"long long unsigned int\000"
 1631      206C6F6E 
 1631      6720756E 
 1631      7369676E 
 1631      65642069 
 1632              	.LASF27:
 1633 0129 6973725F 		.ascii	"isr_WDT_GetVector\000"
 1633      5744545F 
 1633      47657456 
 1633      6563746F 
 1633      7200
 1634              	.LASF18:
 1635 013b 6973725F 		.ascii	"isr_WDT_Enable\000"
 1635      5744545F 
 1635      456E6162 
 1635      6C6500
 1636              	.LASF29:
 1637 014a 6973725F 		.ascii	"isr_WDT_Interrupt\000"
 1637      5744545F 
 1637      496E7465 
 1637      72727570 
 1637      7400
 1638              	.LASF23:
 1639 015c 6973725F 		.ascii	"isr_WDT_Start\000"
 1639      5744545F 
 1639      53746172 
 1639      7400
 1640              	.LASF21:
 1641 016a 696E7465 		.ascii	"interruptState\000"
 1641      72727570 
 1641      74537461 
 1641      746500
 1642              	.LASF5:
 1643 0179 6C6F6E67 		.ascii	"long unsigned int\000"
 1643      20756E73 
 1643      69676E65 
 1643      6420696E 
 1643      7400
 1644              	.LASF9:
 1645 018b 75696E74 		.ascii	"uint8\000"
 1645      3800
 1646              	.LASF25:
 1647 0191 7072696F 		.ascii	"priority\000"
 1647      72697479 
 1647      00
 1648              	.LASF1:
 1649 019a 756E7369 		.ascii	"unsigned char\000"
 1649      676E6564 
ARM GAS  C:\Users\SDEVAS~1\AppData\Local\Temp\cctfPOta.s 			page 39


 1649      20636861 
 1649      7200
 1650              	.LASF12:
 1651 01a8 646F7562 		.ascii	"double\000"
 1651      6C6500
 1652              	.LASF10:
 1653 01af 75696E74 		.ascii	"uint32\000"
 1653      333200
 1654              	.LASF38:
 1655 01b6 4379456E 		.ascii	"CyEnterCriticalSection\000"
 1655      74657243 
 1655      72697469 
 1655      63616C53 
 1655      65637469 
 1656              	.LASF30:
 1657 01cd 6973725F 		.ascii	"isr_WDT_SetPending\000"
 1657      5744545F 
 1657      53657450 
 1657      656E6469 
 1657      6E6700
 1658              	.LASF8:
 1659 01e0 756E7369 		.ascii	"unsigned int\000"
 1659      676E6564 
 1659      20696E74 
 1659      00
 1660              	.LASF26:
 1661 01ed 61646472 		.ascii	"address\000"
 1661      65737300 
 1662              	.LASF39:
 1663 01f5 43794578 		.ascii	"CyExitCriticalSection\000"
 1663      69744372 
 1663      69746963 
 1663      616C5365 
 1663      6374696F 
 1664              	.LASF15:
 1665 020b 63796973 		.ascii	"cyisraddress\000"
 1665      72616464 
 1665      72657373 
 1665      00
 1666              	.LASF36:
 1667 0218 6973725F 		.ascii	"isr_WDT_GetPriority\000"
 1667      5744545F 
 1667      47657450 
 1667      72696F72 
 1667      69747900 
 1668              	.LASF16:
 1669 022c 73697A65 		.ascii	"sizetype\000"
 1669      74797065 
 1669      00
 1670              	.LASF6:
 1671 0235 6C6F6E67 		.ascii	"long long int\000"
 1671      206C6F6E 
 1671      6720696E 
 1671      7400
 1672              	.LASF13:
 1673 0243 63686172 		.ascii	"char\000"
 1673      00
ARM GAS  C:\Users\SDEVAS~1\AppData\Local\Temp\cctfPOta.s 			page 40


 1674              	.LASF31:
 1675 0248 6973725F 		.ascii	"isr_WDT_ClearPending\000"
 1675      5744545F 
 1675      436C6561 
 1675      7250656E 
 1675      64696E67 
 1676              	.LASF2:
 1677 025d 73686F72 		.ascii	"short int\000"
 1677      7420696E 
 1677      7400
 1678              	.LASF24:
 1679 0267 6973725F 		.ascii	"isr_WDT_StartEx\000"
 1679      5744545F 
 1679      53746172 
 1679      74457800 
 1680              	.LASF19:
 1681 0277 6973725F 		.ascii	"isr_WDT_Stop\000"
 1681      5744545F 
 1681      53746F70 
 1681      00
 1682              	.LASF22:
 1683 0284 7072696F 		.ascii	"priorityOffset\000"
 1683      72697479 
 1683      4F666673 
 1683      657400
 1684              	.LASF4:
 1685 0293 6C6F6E67 		.ascii	"long int\000"
 1685      20696E74 
 1685      00
 1686              	.LASF0:
 1687 029c 7369676E 		.ascii	"signed char\000"
 1687      65642063 
 1687      68617200 
 1688              	.LASF35:
 1689 02a8 6973725F 		.ascii	"isr_WDT_SetVector\000"
 1689      5744545F 
 1689      53657456 
 1689      6563746F 
 1689      7200
 1690              	.LASF20:
 1691 02ba 6973725F 		.ascii	"isr_WDT_SetPriority\000"
 1691      5744545F 
 1691      53657450 
 1691      72696F72 
 1691      69747900 
 1692              	.LASF28:
 1693 02ce 6973725F 		.ascii	"isr_WDT_GetState\000"
 1693      5744545F 
 1693      47657453 
 1693      74617465 
 1693      00
 1694              		.ident	"GCC: (GNU Tools for ARM Embedded Processors) 4.8.4 20140526 (release) [ARM/embedded-4_8-br
