ARM GAS  C:\Users\SDEVAS~1\AppData\Local\Temp\ccZ4LhYG.s 			page 1


   1              		.cpu cortex-m0
   2              		.fpu softvfp
   3              		.eabi_attribute 20, 1
   4              		.eabi_attribute 21, 1
   5              		.eabi_attribute 23, 3
   6              		.eabi_attribute 24, 1
   7              		.eabi_attribute 25, 1
   8              		.eabi_attribute 26, 1
   9              		.eabi_attribute 30, 6
  10              		.eabi_attribute 34, 0
  11              		.eabi_attribute 18, 4
  12              		.code	16
  13              		.file	"Cm0Start.c"
  14              		.text
  15              	.Ltext0:
  16              		.cfi_sections	.debug_frame
  17              		.section	.noinit,"aw",%progbits
  18              		.align	2
  19              		.type	cySysNoInitDataValid, %object
  20              		.size	cySysNoInitDataValid, 4
  21              	cySysNoInitDataValid:
  22 0000 00000000 		.space	4
  23              		.section	.text.IntDefaultHandler,"ax",%progbits
  24              		.align	2
  25              		.global	IntDefaultHandler
  26              		.code	16
  27              		.thumb_func
  28              		.type	IntDefaultHandler, %function
  29              	IntDefaultHandler:
  30              	.LFB0:
  31              		.file 1 ".\\Generated_Source\\PSoC4\\Cm0Start.c"
   1:.\Generated_Source\PSoC4/Cm0Start.c **** /*******************************************************************************
   2:.\Generated_Source\PSoC4/Cm0Start.c **** * File Name: Cm0Start.c
   3:.\Generated_Source\PSoC4/Cm0Start.c **** * Version 5.0
   4:.\Generated_Source\PSoC4/Cm0Start.c **** *
   5:.\Generated_Source\PSoC4/Cm0Start.c **** *  Description:
   6:.\Generated_Source\PSoC4/Cm0Start.c **** *  Startup code for the ARM CM0.
   7:.\Generated_Source\PSoC4/Cm0Start.c **** *
   8:.\Generated_Source\PSoC4/Cm0Start.c **** ********************************************************************************
   9:.\Generated_Source\PSoC4/Cm0Start.c **** * Copyright 2010-2015, Cypress Semiconductor Corporation.  All rights reserved.
  10:.\Generated_Source\PSoC4/Cm0Start.c **** * You may use this file only in accordance with the license, terms, conditions,
  11:.\Generated_Source\PSoC4/Cm0Start.c **** * disclaimers, and limitations in the end user license agreement accompanying
  12:.\Generated_Source\PSoC4/Cm0Start.c **** * the software package with which this file was provided.
  13:.\Generated_Source\PSoC4/Cm0Start.c **** *******************************************************************************/
  14:.\Generated_Source\PSoC4/Cm0Start.c **** 
  15:.\Generated_Source\PSoC4/Cm0Start.c **** #include <limits.h>
  16:.\Generated_Source\PSoC4/Cm0Start.c **** #include "cydevice_trm.h"
  17:.\Generated_Source\PSoC4/Cm0Start.c **** #include "cytypes.h"
  18:.\Generated_Source\PSoC4/Cm0Start.c **** #include "cyfitter_cfg.h"
  19:.\Generated_Source\PSoC4/Cm0Start.c **** #include "CyLib.h"
  20:.\Generated_Source\PSoC4/Cm0Start.c **** #include "cyfitter.h"
  21:.\Generated_Source\PSoC4/Cm0Start.c **** 
  22:.\Generated_Source\PSoC4/Cm0Start.c **** #define CY_NUM_VECTORS              (CY_INT_IRQ_BASE + CY_NUM_INTERRUPTS)
  23:.\Generated_Source\PSoC4/Cm0Start.c **** #define CY_CPUSS_CONFIG_VECT_IN_RAM (( uint32 ) 0x01)
  24:.\Generated_Source\PSoC4/Cm0Start.c **** 
  25:.\Generated_Source\PSoC4/Cm0Start.c **** /* CPUSS Configuration register */
  26:.\Generated_Source\PSoC4/Cm0Start.c **** #define CY_CPUSS_CONFIG_REG         (*(reg32 *) CYREG_CPUSS_CONFIG)
ARM GAS  C:\Users\SDEVAS~1\AppData\Local\Temp\ccZ4LhYG.s 			page 2


  27:.\Generated_Source\PSoC4/Cm0Start.c **** #define CY_CPUSS_CONFIG_PTR         ( (reg32 *) CYREG_CPUSS_CONFIG)
  28:.\Generated_Source\PSoC4/Cm0Start.c **** 
  29:.\Generated_Source\PSoC4/Cm0Start.c **** 
  30:.\Generated_Source\PSoC4/Cm0Start.c **** #if defined (__ICCARM__)
  31:.\Generated_Source\PSoC4/Cm0Start.c ****     #define CY_NUM_ROM_VECTORS      (CY_NUM_VECTORS)
  32:.\Generated_Source\PSoC4/Cm0Start.c **** #else
  33:.\Generated_Source\PSoC4/Cm0Start.c ****     #define CY_NUM_ROM_VECTORS      (4u)
  34:.\Generated_Source\PSoC4/Cm0Start.c **** #endif  /* defined (__ICCARM__) */
  35:.\Generated_Source\PSoC4/Cm0Start.c **** 
  36:.\Generated_Source\PSoC4/Cm0Start.c **** #if defined(__ARMCC_VERSION)
  37:.\Generated_Source\PSoC4/Cm0Start.c ****     #define INITIAL_STACK_POINTER ((cyisraddress)(uint32)&Image$$ARM_LIB_STACK$$ZI$$Limit)
  38:.\Generated_Source\PSoC4/Cm0Start.c **** #elif defined (__GNUC__)
  39:.\Generated_Source\PSoC4/Cm0Start.c ****     #define INITIAL_STACK_POINTER (&__cy_stack)
  40:.\Generated_Source\PSoC4/Cm0Start.c **** #elif defined (__ICCARM__)
  41:.\Generated_Source\PSoC4/Cm0Start.c ****     #pragma language=extended
  42:.\Generated_Source\PSoC4/Cm0Start.c ****     #pragma segment="CSTACK"
  43:.\Generated_Source\PSoC4/Cm0Start.c ****     #define INITIAL_STACK_POINTER  { .__ptr = __sfe( "CSTACK" ) }
  44:.\Generated_Source\PSoC4/Cm0Start.c **** 
  45:.\Generated_Source\PSoC4/Cm0Start.c ****     extern void __iar_program_start( void );
  46:.\Generated_Source\PSoC4/Cm0Start.c ****     extern void __iar_data_init3 (void);
  47:.\Generated_Source\PSoC4/Cm0Start.c **** #endif  /* (__ARMCC_VERSION) */
  48:.\Generated_Source\PSoC4/Cm0Start.c **** 
  49:.\Generated_Source\PSoC4/Cm0Start.c **** #if defined(__GNUC__)
  50:.\Generated_Source\PSoC4/Cm0Start.c ****     #include <errno.h>
  51:.\Generated_Source\PSoC4/Cm0Start.c ****     extern int  errno;
  52:.\Generated_Source\PSoC4/Cm0Start.c ****     extern int  end;
  53:.\Generated_Source\PSoC4/Cm0Start.c **** #endif  /* defined(__GNUC__) */
  54:.\Generated_Source\PSoC4/Cm0Start.c **** 
  55:.\Generated_Source\PSoC4/Cm0Start.c **** /* Extern functions */
  56:.\Generated_Source\PSoC4/Cm0Start.c **** extern void CyBtldr_CheckLaunch(void);
  57:.\Generated_Source\PSoC4/Cm0Start.c **** 
  58:.\Generated_Source\PSoC4/Cm0Start.c **** /* Function prototypes */
  59:.\Generated_Source\PSoC4/Cm0Start.c **** void initialize_psoc(void);
  60:.\Generated_Source\PSoC4/Cm0Start.c **** 
  61:.\Generated_Source\PSoC4/Cm0Start.c **** /* Global variables */
  62:.\Generated_Source\PSoC4/Cm0Start.c **** #if !defined (__ICCARM__)
  63:.\Generated_Source\PSoC4/Cm0Start.c ****     CY_NOINIT static uint32 cySysNoInitDataValid;
  64:.\Generated_Source\PSoC4/Cm0Start.c **** #endif  /* !defined (__ICCARM__) */
  65:.\Generated_Source\PSoC4/Cm0Start.c **** 
  66:.\Generated_Source\PSoC4/Cm0Start.c **** 
  67:.\Generated_Source\PSoC4/Cm0Start.c **** #if (CYDEV_PROJ_TYPE != CYDEV_PROJ_TYPE_STANDARD)
  68:.\Generated_Source\PSoC4/Cm0Start.c **** 
  69:.\Generated_Source\PSoC4/Cm0Start.c ****     /*******************************************************************************
  70:.\Generated_Source\PSoC4/Cm0Start.c ****     This variable is used by the Bootloader/Bootloadable components to schedule
  71:.\Generated_Source\PSoC4/Cm0Start.c ****     what application will be started after a software reset.
  72:.\Generated_Source\PSoC4/Cm0Start.c ****     *******************************************************************************/
  73:.\Generated_Source\PSoC4/Cm0Start.c ****     #if (__ARMCC_VERSION)
  74:.\Generated_Source\PSoC4/Cm0Start.c ****         __attribute__ ((section(".bootloaderruntype"), zero_init))
  75:.\Generated_Source\PSoC4/Cm0Start.c ****     #elif defined (__GNUC__)
  76:.\Generated_Source\PSoC4/Cm0Start.c ****         __attribute__ ((section(".bootloaderruntype")))
  77:.\Generated_Source\PSoC4/Cm0Start.c ****     #elif defined (__ICCARM__)
  78:.\Generated_Source\PSoC4/Cm0Start.c ****         #pragma location=".bootloaderruntype"
  79:.\Generated_Source\PSoC4/Cm0Start.c ****     #endif /* (__ARMCC_VERSION) */
  80:.\Generated_Source\PSoC4/Cm0Start.c ****     volatile uint32 cyBtldrRunType;
  81:.\Generated_Source\PSoC4/Cm0Start.c **** 
  82:.\Generated_Source\PSoC4/Cm0Start.c **** #endif  /* (CYDEV_PROJ_TYPE != CYDEV_PROJ_TYPE_STANDARD) */
  83:.\Generated_Source\PSoC4/Cm0Start.c **** 
ARM GAS  C:\Users\SDEVAS~1\AppData\Local\Temp\ccZ4LhYG.s 			page 3


  84:.\Generated_Source\PSoC4/Cm0Start.c **** 
  85:.\Generated_Source\PSoC4/Cm0Start.c **** /*******************************************************************************
  86:.\Generated_Source\PSoC4/Cm0Start.c **** * Function Name: IntDefaultHandler
  87:.\Generated_Source\PSoC4/Cm0Start.c **** ********************************************************************************
  88:.\Generated_Source\PSoC4/Cm0Start.c **** *
  89:.\Generated_Source\PSoC4/Cm0Start.c **** * Summary:
  90:.\Generated_Source\PSoC4/Cm0Start.c **** *  This function is called for all interrupts, other than a reset that is called
  91:.\Generated_Source\PSoC4/Cm0Start.c **** *  before the system is setup.
  92:.\Generated_Source\PSoC4/Cm0Start.c **** *
  93:.\Generated_Source\PSoC4/Cm0Start.c **** * Parameters:
  94:.\Generated_Source\PSoC4/Cm0Start.c **** *  None
  95:.\Generated_Source\PSoC4/Cm0Start.c **** *
  96:.\Generated_Source\PSoC4/Cm0Start.c **** * Return:
  97:.\Generated_Source\PSoC4/Cm0Start.c **** *  None
  98:.\Generated_Source\PSoC4/Cm0Start.c **** *
  99:.\Generated_Source\PSoC4/Cm0Start.c **** * Theory:
 100:.\Generated_Source\PSoC4/Cm0Start.c **** *   Any value other than zero is acceptable.
 101:.\Generated_Source\PSoC4/Cm0Start.c **** *
 102:.\Generated_Source\PSoC4/Cm0Start.c **** *******************************************************************************/
 103:.\Generated_Source\PSoC4/Cm0Start.c **** CY_NORETURN
 104:.\Generated_Source\PSoC4/Cm0Start.c **** CY_ISR(IntDefaultHandler)
 105:.\Generated_Source\PSoC4/Cm0Start.c **** {
  32              		.loc 1 105 0
  33              		.cfi_startproc
  34 0000 80B5     		push	{r7, lr}
  35              		.cfi_def_cfa_offset 8
  36              		.cfi_offset 7, -8
  37              		.cfi_offset 14, -4
  38 0002 00AF     		add	r7, sp, #0
  39              		.cfi_def_cfa_register 7
  40              	.L2:
 106:.\Generated_Source\PSoC4/Cm0Start.c ****     /***************************************************************************
 107:.\Generated_Source\PSoC4/Cm0Start.c ****     * We must not get here. If we do, a serious problem occurs, so go into
 108:.\Generated_Source\PSoC4/Cm0Start.c ****     * an infinite loop.
 109:.\Generated_Source\PSoC4/Cm0Start.c ****     ***************************************************************************/
 110:.\Generated_Source\PSoC4/Cm0Start.c ****     while(1)
 111:.\Generated_Source\PSoC4/Cm0Start.c ****     {
 112:.\Generated_Source\PSoC4/Cm0Start.c **** 
 113:.\Generated_Source\PSoC4/Cm0Start.c ****     }
  41              		.loc 1 113 0 discriminator 1
  42 0004 FEE7     		b	.L2
  43              		.cfi_endproc
  44              	.LFE0:
  45              		.size	IntDefaultHandler, .-IntDefaultHandler
  46 0006 C046     		.section	.text._exit,"ax",%progbits
  47              		.align	2
  48              		.weak	_exit
  49              		.code	16
  50              		.thumb_func
  51              		.type	_exit, %function
  52              	_exit:
  53              	.LFB1:
 114:.\Generated_Source\PSoC4/Cm0Start.c **** }
 115:.\Generated_Source\PSoC4/Cm0Start.c **** 
 116:.\Generated_Source\PSoC4/Cm0Start.c **** #if defined(__ARMCC_VERSION)
 117:.\Generated_Source\PSoC4/Cm0Start.c **** 
 118:.\Generated_Source\PSoC4/Cm0Start.c **** /* Local function for device reset. */
ARM GAS  C:\Users\SDEVAS~1\AppData\Local\Temp\ccZ4LhYG.s 			page 4


 119:.\Generated_Source\PSoC4/Cm0Start.c **** extern void Reset(void);
 120:.\Generated_Source\PSoC4/Cm0Start.c **** 
 121:.\Generated_Source\PSoC4/Cm0Start.c **** /* Application entry point. */
 122:.\Generated_Source\PSoC4/Cm0Start.c **** extern void $Super$$main(void);
 123:.\Generated_Source\PSoC4/Cm0Start.c **** 
 124:.\Generated_Source\PSoC4/Cm0Start.c **** /* Linker-generated Stack Base addresses, Two Region and One Region */
 125:.\Generated_Source\PSoC4/Cm0Start.c **** extern unsigned long Image$$ARM_LIB_STACK$$ZI$$Limit;
 126:.\Generated_Source\PSoC4/Cm0Start.c **** 
 127:.\Generated_Source\PSoC4/Cm0Start.c **** /* RealView C Library initialization. */
 128:.\Generated_Source\PSoC4/Cm0Start.c **** extern int __main(void);
 129:.\Generated_Source\PSoC4/Cm0Start.c **** 
 130:.\Generated_Source\PSoC4/Cm0Start.c **** 
 131:.\Generated_Source\PSoC4/Cm0Start.c **** /*******************************************************************************
 132:.\Generated_Source\PSoC4/Cm0Start.c **** * Function Name: Reset
 133:.\Generated_Source\PSoC4/Cm0Start.c **** ********************************************************************************
 134:.\Generated_Source\PSoC4/Cm0Start.c **** *
 135:.\Generated_Source\PSoC4/Cm0Start.c **** * Summary:
 136:.\Generated_Source\PSoC4/Cm0Start.c **** *  This function handles the reset interrupt for the RVDS/MDK toolchains.
 137:.\Generated_Source\PSoC4/Cm0Start.c **** *  This is the first bit of code that is executed at startup.
 138:.\Generated_Source\PSoC4/Cm0Start.c **** *
 139:.\Generated_Source\PSoC4/Cm0Start.c **** * Parameters:
 140:.\Generated_Source\PSoC4/Cm0Start.c **** *  None
 141:.\Generated_Source\PSoC4/Cm0Start.c **** *
 142:.\Generated_Source\PSoC4/Cm0Start.c **** * Return:
 143:.\Generated_Source\PSoC4/Cm0Start.c **** *  None
 144:.\Generated_Source\PSoC4/Cm0Start.c **** *
 145:.\Generated_Source\PSoC4/Cm0Start.c **** *******************************************************************************/
 146:.\Generated_Source\PSoC4/Cm0Start.c **** void Reset(void)
 147:.\Generated_Source\PSoC4/Cm0Start.c **** {
 148:.\Generated_Source\PSoC4/Cm0Start.c ****     #if (CYDEV_PROJ_TYPE == CYDEV_PROJ_TYPE_LOADABLE || CYDEV_PROJ_TYPE == CYDEV_PROJ_TYPE_LOADABLE
 149:.\Generated_Source\PSoC4/Cm0Start.c ****         /* The bootloadable application image is started at Reset() handler
 150:.\Generated_Source\PSoC4/Cm0Start.c ****         * as a result of a branch instruction execution from the bootloader.
 151:.\Generated_Source\PSoC4/Cm0Start.c ****         * So, the stack pointer needs to be reset to be sure that
 152:.\Generated_Source\PSoC4/Cm0Start.c ****         * there is no garbage in the stack.
 153:.\Generated_Source\PSoC4/Cm0Start.c ****         */
 154:.\Generated_Source\PSoC4/Cm0Start.c ****         register uint32_t msp __asm("msp");
 155:.\Generated_Source\PSoC4/Cm0Start.c ****         msp = (uint32_t)&Image$$ARM_LIB_STACK$$ZI$$Limit;
 156:.\Generated_Source\PSoC4/Cm0Start.c ****     #endif /*(CYDEV_PROJ_TYPE == CYDEV_PROJ_TYPE_LOADABLE || CYDEV_PROJ_TYPE == CYDEV_PROJ_TYPE_LOA
 157:.\Generated_Source\PSoC4/Cm0Start.c **** 
 158:.\Generated_Source\PSoC4/Cm0Start.c ****     #if(CY_IP_SRSSLT)
 159:.\Generated_Source\PSoC4/Cm0Start.c ****         CySysWdtDisable();
 160:.\Generated_Source\PSoC4/Cm0Start.c ****     #endif  /* (CY_IP_SRSSLT) */
 161:.\Generated_Source\PSoC4/Cm0Start.c **** 
 162:.\Generated_Source\PSoC4/Cm0Start.c ****     #if ((CYDEV_BOOTLOADER_ENABLE) && (CYDEV_PROJ_TYPE != CYDEV_PROJ_TYPE_LOADABLEANDBOOTLOADER))
 163:.\Generated_Source\PSoC4/Cm0Start.c ****         CyBtldr_CheckLaunch();
 164:.\Generated_Source\PSoC4/Cm0Start.c ****     #endif /* ((CYDEV_BOOTLOADER_ENABLE) && (CYDEV_PROJ_TYPE != CYDEV_PROJ_TYPE_LOADABLEANDBOOTLOAD
 165:.\Generated_Source\PSoC4/Cm0Start.c **** 
 166:.\Generated_Source\PSoC4/Cm0Start.c ****     __main();
 167:.\Generated_Source\PSoC4/Cm0Start.c **** }
 168:.\Generated_Source\PSoC4/Cm0Start.c **** 
 169:.\Generated_Source\PSoC4/Cm0Start.c **** /*******************************************************************************
 170:.\Generated_Source\PSoC4/Cm0Start.c **** * Function Name: $Sub$$main
 171:.\Generated_Source\PSoC4/Cm0Start.c **** ********************************************************************************
 172:.\Generated_Source\PSoC4/Cm0Start.c **** *
 173:.\Generated_Source\PSoC4/Cm0Start.c **** * Summary:
 174:.\Generated_Source\PSoC4/Cm0Start.c **** *  This function is called immediately before the users main
 175:.\Generated_Source\PSoC4/Cm0Start.c **** *
ARM GAS  C:\Users\SDEVAS~1\AppData\Local\Temp\ccZ4LhYG.s 			page 5


 176:.\Generated_Source\PSoC4/Cm0Start.c **** * Parameters:
 177:.\Generated_Source\PSoC4/Cm0Start.c **** *  None
 178:.\Generated_Source\PSoC4/Cm0Start.c **** *
 179:.\Generated_Source\PSoC4/Cm0Start.c **** * Return:
 180:.\Generated_Source\PSoC4/Cm0Start.c **** *  None
 181:.\Generated_Source\PSoC4/Cm0Start.c **** *
 182:.\Generated_Source\PSoC4/Cm0Start.c **** *******************************************************************************/
 183:.\Generated_Source\PSoC4/Cm0Start.c **** __attribute__ ((noreturn, __noinline__))
 184:.\Generated_Source\PSoC4/Cm0Start.c **** void $Sub$$main(void)
 185:.\Generated_Source\PSoC4/Cm0Start.c **** {
 186:.\Generated_Source\PSoC4/Cm0Start.c ****     initialize_psoc();
 187:.\Generated_Source\PSoC4/Cm0Start.c **** 
 188:.\Generated_Source\PSoC4/Cm0Start.c ****     /* Call original main */
 189:.\Generated_Source\PSoC4/Cm0Start.c ****     $Super$$main();
 190:.\Generated_Source\PSoC4/Cm0Start.c **** 
 191:.\Generated_Source\PSoC4/Cm0Start.c ****     while (1)
 192:.\Generated_Source\PSoC4/Cm0Start.c ****     {
 193:.\Generated_Source\PSoC4/Cm0Start.c ****         /* If main returns it is undefined what we should do. */
 194:.\Generated_Source\PSoC4/Cm0Start.c ****     }
 195:.\Generated_Source\PSoC4/Cm0Start.c **** }
 196:.\Generated_Source\PSoC4/Cm0Start.c **** 
 197:.\Generated_Source\PSoC4/Cm0Start.c **** #elif defined(__GNUC__)
 198:.\Generated_Source\PSoC4/Cm0Start.c **** 
 199:.\Generated_Source\PSoC4/Cm0Start.c **** /* Stack Base address */
 200:.\Generated_Source\PSoC4/Cm0Start.c **** extern void __cy_stack(void);
 201:.\Generated_Source\PSoC4/Cm0Start.c **** 
 202:.\Generated_Source\PSoC4/Cm0Start.c **** /* Application entry point. */
 203:.\Generated_Source\PSoC4/Cm0Start.c **** extern int main(void);
 204:.\Generated_Source\PSoC4/Cm0Start.c **** 
 205:.\Generated_Source\PSoC4/Cm0Start.c **** /* The static objects constructors initializer */
 206:.\Generated_Source\PSoC4/Cm0Start.c **** extern void __libc_init_array(void);
 207:.\Generated_Source\PSoC4/Cm0Start.c **** 
 208:.\Generated_Source\PSoC4/Cm0Start.c **** typedef unsigned char __cy_byte_align8 __attribute ((aligned (8)));
 209:.\Generated_Source\PSoC4/Cm0Start.c **** 
 210:.\Generated_Source\PSoC4/Cm0Start.c **** struct __cy_region
 211:.\Generated_Source\PSoC4/Cm0Start.c **** {
 212:.\Generated_Source\PSoC4/Cm0Start.c ****     __cy_byte_align8 *init; /* Initial contents of this region.  */
 213:.\Generated_Source\PSoC4/Cm0Start.c ****     __cy_byte_align8 *data; /* Start address of region.  */
 214:.\Generated_Source\PSoC4/Cm0Start.c ****     size_t init_size;       /* Size of initial data.  */
 215:.\Generated_Source\PSoC4/Cm0Start.c ****     size_t zero_size;       /* Additional size to be zeroed.  */
 216:.\Generated_Source\PSoC4/Cm0Start.c **** };
 217:.\Generated_Source\PSoC4/Cm0Start.c **** 
 218:.\Generated_Source\PSoC4/Cm0Start.c **** extern const struct __cy_region __cy_regions[];
 219:.\Generated_Source\PSoC4/Cm0Start.c **** extern const char __cy_region_num __attribute__((weak));
 220:.\Generated_Source\PSoC4/Cm0Start.c **** #define __cy_region_num ((size_t)&__cy_region_num)
 221:.\Generated_Source\PSoC4/Cm0Start.c **** 
 222:.\Generated_Source\PSoC4/Cm0Start.c **** 
 223:.\Generated_Source\PSoC4/Cm0Start.c **** /*******************************************************************************
 224:.\Generated_Source\PSoC4/Cm0Start.c **** * System Calls of the Red Hat newlib C Library
 225:.\Generated_Source\PSoC4/Cm0Start.c **** *******************************************************************************/
 226:.\Generated_Source\PSoC4/Cm0Start.c **** 
 227:.\Generated_Source\PSoC4/Cm0Start.c **** 
 228:.\Generated_Source\PSoC4/Cm0Start.c **** /*******************************************************************************
 229:.\Generated_Source\PSoC4/Cm0Start.c **** * Function Name: _exit
 230:.\Generated_Source\PSoC4/Cm0Start.c **** ********************************************************************************
 231:.\Generated_Source\PSoC4/Cm0Start.c **** *
 232:.\Generated_Source\PSoC4/Cm0Start.c **** * Summary:
ARM GAS  C:\Users\SDEVAS~1\AppData\Local\Temp\ccZ4LhYG.s 			page 6


 233:.\Generated_Source\PSoC4/Cm0Start.c **** *  Exit a program without cleaning up files. If your system doesn't provide
 234:.\Generated_Source\PSoC4/Cm0Start.c **** *  this, it is best to avoid linking with subroutines that require it (exit,
 235:.\Generated_Source\PSoC4/Cm0Start.c **** *  system).
 236:.\Generated_Source\PSoC4/Cm0Start.c **** *
 237:.\Generated_Source\PSoC4/Cm0Start.c **** * Parameters:
 238:.\Generated_Source\PSoC4/Cm0Start.c **** *  status: Status caused program exit.
 239:.\Generated_Source\PSoC4/Cm0Start.c **** *
 240:.\Generated_Source\PSoC4/Cm0Start.c **** * Return:
 241:.\Generated_Source\PSoC4/Cm0Start.c **** *  None
 242:.\Generated_Source\PSoC4/Cm0Start.c **** *
 243:.\Generated_Source\PSoC4/Cm0Start.c **** *******************************************************************************/
 244:.\Generated_Source\PSoC4/Cm0Start.c **** __attribute__((weak))
 245:.\Generated_Source\PSoC4/Cm0Start.c **** void _exit(int status)
 246:.\Generated_Source\PSoC4/Cm0Start.c **** {
  54              		.loc 1 246 0
  55              		.cfi_startproc
  56 0000 80B5     		push	{r7, lr}
  57              		.cfi_def_cfa_offset 8
  58              		.cfi_offset 7, -8
  59              		.cfi_offset 14, -4
  60 0002 82B0     		sub	sp, sp, #8
  61              		.cfi_def_cfa_offset 16
  62 0004 00AF     		add	r7, sp, #0
  63              		.cfi_def_cfa_register 7
  64 0006 7860     		str	r0, [r7, #4]
 247:.\Generated_Source\PSoC4/Cm0Start.c ****     CyHalt((uint8) status);
  65              		.loc 1 247 0
  66 0008 7B68     		ldr	r3, [r7, #4]
  67 000a DBB2     		uxtb	r3, r3
  68 000c 181C     		mov	r0, r3
  69 000e FFF7FEFF 		bl	CyHalt
  70              	.L4:
 248:.\Generated_Source\PSoC4/Cm0Start.c **** 
 249:.\Generated_Source\PSoC4/Cm0Start.c ****     while(1)
 250:.\Generated_Source\PSoC4/Cm0Start.c ****     {
 251:.\Generated_Source\PSoC4/Cm0Start.c **** 
 252:.\Generated_Source\PSoC4/Cm0Start.c ****     }
  71              		.loc 1 252 0 discriminator 1
  72 0012 FEE7     		b	.L4
  73              		.cfi_endproc
  74              	.LFE1:
  75              		.size	_exit, .-_exit
  76              		.section	.text._sbrk,"ax",%progbits
  77              		.align	2
  78              		.weak	_sbrk
  79              		.code	16
  80              		.thumb_func
  81              		.type	_sbrk, %function
  82              	_sbrk:
  83              	.LFB2:
 253:.\Generated_Source\PSoC4/Cm0Start.c **** }
 254:.\Generated_Source\PSoC4/Cm0Start.c **** 
 255:.\Generated_Source\PSoC4/Cm0Start.c **** 
 256:.\Generated_Source\PSoC4/Cm0Start.c **** /*******************************************************************************
 257:.\Generated_Source\PSoC4/Cm0Start.c **** * Function Name: _sbrk
 258:.\Generated_Source\PSoC4/Cm0Start.c **** ********************************************************************************
 259:.\Generated_Source\PSoC4/Cm0Start.c **** *
ARM GAS  C:\Users\SDEVAS~1\AppData\Local\Temp\ccZ4LhYG.s 			page 7


 260:.\Generated_Source\PSoC4/Cm0Start.c **** * Summary:
 261:.\Generated_Source\PSoC4/Cm0Start.c **** *  Increase program data space. As malloc and related functions depend on this,
 262:.\Generated_Source\PSoC4/Cm0Start.c **** *  it is useful to have a working implementation. The following suffices for a
 263:.\Generated_Source\PSoC4/Cm0Start.c **** *  standalone system; it exploits the symbol end automatically defined by the
 264:.\Generated_Source\PSoC4/Cm0Start.c **** *  GNU linker.
 265:.\Generated_Source\PSoC4/Cm0Start.c **** *
 266:.\Generated_Source\PSoC4/Cm0Start.c **** * Parameters:
 267:.\Generated_Source\PSoC4/Cm0Start.c **** *  nbytes: The number of bytes requested (if the parameter value is positive)
 268:.\Generated_Source\PSoC4/Cm0Start.c **** *  from the heap or returned back to the heap (if the parameter value is
 269:.\Generated_Source\PSoC4/Cm0Start.c **** *  negative).
 270:.\Generated_Source\PSoC4/Cm0Start.c **** *
 271:.\Generated_Source\PSoC4/Cm0Start.c **** * Return:
 272:.\Generated_Source\PSoC4/Cm0Start.c **** *  None
 273:.\Generated_Source\PSoC4/Cm0Start.c **** *
 274:.\Generated_Source\PSoC4/Cm0Start.c **** *******************************************************************************/
 275:.\Generated_Source\PSoC4/Cm0Start.c **** __attribute__((weak))
 276:.\Generated_Source\PSoC4/Cm0Start.c **** void * _sbrk (int nbytes)
 277:.\Generated_Source\PSoC4/Cm0Start.c **** {
  84              		.loc 1 277 0
  85              		.cfi_startproc
  86 0000 80B5     		push	{r7, lr}
  87              		.cfi_def_cfa_offset 8
  88              		.cfi_offset 7, -8
  89              		.cfi_offset 14, -4
  90 0002 84B0     		sub	sp, sp, #16
  91              		.cfi_def_cfa_offset 24
  92 0004 00AF     		add	r7, sp, #0
  93              		.cfi_def_cfa_register 7
  94 0006 7860     		str	r0, [r7, #4]
 278:.\Generated_Source\PSoC4/Cm0Start.c ****     extern int  end;            /* Symbol defined by linker map. Start of free memory (as symbol). 
 279:.\Generated_Source\PSoC4/Cm0Start.c ****     void *      returnValue;
 280:.\Generated_Source\PSoC4/Cm0Start.c **** 
 281:.\Generated_Source\PSoC4/Cm0Start.c ****     /* The statically held previous end of the heap, with its initialization. */
 282:.\Generated_Source\PSoC4/Cm0Start.c ****     static void *heapPointer = (void *) &end;                 /* Previous end */
 283:.\Generated_Source\PSoC4/Cm0Start.c **** 
 284:.\Generated_Source\PSoC4/Cm0Start.c ****     if (((heapPointer + nbytes) - (void *) &end) <= CYDEV_HEAP_SIZE)
  95              		.loc 1 284 0
  96 0008 0F4B     		ldr	r3, .L9
  97 000a 1A68     		ldr	r2, [r3]
  98 000c 7B68     		ldr	r3, [r7, #4]
  99 000e D318     		add	r3, r2, r3
 100 0010 1A1C     		mov	r2, r3
 101 0012 0E4B     		ldr	r3, .L9+4
 102 0014 D31A     		sub	r3, r2, r3
 103 0016 802B     		cmp	r3, #128
 104 0018 09DC     		bgt	.L6
 285:.\Generated_Source\PSoC4/Cm0Start.c ****     {
 286:.\Generated_Source\PSoC4/Cm0Start.c ****         returnValue  = heapPointer;
 105              		.loc 1 286 0
 106 001a 0B4B     		ldr	r3, .L9
 107 001c 1B68     		ldr	r3, [r3]
 108 001e FB60     		str	r3, [r7, #12]
 287:.\Generated_Source\PSoC4/Cm0Start.c ****         heapPointer += nbytes;
 109              		.loc 1 287 0
 110 0020 094B     		ldr	r3, .L9
 111 0022 1A68     		ldr	r2, [r3]
 112 0024 7B68     		ldr	r3, [r7, #4]
ARM GAS  C:\Users\SDEVAS~1\AppData\Local\Temp\ccZ4LhYG.s 			page 8


 113 0026 D218     		add	r2, r2, r3
 114 0028 074B     		ldr	r3, .L9
 115 002a 1A60     		str	r2, [r3]
 116 002c 07E0     		b	.L7
 117              	.L6:
 288:.\Generated_Source\PSoC4/Cm0Start.c ****     }
 289:.\Generated_Source\PSoC4/Cm0Start.c ****     else
 290:.\Generated_Source\PSoC4/Cm0Start.c ****     {
 291:.\Generated_Source\PSoC4/Cm0Start.c ****         errno = ENOMEM;
 118              		.loc 1 291 0
 119 002e FFF7FEFF 		bl	__errno
 120 0032 031C     		mov	r3, r0
 121 0034 0C22     		mov	r2, #12
 122 0036 1A60     		str	r2, [r3]
 292:.\Generated_Source\PSoC4/Cm0Start.c ****         returnValue = (void *) -1;
 123              		.loc 1 292 0
 124 0038 0123     		mov	r3, #1
 125 003a 5B42     		neg	r3, r3
 126 003c FB60     		str	r3, [r7, #12]
 127              	.L7:
 293:.\Generated_Source\PSoC4/Cm0Start.c ****     }
 294:.\Generated_Source\PSoC4/Cm0Start.c **** 
 295:.\Generated_Source\PSoC4/Cm0Start.c ****     return (returnValue);
 128              		.loc 1 295 0
 129 003e FB68     		ldr	r3, [r7, #12]
 296:.\Generated_Source\PSoC4/Cm0Start.c **** }
 130              		.loc 1 296 0
 131 0040 181C     		mov	r0, r3
 132 0042 BD46     		mov	sp, r7
 133 0044 04B0     		add	sp, sp, #16
 134              		@ sp needed
 135 0046 80BD     		pop	{r7, pc}
 136              	.L10:
 137              		.align	2
 138              	.L9:
 139 0048 00000000 		.word	heapPointer.4716
 140 004c 00000000 		.word	end
 141              		.cfi_endproc
 142              	.LFE2:
 143              		.size	_sbrk, .-_sbrk
 144              		.section	.text.Start_c,"ax",%progbits
 145              		.align	2
 146              		.global	Start_c
 147              		.code	16
 148              		.thumb_func
 149              		.type	Start_c, %function
 150              	Start_c:
 151              	.LFB3:
 297:.\Generated_Source\PSoC4/Cm0Start.c **** 
 298:.\Generated_Source\PSoC4/Cm0Start.c **** 
 299:.\Generated_Source\PSoC4/Cm0Start.c **** /*******************************************************************************
 300:.\Generated_Source\PSoC4/Cm0Start.c **** * Function Name: Start_c
 301:.\Generated_Source\PSoC4/Cm0Start.c **** ********************************************************************************
 302:.\Generated_Source\PSoC4/Cm0Start.c **** *
 303:.\Generated_Source\PSoC4/Cm0Start.c **** * Summary:
 304:.\Generated_Source\PSoC4/Cm0Start.c **** *  This function handles initializing the .data and .bss sections in
 305:.\Generated_Source\PSoC4/Cm0Start.c **** *  preparation for running the standard c code.  Once initialization is complete
ARM GAS  C:\Users\SDEVAS~1\AppData\Local\Temp\ccZ4LhYG.s 			page 9


 306:.\Generated_Source\PSoC4/Cm0Start.c **** *  it will call main().  This function will never return.
 307:.\Generated_Source\PSoC4/Cm0Start.c **** *
 308:.\Generated_Source\PSoC4/Cm0Start.c **** * Parameters:
 309:.\Generated_Source\PSoC4/Cm0Start.c **** *  None
 310:.\Generated_Source\PSoC4/Cm0Start.c **** *
 311:.\Generated_Source\PSoC4/Cm0Start.c **** * Return:
 312:.\Generated_Source\PSoC4/Cm0Start.c **** *  None
 313:.\Generated_Source\PSoC4/Cm0Start.c **** *
 314:.\Generated_Source\PSoC4/Cm0Start.c **** *******************************************************************************/
 315:.\Generated_Source\PSoC4/Cm0Start.c **** void Start_c(void)  __attribute__ ((noreturn, noinline));
 316:.\Generated_Source\PSoC4/Cm0Start.c **** void Start_c(void)
 317:.\Generated_Source\PSoC4/Cm0Start.c **** {
 152              		.loc 1 317 0
 153              		.cfi_startproc
 154 0000 80B5     		push	{r7, lr}
 155              		.cfi_def_cfa_offset 8
 156              		.cfi_offset 7, -8
 157              		.cfi_offset 14, -4
 158 0002 86B0     		sub	sp, sp, #24
 159              		.cfi_def_cfa_offset 32
 160 0004 00AF     		add	r7, sp, #0
 161              		.cfi_def_cfa_register 7
 318:.\Generated_Source\PSoC4/Cm0Start.c ****     unsigned regions = __cy_region_num;
 162              		.loc 1 318 0
 163 0006 224B     		ldr	r3, .L19
 164 0008 7B61     		str	r3, [r7, #20]
 319:.\Generated_Source\PSoC4/Cm0Start.c ****     const struct __cy_region *rptr = __cy_regions;
 165              		.loc 1 319 0
 166 000a 224B     		ldr	r3, .L19+4
 167 000c 3B61     		str	r3, [r7, #16]
 320:.\Generated_Source\PSoC4/Cm0Start.c **** 
 321:.\Generated_Source\PSoC4/Cm0Start.c ****     /* Initialize memory */
 322:.\Generated_Source\PSoC4/Cm0Start.c ****     for (regions = __cy_region_num; regions != 0u; regions--)
 168              		.loc 1 322 0
 169 000e 204B     		ldr	r3, .L19
 170 0010 7B61     		str	r3, [r7, #20]
 171 0012 35E0     		b	.L12
 172              	.L17:
 173              	.LBB2:
 323:.\Generated_Source\PSoC4/Cm0Start.c ****     {
 324:.\Generated_Source\PSoC4/Cm0Start.c ****         uint32 *src = (uint32 *)rptr->init;
 174              		.loc 1 324 0
 175 0014 3B69     		ldr	r3, [r7, #16]
 176 0016 1B68     		ldr	r3, [r3]
 177 0018 FB60     		str	r3, [r7, #12]
 325:.\Generated_Source\PSoC4/Cm0Start.c ****         uint32 *dst = (uint32 *)rptr->data;
 178              		.loc 1 325 0
 179 001a 3B69     		ldr	r3, [r7, #16]
 180 001c 5B68     		ldr	r3, [r3, #4]
 181 001e BB60     		str	r3, [r7, #8]
 326:.\Generated_Source\PSoC4/Cm0Start.c ****         unsigned limit = rptr->init_size;
 182              		.loc 1 326 0
 183 0020 3B69     		ldr	r3, [r7, #16]
 184 0022 9B68     		ldr	r3, [r3, #8]
 185 0024 3B60     		str	r3, [r7]
 327:.\Generated_Source\PSoC4/Cm0Start.c ****         unsigned count;
 328:.\Generated_Source\PSoC4/Cm0Start.c **** 
ARM GAS  C:\Users\SDEVAS~1\AppData\Local\Temp\ccZ4LhYG.s 			page 10


 329:.\Generated_Source\PSoC4/Cm0Start.c ****         for (count = 0u; count != limit; count += sizeof (uint32))
 186              		.loc 1 329 0
 187 0026 0023     		mov	r3, #0
 188 0028 7B60     		str	r3, [r7, #4]
 189 002a 0CE0     		b	.L13
 190              	.L14:
 330:.\Generated_Source\PSoC4/Cm0Start.c ****         {
 331:.\Generated_Source\PSoC4/Cm0Start.c ****             *dst = *src;
 191              		.loc 1 331 0 discriminator 2
 192 002c FB68     		ldr	r3, [r7, #12]
 193 002e 1A68     		ldr	r2, [r3]
 194 0030 BB68     		ldr	r3, [r7, #8]
 195 0032 1A60     		str	r2, [r3]
 332:.\Generated_Source\PSoC4/Cm0Start.c ****             dst++;
 196              		.loc 1 332 0 discriminator 2
 197 0034 BB68     		ldr	r3, [r7, #8]
 198 0036 0433     		add	r3, r3, #4
 199 0038 BB60     		str	r3, [r7, #8]
 333:.\Generated_Source\PSoC4/Cm0Start.c ****             src++;
 200              		.loc 1 333 0 discriminator 2
 201 003a FB68     		ldr	r3, [r7, #12]
 202 003c 0433     		add	r3, r3, #4
 203 003e FB60     		str	r3, [r7, #12]
 329:.\Generated_Source\PSoC4/Cm0Start.c ****         for (count = 0u; count != limit; count += sizeof (uint32))
 204              		.loc 1 329 0 discriminator 2
 205 0040 7B68     		ldr	r3, [r7, #4]
 206 0042 0433     		add	r3, r3, #4
 207 0044 7B60     		str	r3, [r7, #4]
 208              	.L13:
 329:.\Generated_Source\PSoC4/Cm0Start.c ****         for (count = 0u; count != limit; count += sizeof (uint32))
 209              		.loc 1 329 0 is_stmt 0 discriminator 1
 210 0046 7A68     		ldr	r2, [r7, #4]
 211 0048 3B68     		ldr	r3, [r7]
 212 004a 9A42     		cmp	r2, r3
 213 004c EED1     		bne	.L14
 334:.\Generated_Source\PSoC4/Cm0Start.c ****         }
 335:.\Generated_Source\PSoC4/Cm0Start.c ****         limit = rptr->zero_size;
 214              		.loc 1 335 0 is_stmt 1
 215 004e 3B69     		ldr	r3, [r7, #16]
 216 0050 DB68     		ldr	r3, [r3, #12]
 217 0052 3B60     		str	r3, [r7]
 336:.\Generated_Source\PSoC4/Cm0Start.c ****         for (count = 0u; count != limit; count += sizeof (uint32))
 218              		.loc 1 336 0
 219 0054 0023     		mov	r3, #0
 220 0056 7B60     		str	r3, [r7, #4]
 221 0058 08E0     		b	.L15
 222              	.L16:
 337:.\Generated_Source\PSoC4/Cm0Start.c ****         {
 338:.\Generated_Source\PSoC4/Cm0Start.c ****             *dst = 0u;
 223              		.loc 1 338 0 discriminator 2
 224 005a BB68     		ldr	r3, [r7, #8]
 225 005c 0022     		mov	r2, #0
 226 005e 1A60     		str	r2, [r3]
 339:.\Generated_Source\PSoC4/Cm0Start.c ****             dst++;
 227              		.loc 1 339 0 discriminator 2
 228 0060 BB68     		ldr	r3, [r7, #8]
 229 0062 0433     		add	r3, r3, #4
ARM GAS  C:\Users\SDEVAS~1\AppData\Local\Temp\ccZ4LhYG.s 			page 11


 230 0064 BB60     		str	r3, [r7, #8]
 336:.\Generated_Source\PSoC4/Cm0Start.c ****         for (count = 0u; count != limit; count += sizeof (uint32))
 231              		.loc 1 336 0 discriminator 2
 232 0066 7B68     		ldr	r3, [r7, #4]
 233 0068 0433     		add	r3, r3, #4
 234 006a 7B60     		str	r3, [r7, #4]
 235              	.L15:
 336:.\Generated_Source\PSoC4/Cm0Start.c ****         for (count = 0u; count != limit; count += sizeof (uint32))
 236              		.loc 1 336 0 is_stmt 0 discriminator 1
 237 006c 7A68     		ldr	r2, [r7, #4]
 238 006e 3B68     		ldr	r3, [r7]
 239 0070 9A42     		cmp	r2, r3
 240 0072 F2D1     		bne	.L16
 340:.\Generated_Source\PSoC4/Cm0Start.c ****         }
 341:.\Generated_Source\PSoC4/Cm0Start.c **** 
 342:.\Generated_Source\PSoC4/Cm0Start.c ****         rptr++;
 241              		.loc 1 342 0 is_stmt 1
 242 0074 3B69     		ldr	r3, [r7, #16]
 243 0076 1033     		add	r3, r3, #16
 244 0078 3B61     		str	r3, [r7, #16]
 245              	.LBE2:
 322:.\Generated_Source\PSoC4/Cm0Start.c ****     for (regions = __cy_region_num; regions != 0u; regions--)
 246              		.loc 1 322 0
 247 007a 7B69     		ldr	r3, [r7, #20]
 248 007c 013B     		sub	r3, r3, #1
 249 007e 7B61     		str	r3, [r7, #20]
 250              	.L12:
 322:.\Generated_Source\PSoC4/Cm0Start.c ****     for (regions = __cy_region_num; regions != 0u; regions--)
 251              		.loc 1 322 0 is_stmt 0 discriminator 1
 252 0080 7B69     		ldr	r3, [r7, #20]
 253 0082 002B     		cmp	r3, #0
 254 0084 C6D1     		bne	.L17
 343:.\Generated_Source\PSoC4/Cm0Start.c ****     }
 344:.\Generated_Source\PSoC4/Cm0Start.c **** 
 345:.\Generated_Source\PSoC4/Cm0Start.c ****     /* Invoke static objects constructors */
 346:.\Generated_Source\PSoC4/Cm0Start.c ****     __libc_init_array();
 255              		.loc 1 346 0 is_stmt 1
 256 0086 FFF7FEFF 		bl	__libc_init_array
 347:.\Generated_Source\PSoC4/Cm0Start.c ****     (void) main();
 257              		.loc 1 347 0
 258 008a FFF7FEFF 		bl	main
 259              	.L18:
 348:.\Generated_Source\PSoC4/Cm0Start.c **** 
 349:.\Generated_Source\PSoC4/Cm0Start.c ****     while (1)
 350:.\Generated_Source\PSoC4/Cm0Start.c ****     {
 351:.\Generated_Source\PSoC4/Cm0Start.c ****         /* If main returns, make sure we don't return. */
 352:.\Generated_Source\PSoC4/Cm0Start.c ****     }
 260              		.loc 1 352 0 discriminator 1
 261 008e FEE7     		b	.L18
 262              	.L20:
 263              		.align	2
 264              	.L19:
 265 0090 00000000 		.word	__cy_region_num
 266 0094 00000000 		.word	__cy_regions
 267              		.cfi_endproc
 268              	.LFE3:
 269              		.size	Start_c, .-Start_c
ARM GAS  C:\Users\SDEVAS~1\AppData\Local\Temp\ccZ4LhYG.s 			page 12


 270              		.section	.text.Reset,"ax",%progbits
 271              		.align	2
 272              		.global	Reset
 273              		.code	16
 274              		.thumb_func
 275              		.type	Reset, %function
 276              	Reset:
 277              	.LFB4:
 353:.\Generated_Source\PSoC4/Cm0Start.c **** }
 354:.\Generated_Source\PSoC4/Cm0Start.c **** 
 355:.\Generated_Source\PSoC4/Cm0Start.c **** 
 356:.\Generated_Source\PSoC4/Cm0Start.c **** /*******************************************************************************
 357:.\Generated_Source\PSoC4/Cm0Start.c **** * Function Name: Reset
 358:.\Generated_Source\PSoC4/Cm0Start.c **** ********************************************************************************
 359:.\Generated_Source\PSoC4/Cm0Start.c **** *
 360:.\Generated_Source\PSoC4/Cm0Start.c **** * Summary:
 361:.\Generated_Source\PSoC4/Cm0Start.c **** *  This function handles the reset interrupt for the GCC toolchain.  This is
 362:.\Generated_Source\PSoC4/Cm0Start.c **** *  the first bit of code that is executed at startup.
 363:.\Generated_Source\PSoC4/Cm0Start.c **** *
 364:.\Generated_Source\PSoC4/Cm0Start.c **** * Parameters:
 365:.\Generated_Source\PSoC4/Cm0Start.c **** *  None
 366:.\Generated_Source\PSoC4/Cm0Start.c **** *
 367:.\Generated_Source\PSoC4/Cm0Start.c **** * Return:
 368:.\Generated_Source\PSoC4/Cm0Start.c **** *  None
 369:.\Generated_Source\PSoC4/Cm0Start.c **** *
 370:.\Generated_Source\PSoC4/Cm0Start.c **** *******************************************************************************/
 371:.\Generated_Source\PSoC4/Cm0Start.c **** void Reset(void)
 372:.\Generated_Source\PSoC4/Cm0Start.c **** {
 278              		.loc 1 372 0
 279              		.cfi_startproc
 280 0000 80B5     		push	{r7, lr}
 281              		.cfi_def_cfa_offset 8
 282              		.cfi_offset 7, -8
 283              		.cfi_offset 14, -4
 284 0002 00AF     		add	r7, sp, #0
 285              		.cfi_def_cfa_register 7
 373:.\Generated_Source\PSoC4/Cm0Start.c ****     #if (CYDEV_PROJ_TYPE == CYDEV_PROJ_TYPE_LOADABLE || CYDEV_PROJ_TYPE == CYDEV_PROJ_TYPE_LOADABLE
 374:.\Generated_Source\PSoC4/Cm0Start.c **** 
 375:.\Generated_Source\PSoC4/Cm0Start.c ****         /* The bootloadable application image is started at Reset() handler
 376:.\Generated_Source\PSoC4/Cm0Start.c ****         * as a result of a branch instruction execution from the bootloader.
 377:.\Generated_Source\PSoC4/Cm0Start.c ****         * So, the stack pointer needs to be reset to be sure that
 378:.\Generated_Source\PSoC4/Cm0Start.c ****         * there is no garbage in the stack.
 379:.\Generated_Source\PSoC4/Cm0Start.c ****         */
 380:.\Generated_Source\PSoC4/Cm0Start.c ****         __asm volatile ("MSR msp, %0\n" : : "r" ((uint32)&__cy_stack) : "sp");
 381:.\Generated_Source\PSoC4/Cm0Start.c ****     #endif /* CYDEV_PROJ_TYPE_LOADABLE */
 382:.\Generated_Source\PSoC4/Cm0Start.c **** 
 383:.\Generated_Source\PSoC4/Cm0Start.c ****     #if(CY_IP_SRSSLT)
 384:.\Generated_Source\PSoC4/Cm0Start.c ****         CySysWdtDisable();
 385:.\Generated_Source\PSoC4/Cm0Start.c ****     #endif  /* (CY_IP_SRSSLT) */
 386:.\Generated_Source\PSoC4/Cm0Start.c **** 
 387:.\Generated_Source\PSoC4/Cm0Start.c ****     #if ((CYDEV_BOOTLOADER_ENABLE) && (CYDEV_PROJ_TYPE != CYDEV_PROJ_TYPE_LOADABLEANDBOOTLOADER))
 388:.\Generated_Source\PSoC4/Cm0Start.c ****         CyBtldr_CheckLaunch();
 389:.\Generated_Source\PSoC4/Cm0Start.c ****     #endif /* ((CYDEV_BOOTLOADER_ENABLE) && (CYDEV_PROJ_TYPE != CYDEV_PROJ_TYPE_LOADABLEANDBOOTLOAD
 390:.\Generated_Source\PSoC4/Cm0Start.c ****     Start_c();
 286              		.loc 1 390 0
 287 0004 FFF7FEFF 		bl	Start_c
 288              		.cfi_endproc
ARM GAS  C:\Users\SDEVAS~1\AppData\Local\Temp\ccZ4LhYG.s 			page 13


 289              	.LFE4:
 290              		.size	Reset, .-Reset
 291              		.global	CyRamVectors
 292              		.section	.ramvectors,"aw",%progbits
 293              		.align	2
 294              		.type	CyRamVectors, %object
 295              		.size	CyRamVectors, 192
 296              	CyRamVectors:
 297 0000 00000000 		.space	192
 297      00000000 
 297      00000000 
 297      00000000 
 297      00000000 
 298              		.global	RomVectors
 299              		.section	.romvectors,"a",%progbits
 300              		.align	2
 301              		.type	RomVectors, %object
 302              		.size	RomVectors, 16
 303              	RomVectors:
 304 0000 00000000 		.word	__cy_stack
 305 0004 00000000 		.word	Reset
 306 0008 00000000 		.word	IntDefaultHandler
 307 000c 00000000 		.word	IntDefaultHandler
 308              		.section	.text.initialize_psoc,"ax",%progbits
 309              		.align	2
 310              		.global	initialize_psoc
 311              		.code	16
 312              		.thumb_func
 313              		.type	initialize_psoc, %function
 314              	initialize_psoc:
 315              	.LFB5:
 391:.\Generated_Source\PSoC4/Cm0Start.c **** }
 392:.\Generated_Source\PSoC4/Cm0Start.c **** 
 393:.\Generated_Source\PSoC4/Cm0Start.c **** #elif defined (__ICCARM__)
 394:.\Generated_Source\PSoC4/Cm0Start.c **** 
 395:.\Generated_Source\PSoC4/Cm0Start.c **** 
 396:.\Generated_Source\PSoC4/Cm0Start.c **** /*******************************************************************************
 397:.\Generated_Source\PSoC4/Cm0Start.c **** * Function Name: __low_level_init
 398:.\Generated_Source\PSoC4/Cm0Start.c **** ********************************************************************************
 399:.\Generated_Source\PSoC4/Cm0Start.c **** *
 400:.\Generated_Source\PSoC4/Cm0Start.c **** * Summary:
 401:.\Generated_Source\PSoC4/Cm0Start.c **** *  This function performs early initializations for the IAR Embedded
 402:.\Generated_Source\PSoC4/Cm0Start.c **** *  Workbench IDE. It is executed in the context of reset interrupt handler
 403:.\Generated_Source\PSoC4/Cm0Start.c **** *  before the data sections are initialized.
 404:.\Generated_Source\PSoC4/Cm0Start.c **** *
 405:.\Generated_Source\PSoC4/Cm0Start.c **** * Parameters:
 406:.\Generated_Source\PSoC4/Cm0Start.c **** *  None
 407:.\Generated_Source\PSoC4/Cm0Start.c **** *
 408:.\Generated_Source\PSoC4/Cm0Start.c **** * Return:
 409:.\Generated_Source\PSoC4/Cm0Start.c **** *  The value that determines whether or not data sections should be initialized
 410:.\Generated_Source\PSoC4/Cm0Start.c **** *  by the system startup code:
 411:.\Generated_Source\PSoC4/Cm0Start.c **** *    0 - skip data sections initialization;
 412:.\Generated_Source\PSoC4/Cm0Start.c **** *    1 - initialize data sections;
 413:.\Generated_Source\PSoC4/Cm0Start.c **** *
 414:.\Generated_Source\PSoC4/Cm0Start.c **** *******************************************************************************/
 415:.\Generated_Source\PSoC4/Cm0Start.c **** #pragma inline = never
 416:.\Generated_Source\PSoC4/Cm0Start.c **** int __low_level_init(void)
ARM GAS  C:\Users\SDEVAS~1\AppData\Local\Temp\ccZ4LhYG.s 			page 14


 417:.\Generated_Source\PSoC4/Cm0Start.c **** {
 418:.\Generated_Source\PSoC4/Cm0Start.c ****     #if(CY_IP_SRSSLT)
 419:.\Generated_Source\PSoC4/Cm0Start.c ****         CySysWdtDisable();
 420:.\Generated_Source\PSoC4/Cm0Start.c ****     #endif  /* (CY_IP_SRSSLT) */
 421:.\Generated_Source\PSoC4/Cm0Start.c **** 
 422:.\Generated_Source\PSoC4/Cm0Start.c **** #if ((CYDEV_BOOTLOADER_ENABLE) && (CYDEV_PROJ_TYPE != CYDEV_PROJ_TYPE_LOADABLEANDBOOTLOADER))
 423:.\Generated_Source\PSoC4/Cm0Start.c ****     CyBtldr_CheckLaunch();
 424:.\Generated_Source\PSoC4/Cm0Start.c **** #endif /* ((CYDEV_BOOTLOADER_ENABLE) && (CYDEV_PROJ_TYPE != CYDEV_PROJ_TYPE_LOADABLEANDBOOTLOADER))
 425:.\Generated_Source\PSoC4/Cm0Start.c **** 
 426:.\Generated_Source\PSoC4/Cm0Start.c ****     /* Initialize data sections */
 427:.\Generated_Source\PSoC4/Cm0Start.c ****     __iar_data_init3();
 428:.\Generated_Source\PSoC4/Cm0Start.c **** 
 429:.\Generated_Source\PSoC4/Cm0Start.c ****     initialize_psoc();
 430:.\Generated_Source\PSoC4/Cm0Start.c **** 
 431:.\Generated_Source\PSoC4/Cm0Start.c ****     return 0;
 432:.\Generated_Source\PSoC4/Cm0Start.c **** }
 433:.\Generated_Source\PSoC4/Cm0Start.c **** 
 434:.\Generated_Source\PSoC4/Cm0Start.c **** #endif /* __GNUC__ */
 435:.\Generated_Source\PSoC4/Cm0Start.c **** 
 436:.\Generated_Source\PSoC4/Cm0Start.c **** 
 437:.\Generated_Source\PSoC4/Cm0Start.c **** /*******************************************************************************
 438:.\Generated_Source\PSoC4/Cm0Start.c **** * Ram Interrupt Vector table storage area. Must be placed at 0x20000000.
 439:.\Generated_Source\PSoC4/Cm0Start.c **** *******************************************************************************/
 440:.\Generated_Source\PSoC4/Cm0Start.c **** 
 441:.\Generated_Source\PSoC4/Cm0Start.c **** #if defined (__ICCARM__)
 442:.\Generated_Source\PSoC4/Cm0Start.c ****     #pragma location=".ramvectors"
 443:.\Generated_Source\PSoC4/Cm0Start.c **** #else
 444:.\Generated_Source\PSoC4/Cm0Start.c ****     CY_SECTION(".ramvectors")
 445:.\Generated_Source\PSoC4/Cm0Start.c **** #endif  /* defined (__ICCARM__) */
 446:.\Generated_Source\PSoC4/Cm0Start.c **** cyisraddress CyRamVectors[CY_NUM_VECTORS];
 447:.\Generated_Source\PSoC4/Cm0Start.c **** 
 448:.\Generated_Source\PSoC4/Cm0Start.c **** 
 449:.\Generated_Source\PSoC4/Cm0Start.c **** /*******************************************************************************
 450:.\Generated_Source\PSoC4/Cm0Start.c **** * Rom Interrupt Vector table storage area. Must be 256-byte aligned.
 451:.\Generated_Source\PSoC4/Cm0Start.c **** *******************************************************************************/
 452:.\Generated_Source\PSoC4/Cm0Start.c **** 
 453:.\Generated_Source\PSoC4/Cm0Start.c **** #if defined(__ARMCC_VERSION)
 454:.\Generated_Source\PSoC4/Cm0Start.c ****     /* Suppress diagnostic message 1296-D: extended constant initialiser used */
 455:.\Generated_Source\PSoC4/Cm0Start.c ****     #pragma diag_suppress 1296
 456:.\Generated_Source\PSoC4/Cm0Start.c **** #endif  /* defined(__ARMCC_VERSION) */
 457:.\Generated_Source\PSoC4/Cm0Start.c **** 
 458:.\Generated_Source\PSoC4/Cm0Start.c **** #if defined (__ICCARM__)
 459:.\Generated_Source\PSoC4/Cm0Start.c ****     #pragma location=".romvectors"
 460:.\Generated_Source\PSoC4/Cm0Start.c ****     const intvec_elem __vector_table[CY_NUM_ROM_VECTORS] =
 461:.\Generated_Source\PSoC4/Cm0Start.c **** #else
 462:.\Generated_Source\PSoC4/Cm0Start.c ****     CY_SECTION(".romvectors")
 463:.\Generated_Source\PSoC4/Cm0Start.c ****     const cyisraddress RomVectors[CY_NUM_ROM_VECTORS] =
 464:.\Generated_Source\PSoC4/Cm0Start.c **** #endif  /* defined (__ICCARM__) */
 465:.\Generated_Source\PSoC4/Cm0Start.c **** {
 466:.\Generated_Source\PSoC4/Cm0Start.c ****     INITIAL_STACK_POINTER,   /* The initial stack pointer  0 */
 467:.\Generated_Source\PSoC4/Cm0Start.c ****     #if defined (__ICCARM__) /* The reset handler          1 */
 468:.\Generated_Source\PSoC4/Cm0Start.c ****         __iar_program_start,
 469:.\Generated_Source\PSoC4/Cm0Start.c ****     #else
 470:.\Generated_Source\PSoC4/Cm0Start.c ****         (cyisraddress)&Reset,
 471:.\Generated_Source\PSoC4/Cm0Start.c ****     #endif  /* defined (__ICCARM__) */
 472:.\Generated_Source\PSoC4/Cm0Start.c ****     &IntDefaultHandler,      /* The NMI handler            2 */
 473:.\Generated_Source\PSoC4/Cm0Start.c ****     &IntDefaultHandler,      /* The hard fault handler     3 */
ARM GAS  C:\Users\SDEVAS~1\AppData\Local\Temp\ccZ4LhYG.s 			page 15


 474:.\Generated_Source\PSoC4/Cm0Start.c **** };
 475:.\Generated_Source\PSoC4/Cm0Start.c **** 
 476:.\Generated_Source\PSoC4/Cm0Start.c **** #if defined(__ARMCC_VERSION)
 477:.\Generated_Source\PSoC4/Cm0Start.c ****     #pragma diag_default 1296
 478:.\Generated_Source\PSoC4/Cm0Start.c **** #endif  /* defined(__ARMCC_VERSION) */
 479:.\Generated_Source\PSoC4/Cm0Start.c **** 
 480:.\Generated_Source\PSoC4/Cm0Start.c **** 
 481:.\Generated_Source\PSoC4/Cm0Start.c **** /*******************************************************************************
 482:.\Generated_Source\PSoC4/Cm0Start.c **** * Function Name: initialize_psoc
 483:.\Generated_Source\PSoC4/Cm0Start.c **** ********************************************************************************
 484:.\Generated_Source\PSoC4/Cm0Start.c **** *
 485:.\Generated_Source\PSoC4/Cm0Start.c **** * Summary:
 486:.\Generated_Source\PSoC4/Cm0Start.c **** *  This function is used to initialize the PSoC chip before calling main.
 487:.\Generated_Source\PSoC4/Cm0Start.c **** *
 488:.\Generated_Source\PSoC4/Cm0Start.c **** * Parameters:
 489:.\Generated_Source\PSoC4/Cm0Start.c **** *  None
 490:.\Generated_Source\PSoC4/Cm0Start.c **** *
 491:.\Generated_Source\PSoC4/Cm0Start.c **** * Return:
 492:.\Generated_Source\PSoC4/Cm0Start.c **** *  None
 493:.\Generated_Source\PSoC4/Cm0Start.c **** *
 494:.\Generated_Source\PSoC4/Cm0Start.c **** *******************************************************************************/
 495:.\Generated_Source\PSoC4/Cm0Start.c **** #if(defined(__GNUC__) && !defined(__ARMCC_VERSION))
 496:.\Generated_Source\PSoC4/Cm0Start.c **** __attribute__ ((constructor(101)))
 497:.\Generated_Source\PSoC4/Cm0Start.c **** #endif  /* (defined(__GNUC__) && !defined(__ARMCC_VERSION)) */
 498:.\Generated_Source\PSoC4/Cm0Start.c **** void initialize_psoc(void)
 499:.\Generated_Source\PSoC4/Cm0Start.c **** {
 316              		.loc 1 499 0
 317              		.cfi_startproc
 318 0000 80B5     		push	{r7, lr}
 319              		.cfi_def_cfa_offset 8
 320              		.cfi_offset 7, -8
 321              		.cfi_offset 14, -4
 322 0002 82B0     		sub	sp, sp, #8
 323              		.cfi_def_cfa_offset 16
 324 0004 00AF     		add	r7, sp, #0
 325              		.cfi_def_cfa_register 7
 500:.\Generated_Source\PSoC4/Cm0Start.c ****     uint32 indexInit;
 501:.\Generated_Source\PSoC4/Cm0Start.c **** 
 502:.\Generated_Source\PSoC4/Cm0Start.c ****     #if(CY_IP_CPUSSV2)
 503:.\Generated_Source\PSoC4/Cm0Start.c ****         /***********************************************************************
 504:.\Generated_Source\PSoC4/Cm0Start.c ****         * Make sure that Vector Table is located at 0000_0000 in Flash, before
 505:.\Generated_Source\PSoC4/Cm0Start.c ****         * accessing RomVectors or calling functions that may be placed in
 506:.\Generated_Source\PSoC4/Cm0Start.c ****         * .psocinit (cyfitter_cfg and ClockSetup). Note The CY_CPUSS_CONFIG_REG
 507:.\Generated_Source\PSoC4/Cm0Start.c ****         * register is retention for the specified device family.
 508:.\Generated_Source\PSoC4/Cm0Start.c ****         ***********************************************************************/
 509:.\Generated_Source\PSoC4/Cm0Start.c ****         CY_CPUSS_CONFIG_REG &= (uint32) ~CY_CPUSS_CONFIG_VECT_IN_RAM;
 510:.\Generated_Source\PSoC4/Cm0Start.c ****     #endif  /* (CY_IP_CPUSSV2) */
 511:.\Generated_Source\PSoC4/Cm0Start.c **** 
 512:.\Generated_Source\PSoC4/Cm0Start.c ****     /* Set Ram interrupt vectors to default functions. */
 513:.\Generated_Source\PSoC4/Cm0Start.c ****     for (indexInit = 0u; indexInit < CY_NUM_VECTORS; indexInit++)
 326              		.loc 1 513 0
 327 0006 0023     		mov	r3, #0
 328 0008 7B60     		str	r3, [r7, #4]
 329 000a 0FE0     		b	.L23
 330              	.L26:
 514:.\Generated_Source\PSoC4/Cm0Start.c ****     {
 515:.\Generated_Source\PSoC4/Cm0Start.c ****         CyRamVectors[indexInit] = (indexInit < CY_NUM_ROM_VECTORS) ?
ARM GAS  C:\Users\SDEVAS~1\AppData\Local\Temp\ccZ4LhYG.s 			page 16


 516:.\Generated_Source\PSoC4/Cm0Start.c ****             #if defined (__ICCARM__)
 517:.\Generated_Source\PSoC4/Cm0Start.c ****                 __vector_table[indexInit].__fun : &IntDefaultHandler;
 518:.\Generated_Source\PSoC4/Cm0Start.c ****             #else
 519:.\Generated_Source\PSoC4/Cm0Start.c ****                 RomVectors[indexInit] : &IntDefaultHandler;
 331              		.loc 1 519 0
 332 000c 7B68     		ldr	r3, [r7, #4]
 333 000e 032B     		cmp	r3, #3
 334 0010 04D8     		bhi	.L24
 335              		.loc 1 519 0 is_stmt 0 discriminator 1
 336 0012 104B     		ldr	r3, .L27
 337 0014 7A68     		ldr	r2, [r7, #4]
 338 0016 9200     		lsl	r2, r2, #2
 339 0018 D358     		ldr	r3, [r2, r3]
 340 001a 00E0     		b	.L25
 341              	.L24:
 342              		.loc 1 519 0 discriminator 2
 343 001c 0E4B     		ldr	r3, .L27+4
 344              	.L25:
 515:.\Generated_Source\PSoC4/Cm0Start.c ****         CyRamVectors[indexInit] = (indexInit < CY_NUM_ROM_VECTORS) ?
 345              		.loc 1 515 0 is_stmt 1
 346 001e 0F4A     		ldr	r2, .L27+8
 347 0020 7968     		ldr	r1, [r7, #4]
 348 0022 8900     		lsl	r1, r1, #2
 349 0024 8B50     		str	r3, [r1, r2]
 513:.\Generated_Source\PSoC4/Cm0Start.c ****     for (indexInit = 0u; indexInit < CY_NUM_VECTORS; indexInit++)
 350              		.loc 1 513 0
 351 0026 7B68     		ldr	r3, [r7, #4]
 352 0028 0133     		add	r3, r3, #1
 353 002a 7B60     		str	r3, [r7, #4]
 354              	.L23:
 513:.\Generated_Source\PSoC4/Cm0Start.c ****     for (indexInit = 0u; indexInit < CY_NUM_VECTORS; indexInit++)
 355              		.loc 1 513 0 is_stmt 0 discriminator 1
 356 002c 7B68     		ldr	r3, [r7, #4]
 357 002e 2F2B     		cmp	r3, #47
 358 0030 ECD9     		bls	.L26
 520:.\Generated_Source\PSoC4/Cm0Start.c ****             #endif  /* defined (__ICCARM__) */
 521:.\Generated_Source\PSoC4/Cm0Start.c ****     }
 522:.\Generated_Source\PSoC4/Cm0Start.c **** 
 523:.\Generated_Source\PSoC4/Cm0Start.c ****     /* Initialize configuration registers. */
 524:.\Generated_Source\PSoC4/Cm0Start.c ****     cyfitter_cfg();
 359              		.loc 1 524 0 is_stmt 1
 360 0032 FFF7FEFF 		bl	cyfitter_cfg
 525:.\Generated_Source\PSoC4/Cm0Start.c **** 
 526:.\Generated_Source\PSoC4/Cm0Start.c ****     #if !defined (__ICCARM__)
 527:.\Generated_Source\PSoC4/Cm0Start.c ****         /* Actually, no need to clean this variable, just to make compiler happy. */
 528:.\Generated_Source\PSoC4/Cm0Start.c ****         cySysNoInitDataValid = 0u;
 361              		.loc 1 528 0
 362 0036 0A4B     		ldr	r3, .L27+12
 363 0038 0022     		mov	r2, #0
 364 003a 1A60     		str	r2, [r3]
 529:.\Generated_Source\PSoC4/Cm0Start.c ****     #endif  /* !defined (__ICCARM__) */
 530:.\Generated_Source\PSoC4/Cm0Start.c **** 
 531:.\Generated_Source\PSoC4/Cm0Start.c ****     #if (CYDEV_PROJ_TYPE != CYDEV_PROJ_TYPE_STANDARD)
 532:.\Generated_Source\PSoC4/Cm0Start.c **** 
 533:.\Generated_Source\PSoC4/Cm0Start.c ****         /* Need to make sure that this variable will not be optimized out */
 534:.\Generated_Source\PSoC4/Cm0Start.c ****         if (0u == cyBtldrRunType)
 535:.\Generated_Source\PSoC4/Cm0Start.c ****         {
ARM GAS  C:\Users\SDEVAS~1\AppData\Local\Temp\ccZ4LhYG.s 			page 17


 536:.\Generated_Source\PSoC4/Cm0Start.c ****             cyBtldrRunType = 0u;
 537:.\Generated_Source\PSoC4/Cm0Start.c ****         }
 538:.\Generated_Source\PSoC4/Cm0Start.c **** 
 539:.\Generated_Source\PSoC4/Cm0Start.c ****     #endif  /* (CYDEV_PROJ_TYPE != CYDEV_PROJ_TYPE_STANDARD) */
 540:.\Generated_Source\PSoC4/Cm0Start.c **** 
 541:.\Generated_Source\PSoC4/Cm0Start.c ****     /* Vector Table is located at 0x2000:0000 in SRAM */
 542:.\Generated_Source\PSoC4/Cm0Start.c ****     CY_CPUSS_CONFIG_REG |= CY_CPUSS_CONFIG_VECT_IN_RAM;
 365              		.loc 1 542 0
 366 003c 8023     		mov	r3, #128
 367 003e DB05     		lsl	r3, r3, #23
 368 0040 8022     		mov	r2, #128
 369 0042 D205     		lsl	r2, r2, #23
 370 0044 1268     		ldr	r2, [r2]
 371 0046 0121     		mov	r1, #1
 372 0048 0A43     		orr	r2, r1
 373 004a 1A60     		str	r2, [r3]
 543:.\Generated_Source\PSoC4/Cm0Start.c **** }
 374              		.loc 1 543 0
 375 004c BD46     		mov	sp, r7
 376 004e 02B0     		add	sp, sp, #8
 377              		@ sp needed
 378 0050 80BD     		pop	{r7, pc}
 379              	.L28:
 380 0052 C046     		.align	2
 381              	.L27:
 382 0054 00000000 		.word	RomVectors
 383 0058 00000000 		.word	IntDefaultHandler
 384 005c 00000000 		.word	CyRamVectors
 385 0060 00000000 		.word	cySysNoInitDataValid
 386              		.cfi_endproc
 387              	.LFE5:
 388              		.size	initialize_psoc, .-initialize_psoc
 389              		.section	.init_array,"aw",%init_array
 390              		.align	2
 391 0000 00000000 		.word	initialize_psoc(target1)
 392              		.data
 393              		.align	2
 394              		.type	heapPointer.4716, %object
 395              		.size	heapPointer.4716, 4
 396              	heapPointer.4716:
 397 0000 00000000 		.word	end
 398              		.weak	__cy_region_num
 399              		.text
 400              	.Letext0:
 401              		.file 2 ".\\Generated_Source\\PSoC4\\cytypes.h"
 402              		.file 3 "c:\\program files (x86)\\cypress\\psoc creator\\3.2\\psoc creator\\import\\gnu\\arm\\4.8.
 403              		.section	.debug_info,"",%progbits
 404              	.Ldebug_info0:
 405 0000 FA020000 		.4byte	0x2fa
 406 0004 0400     		.2byte	0x4
 407 0006 00000000 		.4byte	.Ldebug_abbrev0
 408 000a 04       		.byte	0x4
 409 000b 01       		.uleb128 0x1
 410 000c 7C010000 		.4byte	.LASF42
 411 0010 01       		.byte	0x1
 412 0011 3C020000 		.4byte	.LASF43
 413 0015 3F010000 		.4byte	.LASF44
ARM GAS  C:\Users\SDEVAS~1\AppData\Local\Temp\ccZ4LhYG.s 			page 18


 414 0019 00000000 		.4byte	.Ldebug_ranges0+0
 415 001d 00000000 		.4byte	0
 416 0021 00000000 		.4byte	.Ldebug_line0
 417 0025 02       		.uleb128 0x2
 418 0026 01       		.byte	0x1
 419 0027 06       		.byte	0x6
 420 0028 73020000 		.4byte	.LASF0
 421 002c 02       		.uleb128 0x2
 422 002d 01       		.byte	0x1
 423 002e 08       		.byte	0x8
 424 002f 94000000 		.4byte	.LASF1
 425 0033 02       		.uleb128 0x2
 426 0034 02       		.byte	0x2
 427 0035 05       		.byte	0x5
 428 0036 60020000 		.4byte	.LASF2
 429 003a 02       		.uleb128 0x2
 430 003b 02       		.byte	0x2
 431 003c 07       		.byte	0x7
 432 003d 34000000 		.4byte	.LASF3
 433 0041 02       		.uleb128 0x2
 434 0042 04       		.byte	0x4
 435 0043 05       		.byte	0x5
 436 0044 6A020000 		.4byte	.LASF4
 437 0048 02       		.uleb128 0x2
 438 0049 04       		.byte	0x4
 439 004a 07       		.byte	0x7
 440 004b B9000000 		.4byte	.LASF5
 441 004f 02       		.uleb128 0x2
 442 0050 08       		.byte	0x8
 443 0051 05       		.byte	0x5
 444 0052 29020000 		.4byte	.LASF6
 445 0056 02       		.uleb128 0x2
 446 0057 08       		.byte	0x8
 447 0058 07       		.byte	0x7
 448 0059 7D000000 		.4byte	.LASF7
 449 005d 03       		.uleb128 0x3
 450 005e 04       		.byte	0x4
 451 005f 05       		.byte	0x5
 452 0060 696E7400 		.ascii	"int\000"
 453 0064 02       		.uleb128 0x2
 454 0065 04       		.byte	0x4
 455 0066 07       		.byte	0x7
 456 0067 32010000 		.4byte	.LASF8
 457 006b 04       		.uleb128 0x4
 458 006c E0000000 		.4byte	.LASF9
 459 0070 02       		.byte	0x2
 460 0071 B3       		.byte	0xb3
 461 0072 2C000000 		.4byte	0x2c
 462 0076 04       		.uleb128 0x4
 463 0077 21010000 		.4byte	.LASF10
 464 007b 02       		.byte	0x2
 465 007c B5       		.byte	0xb5
 466 007d 48000000 		.4byte	0x48
 467 0081 02       		.uleb128 0x2
 468 0082 04       		.byte	0x4
 469 0083 04       		.byte	0x4
 470 0084 72000000 		.4byte	.LASF11
ARM GAS  C:\Users\SDEVAS~1\AppData\Local\Temp\ccZ4LhYG.s 			page 19


 471 0088 02       		.uleb128 0x2
 472 0089 08       		.byte	0x8
 473 008a 04       		.byte	0x4
 474 008b 0A010000 		.4byte	.LASF12
 475 008f 02       		.uleb128 0x2
 476 0090 01       		.byte	0x1
 477 0091 08       		.byte	0x8
 478 0092 37020000 		.4byte	.LASF13
 479 0096 05       		.uleb128 0x5
 480 0097 00000000 		.4byte	.LASF14
 481 009b 02       		.byte	0x2
 482 009c 5F01     		.2byte	0x15f
 483 009e A2000000 		.4byte	0xa2
 484 00a2 06       		.uleb128 0x6
 485 00a3 76000000 		.4byte	0x76
 486 00a7 05       		.uleb128 0x5
 487 00a8 F8010000 		.4byte	.LASF15
 488 00ac 02       		.byte	0x2
 489 00ad 6F01     		.2byte	0x16f
 490 00af B3000000 		.4byte	0xb3
 491 00b3 07       		.uleb128 0x7
 492 00b4 04       		.byte	0x4
 493 00b5 B9000000 		.4byte	0xb9
 494 00b9 08       		.uleb128 0x8
 495 00ba 04       		.uleb128 0x4
 496 00bb 06000000 		.4byte	.LASF16
 497 00bf 03       		.byte	0x3
 498 00c0 D4       		.byte	0xd4
 499 00c1 64000000 		.4byte	0x64
 500 00c5 02       		.uleb128 0x2
 501 00c6 04       		.byte	0x4
 502 00c7 07       		.byte	0x7
 503 00c8 20020000 		.4byte	.LASF17
 504 00cc 09       		.uleb128 0x9
 505 00cd 04       		.byte	0x4
 506 00ce 0A       		.uleb128 0xa
 507 00cf 8F000000 		.4byte	0x8f
 508 00d3 04       		.uleb128 0x4
 509 00d4 0F020000 		.4byte	.LASF18
 510 00d8 01       		.byte	0x1
 511 00d9 D0       		.byte	0xd0
 512 00da 2C000000 		.4byte	0x2c
 513 00de 0B       		.uleb128 0xb
 514 00df 9B020000 		.4byte	.LASF45
 515 00e3 10       		.byte	0x10
 516 00e4 01       		.byte	0x1
 517 00e5 D2       		.byte	0xd2
 518 00e6 1B010000 		.4byte	0x11b
 519 00ea 0C       		.uleb128 0xc
 520 00eb 57000000 		.4byte	.LASF19
 521 00ef 01       		.byte	0x1
 522 00f0 D4       		.byte	0xd4
 523 00f1 1B010000 		.4byte	0x11b
 524 00f5 00       		.byte	0
 525 00f6 0C       		.uleb128 0xc
 526 00f7 78000000 		.4byte	.LASF20
 527 00fb 01       		.byte	0x1
ARM GAS  C:\Users\SDEVAS~1\AppData\Local\Temp\ccZ4LhYG.s 			page 20


 528 00fc D5       		.byte	0xd5
 529 00fd 1B010000 		.4byte	0x11b
 530 0101 04       		.byte	0x4
 531 0102 0C       		.uleb128 0xc
 532 0103 05020000 		.4byte	.LASF21
 533 0107 01       		.byte	0x1
 534 0108 D6       		.byte	0xd6
 535 0109 BA000000 		.4byte	0xba
 536 010d 08       		.byte	0x8
 537 010e 0C       		.uleb128 0xc
 538 010f 63000000 		.4byte	.LASF22
 539 0113 01       		.byte	0x1
 540 0114 D7       		.byte	0xd7
 541 0115 BA000000 		.4byte	0xba
 542 0119 0C       		.byte	0xc
 543 011a 00       		.byte	0
 544 011b 07       		.uleb128 0x7
 545 011c 04       		.byte	0x4
 546 011d D3000000 		.4byte	0xd3
 547 0121 0D       		.uleb128 0xd
 548 0122 F2000000 		.4byte	.LASF33
 549 0126 01       		.byte	0x1
 550 0127 68       		.byte	0x68
 551 0128 00000000 		.4byte	.LFB0
 552 012c 06000000 		.4byte	.LFE0-.LFB0
 553 0130 01       		.uleb128 0x1
 554 0131 9C       		.byte	0x9c
 555 0132 0E       		.uleb128 0xe
 556 0133 EC000000 		.4byte	.LASF27
 557 0137 01       		.byte	0x1
 558 0138 F5       		.byte	0xf5
 559 0139 00000000 		.4byte	.LFB1
 560 013d 14000000 		.4byte	.LFE1-.LFB1
 561 0141 01       		.uleb128 0x1
 562 0142 9C       		.byte	0x9c
 563 0143 56010000 		.4byte	0x156
 564 0147 0F       		.uleb128 0xf
 565 0148 5C000000 		.4byte	.LASF23
 566 014c 01       		.byte	0x1
 567 014d F5       		.byte	0xf5
 568 014e 5D000000 		.4byte	0x5d
 569 0152 02       		.uleb128 0x2
 570 0153 91       		.byte	0x91
 571 0154 74       		.sleb128 -12
 572 0155 00       		.byte	0
 573 0156 10       		.uleb128 0x10
 574 0157 04010000 		.4byte	.LASF46
 575 015b 01       		.byte	0x1
 576 015c 1401     		.2byte	0x114
 577 015e CC000000 		.4byte	0xcc
 578 0162 00000000 		.4byte	.LFB2
 579 0166 50000000 		.4byte	.LFE2-.LFB2
 580 016a 01       		.uleb128 0x1
 581 016b 9C       		.byte	0x9c
 582 016c AD010000 		.4byte	0x1ad
 583 0170 11       		.uleb128 0x11
 584 0171 94020000 		.4byte	.LASF24
ARM GAS  C:\Users\SDEVAS~1\AppData\Local\Temp\ccZ4LhYG.s 			page 21


 585 0175 01       		.byte	0x1
 586 0176 1401     		.2byte	0x114
 587 0178 5D000000 		.4byte	0x5d
 588 017c 02       		.uleb128 0x2
 589 017d 91       		.byte	0x91
 590 017e 6C       		.sleb128 -20
 591 017f 12       		.uleb128 0x12
 592 0180 656E6400 		.ascii	"end\000"
 593 0184 01       		.byte	0x1
 594 0185 1601     		.2byte	0x116
 595 0187 5D000000 		.4byte	0x5d
 596 018b 13       		.uleb128 0x13
 597 018c A2000000 		.4byte	.LASF25
 598 0190 01       		.byte	0x1
 599 0191 1701     		.2byte	0x117
 600 0193 CC000000 		.4byte	0xcc
 601 0197 02       		.uleb128 0x2
 602 0198 91       		.byte	0x91
 603 0199 74       		.sleb128 -12
 604 019a 13       		.uleb128 0x13
 605 019b 28000000 		.4byte	.LASF26
 606 019f 01       		.byte	0x1
 607 01a0 1A01     		.2byte	0x11a
 608 01a2 CC000000 		.4byte	0xcc
 609 01a6 05       		.uleb128 0x5
 610 01a7 03       		.byte	0x3
 611 01a8 00000000 		.4byte	heapPointer.4716
 612 01ac 00       		.byte	0
 613 01ad 14       		.uleb128 0x14
 614 01ae 1A000000 		.4byte	.LASF28
 615 01b2 01       		.byte	0x1
 616 01b3 3C01     		.2byte	0x13c
 617 01b5 00000000 		.4byte	.LFB3
 618 01b9 98000000 		.4byte	.LFE3-.LFB3
 619 01bd 01       		.uleb128 0x1
 620 01be 9C       		.byte	0x9c
 621 01bf 28020000 		.4byte	0x228
 622 01c3 13       		.uleb128 0x13
 623 01c4 8C020000 		.4byte	.LASF29
 624 01c8 01       		.byte	0x1
 625 01c9 3E01     		.2byte	0x13e
 626 01cb 64000000 		.4byte	0x64
 627 01cf 02       		.uleb128 0x2
 628 01d0 91       		.byte	0x91
 629 01d1 74       		.sleb128 -12
 630 01d2 13       		.uleb128 0x13
 631 01d3 6D000000 		.4byte	.LASF30
 632 01d7 01       		.byte	0x1
 633 01d8 3F01     		.2byte	0x13f
 634 01da 28020000 		.4byte	0x228
 635 01de 02       		.uleb128 0x2
 636 01df 91       		.byte	0x91
 637 01e0 70       		.sleb128 -16
 638 01e1 15       		.uleb128 0x15
 639 01e2 14000000 		.4byte	.LBB2
 640 01e6 66000000 		.4byte	.LBE2-.LBB2
 641 01ea 16       		.uleb128 0x16
ARM GAS  C:\Users\SDEVAS~1\AppData\Local\Temp\ccZ4LhYG.s 			page 22


 642 01eb 73726300 		.ascii	"src\000"
 643 01ef 01       		.byte	0x1
 644 01f0 4401     		.2byte	0x144
 645 01f2 33020000 		.4byte	0x233
 646 01f6 02       		.uleb128 0x2
 647 01f7 91       		.byte	0x91
 648 01f8 6C       		.sleb128 -20
 649 01f9 16       		.uleb128 0x16
 650 01fa 64737400 		.ascii	"dst\000"
 651 01fe 01       		.byte	0x1
 652 01ff 4501     		.2byte	0x145
 653 0201 33020000 		.4byte	0x233
 654 0205 02       		.uleb128 0x2
 655 0206 91       		.byte	0x91
 656 0207 68       		.sleb128 -24
 657 0208 13       		.uleb128 0x13
 658 0209 76010000 		.4byte	.LASF31
 659 020d 01       		.byte	0x1
 660 020e 4601     		.2byte	0x146
 661 0210 64000000 		.4byte	0x64
 662 0214 02       		.uleb128 0x2
 663 0215 91       		.byte	0x91
 664 0216 60       		.sleb128 -32
 665 0217 13       		.uleb128 0x13
 666 0218 22000000 		.4byte	.LASF32
 667 021c 01       		.byte	0x1
 668 021d 4701     		.2byte	0x147
 669 021f 64000000 		.4byte	0x64
 670 0223 02       		.uleb128 0x2
 671 0224 91       		.byte	0x91
 672 0225 64       		.sleb128 -28
 673 0226 00       		.byte	0
 674 0227 00       		.byte	0
 675 0228 07       		.uleb128 0x7
 676 0229 04       		.byte	0x4
 677 022a 2E020000 		.4byte	0x22e
 678 022e 0A       		.uleb128 0xa
 679 022f DE000000 		.4byte	0xde
 680 0233 07       		.uleb128 0x7
 681 0234 04       		.byte	0x4
 682 0235 76000000 		.4byte	0x76
 683 0239 17       		.uleb128 0x17
 684 023a E6000000 		.4byte	.LASF34
 685 023e 01       		.byte	0x1
 686 023f 7301     		.2byte	0x173
 687 0241 00000000 		.4byte	.LFB4
 688 0245 08000000 		.4byte	.LFE4-.LFB4
 689 0249 01       		.uleb128 0x1
 690 024a 9C       		.byte	0x9c
 691 024b 14       		.uleb128 0x14
 692 024c 11010000 		.4byte	.LASF35
 693 0250 01       		.byte	0x1
 694 0251 F201     		.2byte	0x1f2
 695 0253 00000000 		.4byte	.LFB5
 696 0257 64000000 		.4byte	.LFE5-.LFB5
 697 025b 01       		.uleb128 0x1
 698 025c 9C       		.byte	0x9c
ARM GAS  C:\Users\SDEVAS~1\AppData\Local\Temp\ccZ4LhYG.s 			page 23


 699 025d 71020000 		.4byte	0x271
 700 0261 13       		.uleb128 0x13
 701 0262 28010000 		.4byte	.LASF36
 702 0266 01       		.byte	0x1
 703 0267 F401     		.2byte	0x1f4
 704 0269 76000000 		.4byte	0x76
 705 026d 02       		.uleb128 0x2
 706 026e 91       		.byte	0x91
 707 026f 74       		.sleb128 -12
 708 0270 00       		.byte	0
 709 0271 18       		.uleb128 0x18
 710 0272 CB000000 		.4byte	.LASF37
 711 0276 01       		.byte	0x1
 712 0277 3F       		.byte	0x3f
 713 0278 76000000 		.4byte	0x76
 714 027c 05       		.uleb128 0x5
 715 027d 03       		.byte	0x3
 716 027e 00000000 		.4byte	cySysNoInitDataValid
 717 0282 12       		.uleb128 0x12
 718 0283 656E6400 		.ascii	"end\000"
 719 0287 01       		.byte	0x1
 720 0288 1601     		.2byte	0x116
 721 028a 5D000000 		.4byte	0x5d
 722 028e 19       		.uleb128 0x19
 723 028f DE000000 		.4byte	0xde
 724 0293 99020000 		.4byte	0x299
 725 0297 1A       		.uleb128 0x1a
 726 0298 00       		.byte	0
 727 0299 1B       		.uleb128 0x1b
 728 029a 7F020000 		.4byte	.LASF38
 729 029e 01       		.byte	0x1
 730 029f DA       		.byte	0xda
 731 02a0 A4020000 		.4byte	0x2a4
 732 02a4 0A       		.uleb128 0xa
 733 02a5 8E020000 		.4byte	0x28e
 734 02a9 1B       		.uleb128 0x1b
 735 02aa 47000000 		.4byte	.LASF39
 736 02ae 01       		.byte	0x1
 737 02af DB       		.byte	0xdb
 738 02b0 CE000000 		.4byte	0xce
 739 02b4 19       		.uleb128 0x19
 740 02b5 A7000000 		.4byte	0xa7
 741 02b9 C4020000 		.4byte	0x2c4
 742 02bd 1C       		.uleb128 0x1c
 743 02be C5000000 		.4byte	0xc5
 744 02c2 2F       		.byte	0x2f
 745 02c3 00       		.byte	0
 746 02c4 1D       		.uleb128 0x1d
 747 02c5 0D000000 		.4byte	.LASF40
 748 02c9 01       		.byte	0x1
 749 02ca BE01     		.2byte	0x1be
 750 02cc B4020000 		.4byte	0x2b4
 751 02d0 05       		.uleb128 0x5
 752 02d1 03       		.byte	0x3
 753 02d2 00000000 		.4byte	CyRamVectors
 754 02d6 19       		.uleb128 0x19
 755 02d7 A7000000 		.4byte	0xa7
ARM GAS  C:\Users\SDEVAS~1\AppData\Local\Temp\ccZ4LhYG.s 			page 24


 756 02db E6020000 		.4byte	0x2e6
 757 02df 1C       		.uleb128 0x1c
 758 02e0 C5000000 		.4byte	0xc5
 759 02e4 03       		.byte	0x3
 760 02e5 00       		.byte	0
 761 02e6 1D       		.uleb128 0x1d
 762 02e7 AE000000 		.4byte	.LASF41
 763 02eb 01       		.byte	0x1
 764 02ec CF01     		.2byte	0x1cf
 765 02ee F8020000 		.4byte	0x2f8
 766 02f2 05       		.uleb128 0x5
 767 02f3 03       		.byte	0x3
 768 02f4 00000000 		.4byte	RomVectors
 769 02f8 0A       		.uleb128 0xa
 770 02f9 D6020000 		.4byte	0x2d6
 771 02fd 00       		.byte	0
 772              		.section	.debug_abbrev,"",%progbits
 773              	.Ldebug_abbrev0:
 774 0000 01       		.uleb128 0x1
 775 0001 11       		.uleb128 0x11
 776 0002 01       		.byte	0x1
 777 0003 25       		.uleb128 0x25
 778 0004 0E       		.uleb128 0xe
 779 0005 13       		.uleb128 0x13
 780 0006 0B       		.uleb128 0xb
 781 0007 03       		.uleb128 0x3
 782 0008 0E       		.uleb128 0xe
 783 0009 1B       		.uleb128 0x1b
 784 000a 0E       		.uleb128 0xe
 785 000b 55       		.uleb128 0x55
 786 000c 17       		.uleb128 0x17
 787 000d 11       		.uleb128 0x11
 788 000e 01       		.uleb128 0x1
 789 000f 10       		.uleb128 0x10
 790 0010 17       		.uleb128 0x17
 791 0011 00       		.byte	0
 792 0012 00       		.byte	0
 793 0013 02       		.uleb128 0x2
 794 0014 24       		.uleb128 0x24
 795 0015 00       		.byte	0
 796 0016 0B       		.uleb128 0xb
 797 0017 0B       		.uleb128 0xb
 798 0018 3E       		.uleb128 0x3e
 799 0019 0B       		.uleb128 0xb
 800 001a 03       		.uleb128 0x3
 801 001b 0E       		.uleb128 0xe
 802 001c 00       		.byte	0
 803 001d 00       		.byte	0
 804 001e 03       		.uleb128 0x3
 805 001f 24       		.uleb128 0x24
 806 0020 00       		.byte	0
 807 0021 0B       		.uleb128 0xb
 808 0022 0B       		.uleb128 0xb
 809 0023 3E       		.uleb128 0x3e
 810 0024 0B       		.uleb128 0xb
 811 0025 03       		.uleb128 0x3
 812 0026 08       		.uleb128 0x8
ARM GAS  C:\Users\SDEVAS~1\AppData\Local\Temp\ccZ4LhYG.s 			page 25


 813 0027 00       		.byte	0
 814 0028 00       		.byte	0
 815 0029 04       		.uleb128 0x4
 816 002a 16       		.uleb128 0x16
 817 002b 00       		.byte	0
 818 002c 03       		.uleb128 0x3
 819 002d 0E       		.uleb128 0xe
 820 002e 3A       		.uleb128 0x3a
 821 002f 0B       		.uleb128 0xb
 822 0030 3B       		.uleb128 0x3b
 823 0031 0B       		.uleb128 0xb
 824 0032 49       		.uleb128 0x49
 825 0033 13       		.uleb128 0x13
 826 0034 00       		.byte	0
 827 0035 00       		.byte	0
 828 0036 05       		.uleb128 0x5
 829 0037 16       		.uleb128 0x16
 830 0038 00       		.byte	0
 831 0039 03       		.uleb128 0x3
 832 003a 0E       		.uleb128 0xe
 833 003b 3A       		.uleb128 0x3a
 834 003c 0B       		.uleb128 0xb
 835 003d 3B       		.uleb128 0x3b
 836 003e 05       		.uleb128 0x5
 837 003f 49       		.uleb128 0x49
 838 0040 13       		.uleb128 0x13
 839 0041 00       		.byte	0
 840 0042 00       		.byte	0
 841 0043 06       		.uleb128 0x6
 842 0044 35       		.uleb128 0x35
 843 0045 00       		.byte	0
 844 0046 49       		.uleb128 0x49
 845 0047 13       		.uleb128 0x13
 846 0048 00       		.byte	0
 847 0049 00       		.byte	0
 848 004a 07       		.uleb128 0x7
 849 004b 0F       		.uleb128 0xf
 850 004c 00       		.byte	0
 851 004d 0B       		.uleb128 0xb
 852 004e 0B       		.uleb128 0xb
 853 004f 49       		.uleb128 0x49
 854 0050 13       		.uleb128 0x13
 855 0051 00       		.byte	0
 856 0052 00       		.byte	0
 857 0053 08       		.uleb128 0x8
 858 0054 15       		.uleb128 0x15
 859 0055 00       		.byte	0
 860 0056 27       		.uleb128 0x27
 861 0057 19       		.uleb128 0x19
 862 0058 00       		.byte	0
 863 0059 00       		.byte	0
 864 005a 09       		.uleb128 0x9
 865 005b 0F       		.uleb128 0xf
 866 005c 00       		.byte	0
 867 005d 0B       		.uleb128 0xb
 868 005e 0B       		.uleb128 0xb
 869 005f 00       		.byte	0
ARM GAS  C:\Users\SDEVAS~1\AppData\Local\Temp\ccZ4LhYG.s 			page 26


 870 0060 00       		.byte	0
 871 0061 0A       		.uleb128 0xa
 872 0062 26       		.uleb128 0x26
 873 0063 00       		.byte	0
 874 0064 49       		.uleb128 0x49
 875 0065 13       		.uleb128 0x13
 876 0066 00       		.byte	0
 877 0067 00       		.byte	0
 878 0068 0B       		.uleb128 0xb
 879 0069 13       		.uleb128 0x13
 880 006a 01       		.byte	0x1
 881 006b 03       		.uleb128 0x3
 882 006c 0E       		.uleb128 0xe
 883 006d 0B       		.uleb128 0xb
 884 006e 0B       		.uleb128 0xb
 885 006f 3A       		.uleb128 0x3a
 886 0070 0B       		.uleb128 0xb
 887 0071 3B       		.uleb128 0x3b
 888 0072 0B       		.uleb128 0xb
 889 0073 01       		.uleb128 0x1
 890 0074 13       		.uleb128 0x13
 891 0075 00       		.byte	0
 892 0076 00       		.byte	0
 893 0077 0C       		.uleb128 0xc
 894 0078 0D       		.uleb128 0xd
 895 0079 00       		.byte	0
 896 007a 03       		.uleb128 0x3
 897 007b 0E       		.uleb128 0xe
 898 007c 3A       		.uleb128 0x3a
 899 007d 0B       		.uleb128 0xb
 900 007e 3B       		.uleb128 0x3b
 901 007f 0B       		.uleb128 0xb
 902 0080 49       		.uleb128 0x49
 903 0081 13       		.uleb128 0x13
 904 0082 38       		.uleb128 0x38
 905 0083 0B       		.uleb128 0xb
 906 0084 00       		.byte	0
 907 0085 00       		.byte	0
 908 0086 0D       		.uleb128 0xd
 909 0087 2E       		.uleb128 0x2e
 910 0088 00       		.byte	0
 911 0089 3F       		.uleb128 0x3f
 912 008a 19       		.uleb128 0x19
 913 008b 03       		.uleb128 0x3
 914 008c 0E       		.uleb128 0xe
 915 008d 3A       		.uleb128 0x3a
 916 008e 0B       		.uleb128 0xb
 917 008f 3B       		.uleb128 0x3b
 918 0090 0B       		.uleb128 0xb
 919 0091 27       		.uleb128 0x27
 920 0092 19       		.uleb128 0x19
 921 0093 11       		.uleb128 0x11
 922 0094 01       		.uleb128 0x1
 923 0095 12       		.uleb128 0x12
 924 0096 06       		.uleb128 0x6
 925 0097 40       		.uleb128 0x40
 926 0098 18       		.uleb128 0x18
ARM GAS  C:\Users\SDEVAS~1\AppData\Local\Temp\ccZ4LhYG.s 			page 27


 927 0099 9742     		.uleb128 0x2117
 928 009b 19       		.uleb128 0x19
 929 009c 00       		.byte	0
 930 009d 00       		.byte	0
 931 009e 0E       		.uleb128 0xe
 932 009f 2E       		.uleb128 0x2e
 933 00a0 01       		.byte	0x1
 934 00a1 3F       		.uleb128 0x3f
 935 00a2 19       		.uleb128 0x19
 936 00a3 03       		.uleb128 0x3
 937 00a4 0E       		.uleb128 0xe
 938 00a5 3A       		.uleb128 0x3a
 939 00a6 0B       		.uleb128 0xb
 940 00a7 3B       		.uleb128 0x3b
 941 00a8 0B       		.uleb128 0xb
 942 00a9 27       		.uleb128 0x27
 943 00aa 19       		.uleb128 0x19
 944 00ab 11       		.uleb128 0x11
 945 00ac 01       		.uleb128 0x1
 946 00ad 12       		.uleb128 0x12
 947 00ae 06       		.uleb128 0x6
 948 00af 40       		.uleb128 0x40
 949 00b0 18       		.uleb128 0x18
 950 00b1 9642     		.uleb128 0x2116
 951 00b3 19       		.uleb128 0x19
 952 00b4 01       		.uleb128 0x1
 953 00b5 13       		.uleb128 0x13
 954 00b6 00       		.byte	0
 955 00b7 00       		.byte	0
 956 00b8 0F       		.uleb128 0xf
 957 00b9 05       		.uleb128 0x5
 958 00ba 00       		.byte	0
 959 00bb 03       		.uleb128 0x3
 960 00bc 0E       		.uleb128 0xe
 961 00bd 3A       		.uleb128 0x3a
 962 00be 0B       		.uleb128 0xb
 963 00bf 3B       		.uleb128 0x3b
 964 00c0 0B       		.uleb128 0xb
 965 00c1 49       		.uleb128 0x49
 966 00c2 13       		.uleb128 0x13
 967 00c3 02       		.uleb128 0x2
 968 00c4 18       		.uleb128 0x18
 969 00c5 00       		.byte	0
 970 00c6 00       		.byte	0
 971 00c7 10       		.uleb128 0x10
 972 00c8 2E       		.uleb128 0x2e
 973 00c9 01       		.byte	0x1
 974 00ca 3F       		.uleb128 0x3f
 975 00cb 19       		.uleb128 0x19
 976 00cc 03       		.uleb128 0x3
 977 00cd 0E       		.uleb128 0xe
 978 00ce 3A       		.uleb128 0x3a
 979 00cf 0B       		.uleb128 0xb
 980 00d0 3B       		.uleb128 0x3b
 981 00d1 05       		.uleb128 0x5
 982 00d2 27       		.uleb128 0x27
 983 00d3 19       		.uleb128 0x19
ARM GAS  C:\Users\SDEVAS~1\AppData\Local\Temp\ccZ4LhYG.s 			page 28


 984 00d4 49       		.uleb128 0x49
 985 00d5 13       		.uleb128 0x13
 986 00d6 11       		.uleb128 0x11
 987 00d7 01       		.uleb128 0x1
 988 00d8 12       		.uleb128 0x12
 989 00d9 06       		.uleb128 0x6
 990 00da 40       		.uleb128 0x40
 991 00db 18       		.uleb128 0x18
 992 00dc 9642     		.uleb128 0x2116
 993 00de 19       		.uleb128 0x19
 994 00df 01       		.uleb128 0x1
 995 00e0 13       		.uleb128 0x13
 996 00e1 00       		.byte	0
 997 00e2 00       		.byte	0
 998 00e3 11       		.uleb128 0x11
 999 00e4 05       		.uleb128 0x5
 1000 00e5 00       		.byte	0
 1001 00e6 03       		.uleb128 0x3
 1002 00e7 0E       		.uleb128 0xe
 1003 00e8 3A       		.uleb128 0x3a
 1004 00e9 0B       		.uleb128 0xb
 1005 00ea 3B       		.uleb128 0x3b
 1006 00eb 05       		.uleb128 0x5
 1007 00ec 49       		.uleb128 0x49
 1008 00ed 13       		.uleb128 0x13
 1009 00ee 02       		.uleb128 0x2
 1010 00ef 18       		.uleb128 0x18
 1011 00f0 00       		.byte	0
 1012 00f1 00       		.byte	0
 1013 00f2 12       		.uleb128 0x12
 1014 00f3 34       		.uleb128 0x34
 1015 00f4 00       		.byte	0
 1016 00f5 03       		.uleb128 0x3
 1017 00f6 08       		.uleb128 0x8
 1018 00f7 3A       		.uleb128 0x3a
 1019 00f8 0B       		.uleb128 0xb
 1020 00f9 3B       		.uleb128 0x3b
 1021 00fa 05       		.uleb128 0x5
 1022 00fb 49       		.uleb128 0x49
 1023 00fc 13       		.uleb128 0x13
 1024 00fd 3F       		.uleb128 0x3f
 1025 00fe 19       		.uleb128 0x19
 1026 00ff 3C       		.uleb128 0x3c
 1027 0100 19       		.uleb128 0x19
 1028 0101 00       		.byte	0
 1029 0102 00       		.byte	0
 1030 0103 13       		.uleb128 0x13
 1031 0104 34       		.uleb128 0x34
 1032 0105 00       		.byte	0
 1033 0106 03       		.uleb128 0x3
 1034 0107 0E       		.uleb128 0xe
 1035 0108 3A       		.uleb128 0x3a
 1036 0109 0B       		.uleb128 0xb
 1037 010a 3B       		.uleb128 0x3b
 1038 010b 05       		.uleb128 0x5
 1039 010c 49       		.uleb128 0x49
 1040 010d 13       		.uleb128 0x13
ARM GAS  C:\Users\SDEVAS~1\AppData\Local\Temp\ccZ4LhYG.s 			page 29


 1041 010e 02       		.uleb128 0x2
 1042 010f 18       		.uleb128 0x18
 1043 0110 00       		.byte	0
 1044 0111 00       		.byte	0
 1045 0112 14       		.uleb128 0x14
 1046 0113 2E       		.uleb128 0x2e
 1047 0114 01       		.byte	0x1
 1048 0115 3F       		.uleb128 0x3f
 1049 0116 19       		.uleb128 0x19
 1050 0117 03       		.uleb128 0x3
 1051 0118 0E       		.uleb128 0xe
 1052 0119 3A       		.uleb128 0x3a
 1053 011a 0B       		.uleb128 0xb
 1054 011b 3B       		.uleb128 0x3b
 1055 011c 05       		.uleb128 0x5
 1056 011d 27       		.uleb128 0x27
 1057 011e 19       		.uleb128 0x19
 1058 011f 11       		.uleb128 0x11
 1059 0120 01       		.uleb128 0x1
 1060 0121 12       		.uleb128 0x12
 1061 0122 06       		.uleb128 0x6
 1062 0123 40       		.uleb128 0x40
 1063 0124 18       		.uleb128 0x18
 1064 0125 9642     		.uleb128 0x2116
 1065 0127 19       		.uleb128 0x19
 1066 0128 01       		.uleb128 0x1
 1067 0129 13       		.uleb128 0x13
 1068 012a 00       		.byte	0
 1069 012b 00       		.byte	0
 1070 012c 15       		.uleb128 0x15
 1071 012d 0B       		.uleb128 0xb
 1072 012e 01       		.byte	0x1
 1073 012f 11       		.uleb128 0x11
 1074 0130 01       		.uleb128 0x1
 1075 0131 12       		.uleb128 0x12
 1076 0132 06       		.uleb128 0x6
 1077 0133 00       		.byte	0
 1078 0134 00       		.byte	0
 1079 0135 16       		.uleb128 0x16
 1080 0136 34       		.uleb128 0x34
 1081 0137 00       		.byte	0
 1082 0138 03       		.uleb128 0x3
 1083 0139 08       		.uleb128 0x8
 1084 013a 3A       		.uleb128 0x3a
 1085 013b 0B       		.uleb128 0xb
 1086 013c 3B       		.uleb128 0x3b
 1087 013d 05       		.uleb128 0x5
 1088 013e 49       		.uleb128 0x49
 1089 013f 13       		.uleb128 0x13
 1090 0140 02       		.uleb128 0x2
 1091 0141 18       		.uleb128 0x18
 1092 0142 00       		.byte	0
 1093 0143 00       		.byte	0
 1094 0144 17       		.uleb128 0x17
 1095 0145 2E       		.uleb128 0x2e
 1096 0146 00       		.byte	0
 1097 0147 3F       		.uleb128 0x3f
ARM GAS  C:\Users\SDEVAS~1\AppData\Local\Temp\ccZ4LhYG.s 			page 30


 1098 0148 19       		.uleb128 0x19
 1099 0149 03       		.uleb128 0x3
 1100 014a 0E       		.uleb128 0xe
 1101 014b 3A       		.uleb128 0x3a
 1102 014c 0B       		.uleb128 0xb
 1103 014d 3B       		.uleb128 0x3b
 1104 014e 05       		.uleb128 0x5
 1105 014f 27       		.uleb128 0x27
 1106 0150 19       		.uleb128 0x19
 1107 0151 11       		.uleb128 0x11
 1108 0152 01       		.uleb128 0x1
 1109 0153 12       		.uleb128 0x12
 1110 0154 06       		.uleb128 0x6
 1111 0155 40       		.uleb128 0x40
 1112 0156 18       		.uleb128 0x18
 1113 0157 9642     		.uleb128 0x2116
 1114 0159 19       		.uleb128 0x19
 1115 015a 00       		.byte	0
 1116 015b 00       		.byte	0
 1117 015c 18       		.uleb128 0x18
 1118 015d 34       		.uleb128 0x34
 1119 015e 00       		.byte	0
 1120 015f 03       		.uleb128 0x3
 1121 0160 0E       		.uleb128 0xe
 1122 0161 3A       		.uleb128 0x3a
 1123 0162 0B       		.uleb128 0xb
 1124 0163 3B       		.uleb128 0x3b
 1125 0164 0B       		.uleb128 0xb
 1126 0165 49       		.uleb128 0x49
 1127 0166 13       		.uleb128 0x13
 1128 0167 02       		.uleb128 0x2
 1129 0168 18       		.uleb128 0x18
 1130 0169 00       		.byte	0
 1131 016a 00       		.byte	0
 1132 016b 19       		.uleb128 0x19
 1133 016c 01       		.uleb128 0x1
 1134 016d 01       		.byte	0x1
 1135 016e 49       		.uleb128 0x49
 1136 016f 13       		.uleb128 0x13
 1137 0170 01       		.uleb128 0x1
 1138 0171 13       		.uleb128 0x13
 1139 0172 00       		.byte	0
 1140 0173 00       		.byte	0
 1141 0174 1A       		.uleb128 0x1a
 1142 0175 21       		.uleb128 0x21
 1143 0176 00       		.byte	0
 1144 0177 00       		.byte	0
 1145 0178 00       		.byte	0
 1146 0179 1B       		.uleb128 0x1b
 1147 017a 34       		.uleb128 0x34
 1148 017b 00       		.byte	0
 1149 017c 03       		.uleb128 0x3
 1150 017d 0E       		.uleb128 0xe
 1151 017e 3A       		.uleb128 0x3a
 1152 017f 0B       		.uleb128 0xb
 1153 0180 3B       		.uleb128 0x3b
 1154 0181 0B       		.uleb128 0xb
ARM GAS  C:\Users\SDEVAS~1\AppData\Local\Temp\ccZ4LhYG.s 			page 31


 1155 0182 49       		.uleb128 0x49
 1156 0183 13       		.uleb128 0x13
 1157 0184 3F       		.uleb128 0x3f
 1158 0185 19       		.uleb128 0x19
 1159 0186 3C       		.uleb128 0x3c
 1160 0187 19       		.uleb128 0x19
 1161 0188 00       		.byte	0
 1162 0189 00       		.byte	0
 1163 018a 1C       		.uleb128 0x1c
 1164 018b 21       		.uleb128 0x21
 1165 018c 00       		.byte	0
 1166 018d 49       		.uleb128 0x49
 1167 018e 13       		.uleb128 0x13
 1168 018f 2F       		.uleb128 0x2f
 1169 0190 0B       		.uleb128 0xb
 1170 0191 00       		.byte	0
 1171 0192 00       		.byte	0
 1172 0193 1D       		.uleb128 0x1d
 1173 0194 34       		.uleb128 0x34
 1174 0195 00       		.byte	0
 1175 0196 03       		.uleb128 0x3
 1176 0197 0E       		.uleb128 0xe
 1177 0198 3A       		.uleb128 0x3a
 1178 0199 0B       		.uleb128 0xb
 1179 019a 3B       		.uleb128 0x3b
 1180 019b 05       		.uleb128 0x5
 1181 019c 49       		.uleb128 0x49
 1182 019d 13       		.uleb128 0x13
 1183 019e 3F       		.uleb128 0x3f
 1184 019f 19       		.uleb128 0x19
 1185 01a0 02       		.uleb128 0x2
 1186 01a1 18       		.uleb128 0x18
 1187 01a2 00       		.byte	0
 1188 01a3 00       		.byte	0
 1189 01a4 00       		.byte	0
 1190              		.section	.debug_aranges,"",%progbits
 1191 0000 44000000 		.4byte	0x44
 1192 0004 0200     		.2byte	0x2
 1193 0006 00000000 		.4byte	.Ldebug_info0
 1194 000a 04       		.byte	0x4
 1195 000b 00       		.byte	0
 1196 000c 0000     		.2byte	0
 1197 000e 0000     		.2byte	0
 1198 0010 00000000 		.4byte	.LFB0
 1199 0014 06000000 		.4byte	.LFE0-.LFB0
 1200 0018 00000000 		.4byte	.LFB1
 1201 001c 14000000 		.4byte	.LFE1-.LFB1
 1202 0020 00000000 		.4byte	.LFB2
 1203 0024 50000000 		.4byte	.LFE2-.LFB2
 1204 0028 00000000 		.4byte	.LFB3
 1205 002c 98000000 		.4byte	.LFE3-.LFB3
 1206 0030 00000000 		.4byte	.LFB4
 1207 0034 08000000 		.4byte	.LFE4-.LFB4
 1208 0038 00000000 		.4byte	.LFB5
 1209 003c 64000000 		.4byte	.LFE5-.LFB5
 1210 0040 00000000 		.4byte	0
 1211 0044 00000000 		.4byte	0
ARM GAS  C:\Users\SDEVAS~1\AppData\Local\Temp\ccZ4LhYG.s 			page 32


 1212              		.section	.debug_ranges,"",%progbits
 1213              	.Ldebug_ranges0:
 1214 0000 00000000 		.4byte	.LFB0
 1215 0004 06000000 		.4byte	.LFE0
 1216 0008 00000000 		.4byte	.LFB1
 1217 000c 14000000 		.4byte	.LFE1
 1218 0010 00000000 		.4byte	.LFB2
 1219 0014 50000000 		.4byte	.LFE2
 1220 0018 00000000 		.4byte	.LFB3
 1221 001c 98000000 		.4byte	.LFE3
 1222 0020 00000000 		.4byte	.LFB4
 1223 0024 08000000 		.4byte	.LFE4
 1224 0028 00000000 		.4byte	.LFB5
 1225 002c 64000000 		.4byte	.LFE5
 1226 0030 00000000 		.4byte	0
 1227 0034 00000000 		.4byte	0
 1228              		.section	.debug_line,"",%progbits
 1229              	.Ldebug_line0:
 1230 0000 B3010000 		.section	.debug_str,"MS",%progbits,1
 1230      0200C900 
 1230      00000201 
 1230      FB0E0D00 
 1230      01010101 
 1231              	.LASF14:
 1232 0000 72656733 		.ascii	"reg32\000"
 1232      3200
 1233              	.LASF16:
 1234 0006 73697A65 		.ascii	"size_t\000"
 1234      5F7400
 1235              	.LASF40:
 1236 000d 43795261 		.ascii	"CyRamVectors\000"
 1236      6D566563 
 1236      746F7273 
 1236      00
 1237              	.LASF28:
 1238 001a 53746172 		.ascii	"Start_c\000"
 1238      745F6300 
 1239              	.LASF32:
 1240 0022 636F756E 		.ascii	"count\000"
 1240      7400
 1241              	.LASF26:
 1242 0028 68656170 		.ascii	"heapPointer\000"
 1242      506F696E 
 1242      74657200 
 1243              	.LASF3:
 1244 0034 73686F72 		.ascii	"short unsigned int\000"
 1244      7420756E 
 1244      7369676E 
 1244      65642069 
 1244      6E7400
 1245              	.LASF39:
 1246 0047 5F5F6379 		.ascii	"__cy_region_num\000"
 1246      5F726567 
 1246      696F6E5F 
 1246      6E756D00 
 1247              	.LASF19:
 1248 0057 696E6974 		.ascii	"init\000"
ARM GAS  C:\Users\SDEVAS~1\AppData\Local\Temp\ccZ4LhYG.s 			page 33


 1248      00
 1249              	.LASF23:
 1250 005c 73746174 		.ascii	"status\000"
 1250      757300
 1251              	.LASF22:
 1252 0063 7A65726F 		.ascii	"zero_size\000"
 1252      5F73697A 
 1252      6500
 1253              	.LASF30:
 1254 006d 72707472 		.ascii	"rptr\000"
 1254      00
 1255              	.LASF11:
 1256 0072 666C6F61 		.ascii	"float\000"
 1256      7400
 1257              	.LASF20:
 1258 0078 64617461 		.ascii	"data\000"
 1258      00
 1259              	.LASF7:
 1260 007d 6C6F6E67 		.ascii	"long long unsigned int\000"
 1260      206C6F6E 
 1260      6720756E 
 1260      7369676E 
 1260      65642069 
 1261              	.LASF1:
 1262 0094 756E7369 		.ascii	"unsigned char\000"
 1262      676E6564 
 1262      20636861 
 1262      7200
 1263              	.LASF25:
 1264 00a2 72657475 		.ascii	"returnValue\000"
 1264      726E5661 
 1264      6C756500 
 1265              	.LASF41:
 1266 00ae 526F6D56 		.ascii	"RomVectors\000"
 1266      6563746F 
 1266      727300
 1267              	.LASF5:
 1268 00b9 6C6F6E67 		.ascii	"long unsigned int\000"
 1268      20756E73 
 1268      69676E65 
 1268      6420696E 
 1268      7400
 1269              	.LASF37:
 1270 00cb 63795379 		.ascii	"cySysNoInitDataValid\000"
 1270      734E6F49 
 1270      6E697444 
 1270      61746156 
 1270      616C6964 
 1271              	.LASF9:
 1272 00e0 75696E74 		.ascii	"uint8\000"
 1272      3800
 1273              	.LASF34:
 1274 00e6 52657365 		.ascii	"Reset\000"
 1274      7400
 1275              	.LASF27:
 1276 00ec 5F657869 		.ascii	"_exit\000"
 1276      7400
ARM GAS  C:\Users\SDEVAS~1\AppData\Local\Temp\ccZ4LhYG.s 			page 34


 1277              	.LASF33:
 1278 00f2 496E7444 		.ascii	"IntDefaultHandler\000"
 1278      65666175 
 1278      6C744861 
 1278      6E646C65 
 1278      7200
 1279              	.LASF46:
 1280 0104 5F736272 		.ascii	"_sbrk\000"
 1280      6B00
 1281              	.LASF12:
 1282 010a 646F7562 		.ascii	"double\000"
 1282      6C6500
 1283              	.LASF35:
 1284 0111 696E6974 		.ascii	"initialize_psoc\000"
 1284      69616C69 
 1284      7A655F70 
 1284      736F6300 
 1285              	.LASF10:
 1286 0121 75696E74 		.ascii	"uint32\000"
 1286      333200
 1287              	.LASF36:
 1288 0128 696E6465 		.ascii	"indexInit\000"
 1288      78496E69 
 1288      7400
 1289              	.LASF8:
 1290 0132 756E7369 		.ascii	"unsigned int\000"
 1290      676E6564 
 1290      20696E74 
 1290      00
 1291              	.LASF44:
 1292 013f 443A5C55 		.ascii	"D:\\Users\\sdevasenapathy\\atoms\\AtomWorkspace\\At"
 1292      73657273 
 1292      5C736465 
 1292      76617365 
 1292      6E617061 
 1293 016d 6F6D2E63 		.ascii	"om.cydsn\000"
 1293      7964736E 
 1293      00
 1294              	.LASF31:
 1295 0176 6C696D69 		.ascii	"limit\000"
 1295      7400
 1296              	.LASF42:
 1297 017c 474E5520 		.ascii	"GNU C 4.8.4 20140526 (release) [ARM/embedded-4_8-br"
 1297      4320342E 
 1297      382E3420 
 1297      32303134 
 1297      30353236 
 1298 01af 616E6368 		.ascii	"anch revision 211358] -mcpu=cortex-m0 -mthumb -g -O"
 1298      20726576 
 1298      6973696F 
 1298      6E203231 
 1298      31333538 
 1299 01e2 30202D66 		.ascii	"0 -ffunction-sections\000"
 1299      66756E63 
 1299      74696F6E 
 1299      2D736563 
 1299      74696F6E 
ARM GAS  C:\Users\SDEVAS~1\AppData\Local\Temp\ccZ4LhYG.s 			page 35


 1300              	.LASF15:
 1301 01f8 63796973 		.ascii	"cyisraddress\000"
 1301      72616464 
 1301      72657373 
 1301      00
 1302              	.LASF21:
 1303 0205 696E6974 		.ascii	"init_size\000"
 1303      5F73697A 
 1303      6500
 1304              	.LASF18:
 1305 020f 5F5F6379 		.ascii	"__cy_byte_align8\000"
 1305      5F627974 
 1305      655F616C 
 1305      69676E38 
 1305      00
 1306              	.LASF17:
 1307 0220 73697A65 		.ascii	"sizetype\000"
 1307      74797065 
 1307      00
 1308              	.LASF6:
 1309 0229 6C6F6E67 		.ascii	"long long int\000"
 1309      206C6F6E 
 1309      6720696E 
 1309      7400
 1310              	.LASF13:
 1311 0237 63686172 		.ascii	"char\000"
 1311      00
 1312              	.LASF43:
 1313 023c 2E5C4765 		.ascii	".\\Generated_Source\\PSoC4\\Cm0Start.c\000"
 1313      6E657261 
 1313      7465645F 
 1313      536F7572 
 1313      63655C50 
 1314              	.LASF2:
 1315 0260 73686F72 		.ascii	"short int\000"
 1315      7420696E 
 1315      7400
 1316              	.LASF4:
 1317 026a 6C6F6E67 		.ascii	"long int\000"
 1317      20696E74 
 1317      00
 1318              	.LASF0:
 1319 0273 7369676E 		.ascii	"signed char\000"
 1319      65642063 
 1319      68617200 
 1320              	.LASF38:
 1321 027f 5F5F6379 		.ascii	"__cy_regions\000"
 1321      5F726567 
 1321      696F6E73 
 1321      00
 1322              	.LASF29:
 1323 028c 72656769 		.ascii	"regions\000"
 1323      6F6E7300 
 1324              	.LASF24:
 1325 0294 6E627974 		.ascii	"nbytes\000"
 1325      657300
 1326              	.LASF45:
ARM GAS  C:\Users\SDEVAS~1\AppData\Local\Temp\ccZ4LhYG.s 			page 36


 1327 029b 5F5F6379 		.ascii	"__cy_region\000"
 1327      5F726567 
 1327      696F6E00 
 1328              		.ident	"GCC: (GNU Tools for ARM Embedded Processors) 4.8.4 20140526 (release) [ARM/embedded-4_8-br
