ARM GAS  C:\Users\SDEVAS~1\AppData\Local\Temp\ccVtpx8b.s 			page 1


   1              		.cpu cortex-m0
   2              		.fpu softvfp
   3              		.eabi_attribute 20, 1
   4              		.eabi_attribute 21, 1
   5              		.eabi_attribute 23, 3
   6              		.eabi_attribute 24, 1
   7              		.eabi_attribute 25, 1
   8              		.eabi_attribute 26, 1
   9              		.eabi_attribute 30, 6
  10              		.eabi_attribute 34, 0
  11              		.eabi_attribute 18, 4
  12              		.code	16
  13              		.file	"sleepMgr.c"
  14              		.text
  15              	.Ltext0:
  16              		.cfi_sections	.debug_frame
  17              		.bss
  18              		.align	2
  19              	deepSleepRequests:
  20 0000 00000000 		.space	4
  21              		.align	2
  22              	sleepRequests:
  23 0004 00000000 		.space	4
  24              		.section	.text.sleepMgr_sleep,"ax",%progbits
  25              		.align	2
  26              		.global	sleepMgr_sleep
  27              		.code	16
  28              		.thumb_func
  29              		.type	sleepMgr_sleep, %function
  30              	sleepMgr_sleep:
  31              	.LFB33:
  32              		.file 1 ".\\src\\sleepMgr.c"
   1:.\src/sleepMgr.c **** /*
   2:.\src/sleepMgr.c ****  * sleepMgr.c
   3:.\src/sleepMgr.c ****  *
   4:.\src/sleepMgr.c ****  *      Author: jakub.piskorz@thaumatec.com
   5:.\src/sleepMgr.c ****  */
   6:.\src/sleepMgr.c **** 
   7:.\src/sleepMgr.c **** #include "sleepMgr.h"
   8:.\src/sleepMgr.c **** #include <CyLib.h>
   9:.\src/sleepMgr.c **** #include <cyPm.h>
  10:.\src/sleepMgr.c **** #include <core_cm0_psoc4.h>
  11:.\src/sleepMgr.c **** 
  12:.\src/sleepMgr.c **** static volatile uint32 deepSleepRequests = 0;
  13:.\src/sleepMgr.c **** static volatile uint32 sleepRequests = 0;
  14:.\src/sleepMgr.c **** 
  15:.\src/sleepMgr.c **** void sleepMgr_sleep(void) {
  33              		.loc 1 15 0
  34              		.cfi_startproc
  35 0000 80B5     		push	{r7, lr}
  36              		.cfi_def_cfa_offset 8
  37              		.cfi_offset 7, -8
  38              		.cfi_offset 14, -4
  39 0002 00AF     		add	r7, sp, #0
  40              		.cfi_def_cfa_register 7
  16:.\src/sleepMgr.c **** 	if(deepSleepRequests != 0 && sleepRequests == 0) {
  41              		.loc 1 16 0
ARM GAS  C:\Users\SDEVAS~1\AppData\Local\Temp\ccVtpx8b.s 			page 2


  42 0004 074B     		ldr	r3, .L4
  43 0006 1B68     		ldr	r3, [r3]
  44 0008 002B     		cmp	r3, #0
  45 000a 06D0     		beq	.L2
  46              		.loc 1 16 0 is_stmt 0 discriminator 1
  47 000c 064B     		ldr	r3, .L4+4
  48 000e 1B68     		ldr	r3, [r3]
  49 0010 002B     		cmp	r3, #0
  50 0012 02D1     		bne	.L2
  17:.\src/sleepMgr.c **** 		CySysPmDeepSleep();
  51              		.loc 1 17 0 is_stmt 1
  52 0014 FFF7FEFF 		bl	CySysPmDeepSleep
  53 0018 01E0     		b	.L1
  54              	.L2:
  18:.\src/sleepMgr.c **** 	} else {
  19:.\src/sleepMgr.c **** 		CySysPmSleep();
  55              		.loc 1 19 0
  56 001a FFF7FEFF 		bl	CySysPmSleep
  57              	.L1:
  20:.\src/sleepMgr.c **** 	}
  21:.\src/sleepMgr.c **** }
  58              		.loc 1 21 0
  59 001e BD46     		mov	sp, r7
  60              		@ sp needed
  61 0020 80BD     		pop	{r7, pc}
  62              	.L5:
  63 0022 C046     		.align	2
  64              	.L4:
  65 0024 00000000 		.word	deepSleepRequests
  66 0028 04000000 		.word	sleepRequests
  67              		.cfi_endproc
  68              	.LFE33:
  69              		.size	sleepMgr_sleep, .-sleepMgr_sleep
  70              		.section	.text.sleepMgr_requestDeepSleep,"ax",%progbits
  71              		.align	2
  72              		.global	sleepMgr_requestDeepSleep
  73              		.code	16
  74              		.thumb_func
  75              		.type	sleepMgr_requestDeepSleep, %function
  76              	sleepMgr_requestDeepSleep:
  77              	.LFB34:
  22:.\src/sleepMgr.c **** 
  23:.\src/sleepMgr.c **** void sleepMgr_requestDeepSleep(void) {
  78              		.loc 1 23 0
  79              		.cfi_startproc
  80 0000 90B5     		push	{r4, r7, lr}
  81              		.cfi_def_cfa_offset 12
  82              		.cfi_offset 4, -12
  83              		.cfi_offset 7, -8
  84              		.cfi_offset 14, -4
  85 0002 83B0     		sub	sp, sp, #12
  86              		.cfi_def_cfa_offset 24
  87 0004 00AF     		add	r7, sp, #0
  88              		.cfi_def_cfa_register 7
  24:.\src/sleepMgr.c **** 	uint8 interruptState = CyEnterCriticalSection();
  89              		.loc 1 24 0
  90 0006 FC1D     		add	r4, r7, #7
ARM GAS  C:\Users\SDEVAS~1\AppData\Local\Temp\ccVtpx8b.s 			page 3


  91 0008 FFF7FEFF 		bl	CyEnterCriticalSection
  92 000c 031C     		mov	r3, r0
  93 000e 2370     		strb	r3, [r4]
  25:.\src/sleepMgr.c **** 
  26:.\src/sleepMgr.c **** 	deepSleepRequests++;
  94              		.loc 1 26 0
  95 0010 064B     		ldr	r3, .L7
  96 0012 1B68     		ldr	r3, [r3]
  97 0014 5A1C     		add	r2, r3, #1
  98 0016 054B     		ldr	r3, .L7
  99 0018 1A60     		str	r2, [r3]
  27:.\src/sleepMgr.c **** 
  28:.\src/sleepMgr.c **** 	CyExitCriticalSection(interruptState);
 100              		.loc 1 28 0
 101 001a FB1D     		add	r3, r7, #7
 102 001c 1B78     		ldrb	r3, [r3]
 103 001e 181C     		mov	r0, r3
 104 0020 FFF7FEFF 		bl	CyExitCriticalSection
  29:.\src/sleepMgr.c **** }
 105              		.loc 1 29 0
 106 0024 BD46     		mov	sp, r7
 107 0026 03B0     		add	sp, sp, #12
 108              		@ sp needed
 109 0028 90BD     		pop	{r4, r7, pc}
 110              	.L8:
 111 002a C046     		.align	2
 112              	.L7:
 113 002c 00000000 		.word	deepSleepRequests
 114              		.cfi_endproc
 115              	.LFE34:
 116              		.size	sleepMgr_requestDeepSleep, .-sleepMgr_requestDeepSleep
 117              		.section	.text.sleepMgr_releaseDeepSleep,"ax",%progbits
 118              		.align	2
 119              		.global	sleepMgr_releaseDeepSleep
 120              		.code	16
 121              		.thumb_func
 122              		.type	sleepMgr_releaseDeepSleep, %function
 123              	sleepMgr_releaseDeepSleep:
 124              	.LFB35:
  30:.\src/sleepMgr.c **** void sleepMgr_releaseDeepSleep(void) {
 125              		.loc 1 30 0
 126              		.cfi_startproc
 127 0000 90B5     		push	{r4, r7, lr}
 128              		.cfi_def_cfa_offset 12
 129              		.cfi_offset 4, -12
 130              		.cfi_offset 7, -8
 131              		.cfi_offset 14, -4
 132 0002 83B0     		sub	sp, sp, #12
 133              		.cfi_def_cfa_offset 24
 134 0004 00AF     		add	r7, sp, #0
 135              		.cfi_def_cfa_register 7
  31:.\src/sleepMgr.c **** 	uint8 interruptState = CyEnterCriticalSection();
 136              		.loc 1 31 0
 137 0006 FC1D     		add	r4, r7, #7
 138 0008 FFF7FEFF 		bl	CyEnterCriticalSection
 139 000c 031C     		mov	r3, r0
 140 000e 2370     		strb	r3, [r4]
ARM GAS  C:\Users\SDEVAS~1\AppData\Local\Temp\ccVtpx8b.s 			page 4


  32:.\src/sleepMgr.c **** 
  33:.\src/sleepMgr.c **** 	if(deepSleepRequests)
 141              		.loc 1 33 0
 142 0010 084B     		ldr	r3, .L11
 143 0012 1B68     		ldr	r3, [r3]
 144 0014 002B     		cmp	r3, #0
 145 0016 04D0     		beq	.L10
  34:.\src/sleepMgr.c **** 		deepSleepRequests--;
 146              		.loc 1 34 0
 147 0018 064B     		ldr	r3, .L11
 148 001a 1B68     		ldr	r3, [r3]
 149 001c 5A1E     		sub	r2, r3, #1
 150 001e 054B     		ldr	r3, .L11
 151 0020 1A60     		str	r2, [r3]
 152              	.L10:
  35:.\src/sleepMgr.c **** 
  36:.\src/sleepMgr.c **** 	CyExitCriticalSection(interruptState);
 153              		.loc 1 36 0
 154 0022 FB1D     		add	r3, r7, #7
 155 0024 1B78     		ldrb	r3, [r3]
 156 0026 181C     		mov	r0, r3
 157 0028 FFF7FEFF 		bl	CyExitCriticalSection
  37:.\src/sleepMgr.c **** }
 158              		.loc 1 37 0
 159 002c BD46     		mov	sp, r7
 160 002e 03B0     		add	sp, sp, #12
 161              		@ sp needed
 162 0030 90BD     		pop	{r4, r7, pc}
 163              	.L12:
 164 0032 C046     		.align	2
 165              	.L11:
 166 0034 00000000 		.word	deepSleepRequests
 167              		.cfi_endproc
 168              	.LFE35:
 169              		.size	sleepMgr_releaseDeepSleep, .-sleepMgr_releaseDeepSleep
 170              		.section	.text.sleepMgr_requestSleep,"ax",%progbits
 171              		.align	2
 172              		.global	sleepMgr_requestSleep
 173              		.code	16
 174              		.thumb_func
 175              		.type	sleepMgr_requestSleep, %function
 176              	sleepMgr_requestSleep:
 177              	.LFB36:
  38:.\src/sleepMgr.c **** 
  39:.\src/sleepMgr.c **** void sleepMgr_requestSleep(void) {
 178              		.loc 1 39 0
 179              		.cfi_startproc
 180 0000 90B5     		push	{r4, r7, lr}
 181              		.cfi_def_cfa_offset 12
 182              		.cfi_offset 4, -12
 183              		.cfi_offset 7, -8
 184              		.cfi_offset 14, -4
 185 0002 83B0     		sub	sp, sp, #12
 186              		.cfi_def_cfa_offset 24
 187 0004 00AF     		add	r7, sp, #0
 188              		.cfi_def_cfa_register 7
  40:.\src/sleepMgr.c **** 	uint8 interruptState = CyEnterCriticalSection();
ARM GAS  C:\Users\SDEVAS~1\AppData\Local\Temp\ccVtpx8b.s 			page 5


 189              		.loc 1 40 0
 190 0006 FC1D     		add	r4, r7, #7
 191 0008 FFF7FEFF 		bl	CyEnterCriticalSection
 192 000c 031C     		mov	r3, r0
 193 000e 2370     		strb	r3, [r4]
  41:.\src/sleepMgr.c **** 
  42:.\src/sleepMgr.c **** 	sleepRequests++;
 194              		.loc 1 42 0
 195 0010 064B     		ldr	r3, .L14
 196 0012 1B68     		ldr	r3, [r3]
 197 0014 5A1C     		add	r2, r3, #1
 198 0016 054B     		ldr	r3, .L14
 199 0018 1A60     		str	r2, [r3]
  43:.\src/sleepMgr.c **** 
  44:.\src/sleepMgr.c **** 	CyExitCriticalSection(interruptState);
 200              		.loc 1 44 0
 201 001a FB1D     		add	r3, r7, #7
 202 001c 1B78     		ldrb	r3, [r3]
 203 001e 181C     		mov	r0, r3
 204 0020 FFF7FEFF 		bl	CyExitCriticalSection
  45:.\src/sleepMgr.c **** }
 205              		.loc 1 45 0
 206 0024 BD46     		mov	sp, r7
 207 0026 03B0     		add	sp, sp, #12
 208              		@ sp needed
 209 0028 90BD     		pop	{r4, r7, pc}
 210              	.L15:
 211 002a C046     		.align	2
 212              	.L14:
 213 002c 04000000 		.word	sleepRequests
 214              		.cfi_endproc
 215              	.LFE36:
 216              		.size	sleepMgr_requestSleep, .-sleepMgr_requestSleep
 217              		.section	.text.sleepMgr_releaseSleep,"ax",%progbits
 218              		.align	2
 219              		.global	sleepMgr_releaseSleep
 220              		.code	16
 221              		.thumb_func
 222              		.type	sleepMgr_releaseSleep, %function
 223              	sleepMgr_releaseSleep:
 224              	.LFB37:
  46:.\src/sleepMgr.c **** void sleepMgr_releaseSleep(void) {
 225              		.loc 1 46 0
 226              		.cfi_startproc
 227 0000 90B5     		push	{r4, r7, lr}
 228              		.cfi_def_cfa_offset 12
 229              		.cfi_offset 4, -12
 230              		.cfi_offset 7, -8
 231              		.cfi_offset 14, -4
 232 0002 83B0     		sub	sp, sp, #12
 233              		.cfi_def_cfa_offset 24
 234 0004 00AF     		add	r7, sp, #0
 235              		.cfi_def_cfa_register 7
  47:.\src/sleepMgr.c **** 	uint8 interruptState = CyEnterCriticalSection();
 236              		.loc 1 47 0
 237 0006 FC1D     		add	r4, r7, #7
 238 0008 FFF7FEFF 		bl	CyEnterCriticalSection
ARM GAS  C:\Users\SDEVAS~1\AppData\Local\Temp\ccVtpx8b.s 			page 6


 239 000c 031C     		mov	r3, r0
 240 000e 2370     		strb	r3, [r4]
  48:.\src/sleepMgr.c **** 
  49:.\src/sleepMgr.c **** 	if(sleepRequests)
 241              		.loc 1 49 0
 242 0010 084B     		ldr	r3, .L18
 243 0012 1B68     		ldr	r3, [r3]
 244 0014 002B     		cmp	r3, #0
 245 0016 04D0     		beq	.L17
  50:.\src/sleepMgr.c **** 		sleepRequests--;
 246              		.loc 1 50 0
 247 0018 064B     		ldr	r3, .L18
 248 001a 1B68     		ldr	r3, [r3]
 249 001c 5A1E     		sub	r2, r3, #1
 250 001e 054B     		ldr	r3, .L18
 251 0020 1A60     		str	r2, [r3]
 252              	.L17:
  51:.\src/sleepMgr.c **** 
  52:.\src/sleepMgr.c **** 	CyExitCriticalSection(interruptState);
 253              		.loc 1 52 0
 254 0022 FB1D     		add	r3, r7, #7
 255 0024 1B78     		ldrb	r3, [r3]
 256 0026 181C     		mov	r0, r3
 257 0028 FFF7FEFF 		bl	CyExitCriticalSection
  53:.\src/sleepMgr.c **** }
 258              		.loc 1 53 0
 259 002c BD46     		mov	sp, r7
 260 002e 03B0     		add	sp, sp, #12
 261              		@ sp needed
 262 0030 90BD     		pop	{r4, r7, pc}
 263              	.L19:
 264 0032 C046     		.align	2
 265              	.L18:
 266 0034 04000000 		.word	sleepRequests
 267              		.cfi_endproc
 268              	.LFE37:
 269              		.size	sleepMgr_releaseSleep, .-sleepMgr_releaseSleep
 270              		.text
 271              	.Letext0:
 272              		.file 2 "Generated_Source\\PSoC4/cytypes.h"
 273              		.section	.debug_info,"",%progbits
 274              	.Ldebug_info0:
 275 0000 62010000 		.4byte	0x162
 276 0004 0400     		.2byte	0x4
 277 0006 00000000 		.4byte	.Ldebug_abbrev0
 278 000a 04       		.byte	0x4
 279 000b 01       		.uleb128 0x1
 280 000c 01010000 		.4byte	.LASF22
 281 0010 01       		.byte	0x1
 282 0011 43000000 		.4byte	.LASF23
 283 0015 91000000 		.4byte	.LASF24
 284 0019 00000000 		.4byte	.Ldebug_ranges0+0
 285 001d 00000000 		.4byte	0
 286 0021 00000000 		.4byte	.Ldebug_line0
 287 0025 02       		.uleb128 0x2
 288 0026 01       		.byte	0x1
 289 0027 06       		.byte	0x6
ARM GAS  C:\Users\SDEVAS~1\AppData\Local\Temp\ccVtpx8b.s 			page 7


 290 0028 90010000 		.4byte	.LASF0
 291 002c 02       		.uleb128 0x2
 292 002d 01       		.byte	0x1
 293 002e 08       		.byte	0x8
 294 002f DE000000 		.4byte	.LASF1
 295 0033 02       		.uleb128 0x2
 296 0034 02       		.byte	0x2
 297 0035 05       		.byte	0x5
 298 0036 BC010000 		.4byte	.LASF2
 299 003a 02       		.uleb128 0x2
 300 003b 02       		.byte	0x2
 301 003c 07       		.byte	0x7
 302 003d 7D010000 		.4byte	.LASF3
 303 0041 02       		.uleb128 0x2
 304 0042 04       		.byte	0x4
 305 0043 05       		.byte	0x5
 306 0044 F1000000 		.4byte	.LASF4
 307 0048 02       		.uleb128 0x2
 308 0049 04       		.byte	0x4
 309 004a 07       		.byte	0x7
 310 004b 68000000 		.4byte	.LASF5
 311 004f 02       		.uleb128 0x2
 312 0050 08       		.byte	0x8
 313 0051 05       		.byte	0x5
 314 0052 00000000 		.4byte	.LASF6
 315 0056 02       		.uleb128 0x2
 316 0057 08       		.byte	0x8
 317 0058 07       		.byte	0x7
 318 0059 7A000000 		.4byte	.LASF7
 319 005d 03       		.uleb128 0x3
 320 005e 04       		.byte	0x4
 321 005f 05       		.byte	0x5
 322 0060 696E7400 		.ascii	"int\000"
 323 0064 02       		.uleb128 0x2
 324 0065 04       		.byte	0x4
 325 0066 07       		.byte	0x7
 326 0067 20000000 		.4byte	.LASF8
 327 006b 04       		.uleb128 0x4
 328 006c 62000000 		.4byte	.LASF9
 329 0070 02       		.byte	0x2
 330 0071 B3       		.byte	0xb3
 331 0072 2C000000 		.4byte	0x2c
 332 0076 04       		.uleb128 0x4
 333 0077 2D000000 		.4byte	.LASF10
 334 007b 02       		.byte	0x2
 335 007c B5       		.byte	0xb5
 336 007d 48000000 		.4byte	0x48
 337 0081 02       		.uleb128 0x2
 338 0082 04       		.byte	0x4
 339 0083 04       		.byte	0x4
 340 0084 B6010000 		.4byte	.LASF11
 341 0088 02       		.uleb128 0x2
 342 0089 08       		.byte	0x8
 343 008a 04       		.byte	0x4
 344 008b FA000000 		.4byte	.LASF12
 345 008f 02       		.uleb128 0x2
 346 0090 01       		.byte	0x1
ARM GAS  C:\Users\SDEVAS~1\AppData\Local\Temp\ccVtpx8b.s 			page 8


 347 0091 08       		.byte	0x8
 348 0092 EC000000 		.4byte	.LASF13
 349 0096 05       		.uleb128 0x5
 350 0097 76000000 		.4byte	0x76
 351 009b 02       		.uleb128 0x2
 352 009c 04       		.byte	0x4
 353 009d 07       		.byte	0x7
 354 009e E0010000 		.4byte	.LASF14
 355 00a2 06       		.uleb128 0x6
 356 00a3 34000000 		.4byte	.LASF25
 357 00a7 01       		.byte	0x1
 358 00a8 0F       		.byte	0xf
 359 00a9 00000000 		.4byte	.LFB33
 360 00ad 2C000000 		.4byte	.LFE33-.LFB33
 361 00b1 01       		.uleb128 0x1
 362 00b2 9C       		.byte	0x9c
 363 00b3 07       		.uleb128 0x7
 364 00b4 9C010000 		.4byte	.LASF15
 365 00b8 01       		.byte	0x1
 366 00b9 17       		.byte	0x17
 367 00ba 00000000 		.4byte	.LFB34
 368 00be 30000000 		.4byte	.LFE34-.LFB34
 369 00c2 01       		.uleb128 0x1
 370 00c3 9C       		.byte	0x9c
 371 00c4 D7000000 		.4byte	0xd7
 372 00c8 08       		.uleb128 0x8
 373 00c9 E9010000 		.4byte	.LASF17
 374 00cd 01       		.byte	0x1
 375 00ce 18       		.byte	0x18
 376 00cf 6B000000 		.4byte	0x6b
 377 00d3 02       		.uleb128 0x2
 378 00d4 91       		.byte	0x91
 379 00d5 6F       		.sleb128 -17
 380 00d6 00       		.byte	0
 381 00d7 07       		.uleb128 0x7
 382 00d8 C6010000 		.4byte	.LASF16
 383 00dc 01       		.byte	0x1
 384 00dd 1E       		.byte	0x1e
 385 00de 00000000 		.4byte	.LFB35
 386 00e2 38000000 		.4byte	.LFE35-.LFB35
 387 00e6 01       		.uleb128 0x1
 388 00e7 9C       		.byte	0x9c
 389 00e8 FB000000 		.4byte	0xfb
 390 00ec 08       		.uleb128 0x8
 391 00ed E9010000 		.4byte	.LASF17
 392 00f1 01       		.byte	0x1
 393 00f2 1F       		.byte	0x1f
 394 00f3 6B000000 		.4byte	0x6b
 395 00f7 02       		.uleb128 0x2
 396 00f8 91       		.byte	0x91
 397 00f9 6F       		.sleb128 -17
 398 00fa 00       		.byte	0
 399 00fb 07       		.uleb128 0x7
 400 00fc F8010000 		.4byte	.LASF18
 401 0100 01       		.byte	0x1
 402 0101 27       		.byte	0x27
 403 0102 00000000 		.4byte	.LFB36
ARM GAS  C:\Users\SDEVAS~1\AppData\Local\Temp\ccVtpx8b.s 			page 9


 404 0106 30000000 		.4byte	.LFE36-.LFB36
 405 010a 01       		.uleb128 0x1
 406 010b 9C       		.byte	0x9c
 407 010c 1F010000 		.4byte	0x11f
 408 0110 08       		.uleb128 0x8
 409 0111 E9010000 		.4byte	.LASF17
 410 0115 01       		.byte	0x1
 411 0116 28       		.byte	0x28
 412 0117 6B000000 		.4byte	0x6b
 413 011b 02       		.uleb128 0x2
 414 011c 91       		.byte	0x91
 415 011d 6F       		.sleb128 -17
 416 011e 00       		.byte	0
 417 011f 07       		.uleb128 0x7
 418 0120 C8000000 		.4byte	.LASF19
 419 0124 01       		.byte	0x1
 420 0125 2E       		.byte	0x2e
 421 0126 00000000 		.4byte	.LFB37
 422 012a 38000000 		.4byte	.LFE37-.LFB37
 423 012e 01       		.uleb128 0x1
 424 012f 9C       		.byte	0x9c
 425 0130 43010000 		.4byte	0x143
 426 0134 08       		.uleb128 0x8
 427 0135 E9010000 		.4byte	.LASF17
 428 0139 01       		.byte	0x1
 429 013a 2F       		.byte	0x2f
 430 013b 6B000000 		.4byte	0x6b
 431 013f 02       		.uleb128 0x2
 432 0140 91       		.byte	0x91
 433 0141 6F       		.sleb128 -17
 434 0142 00       		.byte	0
 435 0143 08       		.uleb128 0x8
 436 0144 0E000000 		.4byte	.LASF20
 437 0148 01       		.byte	0x1
 438 0149 0C       		.byte	0xc
 439 014a 96000000 		.4byte	0x96
 440 014e 05       		.uleb128 0x5
 441 014f 03       		.byte	0x3
 442 0150 00000000 		.4byte	deepSleepRequests
 443 0154 08       		.uleb128 0x8
 444 0155 54000000 		.4byte	.LASF21
 445 0159 01       		.byte	0x1
 446 015a 0D       		.byte	0xd
 447 015b 96000000 		.4byte	0x96
 448 015f 05       		.uleb128 0x5
 449 0160 03       		.byte	0x3
 450 0161 04000000 		.4byte	sleepRequests
 451 0165 00       		.byte	0
 452              		.section	.debug_abbrev,"",%progbits
 453              	.Ldebug_abbrev0:
 454 0000 01       		.uleb128 0x1
 455 0001 11       		.uleb128 0x11
 456 0002 01       		.byte	0x1
 457 0003 25       		.uleb128 0x25
 458 0004 0E       		.uleb128 0xe
 459 0005 13       		.uleb128 0x13
 460 0006 0B       		.uleb128 0xb
ARM GAS  C:\Users\SDEVAS~1\AppData\Local\Temp\ccVtpx8b.s 			page 10


 461 0007 03       		.uleb128 0x3
 462 0008 0E       		.uleb128 0xe
 463 0009 1B       		.uleb128 0x1b
 464 000a 0E       		.uleb128 0xe
 465 000b 55       		.uleb128 0x55
 466 000c 17       		.uleb128 0x17
 467 000d 11       		.uleb128 0x11
 468 000e 01       		.uleb128 0x1
 469 000f 10       		.uleb128 0x10
 470 0010 17       		.uleb128 0x17
 471 0011 00       		.byte	0
 472 0012 00       		.byte	0
 473 0013 02       		.uleb128 0x2
 474 0014 24       		.uleb128 0x24
 475 0015 00       		.byte	0
 476 0016 0B       		.uleb128 0xb
 477 0017 0B       		.uleb128 0xb
 478 0018 3E       		.uleb128 0x3e
 479 0019 0B       		.uleb128 0xb
 480 001a 03       		.uleb128 0x3
 481 001b 0E       		.uleb128 0xe
 482 001c 00       		.byte	0
 483 001d 00       		.byte	0
 484 001e 03       		.uleb128 0x3
 485 001f 24       		.uleb128 0x24
 486 0020 00       		.byte	0
 487 0021 0B       		.uleb128 0xb
 488 0022 0B       		.uleb128 0xb
 489 0023 3E       		.uleb128 0x3e
 490 0024 0B       		.uleb128 0xb
 491 0025 03       		.uleb128 0x3
 492 0026 08       		.uleb128 0x8
 493 0027 00       		.byte	0
 494 0028 00       		.byte	0
 495 0029 04       		.uleb128 0x4
 496 002a 16       		.uleb128 0x16
 497 002b 00       		.byte	0
 498 002c 03       		.uleb128 0x3
 499 002d 0E       		.uleb128 0xe
 500 002e 3A       		.uleb128 0x3a
 501 002f 0B       		.uleb128 0xb
 502 0030 3B       		.uleb128 0x3b
 503 0031 0B       		.uleb128 0xb
 504 0032 49       		.uleb128 0x49
 505 0033 13       		.uleb128 0x13
 506 0034 00       		.byte	0
 507 0035 00       		.byte	0
 508 0036 05       		.uleb128 0x5
 509 0037 35       		.uleb128 0x35
 510 0038 00       		.byte	0
 511 0039 49       		.uleb128 0x49
 512 003a 13       		.uleb128 0x13
 513 003b 00       		.byte	0
 514 003c 00       		.byte	0
 515 003d 06       		.uleb128 0x6
 516 003e 2E       		.uleb128 0x2e
 517 003f 00       		.byte	0
ARM GAS  C:\Users\SDEVAS~1\AppData\Local\Temp\ccVtpx8b.s 			page 11


 518 0040 3F       		.uleb128 0x3f
 519 0041 19       		.uleb128 0x19
 520 0042 03       		.uleb128 0x3
 521 0043 0E       		.uleb128 0xe
 522 0044 3A       		.uleb128 0x3a
 523 0045 0B       		.uleb128 0xb
 524 0046 3B       		.uleb128 0x3b
 525 0047 0B       		.uleb128 0xb
 526 0048 27       		.uleb128 0x27
 527 0049 19       		.uleb128 0x19
 528 004a 11       		.uleb128 0x11
 529 004b 01       		.uleb128 0x1
 530 004c 12       		.uleb128 0x12
 531 004d 06       		.uleb128 0x6
 532 004e 40       		.uleb128 0x40
 533 004f 18       		.uleb128 0x18
 534 0050 9642     		.uleb128 0x2116
 535 0052 19       		.uleb128 0x19
 536 0053 00       		.byte	0
 537 0054 00       		.byte	0
 538 0055 07       		.uleb128 0x7
 539 0056 2E       		.uleb128 0x2e
 540 0057 01       		.byte	0x1
 541 0058 3F       		.uleb128 0x3f
 542 0059 19       		.uleb128 0x19
 543 005a 03       		.uleb128 0x3
 544 005b 0E       		.uleb128 0xe
 545 005c 3A       		.uleb128 0x3a
 546 005d 0B       		.uleb128 0xb
 547 005e 3B       		.uleb128 0x3b
 548 005f 0B       		.uleb128 0xb
 549 0060 27       		.uleb128 0x27
 550 0061 19       		.uleb128 0x19
 551 0062 11       		.uleb128 0x11
 552 0063 01       		.uleb128 0x1
 553 0064 12       		.uleb128 0x12
 554 0065 06       		.uleb128 0x6
 555 0066 40       		.uleb128 0x40
 556 0067 18       		.uleb128 0x18
 557 0068 9642     		.uleb128 0x2116
 558 006a 19       		.uleb128 0x19
 559 006b 01       		.uleb128 0x1
 560 006c 13       		.uleb128 0x13
 561 006d 00       		.byte	0
 562 006e 00       		.byte	0
 563 006f 08       		.uleb128 0x8
 564 0070 34       		.uleb128 0x34
 565 0071 00       		.byte	0
 566 0072 03       		.uleb128 0x3
 567 0073 0E       		.uleb128 0xe
 568 0074 3A       		.uleb128 0x3a
 569 0075 0B       		.uleb128 0xb
 570 0076 3B       		.uleb128 0x3b
 571 0077 0B       		.uleb128 0xb
 572 0078 49       		.uleb128 0x49
 573 0079 13       		.uleb128 0x13
 574 007a 02       		.uleb128 0x2
ARM GAS  C:\Users\SDEVAS~1\AppData\Local\Temp\ccVtpx8b.s 			page 12


 575 007b 18       		.uleb128 0x18
 576 007c 00       		.byte	0
 577 007d 00       		.byte	0
 578 007e 00       		.byte	0
 579              		.section	.debug_aranges,"",%progbits
 580 0000 3C000000 		.4byte	0x3c
 581 0004 0200     		.2byte	0x2
 582 0006 00000000 		.4byte	.Ldebug_info0
 583 000a 04       		.byte	0x4
 584 000b 00       		.byte	0
 585 000c 0000     		.2byte	0
 586 000e 0000     		.2byte	0
 587 0010 00000000 		.4byte	.LFB33
 588 0014 2C000000 		.4byte	.LFE33-.LFB33
 589 0018 00000000 		.4byte	.LFB34
 590 001c 30000000 		.4byte	.LFE34-.LFB34
 591 0020 00000000 		.4byte	.LFB35
 592 0024 38000000 		.4byte	.LFE35-.LFB35
 593 0028 00000000 		.4byte	.LFB36
 594 002c 30000000 		.4byte	.LFE36-.LFB36
 595 0030 00000000 		.4byte	.LFB37
 596 0034 38000000 		.4byte	.LFE37-.LFB37
 597 0038 00000000 		.4byte	0
 598 003c 00000000 		.4byte	0
 599              		.section	.debug_ranges,"",%progbits
 600              	.Ldebug_ranges0:
 601 0000 00000000 		.4byte	.LFB33
 602 0004 2C000000 		.4byte	.LFE33
 603 0008 00000000 		.4byte	.LFB34
 604 000c 30000000 		.4byte	.LFE34
 605 0010 00000000 		.4byte	.LFB35
 606 0014 38000000 		.4byte	.LFE35
 607 0018 00000000 		.4byte	.LFB36
 608 001c 30000000 		.4byte	.LFE36
 609 0020 00000000 		.4byte	.LFB37
 610 0024 38000000 		.4byte	.LFE37
 611 0028 00000000 		.4byte	0
 612 002c 00000000 		.4byte	0
 613              		.section	.debug_line,"",%progbits
 614              	.Ldebug_line0:
 615 0000 B9000000 		.section	.debug_str,"MS",%progbits,1
 615      02004B00 
 615      00000201 
 615      FB0E0D00 
 615      01010101 
 616              	.LASF6:
 617 0000 6C6F6E67 		.ascii	"long long int\000"
 617      206C6F6E 
 617      6720696E 
 617      7400
 618              	.LASF20:
 619 000e 64656570 		.ascii	"deepSleepRequests\000"
 619      536C6565 
 619      70526571 
 619      75657374 
 619      7300
 620              	.LASF8:
ARM GAS  C:\Users\SDEVAS~1\AppData\Local\Temp\ccVtpx8b.s 			page 13


 621 0020 756E7369 		.ascii	"unsigned int\000"
 621      676E6564 
 621      20696E74 
 621      00
 622              	.LASF10:
 623 002d 75696E74 		.ascii	"uint32\000"
 623      333200
 624              	.LASF25:
 625 0034 736C6565 		.ascii	"sleepMgr_sleep\000"
 625      704D6772 
 625      5F736C65 
 625      657000
 626              	.LASF23:
 627 0043 2E5C7372 		.ascii	".\\src\\sleepMgr.c\000"
 627      635C736C 
 627      6565704D 
 627      67722E63 
 627      00
 628              	.LASF21:
 629 0054 736C6565 		.ascii	"sleepRequests\000"
 629      70526571 
 629      75657374 
 629      7300
 630              	.LASF9:
 631 0062 75696E74 		.ascii	"uint8\000"
 631      3800
 632              	.LASF5:
 633 0068 6C6F6E67 		.ascii	"long unsigned int\000"
 633      20756E73 
 633      69676E65 
 633      6420696E 
 633      7400
 634              	.LASF7:
 635 007a 6C6F6E67 		.ascii	"long long unsigned int\000"
 635      206C6F6E 
 635      6720756E 
 635      7369676E 
 635      65642069 
 636              	.LASF24:
 637 0091 443A5C55 		.ascii	"D:\\Users\\sdevasenapathy\\atoms\\AtomWorkspace\\At"
 637      73657273 
 637      5C736465 
 637      76617365 
 637      6E617061 
 638 00bf 6F6D2E63 		.ascii	"om.cydsn\000"
 638      7964736E 
 638      00
 639              	.LASF19:
 640 00c8 736C6565 		.ascii	"sleepMgr_releaseSleep\000"
 640      704D6772 
 640      5F72656C 
 640      65617365 
 640      536C6565 
 641              	.LASF1:
 642 00de 756E7369 		.ascii	"unsigned char\000"
 642      676E6564 
 642      20636861 
ARM GAS  C:\Users\SDEVAS~1\AppData\Local\Temp\ccVtpx8b.s 			page 14


 642      7200
 643              	.LASF13:
 644 00ec 63686172 		.ascii	"char\000"
 644      00
 645              	.LASF4:
 646 00f1 6C6F6E67 		.ascii	"long int\000"
 646      20696E74 
 646      00
 647              	.LASF12:
 648 00fa 646F7562 		.ascii	"double\000"
 648      6C6500
 649              	.LASF22:
 650 0101 474E5520 		.ascii	"GNU C 4.8.4 20140526 (release) [ARM/embedded-4_8-br"
 650      4320342E 
 650      382E3420 
 650      32303134 
 650      30353236 
 651 0134 616E6368 		.ascii	"anch revision 211358] -mcpu=cortex-m0 -mthumb -g -O"
 651      20726576 
 651      6973696F 
 651      6E203231 
 651      31333538 
 652 0167 30202D66 		.ascii	"0 -ffunction-sections\000"
 652      66756E63 
 652      74696F6E 
 652      2D736563 
 652      74696F6E 
 653              	.LASF3:
 654 017d 73686F72 		.ascii	"short unsigned int\000"
 654      7420756E 
 654      7369676E 
 654      65642069 
 654      6E7400
 655              	.LASF0:
 656 0190 7369676E 		.ascii	"signed char\000"
 656      65642063 
 656      68617200 
 657              	.LASF15:
 658 019c 736C6565 		.ascii	"sleepMgr_requestDeepSleep\000"
 658      704D6772 
 658      5F726571 
 658      75657374 
 658      44656570 
 659              	.LASF11:
 660 01b6 666C6F61 		.ascii	"float\000"
 660      7400
 661              	.LASF2:
 662 01bc 73686F72 		.ascii	"short int\000"
 662      7420696E 
 662      7400
 663              	.LASF16:
 664 01c6 736C6565 		.ascii	"sleepMgr_releaseDeepSleep\000"
 664      704D6772 
 664      5F72656C 
 664      65617365 
 664      44656570 
 665              	.LASF14:
ARM GAS  C:\Users\SDEVAS~1\AppData\Local\Temp\ccVtpx8b.s 			page 15


 666 01e0 73697A65 		.ascii	"sizetype\000"
 666      74797065 
 666      00
 667              	.LASF17:
 668 01e9 696E7465 		.ascii	"interruptState\000"
 668      72727570 
 668      74537461 
 668      746500
 669              	.LASF18:
 670 01f8 736C6565 		.ascii	"sleepMgr_requestSleep\000"
 670      704D6772 
 670      5F726571 
 670      75657374 
 670      536C6565 
 671              		.ident	"GCC: (GNU Tools for ARM Embedded Processors) 4.8.4 20140526 (release) [ARM/embedded-4_8-br
